# JRE version: OpenJDK Runtime Environment (17.0.11) (build 17.0.11+0--11852314)
# Java VM: OpenJDK 64-Bit Server VM (17.0.11+0--11852314, mixed mode, tiered, compressed oops, compressed class ptrs, g1 gc, windows-amd64)
GC Precious Log:
 CPUs: 4 total, 4 available
 Memory: 8073M
 Large Page Support: Disabled
 NUMA Support: Disabled
 Compressed Oops: Enabled (32-bit)
 Heap Region Size: 1M
 Heap Min Capacity: 8M
 Heap Initial Capacity: 128M
 Heap Max Capacity: 2020M
 Pre-touch: Disabled
 Parallel Workers: 4
 Concurrent Workers: 1
 Concurrent Refinement Workers: 4
 Periodic GC: Disabled
Heap:
 garbage-first heap   total 427008K, used 267013K [0x0000000081c00000, 0x0000000100000000)
  region size 1024K, 79 young (80896K), 11 survivors (11264K)
 Metaspace       used 99151K, committed 99520K, reserved 1179648K
  class space    used 10387K, committed 10560K, reserved 1048576K
GC Heap History (20 events):
Event: 36.320 GC heap before
{Heap before GC invocations=32 (full 0):
 garbage-first heap   total 323584K, used 257024K [0x0000000081c00000, 0x0000000100000000)
  region size 1024K, 135 young (138240K), 9 survivors (9216K)
 Metaspace       used 78254K, committed 78592K, reserved 1179648K
  class space    used 8596K, committed 8768K, reserved 1048576K
}
Event: 36.401 GC heap after
{Heap after GC invocations=33 (full 0):
 garbage-first heap   total 323584K, used 146432K [0x0000000081c00000, 0x0000000100000000)
  region size 1024K, 17 young (17408K), 17 survivors (17408K)
 Metaspace       used 78254K, committed 78592K, reserved 1179648K
  class space    used 8596K, committed 8768K, reserved 1048576K
}
Event: 38.321 GC heap before
{Heap before GC invocations=33 (full 0):
 garbage-first heap   total 323584K, used 256000K [0x0000000081c00000, 0x0000000100000000)
  region size 1024K, 124 young (126976K), 17 survivors (17408K)
 Metaspace       used 80843K, committed 81216K, reserved 1179648K
  class space    used 8869K, committed 9024K, reserved 1048576K
}
Event: 38.391 GC heap after
{Heap after GC invocations=34 (full 0):
 garbage-first heap   total 323584K, used 160701K [0x0000000081c00000, 0x0000000100000000)
  region size 1024K, 14 young (14336K), 14 survivors (14336K)
 Metaspace       used 80843K, committed 81216K, reserved 1179648K
  class space    used 8869K, committed 9024K, reserved 1048576K
}
Event: 39.952 GC heap before
{Heap before GC invocations=34 (full 0):
 garbage-first heap   total 323584K, used 259005K [0x0000000081c00000, 0x0000000100000000)
  region size 1024K, 110 young (112640K), 14 survivors (14336K)
 Metaspace       used 81627K, committed 81984K, reserved 1179648K
  class space    used 8924K, committed 9088K, reserved 1048576K
}
Event: 40.008 GC heap after
{Heap after GC invocations=35 (full 0):
 garbage-first heap   total 323584K, used 187904K [0x0000000081c00000, 0x0000000100000000)
  region size 1024K, 14 young (14336K), 14 survivors (14336K)
 Metaspace       used 81627K, committed 81984K, reserved 1179648K
  class space    used 8924K, committed 9088K, reserved 1048576K
}
Event: 41.377 GC heap before
{Heap before GC invocations=35 (full 0):
 garbage-first heap   total 323584K, used 247296K [0x0000000081c00000, 0x0000000100000000)
  region size 1024K, 73 young (74752K), 14 survivors (14336K)
 Metaspace       used 87243K, committed 87616K, reserved 1179648K
  class space    used 9501K, committed 9664K, reserved 1048576K
}
Event: 41.404 GC heap after
{Heap after GC invocations=36 (full 0):
 garbage-first heap   total 323584K, used 193536K [0x0000000081c00000, 0x0000000100000000)
  region size 1024K, 5 young (5120K), 5 survivors (5120K)
 Metaspace       used 87243K, committed 87616K, reserved 1179648K
  class space    used 9501K, committed 9664K, reserved 1048576K
}
Event: 43.735 GC heap before
{Heap before GC invocations=37 (full 0):
 garbage-first heap   total 358400K, used 259072K [0x0000000081c00000, 0x0000000100000000)
  region size 1024K, 71 young (72704K), 5 survivors (5120K)
 Metaspace       used 92266K, committed 92672K, reserved 1179648K
  class space    used 9965K, committed 10176K, reserved 1048576K
}
Event: 43.752 GC heap after
{Heap after GC invocations=38 (full 0):
 garbage-first heap   total 358400K, used 195905K [0x0000000081c00000, 0x0000000100000000)
  region size 1024K, 9 young (9216K), 9 survivors (9216K)
 Metaspace       used 92266K, committed 92672K, reserved 1179648K
  class space    used 9965K, committed 10176K, reserved 1048576K
}
Event: 43.893 GC heap before
{Heap before GC invocations=38 (full 0):
 garbage-first heap   total 358400K, used 204097K [0x0000000081c00000, 0x0000000100000000)
  region size 1024K, 17 young (17408K), 9 survivors (9216K)
 Metaspace       used 92329K, committed 92736K, reserved 1179648K
  class space    used 9968K, committed 10176K, reserved 1048576K
}
Event: 43.920 GC heap after
{Heap after GC invocations=39 (full 0):
 garbage-first heap   total 358400K, used 184323K [0x0000000081c00000, 0x0000000100000000)
  region size 1024K, 2 young (2048K), 2 survivors (2048K)
 Metaspace       used 92329K, committed 92736K, reserved 1179648K
  class space    used 9968K, committed 10176K, reserved 1048576K
}
Event: 44.979 GC heap before
{Heap before GC invocations=39 (full 0):
 garbage-first heap   total 358400K, used 282627K [0x0000000081c00000, 0x0000000100000000)
  region size 1024K, 98 young (100352K), 2 survivors (2048K)
 Metaspace       used 92971K, committed 93376K, reserved 1179648K
  class space    used 9994K, committed 10176K, reserved 1048576K
}
Event: 44.987 GC heap after
{Heap after GC invocations=40 (full 0):
 garbage-first heap   total 427008K, used 185603K [0x0000000081c00000, 0x0000000100000000)
  region size 1024K, 3 young (3072K), 3 survivors (3072K)
 Metaspace       used 92971K, committed 93376K, reserved 1179648K
  class space    used 9994K, committed 10176K, reserved 1048576K
}
Event: 49.400 GC heap before
{Heap before GC invocations=41 (full 0):
 garbage-first heap   total 427008K, used 335107K [0x0000000081c00000, 0x0000000100000000)
  region size 1024K, 150 young (153600K), 3 survivors (3072K)
 Metaspace       used 97543K, committed 97920K, reserved 1179648K
  class space    used 10329K, committed 10496K, reserved 1048576K
}
Event: 49.423 GC heap after
{Heap after GC invocations=42 (full 0):
 garbage-first heap   total 427008K, used 190902K [0x0000000081c00000, 0x0000000100000000)
  region size 1024K, 8 young (8192K), 8 survivors (8192K)
 Metaspace       used 97543K, committed 97920K, reserved 1179648K
  class space    used 10329K, committed 10496K, reserved 1048576K
}
Event: 49.780 GC heap before
{Heap before GC invocations=42 (full 0):
 garbage-first heap   total 427008K, used 203190K [0x0000000081c00000, 0x0000000100000000)
  region size 1024K, 20 young (20480K), 8 survivors (8192K)
 Metaspace       used 98205K, committed 98624K, reserved 1179648K
  class space    used 10360K, committed 10560K, reserved 1048576K
}
Event: 49.838 GC heap after
{Heap after GC invocations=43 (full 0):
 garbage-first heap   total 427008K, used 189361K [0x0000000081c00000, 0x0000000100000000)
  region size 1024K, 2 young (2048K), 2 survivors (2048K)
 Metaspace       used 98205K, committed 98624K, reserved 1179648K
  class space    used 10360K, committed 10560K, reserved 1048576K
}
Event: 51.685 GC heap before
{Heap before GC invocations=43 (full 0):
 garbage-first heap   total 427008K, used 342961K [0x0000000081c00000, 0x0000000100000000)
  region size 1024K, 152 young (155648K), 2 survivors (2048K)
 Metaspace       used 99028K, committed 99392K, reserved 1179648K
  class space    used 10385K, committed 10560K, reserved 1048576K
}
Event: 51.697 GC heap after
{Heap after GC invocations=44 (full 0):
 garbage-first heap   total 427008K, used 198405K [0x0000000081c00000, 0x0000000100000000)
  region size 1024K, 11 young (11264K), 11 survivors (11264K)
 Metaspace       used 99028K, committed 99392K, reserved 1179648K
  class space    used 10385K, committed 10560K, reserved 1048576K
}

