# JRE version: OpenJDK Runtime Environment (17.0.11) (build 17.0.11+0--11852314)
# Java VM: OpenJDK 64-Bit Server VM (17.0.11+0--11852314, mixed mode, tiered, compressed oops, compressed class ptrs, g1 gc, windows-amd64)
GC Precious Log:
 CPUs: 4 total, 4 available
 Memory: 8073M
 Large Page Support: Disabled
 NUMA Support: Disabled
 Compressed Oops: Enabled (Zero based)
 Heap Region Size: 2M
 Heap Min Capacity: 8M
 Heap Initial Capacity: 128M
 Heap Max Capacity: 4G
 Pre-touch: Disabled
 Parallel Workers: 4
 Concurrent Workers: 1
 Concurrent Refinement Workers: 4
 Periodic GC: Disabled
Heap:
 garbage-first heap   total 786432K, used 510976K [0x0000000700000000, 0x0000000800000000)
  region size 2048K, 3 young (6144K), 3 survivors (6144K)
 Metaspace       used 136329K, committed 137536K, reserved 1179648K
  class space    used 18639K, committed 19200K, reserved 1048576K
GC Heap History (20 events):
Event: 32.894 GC heap after
{Heap after GC invocations=46 (full 0):
 garbage-first heap   total 507904K, used 194658K [0x0000000700000000, 0x0000000800000000)
  region size 2048K, 13 young (26624K), 13 survivors (26624K)
 Metaspace       used 116557K, committed 117568K, reserved 1179648K
  class space    used 15860K, committed 16320K, reserved 1048576K
}
Event: 35.084 GC heap before
{Heap before GC invocations=46 (full 0):
 garbage-first heap   total 507904K, used 417890K [0x0000000700000000, 0x0000000800000000)
  region size 2048K, 122 young (249856K), 13 survivors (26624K)
 Metaspace       used 118762K, committed 119680K, reserved 1179648K
  class space    used 16067K, committed 16512K, reserved 1048576K
}
Event: 35.136 GC heap after
{Heap after GC invocations=47 (full 0):
 garbage-first heap   total 507904K, used 208844K [0x0000000700000000, 0x0000000800000000)
  region size 2048K, 13 young (26624K), 13 survivors (26624K)
 Metaspace       used 118762K, committed 119680K, reserved 1179648K
  class space    used 16067K, committed 16512K, reserved 1048576K
}
Event: 79.486 GC heap before
{Heap before GC invocations=47 (full 0):
 garbage-first heap   total 507904K, used 415692K [0x0000000700000000, 0x0000000800000000)
  region size 2048K, 114 young (233472K), 13 survivors (26624K)
 Metaspace       used 123880K, committed 124928K, reserved 1179648K
  class space    used 16710K, committed 17216K, reserved 1048576K
}
Event: 79.545 GC heap after
{Heap after GC invocations=48 (full 0):
 garbage-first heap   total 507904K, used 224259K [0x0000000700000000, 0x0000000800000000)
  region size 2048K, 8 young (16384K), 8 survivors (16384K)
 Metaspace       used 123880K, committed 124928K, reserved 1179648K
  class space    used 16710K, committed 17216K, reserved 1048576K
}
Event: 82.408 GC heap before
{Heap before GC invocations=48 (full 0):
 garbage-first heap   total 507904K, used 418819K [0x0000000700000000, 0x0000000800000000)
  region size 2048K, 103 young (210944K), 8 survivors (16384K)
 Metaspace       used 126351K, committed 127424K, reserved 1179648K
  class space    used 17095K, committed 17600K, reserved 1048576K
}
Event: 82.455 GC heap after
{Heap after GC invocations=49 (full 0):
 garbage-first heap   total 507904K, used 239616K [0x0000000700000000, 0x0000000800000000)
  region size 2048K, 8 young (16384K), 8 survivors (16384K)
 Metaspace       used 126351K, committed 127424K, reserved 1179648K
  class space    used 17095K, committed 17600K, reserved 1048576K
}
Event: 84.552 GC heap before
{Heap before GC invocations=49 (full 0):
 garbage-first heap   total 507904K, used 415744K [0x0000000700000000, 0x0000000800000000)
  region size 2048K, 95 young (194560K), 8 survivors (16384K)
 Metaspace       used 129032K, committed 130176K, reserved 1179648K
  class space    used 17421K, committed 17984K, reserved 1048576K
}
Event: 84.587 GC heap after
{Heap after GC invocations=50 (full 0):
 garbage-first heap   total 507904K, used 247301K [0x0000000700000000, 0x0000000800000000)
  region size 2048K, 5 young (10240K), 5 survivors (10240K)
 Metaspace       used 129032K, committed 130176K, reserved 1179648K
  class space    used 17421K, committed 17984K, reserved 1048576K
}
Event: 86.072 GC heap before
{Heap before GC invocations=50 (full 0):
 garbage-first heap   total 507904K, used 462341K [0x0000000700000000, 0x0000000800000000)
  region size 2048K, 90 young (184320K), 5 survivors (10240K)
 Metaspace       used 130470K, committed 131584K, reserved 1179648K
  class space    used 17615K, committed 18176K, reserved 1048576K
}
Event: 86.096 GC heap after
{Heap after GC invocations=51 (full 0):
 garbage-first heap   total 507904K, used 318768K [0x0000000700000000, 0x0000000800000000)
  region size 2048K, 12 young (24576K), 12 survivors (24576K)
 Metaspace       used 130470K, committed 131584K, reserved 1179648K
  class space    used 17615K, committed 18176K, reserved 1048576K
}
Event: 86.722 GC heap before
{Heap before GC invocations=51 (full 0):
 garbage-first heap   total 507904K, used 431408K [0x0000000700000000, 0x0000000800000000)
  region size 2048K, 46 young (94208K), 12 survivors (24576K)
 Metaspace       used 133439K, committed 134592K, reserved 1179648K
  class space    used 18054K, committed 18624K, reserved 1048576K
}
Event: 86.745 GC heap after
{Heap after GC invocations=52 (full 0):
 garbage-first heap   total 507904K, used 360978K [0x0000000700000000, 0x0000000800000000)
  region size 2048K, 8 young (16384K), 8 survivors (16384K)
 Metaspace       used 133439K, committed 134592K, reserved 1179648K
  class space    used 18054K, committed 18624K, reserved 1048576K
}
Event: 87.137 GC heap before
{Heap before GC invocations=52 (full 0):
 garbage-first heap   total 786432K, used 471570K [0x0000000700000000, 0x0000000800000000)
  region size 2048K, 38 young (77824K), 8 survivors (16384K)
 Metaspace       used 133722K, committed 134848K, reserved 1179648K
  class space    used 18095K, committed 18624K, reserved 1048576K
}
Event: 87.164 GC heap after
{Heap after GC invocations=53 (full 0):
 garbage-first heap   total 786432K, used 404874K [0x0000000700000000, 0x0000000800000000)
  region size 2048K, 5 young (10240K), 5 survivors (10240K)
 Metaspace       used 133722K, committed 134848K, reserved 1179648K
  class space    used 18095K, committed 18624K, reserved 1048576K
}
Event: 88.703 GC heap before
{Heap before GC invocations=54 (full 0):
 garbage-first heap   total 786432K, used 624010K [0x0000000700000000, 0x0000000800000000)
  region size 2048K, 106 young (217088K), 5 survivors (10240K)
 Metaspace       used 136221K, committed 137408K, reserved 1179648K
  class space    used 18635K, committed 19200K, reserved 1048576K
}
Event: 88.870 GC heap after
{Heap after GC invocations=55 (full 0):
 garbage-first heap   total 786432K, used 495982K [0x0000000700000000, 0x0000000800000000)
  region size 2048K, 14 young (28672K), 14 survivors (28672K)
 Metaspace       used 136221K, committed 137408K, reserved 1179648K
  class space    used 18635K, committed 19200K, reserved 1048576K
}
Event: 88.976 GC heap before
{Heap before GC invocations=55 (full 0):
 garbage-first heap   total 786432K, used 504174K [0x0000000700000000, 0x0000000800000000)
  region size 2048K, 19 young (38912K), 14 survivors (28672K)
 Metaspace       used 136279K, committed 137472K, reserved 1179648K
  class space    used 18635K, committed 19200K, reserved 1048576K
}
Event: 89.045 GC heap after
{Heap after GC invocations=56 (full 0):
 garbage-first heap   total 786432K, used 495616K [0x0000000700000000, 0x0000000800000000)
  region size 2048K, 3 young (6144K), 3 survivors (6144K)
 Metaspace       used 136279K, committed 137472K, reserved 1179648K
  class space    used 18635K, committed 19200K, reserved 1048576K
}
Event: 89.205 GC heap before
{Heap before GC invocations=56 (full 0):
 garbage-first heap   total 786432K, used 528384K [0x0000000700000000, 0x0000000800000000)
  region size 2048K, 19 young (38912K), 3 survivors (6144K)
 Metaspace       used 136329K, committed 137536K, reserved 1179648K
  class space    used 18639K, committed 19200K, reserved 1048576K
}

