# JRE version: OpenJDK Runtime Environment (17.0.11) (build 17.0.11+0--11852314)
# Java VM: OpenJDK 64-Bit Server VM (17.0.11+0--11852314, mixed mode, tiered, compressed oops, compressed class ptrs, g1 gc, windows-amd64)
GC Precious Log:
 CPUs: 4 total, 4 available
 Memory: 8073M
 Large Page Support: Disabled
 NUMA Support: Disabled
 Compressed Oops: Enabled (32-bit)
 Heap Region Size: 1M
 Heap Min Capacity: 8M
 Heap Initial Capacity: 128M
 Heap Max Capacity: 2020M
 Pre-touch: Disabled
 Parallel Workers: 4
 Concurrent Workers: 1
 Concurrent Refinement Workers: 4
 Periodic GC: Disabled
Heap:
 garbage-first heap   total 198656K, used 106407K [0x0000000081c00000, 0x0000000100000000)
  region size 1024K, 1 young (1024K), 1 survivors (1024K)
 Metaspace       used 78288K, committed 78592K, reserved 1179648K
  class space    used 8748K, committed 8896K, reserved 1048576K
GC Heap History (20 events):
Event: 7.437 GC heap after
{Heap after GC invocations=26 (full 0):
 garbage-first heap   total 167936K, used 60573K [0x0000000081c00000, 0x0000000100000000)
  region size 1024K, 5 young (5120K), 5 survivors (5120K)
 Metaspace       used 62323K, committed 62592K, reserved 1114112K
  class space    used 7431K, committed 7552K, reserved 1048576K
}
Event: 7.459 GC heap before
{Heap before GC invocations=26 (full 0):
 garbage-first heap   total 167936K, used 63645K [0x0000000081c00000, 0x0000000100000000)
  region size 1024K, 8 young (8192K), 5 survivors (5120K)
 Metaspace       used 62339K, committed 62592K, reserved 1114112K
  class space    used 7431K, committed 7552K, reserved 1048576K
}
Event: 7.466 GC heap after
{Heap after GC invocations=27 (full 0):
 garbage-first heap   total 167936K, used 60752K [0x0000000081c00000, 0x0000000100000000)
  region size 1024K, 1 young (1024K), 1 survivors (1024K)
 Metaspace       used 62339K, committed 62592K, reserved 1114112K
  class space    used 7431K, committed 7552K, reserved 1048576K
}
Event: 10.348 GC heap before
{Heap before GC invocations=27 (full 0):
 garbage-first heap   total 167936K, used 136528K [0x0000000081c00000, 0x0000000100000000)
  region size 1024K, 75 young (76800K), 1 survivors (1024K)
 Metaspace       used 66763K, committed 67136K, reserved 1114112K
  class space    used 7738K, committed 7936K, reserved 1048576K
}
Event: 10.369 GC heap after
{Heap after GC invocations=28 (full 0):
 garbage-first heap   total 167936K, used 70835K [0x0000000081c00000, 0x0000000100000000)
  region size 1024K, 10 young (10240K), 10 survivors (10240K)
 Metaspace       used 66763K, committed 67136K, reserved 1114112K
  class space    used 7738K, committed 7936K, reserved 1048576K
}
Event: 13.702 GC heap before
{Heap before GC invocations=28 (full 0):
 garbage-first heap   total 167936K, used 133299K [0x0000000081c00000, 0x0000000100000000)
  region size 1024K, 69 young (70656K), 10 survivors (10240K)
 Metaspace       used 67992K, committed 68288K, reserved 1114112K
  class space    used 7781K, committed 7936K, reserved 1048576K
}
Event: 13.731 GC heap after
{Heap after GC invocations=29 (full 0):
 garbage-first heap   total 167936K, used 80596K [0x0000000081c00000, 0x0000000100000000)
  region size 1024K, 8 young (8192K), 8 survivors (8192K)
 Metaspace       used 67992K, committed 68288K, reserved 1114112K
  class space    used 7781K, committed 7936K, reserved 1048576K
}
Event: 15.530 GC heap before
{Heap before GC invocations=29 (full 0):
 garbage-first heap   total 167936K, used 132820K [0x0000000081c00000, 0x0000000100000000)
  region size 1024K, 58 young (59392K), 8 survivors (8192K)
 Metaspace       used 68459K, committed 68800K, reserved 1114112K
  class space    used 7804K, committed 8000K, reserved 1048576K
}
Event: 15.552 GC heap after
{Heap after GC invocations=30 (full 0):
 garbage-first heap   total 167936K, used 86906K [0x0000000081c00000, 0x0000000100000000)
  region size 1024K, 6 young (6144K), 6 survivors (6144K)
 Metaspace       used 68459K, committed 68800K, reserved 1114112K
  class space    used 7804K, committed 8000K, reserved 1048576K
}
Event: 16.830 GC heap before
{Heap before GC invocations=30 (full 0):
 garbage-first heap   total 167936K, used 134010K [0x0000000081c00000, 0x0000000100000000)
  region size 1024K, 52 young (53248K), 6 survivors (6144K)
 Metaspace       used 69286K, committed 69568K, reserved 1114112K
  class space    used 7854K, committed 8000K, reserved 1048576K
}
Event: 16.845 GC heap after
{Heap after GC invocations=31 (full 0):
 garbage-first heap   total 167936K, used 90461K [0x0000000081c00000, 0x0000000100000000)
  region size 1024K, 4 young (4096K), 4 survivors (4096K)
 Metaspace       used 69286K, committed 69568K, reserved 1114112K
  class space    used 7854K, committed 8000K, reserved 1048576K
}
Event: 18.073 GC heap before
{Heap before GC invocations=32 (full 0):
 garbage-first heap   total 167936K, used 135517K [0x0000000081c00000, 0x0000000100000000)
  region size 1024K, 48 young (49152K), 4 survivors (4096K)
 Metaspace       used 75326K, committed 75584K, reserved 1179648K
  class space    used 8435K, committed 8576K, reserved 1048576K
}
Event: 18.087 GC heap after
{Heap after GC invocations=33 (full 0):
 garbage-first heap   total 167936K, used 95174K [0x0000000081c00000, 0x0000000100000000)
  region size 1024K, 6 young (6144K), 6 survivors (6144K)
 Metaspace       used 75326K, committed 75584K, reserved 1179648K
  class space    used 8435K, committed 8576K, reserved 1048576K
}
Event: 18.121 GC heap before
{Heap before GC invocations=33 (full 0):
 garbage-first heap   total 167936K, used 97222K [0x0000000081c00000, 0x0000000100000000)
  region size 1024K, 8 young (8192K), 6 survivors (6144K)
 Metaspace       used 75342K, committed 75648K, reserved 1179648K
  class space    used 8435K, committed 8576K, reserved 1048576K
}
Event: 18.132 GC heap after
{Heap after GC invocations=34 (full 0):
 garbage-first heap   total 167936K, used 94879K [0x0000000081c00000, 0x0000000100000000)
  region size 1024K, 1 young (1024K), 1 survivors (1024K)
 Metaspace       used 75342K, committed 75648K, reserved 1179648K
  class space    used 8435K, committed 8576K, reserved 1048576K
}
Event: 18.990 GC heap before
{Heap before GC invocations=34 (full 0):
 garbage-first heap   total 167936K, used 136863K [0x0000000081c00000, 0x0000000100000000)
  region size 1024K, 42 young (43008K), 1 survivors (1024K)
 Metaspace       used 77210K, committed 77568K, reserved 1179648K
  class space    used 8644K, committed 8832K, reserved 1048576K
}
Event: 19.006 GC heap after
{Heap after GC invocations=35 (full 0):
 garbage-first heap   total 167936K, used 101318K [0x0000000081c00000, 0x0000000100000000)
  region size 1024K, 6 young (6144K), 6 survivors (6144K)
 Metaspace       used 77210K, committed 77568K, reserved 1179648K
  class space    used 8644K, committed 8832K, reserved 1048576K
}
Event: 19.669 GC heap before
{Heap before GC invocations=36 (full 0):
 garbage-first heap   total 198656K, used 137158K [0x0000000081c00000, 0x0000000100000000)
  region size 1024K, 41 young (41984K), 6 survivors (6144K)
 Metaspace       used 78223K, committed 78528K, reserved 1179648K
  class space    used 8744K, committed 8896K, reserved 1048576K
}
Event: 19.684 GC heap after
{Heap after GC invocations=37 (full 0):
 garbage-first heap   total 198656K, used 106514K [0x0000000081c00000, 0x0000000100000000)
  region size 1024K, 5 young (5120K), 5 survivors (5120K)
 Metaspace       used 78223K, committed 78528K, reserved 1179648K
  class space    used 8744K, committed 8896K, reserved 1048576K
}
Event: 19.761 GC heap before
{Heap before GC invocations=37 (full 0):
 garbage-first heap   total 198656K, used 110610K [0x0000000081c00000, 0x0000000100000000)
  region size 1024K, 9 young (9216K), 5 survivors (5120K)
 Metaspace       used 78288K, committed 78592K, reserved 1179648K
  class space    used 8748K, committed 8896K, reserved 1048576K
}

