# JRE version: OpenJDK Runtime Environment (17.0.11) (build 17.0.11+0--11852314)
# Java VM: OpenJDK 64-Bit Server VM (17.0.11+0--11852314, mixed mode, tiered, compressed oops, compressed class ptrs, g1 gc, windows-amd64)
GC Precious Log:
 CPUs: 4 total, 4 available
 Memory: 8073M
 Large Page Support: Disabled
 NUMA Support: Disabled
 Compressed Oops: Enabled (Zero based)
 Heap Region Size: 2M
 Heap Min Capacity: 8M
 Heap Initial Capacity: 128M
 Heap Max Capacity: 4G
 Pre-touch: Disabled
 Parallel Workers: 4
 Concurrent Workers: 1
 Concurrent Refinement Workers: 4
 Periodic GC: Disabled
Heap:
 garbage-first heap   total 1040384K, used 503807K [0x0000000700000000, 0x0000000800000000)
  region size 2048K, 4 young (8192K), 4 survivors (8192K)
 Metaspace       used 130693K, committed 131648K, reserved 1179648K
  class space    used 17656K, committed 18112K, reserved 1048576K
GC Heap History (20 events):
Event: 43.921 GC heap after
{Heap after GC invocations=47 (full 0):
 garbage-first heap   total 413696K, used 206085K [0x0000000700000000, 0x0000000800000000)
  region size 2048K, 7 young (14336K), 7 survivors (14336K)
 Metaspace       used 121086K, committed 122048K, reserved 1179648K
  class space    used 16213K, committed 16704K, reserved 1048576K
}
Event: 44.528 GC heap before
{Heap before GC invocations=47 (full 0):
 garbage-first heap   total 413696K, used 267525K [0x0000000700000000, 0x0000000800000000)
  region size 2048K, 21 young (43008K), 7 survivors (14336K)
 Metaspace       used 121433K, committed 122432K, reserved 1179648K
  class space    used 16264K, committed 16768K, reserved 1048576K
}
Event: 44.545 GC heap after
{Heap after GC invocations=48 (full 0):
 garbage-first heap   total 413696K, used 244822K [0x0000000700000000, 0x0000000800000000)
  region size 2048K, 3 young (6144K), 3 survivors (6144K)
 Metaspace       used 121433K, committed 122432K, reserved 1179648K
  class space    used 16264K, committed 16768K, reserved 1048576K
}
Event: 46.051 GC heap before
{Heap before GC invocations=49 (full 0):
 garbage-first heap   total 428032K, used 384086K [0x0000000700000000, 0x0000000800000000)
  region size 2048K, 51 young (104448K), 3 survivors (6144K)
 Metaspace       used 121978K, committed 123008K, reserved 1179648K
  class space    used 16333K, committed 16832K, reserved 1048576K
}
Event: 46.062 GC heap after
{Heap after GC invocations=50 (full 0):
 garbage-first heap   total 428032K, used 187807K [0x0000000700000000, 0x0000000800000000)
  region size 2048K, 4 young (8192K), 4 survivors (8192K)
 Metaspace       used 121978K, committed 123008K, reserved 1179648K
  class space    used 16333K, committed 16832K, reserved 1048576K
}
Event: 46.177 GC heap before
{Heap before GC invocations=50 (full 0):
 garbage-first heap   total 428032K, used 198047K [0x0000000700000000, 0x0000000800000000)
  region size 2048K, 10 young (20480K), 4 survivors (8192K)
 Metaspace       used 122030K, committed 123008K, reserved 1179648K
  class space    used 16341K, committed 16832K, reserved 1048576K
}
Event: 46.188 GC heap after
{Heap after GC invocations=51 (full 0):
 garbage-first heap   total 428032K, used 147874K [0x0000000700000000, 0x0000000800000000)
  region size 2048K, 2 young (4096K), 2 survivors (4096K)
 Metaspace       used 122030K, committed 123008K, reserved 1179648K
  class space    used 16341K, committed 16832K, reserved 1048576K
}
Event: 46.300 GC heap before
{Heap before GC invocations=51 (full 0):
 garbage-first heap   total 428032K, used 162210K [0x0000000700000000, 0x0000000800000000)
  region size 2048K, 10 young (20480K), 2 survivors (4096K)
 Metaspace       used 122030K, committed 123008K, reserved 1179648K
  class space    used 16341K, committed 16832K, reserved 1048576K
}
Event: 46.307 GC heap after
{Heap after GC invocations=52 (full 0):
 garbage-first heap   total 428032K, used 144876K [0x0000000700000000, 0x0000000800000000)
  region size 2048K, 2 young (4096K), 2 survivors (4096K)
 Metaspace       used 122030K, committed 123008K, reserved 1179648K
  class space    used 16341K, committed 16832K, reserved 1048576K
}
Event: 48.897 GC heap before
{Heap before GC invocations=52 (full 0):
 garbage-first heap   total 428032K, used 388588K [0x0000000700000000, 0x0000000800000000)
  region size 2048K, 97 young (198656K), 2 survivors (4096K)
 Metaspace       used 126335K, committed 127296K, reserved 1179648K
  class space    used 16949K, committed 17472K, reserved 1048576K
}
Event: 48.933 GC heap after
{Heap after GC invocations=53 (full 0):
 garbage-first heap   total 937984K, used 224669K [0x0000000700000000, 0x0000000800000000)
  region size 2048K, 13 young (26624K), 13 survivors (26624K)
 Metaspace       used 126335K, committed 127296K, reserved 1179648K
  class space    used 16949K, committed 17472K, reserved 1048576K
}
Event: 54.342 GC heap before
{Heap before GC invocations=53 (full 0):
 garbage-first heap   total 937984K, used 861597K [0x0000000700000000, 0x0000000800000000)
  region size 2048K, 274 young (561152K), 13 survivors (26624K)
 Metaspace       used 130074K, committed 131072K, reserved 1179648K
  class space    used 17603K, committed 18112K, reserved 1048576K
}
Event: 54.775 GC heap after
{Heap after GC invocations=54 (full 0):
 garbage-first heap   total 1040384K, used 427384K [0x0000000700000000, 0x0000000800000000)
  region size 2048K, 35 young (71680K), 35 survivors (71680K)
 Metaspace       used 130074K, committed 131072K, reserved 1179648K
  class space    used 17603K, committed 18112K, reserved 1048576K
}
Event: 55.082 GC heap before
{Heap before GC invocations=54 (full 0):
 garbage-first heap   total 1040384K, used 460152K [0x0000000700000000, 0x0000000800000000)
  region size 2048K, 51 young (104448K), 35 survivors (71680K)
 Metaspace       used 130252K, committed 131200K, reserved 1179648K
  class space    used 17623K, committed 18112K, reserved 1048576K
}
Event: 55.263 GC heap after
{Heap after GC invocations=55 (full 0):
 garbage-first heap   total 1040384K, used 446463K [0x0000000700000000, 0x0000000800000000)
  region size 2048K, 7 young (14336K), 7 survivors (14336K)
 Metaspace       used 130252K, committed 131200K, reserved 1179648K
  class space    used 17623K, committed 18112K, reserved 1048576K
}
Event: 55.642 GC heap before
{Heap before GC invocations=55 (full 0):
 garbage-first heap   total 1040384K, used 483327K [0x0000000700000000, 0x0000000800000000)
  region size 2048K, 25 young (51200K), 7 survivors (14336K)
 Metaspace       used 130419K, committed 131392K, reserved 1179648K
  class space    used 17639K, committed 18112K, reserved 1048576K
}
Event: 55.712 GC heap after
{Heap after GC invocations=56 (full 0):
 garbage-first heap   total 1040384K, used 464895K [0x0000000700000000, 0x0000000800000000)
  region size 2048K, 4 young (8192K), 4 survivors (8192K)
 Metaspace       used 130419K, committed 131392K, reserved 1179648K
  class space    used 17639K, committed 18112K, reserved 1048576K
}
Event: 56.289 GC heap before
{Heap before GC invocations=56 (full 0):
 garbage-first heap   total 1040384K, used 507903K [0x0000000700000000, 0x0000000800000000)
  region size 2048K, 25 young (51200K), 4 survivors (8192K)
 Metaspace       used 130640K, committed 131584K, reserved 1179648K
  class space    used 17654K, committed 18112K, reserved 1048576K
}
Event: 56.339 GC heap after
{Heap after GC invocations=57 (full 0):
 garbage-first heap   total 1040384K, used 485375K [0x0000000700000000, 0x0000000800000000)
  region size 2048K, 4 young (8192K), 4 survivors (8192K)
 Metaspace       used 130640K, committed 131584K, reserved 1179648K
  class space    used 17654K, committed 18112K, reserved 1048576K
}
Event: 56.490 GC heap before
{Heap before GC invocations=57 (full 0):
 garbage-first heap   total 1040384K, used 528383K [0x0000000700000000, 0x0000000800000000)
  region size 2048K, 25 young (51200K), 4 survivors (8192K)
 Metaspace       used 130693K, committed 131648K, reserved 1179648K
  class space    used 17656K, committed 18112K, reserved 1048576K
}

