# JRE version: OpenJDK Runtime Environment (17.0.11) (build 17.0.11+0--11852314)
# Java VM: OpenJDK 64-Bit Server VM (17.0.11+0--11852314, mixed mode, tiered, compressed oops, compressed class ptrs, g1 gc, windows-amd64)
GC Precious Log:
 CPUs: 4 total, 4 available
 Memory: 8073M
 Large Page Support: Disabled
 NUMA Support: Disabled
 Compressed Oops: Enabled (32-bit)
 Heap Region Size: 1M
 Heap Min Capacity: 8M
 Heap Initial Capacity: 128M
 Heap Max Capacity: 2020M
 Pre-touch: Disabled
 Parallel Workers: 4
 Concurrent Workers: 1
 Concurrent Refinement Workers: 4
 Periodic GC: Disabled
Heap:
 garbage-first heap   total 403456K, used 190087K [0x0000000081c00000, 0x0000000100000000)
  region size 1024K, 7 young (7168K), 7 survivors (7168K)
 Metaspace       used 99164K, committed 99520K, reserved 1179648K
  class space    used 10390K, committed 10560K, reserved 1048576K
GC Heap History (20 events):
Event: 29.323 GC heap after
{Heap after GC invocations=36 (full 0):
 garbage-first heap   total 311296K, used 180695K [0x0000000081c00000, 0x0000000100000000)
  region size 1024K, 8 young (8192K), 8 survivors (8192K)
 Metaspace       used 91269K, committed 91648K, reserved 1179648K
  class space    used 9930K, committed 10112K, reserved 1048576K
}
Event: 30.365 GC heap before
{Heap before GC invocations=36 (full 0):
 garbage-first heap   total 311296K, used 250327K [0x0000000081c00000, 0x0000000100000000)
  region size 1024K, 76 young (77824K), 8 survivors (8192K)
 Metaspace       used 92117K, committed 92480K, reserved 1179648K
  class space    used 9944K, committed 10112K, reserved 1048576K
}
Event: 30.380 GC heap after
{Heap after GC invocations=37 (full 0):
 garbage-first heap   total 311296K, used 182547K [0x0000000081c00000, 0x0000000100000000)
  region size 1024K, 3 young (3072K), 3 survivors (3072K)
 Metaspace       used 92117K, committed 92480K, reserved 1179648K
  class space    used 9944K, committed 10112K, reserved 1048576K
}
Event: 31.093 GC heap before
{Heap before GC invocations=37 (full 0):
 garbage-first heap   total 311296K, used 254227K [0x0000000081c00000, 0x0000000100000000)
  region size 1024K, 73 young (74752K), 3 survivors (3072K)
 Metaspace       used 92600K, committed 93056K, reserved 1179648K
  class space    used 9968K, committed 10176K, reserved 1048576K
}
Event: 31.105 GC heap after
{Heap after GC invocations=38 (full 0):
 garbage-first heap   total 311296K, used 183255K [0x0000000081c00000, 0x0000000100000000)
  region size 1024K, 4 young (4096K), 4 survivors (4096K)
 Metaspace       used 92600K, committed 93056K, reserved 1179648K
  class space    used 9968K, committed 10176K, reserved 1048576K
}
Event: 31.846 GC heap before
{Heap before GC invocations=38 (full 0):
 garbage-first heap   total 311296K, used 256983K [0x0000000081c00000, 0x0000000100000000)
  region size 1024K, 76 young (77824K), 4 survivors (4096K)
 Metaspace       used 93033K, committed 93440K, reserved 1179648K
  class space    used 9980K, committed 10176K, reserved 1048576K
}
Event: 31.859 GC heap after
{Heap after GC invocations=39 (full 0):
 garbage-first heap   total 311296K, used 185632K [0x0000000081c00000, 0x0000000100000000)
  region size 1024K, 6 young (6144K), 6 survivors (6144K)
 Metaspace       used 93033K, committed 93440K, reserved 1179648K
  class space    used 9980K, committed 10176K, reserved 1048576K
}
Event: 32.755 GC heap before
{Heap before GC invocations=39 (full 0):
 garbage-first heap   total 311296K, used 217376K [0x0000000081c00000, 0x0000000100000000)
  region size 1024K, 39 young (39936K), 6 survivors (6144K)
 Metaspace       used 97166K, committed 97536K, reserved 1179648K
  class space    used 10308K, committed 10496K, reserved 1048576K
}
Event: 32.773 GC heap after
{Heap after GC invocations=40 (full 0):
 garbage-first heap   total 311296K, used 187707K [0x0000000081c00000, 0x0000000100000000)
  region size 1024K, 7 young (7168K), 7 survivors (7168K)
 Metaspace       used 97166K, committed 97536K, reserved 1179648K
  class space    used 10308K, committed 10496K, reserved 1048576K
}
Event: 34.191 GC heap before
{Heap before GC invocations=41 (full 0):
 garbage-first heap   total 329728K, used 257339K [0x0000000081c00000, 0x0000000100000000)
  region size 1024K, 79 young (80896K), 7 survivors (7168K)
 Metaspace       used 98274K, committed 98688K, reserved 1179648K
  class space    used 10348K, committed 10560K, reserved 1048576K
}
Event: 34.212 GC heap after
{Heap after GC invocations=42 (full 0):
 garbage-first heap   total 329728K, used 188375K [0x0000000081c00000, 0x0000000100000000)
  region size 1024K, 9 young (9216K), 9 survivors (9216K)
 Metaspace       used 98274K, committed 98688K, reserved 1179648K
  class space    used 10348K, committed 10560K, reserved 1048576K
}
Event: 34.285 GC heap before
{Heap before GC invocations=42 (full 0):
 garbage-first heap   total 329728K, used 195543K [0x0000000081c00000, 0x0000000100000000)
  region size 1024K, 16 young (16384K), 9 survivors (9216K)
 Metaspace       used 98280K, committed 98688K, reserved 1179648K
  class space    used 10348K, committed 10560K, reserved 1048576K
}
Event: 34.308 GC heap after
{Heap after GC invocations=43 (full 0):
 garbage-first heap   total 329728K, used 180166K [0x0000000081c00000, 0x0000000100000000)
  region size 1024K, 2 young (2048K), 2 survivors (2048K)
 Metaspace       used 98280K, committed 98688K, reserved 1179648K
  class space    used 10348K, committed 10560K, reserved 1048576K
}
Event: 34.900 GC heap before
{Heap before GC invocations=43 (full 0):
 garbage-first heap   total 329728K, used 274374K [0x0000000081c00000, 0x0000000100000000)
  region size 1024K, 94 young (96256K), 2 survivors (2048K)
 Metaspace       used 98593K, committed 99008K, reserved 1179648K
  class space    used 10364K, committed 10560K, reserved 1048576K
}
Event: 34.908 GC heap after
{Heap after GC invocations=44 (full 0):
 garbage-first heap   total 329728K, used 185657K [0x0000000081c00000, 0x0000000100000000)
  region size 1024K, 8 young (8192K), 8 survivors (8192K)
 Metaspace       used 98593K, committed 99008K, reserved 1179648K
  class space    used 10364K, committed 10560K, reserved 1048576K
}
Event: 35.897 GC heap before
{Heap before GC invocations=45 (full 0):
 garbage-first heap   total 403456K, used 273721K [0x0000000081c00000, 0x0000000100000000)
  region size 1024K, 94 young (96256K), 8 survivors (8192K)
 Metaspace       used 98797K, committed 99200K, reserved 1179648K
  class space    used 10367K, committed 10560K, reserved 1048576K
}
Event: 35.908 GC heap after
{Heap after GC invocations=46 (full 0):
 garbage-first heap   total 403456K, used 188824K [0x0000000081c00000, 0x0000000100000000)
  region size 1024K, 7 young (7168K), 7 survivors (7168K)
 Metaspace       used 98797K, committed 99200K, reserved 1179648K
  class space    used 10367K, committed 10560K, reserved 1048576K
}
Event: 36.028 GC heap before
{Heap before GC invocations=46 (full 0):
 garbage-first heap   total 403456K, used 201112K [0x0000000081c00000, 0x0000000100000000)
  region size 1024K, 19 young (19456K), 7 survivors (7168K)
 Metaspace       used 98812K, committed 99200K, reserved 1179648K
  class space    used 10367K, committed 10560K, reserved 1048576K
}
Event: 36.039 GC heap after
{Heap after GC invocations=47 (full 0):
 garbage-first heap   total 403456K, used 184952K [0x0000000081c00000, 0x0000000100000000)
  region size 1024K, 2 young (2048K), 2 survivors (2048K)
 Metaspace       used 98812K, committed 99200K, reserved 1179648K
  class space    used 10367K, committed 10560K, reserved 1048576K
}
Event: 37.685 GC heap before
{Heap before GC invocations=47 (full 0):
 garbage-first heap   total 403456K, used 315000K [0x0000000081c00000, 0x0000000100000000)
  region size 1024K, 129 young (132096K), 2 survivors (2048K)
 Metaspace       used 99164K, committed 99520K, reserved 1179648K
  class space    used 10390K, committed 10560K, reserved 1048576K
}

