# JRE version: OpenJDK Runtime Environment (17.0.11) (build 17.0.11+0--11852314)
# Java VM: OpenJDK 64-Bit Server VM (17.0.11+0--11852314, mixed mode, tiered, compressed oops, compressed class ptrs, g1 gc, windows-amd64)
GC Precious Log:
 CPUs: 4 total, 4 available
 Memory: 7971M
 Large Page Support: Disabled
 NUMA Support: Disabled
 Compressed Oops: Enabled (32-bit)
 Heap Region Size: 1M
 Heap Min Capacity: 8M
 Heap Initial Capacity: 126M
 Heap Max Capacity: 2G
 Pre-touch: Disabled
 Parallel Workers: 4
 Concurrent Workers: 1
 Concurrent Refinement Workers: 4
 Periodic GC: Disabled
Heap:
 garbage-first heap   total 574464K, used 246103K [0x0000000080000000, 0x0000000100000000)
  region size 1024K, 9 young (9216K), 9 survivors (9216K)
 Metaspace       used 223479K, committed 225920K, reserved 1245184K
  class space    used 28743K, committed 29952K, reserved 1048576K
GC Heap History (20 events):
Event: 3661.187 GC heap after
{Heap after GC invocations=83 (full 0):
 garbage-first heap   total 574464K, used 219864K [0x0000000080000000, 0x0000000100000000)
  region size 1024K, 2 young (2048K), 2 survivors (2048K)
 Metaspace       used 178670K, committed 181056K, reserved 1245184K
  class space    used 23962K, committed 25152K, reserved 1048576K
}
Event: 3665.652 GC heap before
{Heap before GC invocations=83 (full 0):
 garbage-first heap   total 574464K, used 343768K [0x0000000080000000, 0x0000000100000000)
  region size 1024K, 124 young (126976K), 2 survivors (2048K)
 Metaspace       used 193296K, committed 195648K, reserved 1245184K
  class space    used 25615K, committed 26816K, reserved 1048576K
}
Event: 3665.664 GC heap after
{Heap after GC invocations=84 (full 0):
 garbage-first heap   total 574464K, used 225061K [0x0000000080000000, 0x0000000100000000)
  region size 1024K, 8 young (8192K), 8 survivors (8192K)
 Metaspace       used 193296K, committed 195648K, reserved 1245184K
  class space    used 25615K, committed 26816K, reserved 1048576K
}
Event: 3676.721 GC heap before
{Heap before GC invocations=85 (full 0):
 garbage-first heap   total 574464K, used 456485K [0x0000000080000000, 0x0000000100000000)
  region size 1024K, 240 young (245760K), 8 survivors (8192K)
 Metaspace       used 213425K, committed 215808K, reserved 1245184K
  class space    used 27783K, committed 28992K, reserved 1048576K
}
Event: 3676.741 GC heap after
{Heap after GC invocations=86 (full 0):
 garbage-first heap   total 574464K, used 230104K [0x0000000080000000, 0x0000000100000000)
  region size 1024K, 19 young (19456K), 19 survivors (19456K)
 Metaspace       used 213425K, committed 215808K, reserved 1245184K
  class space    used 27783K, committed 28992K, reserved 1048576K
}
Event: 3677.148 GC heap before
{Heap before GC invocations=86 (full 0):
 garbage-first heap   total 574464K, used 239320K [0x0000000080000000, 0x0000000100000000)
  region size 1024K, 28 young (28672K), 19 survivors (19456K)
 Metaspace       used 213542K, committed 215936K, reserved 1245184K
  class space    used 27791K, committed 28992K, reserved 1048576K
}
Event: 3677.197 GC heap after
{Heap after GC invocations=87 (full 0):
 garbage-first heap   total 574464K, used 225088K [0x0000000080000000, 0x0000000100000000)
  region size 1024K, 4 young (4096K), 4 survivors (4096K)
 Metaspace       used 213542K, committed 215936K, reserved 1245184K
  class space    used 27791K, committed 28992K, reserved 1048576K
}
Event: 3677.200 GC heap before
{Heap before GC invocations=87 (full 0):
 garbage-first heap   total 574464K, used 225088K [0x0000000080000000, 0x0000000100000000)
  region size 1024K, 5 young (5120K), 4 survivors (4096K)
 Metaspace       used 213542K, committed 215936K, reserved 1245184K
  class space    used 27791K, committed 28992K, reserved 1048576K
}
Event: 3677.204 GC heap after
{Heap after GC invocations=88 (full 0):
 garbage-first heap   total 574464K, used 224364K [0x0000000080000000, 0x0000000100000000)
  region size 1024K, 3 young (3072K), 3 survivors (3072K)
 Metaspace       used 213542K, committed 215936K, reserved 1245184K
  class space    used 27791K, committed 28992K, reserved 1048576K
}
Event: 3683.507 GC heap before
{Heap before GC invocations=89 (full 0):
 garbage-first heap   total 574464K, used 472503K [0x0000000080000000, 0x0000000100000000)
  region size 1024K, 232 young (237568K), 3 survivors (3072K)
 Metaspace       used 223478K, committed 225920K, reserved 1245184K
  class space    used 28743K, committed 29952K, reserved 1048576K
}
Event: 3683.537 GC heap after
{Heap after GC invocations=90 (full 0):
 garbage-first heap   total 574464K, used 254316K [0x0000000080000000, 0x0000000100000000)
  region size 1024K, 26 young (26624K), 26 survivors (26624K)
 Metaspace       used 223478K, committed 225920K, reserved 1245184K
  class space    used 28743K, committed 29952K, reserved 1048576K
}
Event: 3683.572 GC heap before
{Heap before GC invocations=90 (full 0):
 garbage-first heap   total 574464K, used 255340K [0x0000000080000000, 0x0000000100000000)
  region size 1024K, 28 young (28672K), 26 survivors (26624K)
 Metaspace       used 223478K, committed 225920K, reserved 1245184K
  class space    used 28743K, committed 29952K, reserved 1048576K
}
Event: 3683.635 GC heap after
{Heap after GC invocations=91 (full 0):
 garbage-first heap   total 574464K, used 247221K [0x0000000080000000, 0x0000000100000000)
  region size 1024K, 3 young (3072K), 3 survivors (3072K)
 Metaspace       used 223478K, committed 225920K, reserved 1245184K
  class space    used 28743K, committed 29952K, reserved 1048576K
}
Event: 3689.313 GC heap before
{Heap before GC invocations=91 (full 0):
 garbage-first heap   total 574464K, used 456117K [0x0000000080000000, 0x0000000100000000)
  region size 1024K, 207 young (211968K), 3 survivors (3072K)
 Metaspace       used 223479K, committed 225920K, reserved 1245184K
  class space    used 28743K, committed 29952K, reserved 1048576K
}
Event: 3689.329 GC heap after
{Heap after GC invocations=92 (full 0):
 garbage-first heap   total 574464K, used 253620K [0x0000000080000000, 0x0000000100000000)
  region size 1024K, 9 young (9216K), 9 survivors (9216K)
 Metaspace       used 223479K, committed 225920K, reserved 1245184K
  class space    used 28743K, committed 29952K, reserved 1048576K
}
Event: 3693.528 GC heap before
{Heap before GC invocations=93 (full 0):
 garbage-first heap   total 574464K, used 461492K [0x0000000080000000, 0x0000000100000000)
  region size 1024K, 214 young (219136K), 9 survivors (9216K)
 Metaspace       used 223479K, committed 225920K, reserved 1245184K
  class space    used 28743K, committed 29952K, reserved 1048576K
}
Event: 3693.546 GC heap after
{Heap after GC invocations=94 (full 0):
 garbage-first heap   total 574464K, used 258354K [0x0000000080000000, 0x0000000100000000)
  region size 1024K, 16 young (16384K), 16 survivors (16384K)
 Metaspace       used 223479K, committed 225920K, reserved 1245184K
  class space    used 28743K, committed 29952K, reserved 1048576K
}
Event: 3693.724 GC heap before
{Heap before GC invocations=94 (full 0):
 garbage-first heap   total 574464K, used 270642K [0x0000000080000000, 0x0000000100000000)
  region size 1024K, 28 young (28672K), 16 survivors (16384K)
 Metaspace       used 223479K, committed 225920K, reserved 1245184K
  class space    used 28743K, committed 29952K, reserved 1048576K
}
Event: 3693.768 GC heap after
{Heap after GC invocations=95 (full 0):
 garbage-first heap   total 574464K, used 241469K [0x0000000080000000, 0x0000000100000000)
  region size 1024K, 4 young (4096K), 4 survivors (4096K)
 Metaspace       used 223479K, committed 225920K, reserved 1245184K
  class space    used 28743K, committed 29952K, reserved 1048576K
}
Event: 3695.696 GC heap before
{Heap before GC invocations=95 (full 0):
 garbage-first heap   total 574464K, used 464701K [0x0000000080000000, 0x0000000100000000)
  region size 1024K, 222 young (227328K), 4 survivors (4096K)
 Metaspace       used 223479K, committed 225920K, reserved 1245184K
  class space    used 28743K, committed 29952K, reserved 1048576K
}

