# JRE version: OpenJDK Runtime Environment (17.0.11) (build 17.0.11+0--11852314)
# Java VM: OpenJDK 64-Bit Server VM (17.0.11+0--11852314, mixed mode, tiered, compressed oops, compressed class ptrs, g1 gc, windows-amd64)
GC Precious Log:
 CPUs: 4 total, 4 available
 Memory: 8073M
 Large Page Support: Disabled
 NUMA Support: Disabled
 Compressed Oops: Enabled (Zero based)
 Heap Region Size: 2M
 Heap Min Capacity: 8M
 Heap Initial Capacity: 128M
 Heap Max Capacity: 4G
 Pre-touch: Disabled
 Parallel Workers: 4
 Concurrent Workers: 1
 Concurrent Refinement Workers: 4
 Periodic GC: Disabled
Heap:
 garbage-first heap   total 382976K, used 206848K [0x0000000700000000, 0x0000000800000000)
  region size 2048K, 1 young (2048K), 1 survivors (2048K)
 Metaspace       used 118055K, committed 118976K, reserved 1179648K
  class space    used 16013K, committed 16448K, reserved 1048576K
GC Heap History (20 events):
Event: 19.964 GC heap after
{Heap after GC invocations=42 (full 0):
 garbage-first heap   total 364544K, used 168014K [0x0000000700000000, 0x0000000800000000)
  region size 2048K, 2 young (4096K), 2 survivors (4096K)
 Metaspace       used 103253K, committed 104128K, reserved 1179648K
  class space    used 14311K, committed 14720K, reserved 1048576K
}
Event: 21.082 GC heap before
{Heap before GC invocations=42 (full 0):
 garbage-first heap   total 364544K, used 297038K [0x0000000700000000, 0x0000000800000000)
  region size 2048K, 65 young (133120K), 2 survivors (4096K)
 Metaspace       used 103254K, committed 104128K, reserved 1179648K
  class space    used 14311K, committed 14720K, reserved 1048576K
}
Event: 21.088 GC heap after
{Heap after GC invocations=43 (full 0):
 garbage-first heap   total 364544K, used 172126K [0x0000000700000000, 0x0000000800000000)
  region size 2048K, 4 young (8192K), 4 survivors (8192K)
 Metaspace       used 103254K, committed 104128K, reserved 1179648K
  class space    used 14311K, committed 14720K, reserved 1048576K
}
Event: 22.388 GC heap before
{Heap before GC invocations=43 (full 0):
 garbage-first heap   total 364544K, used 299102K [0x0000000700000000, 0x0000000800000000)
  region size 2048K, 66 young (135168K), 4 survivors (8192K)
 Metaspace       used 103254K, committed 104128K, reserved 1179648K
  class space    used 14311K, committed 14720K, reserved 1048576K
}
Event: 22.397 GC heap after
{Heap after GC invocations=44 (full 0):
 garbage-first heap   total 364544K, used 176663K [0x0000000700000000, 0x0000000800000000)
  region size 2048K, 6 young (12288K), 6 survivors (12288K)
 Metaspace       used 103254K, committed 104128K, reserved 1179648K
  class space    used 14311K, committed 14720K, reserved 1048576K
}
Event: 23.447 GC heap before
{Heap before GC invocations=44 (full 0):
 garbage-first heap   total 364544K, used 301591K [0x0000000700000000, 0x0000000800000000)
  region size 2048K, 67 young (137216K), 6 survivors (12288K)
 Metaspace       used 103255K, committed 104128K, reserved 1179648K
  class space    used 14311K, committed 14720K, reserved 1048576K
}
Event: 23.460 GC heap after
{Heap after GC invocations=45 (full 0):
 garbage-first heap   total 364544K, used 180722K [0x0000000700000000, 0x0000000800000000)
  region size 2048K, 6 young (12288K), 6 survivors (12288K)
 Metaspace       used 103255K, committed 104128K, reserved 1179648K
  class space    used 14311K, committed 14720K, reserved 1048576K
}
Event: 24.361 GC heap before
{Heap before GC invocations=46 (full 0):
 garbage-first heap   total 364544K, used 303602K [0x0000000700000000, 0x0000000800000000)
  region size 2048K, 66 young (135168K), 6 survivors (12288K)
 Metaspace       used 103255K, committed 104128K, reserved 1179648K
  class space    used 14311K, committed 14720K, reserved 1048576K
}
Event: 24.376 GC heap after
{Heap after GC invocations=47 (full 0):
 garbage-first heap   total 364544K, used 184776K [0x0000000700000000, 0x0000000800000000)
  region size 2048K, 6 young (12288K), 6 survivors (12288K)
 Metaspace       used 103255K, committed 104128K, reserved 1179648K
  class space    used 14311K, committed 14720K, reserved 1048576K
}
Event: 24.422 GC heap before
{Heap before GC invocations=47 (full 0):
 garbage-first heap   total 364544K, used 188872K [0x0000000700000000, 0x0000000800000000)
  region size 2048K, 8 young (16384K), 6 survivors (12288K)
 Metaspace       used 103255K, committed 104128K, reserved 1179648K
  class space    used 14311K, committed 14720K, reserved 1048576K
}
Event: 24.431 GC heap after
{Heap after GC invocations=48 (full 0):
 garbage-first heap   total 364544K, used 183482K [0x0000000700000000, 0x0000000800000000)
  region size 2048K, 1 young (2048K), 1 survivors (2048K)
 Metaspace       used 103255K, committed 104128K, reserved 1179648K
  class space    used 14311K, committed 14720K, reserved 1048576K
}
Event: 25.347 GC heap before
{Heap before GC invocations=48 (full 0):
 garbage-first heap   total 364544K, used 304314K [0x0000000700000000, 0x0000000800000000)
  region size 2048K, 60 young (122880K), 1 survivors (2048K)
 Metaspace       used 103433K, committed 104320K, reserved 1179648K
  class space    used 14332K, committed 14720K, reserved 1048576K
}
Event: 25.357 GC heap after
{Heap after GC invocations=49 (full 0):
 garbage-first heap   total 364544K, used 188259K [0x0000000700000000, 0x0000000800000000)
  region size 2048K, 4 young (8192K), 4 survivors (8192K)
 Metaspace       used 103433K, committed 104320K, reserved 1179648K
  class space    used 14332K, committed 14720K, reserved 1048576K
}
Event: 27.021 GC heap before
{Heap before GC invocations=49 (full 0):
 garbage-first heap   total 364544K, used 300899K [0x0000000700000000, 0x0000000800000000)
  region size 2048K, 60 young (122880K), 4 survivors (8192K)
 Metaspace       used 115969K, committed 116864K, reserved 1179648K
  class space    used 15817K, committed 16256K, reserved 1048576K
}
Event: 27.039 GC heap after
{Heap after GC invocations=50 (full 0):
 garbage-first heap   total 364544K, used 193359K [0x0000000700000000, 0x0000000800000000)
  region size 2048K, 6 young (12288K), 6 survivors (12288K)
 Metaspace       used 115969K, committed 116864K, reserved 1179648K
  class space    used 15817K, committed 16256K, reserved 1048576K
}
Event: 28.266 GC heap before
{Heap before GC invocations=50 (full 0):
 garbage-first heap   total 364544K, used 303951K [0x0000000700000000, 0x0000000800000000)
  region size 2048K, 60 young (122880K), 6 survivors (12288K)
 Metaspace       used 116877K, committed 117824K, reserved 1179648K
  class space    used 15882K, committed 16320K, reserved 1048576K
}
Event: 28.291 GC heap after
{Heap after GC invocations=51 (full 0):
 garbage-first heap   total 364544K, used 200617K [0x0000000700000000, 0x0000000800000000)
  region size 2048K, 8 young (16384K), 8 survivors (16384K)
 Metaspace       used 116877K, committed 117824K, reserved 1179648K
  class space    used 15882K, committed 16320K, reserved 1048576K
}
Event: 29.444 GC heap before
{Heap before GC invocations=52 (full 0):
 garbage-first heap   total 382976K, used 300969K [0x0000000700000000, 0x0000000800000000)
  region size 2048K, 57 young (116736K), 8 survivors (16384K)
 Metaspace       used 117761K, committed 118720K, reserved 1179648K
  class space    used 15987K, committed 16448K, reserved 1048576K
}
Event: 29.472 GC heap after
{Heap after GC invocations=53 (full 0):
 garbage-first heap   total 382976K, used 207689K [0x0000000700000000, 0x0000000800000000)
  region size 2048K, 5 young (10240K), 5 survivors (10240K)
 Metaspace       used 117761K, committed 118720K, reserved 1179648K
  class space    used 15987K, committed 16448K, reserved 1048576K
}
Event: 29.544 GC heap before
{Heap before GC invocations=53 (full 0):
 garbage-first heap   total 382976K, used 213833K [0x0000000700000000, 0x0000000800000000)
  region size 2048K, 9 young (18432K), 5 survivors (10240K)
 Metaspace       used 118055K, committed 118976K, reserved 1179648K
  class space    used 16013K, committed 16448K, reserved 1048576K
}

