# JRE version: OpenJDK Runtime Environment (17.0.11) (build 17.0.11+0--11852314)
# Java VM: OpenJDK 64-Bit Server VM (17.0.11+0--11852314, mixed mode, tiered, compressed oops, compressed class ptrs, g1 gc, windows-amd64)
GC Precious Log:
 CPUs: 4 total, 4 available
 Memory: 8073M
 Large Page Support: Disabled
 NUMA Support: Disabled
 Compressed Oops: Enabled (Zero based)
 Heap Region Size: 2M
 Heap Min Capacity: 8M
 Heap Initial Capacity: 128M
 Heap Max Capacity: 4G
 Pre-touch: Disabled
 Parallel Workers: 4
 Concurrent Workers: 1
 Concurrent Refinement Workers: 4
 Periodic GC: Disabled
Heap:
 garbage-first heap   total 608256K, used 370688K [0x0000000700000000, 0x0000000800000000)
  region size 2048K, 6 young (12288K), 6 survivors (12288K)
 Metaspace       used 113029K, committed 113856K, reserved 1179648K
  class space    used 15839K, committed 16256K, reserved 1048576K
GC Heap History (20 events):
Event: 18.980 GC heap after
{Heap after GC invocations=40 (full 0):
 garbage-first heap   total 208896K, used 112950K [0x0000000700000000, 0x0000000800000000)
  region size 2048K, 3 young (6144K), 3 survivors (6144K)
 Metaspace       used 102996K, committed 103680K, reserved 1179648K
  class space    used 14325K, committed 14656K, reserved 1048576K
}
Event: 19.012 GC heap before
{Heap before GC invocations=40 (full 0):
 garbage-first heap   total 208896K, used 117046K [0x0000000700000000, 0x0000000800000000)
  region size 2048K, 5 young (10240K), 3 survivors (6144K)
 Metaspace       used 102997K, committed 103680K, reserved 1179648K
  class space    used 14325K, committed 14656K, reserved 1048576K
}
Event: 19.023 GC heap after
{Heap after GC invocations=41 (full 0):
 garbage-first heap   total 208896K, used 113478K [0x0000000700000000, 0x0000000800000000)
  region size 2048K, 1 young (2048K), 1 survivors (2048K)
 Metaspace       used 102997K, committed 103680K, reserved 1179648K
  class space    used 14325K, committed 14656K, reserved 1048576K
}
Event: 19.400 GC heap before
{Heap before GC invocations=41 (full 0):
 garbage-first heap   total 208896K, used 168774K [0x0000000700000000, 0x0000000800000000)
  region size 2048K, 28 young (57344K), 1 survivors (2048K)
 Metaspace       used 103027K, committed 103744K, reserved 1179648K
  class space    used 14325K, committed 14656K, reserved 1048576K
}
Event: 19.409 GC heap after
{Heap after GC invocations=42 (full 0):
 garbage-first heap   total 417792K, used 115772K [0x0000000700000000, 0x0000000800000000)
  region size 2048K, 3 young (6144K), 3 survivors (6144K)
 Metaspace       used 103027K, committed 103744K, reserved 1179648K
  class space    used 14325K, committed 14656K, reserved 1048576K
}
Event: 21.276 GC heap before
{Heap before GC invocations=43 (full 0):
 garbage-first heap   total 417792K, used 310332K [0x0000000700000000, 0x0000000800000000)
  region size 2048K, 99 young (202752K), 3 survivors (6144K)
 Metaspace       used 103622K, committed 104384K, reserved 1179648K
  class space    used 14437K, committed 14784K, reserved 1048576K
}
Event: 21.298 GC heap after
{Heap after GC invocations=44 (full 0):
 garbage-first heap   total 417792K, used 122481K [0x0000000700000000, 0x0000000800000000)
  region size 2048K, 6 young (12288K), 6 survivors (12288K)
 Metaspace       used 103622K, committed 104384K, reserved 1179648K
  class space    used 14437K, committed 14784K, reserved 1048576K
}
Event: 21.350 GC heap before
{Heap before GC invocations=44 (full 0):
 garbage-first heap   total 417792K, used 130673K [0x0000000700000000, 0x0000000800000000)
  region size 2048K, 10 young (20480K), 6 survivors (12288K)
 Metaspace       used 103622K, committed 104384K, reserved 1179648K
  class space    used 14437K, committed 14784K, reserved 1048576K
}
Event: 21.368 GC heap after
{Heap after GC invocations=45 (full 0):
 garbage-first heap   total 417792K, used 120631K [0x0000000700000000, 0x0000000800000000)
  region size 2048K, 2 young (4096K), 2 survivors (4096K)
 Metaspace       used 103622K, committed 104384K, reserved 1179648K
  class space    used 14437K, committed 14784K, reserved 1048576K
}
Event: 23.523 GC heap before
{Heap before GC invocations=45 (full 0):
 garbage-first heap   total 417792K, used 329527K [0x0000000700000000, 0x0000000800000000)
  region size 2048K, 105 young (215040K), 2 survivors (4096K)
 Metaspace       used 106242K, committed 107072K, reserved 1179648K
  class space    used 14701K, committed 15104K, reserved 1048576K
}
Event: 23.538 GC heap after
{Heap after GC invocations=46 (full 0):
 garbage-first heap   total 417792K, used 127947K [0x0000000700000000, 0x0000000800000000)
  region size 2048K, 5 young (10240K), 5 survivors (10240K)
 Metaspace       used 106242K, committed 107072K, reserved 1179648K
  class space    used 14701K, committed 15104K, reserved 1048576K
}
Event: 24.381 GC heap before
{Heap before GC invocations=46 (full 0):
 garbage-first heap   total 417792K, used 246731K [0x0000000700000000, 0x0000000800000000)
  region size 2048K, 39 young (79872K), 5 survivors (10240K)
 Metaspace       used 109808K, committed 110720K, reserved 1179648K
  class space    used 15227K, committed 15680K, reserved 1048576K
}
Event: 24.399 GC heap after
{Heap after GC invocations=47 (full 0):
 garbage-first heap   total 417792K, used 208518K [0x0000000700000000, 0x0000000800000000)
  region size 2048K, 14 young (28672K), 14 survivors (28672K)
 Metaspace       used 109808K, committed 110720K, reserved 1179648K
  class space    used 15227K, committed 15680K, reserved 1048576K
}
Event: 24.975 GC heap before
{Heap before GC invocations=48 (full 0):
 garbage-first heap   total 608256K, used 390790K [0x0000000700000000, 0x0000000800000000)
  region size 2048K, 61 young (124928K), 14 survivors (28672K)
 Metaspace       used 110084K, committed 110912K, reserved 1179648K
  class space    used 15268K, committed 15680K, reserved 1048576K
}
Event: 25.013 GC heap after
{Heap after GC invocations=49 (full 0):
 garbage-first heap   total 608256K, used 279559K [0x0000000700000000, 0x0000000800000000)
  region size 2048K, 8 young (16384K), 8 survivors (16384K)
 Metaspace       used 110084K, committed 110912K, reserved 1179648K
  class space    used 15268K, committed 15680K, reserved 1048576K
}
Event: 25.107 GC heap before
{Heap before GC invocations=49 (full 0):
 garbage-first heap   total 608256K, used 289799K [0x0000000700000000, 0x0000000800000000)
  region size 2048K, 14 young (28672K), 8 survivors (16384K)
 Metaspace       used 110084K, committed 110912K, reserved 1179648K
  class space    used 15268K, committed 15680K, reserved 1048576K
}
Event: 25.136 GC heap after
{Heap after GC invocations=50 (full 0):
 garbage-first heap   total 608256K, used 284672K [0x0000000700000000, 0x0000000800000000)
  region size 2048K, 2 young (4096K), 2 survivors (4096K)
 Metaspace       used 110084K, committed 110912K, reserved 1179648K
  class space    used 15268K, committed 15680K, reserved 1048576K
}
Event: 26.353 GC heap before
{Heap before GC invocations=50 (full 0):
 garbage-first heap   total 608256K, used 454656K [0x0000000700000000, 0x0000000800000000)
  region size 2048K, 79 young (161792K), 2 survivors (4096K)
 Metaspace       used 110858K, committed 111680K, reserved 1179648K
  class space    used 15368K, committed 15808K, reserved 1048576K
}
Event: 26.457 GC heap after
{Heap after GC invocations=51 (full 0):
 garbage-first heap   total 608256K, used 353931K [0x0000000700000000, 0x0000000800000000)
  region size 2048K, 10 young (20480K), 10 survivors (20480K)
 Metaspace       used 110858K, committed 111680K, reserved 1179648K
  class space    used 15368K, committed 15808K, reserved 1048576K
}
Event: 26.978 GC heap before
{Heap before GC invocations=51 (full 0):
 garbage-first heap   total 608256K, used 419467K [0x0000000700000000, 0x0000000800000000)
  region size 2048K, 42 young (86016K), 10 survivors (20480K)
 Metaspace       used 113029K, committed 113856K, reserved 1179648K
  class space    used 15839K, committed 16256K, reserved 1048576K
}

