# JRE version: OpenJDK Runtime Environment (17.0.11) (build 17.0.11+0--11852314)
# Java VM: OpenJDK 64-Bit Server VM (17.0.11+0--11852314, mixed mode, tiered, compressed oops, compressed class ptrs, g1 gc, windows-amd64)
GC Precious Log:
 CPUs: 4 total, 4 available
 Memory: 8073M
 Large Page Support: Disabled
 NUMA Support: Disabled
 Compressed Oops: Enabled (32-bit)
 Heap Region Size: 1M
 Heap Min Capacity: 8M
 Heap Initial Capacity: 128M
 Heap Max Capacity: 2020M
 Pre-touch: Disabled
 Parallel Workers: 4
 Concurrent Workers: 1
 Concurrent Refinement Workers: 4
 Periodic GC: Disabled
Heap:
 garbage-first heap   total 132096K, used 56701K [0x0000000081c00000, 0x0000000100000000)
  region size 1024K, 1 young (1024K), 1 survivors (1024K)
 Metaspace       used 57364K, committed 57664K, reserved 1114112K
  class space    used 6724K, committed 6848K, reserved 1048576K
GC Heap History (20 events):
Event: 2.882 GC heap after
{Heap after GC invocations=13 (full 0):
 garbage-first heap   total 58368K, used 30420K [0x0000000081c00000, 0x0000000100000000)
  region size 1024K, 3 young (3072K), 3 survivors (3072K)
 Metaspace       used 48001K, committed 48192K, reserved 1114112K
  class space    used 5820K, committed 5888K, reserved 1048576K
}
Event: 3.029 GC heap before
{Heap before GC invocations=13 (full 0):
 garbage-first heap   total 58368K, used 37588K [0x0000000081c00000, 0x0000000100000000)
  region size 1024K, 12 young (12288K), 3 survivors (3072K)
 Metaspace       used 49981K, committed 50240K, reserved 1114112K
  class space    used 6067K, committed 6144K, reserved 1048576K
}
Event: 3.037 GC heap after
{Heap after GC invocations=14 (full 0):
 garbage-first heap   total 72704K, used 31720K [0x0000000081c00000, 0x0000000100000000)
  region size 1024K, 2 young (2048K), 2 survivors (2048K)
 Metaspace       used 49981K, committed 50240K, reserved 1114112K
  class space    used 6067K, committed 6144K, reserved 1048576K
}
Event: 3.154 GC heap before
{Heap before GC invocations=14 (full 0):
 garbage-first heap   total 72704K, used 52200K [0x0000000081c00000, 0x0000000100000000)
  region size 1024K, 22 young (22528K), 2 survivors (2048K)
 Metaspace       used 50115K, committed 50368K, reserved 1114112K
  class space    used 6067K, committed 6144K, reserved 1048576K
}
Event: 3.160 GC heap after
{Heap after GC invocations=15 (full 0):
 garbage-first heap   total 72704K, used 33043K [0x0000000081c00000, 0x0000000100000000)
  region size 1024K, 3 young (3072K), 3 survivors (3072K)
 Metaspace       used 50115K, committed 50368K, reserved 1114112K
  class space    used 6067K, committed 6144K, reserved 1048576K
}
Event: 3.605 GC heap before
{Heap before GC invocations=15 (full 0):
 garbage-first heap   total 72704K, used 52499K [0x0000000081c00000, 0x0000000100000000)
  region size 1024K, 23 young (23552K), 3 survivors (3072K)
 Metaspace       used 53523K, committed 53760K, reserved 1114112K
  class space    used 6441K, committed 6528K, reserved 1048576K
}
Event: 3.612 GC heap after
{Heap after GC invocations=16 (full 0):
 garbage-first heap   total 72704K, used 34908K [0x0000000081c00000, 0x0000000100000000)
  region size 1024K, 3 young (3072K), 3 survivors (3072K)
 Metaspace       used 53523K, committed 53760K, reserved 1114112K
  class space    used 6441K, committed 6528K, reserved 1048576K
}
Event: 3.911 GC heap before
{Heap before GC invocations=16 (full 0):
 garbage-first heap   total 72704K, used 54364K [0x0000000081c00000, 0x0000000100000000)
  region size 1024K, 22 young (22528K), 3 survivors (3072K)
 Metaspace       used 54781K, committed 55040K, reserved 1114112K
  class space    used 6567K, committed 6656K, reserved 1048576K
}
Event: 3.923 GC heap after
{Heap after GC invocations=17 (full 0):
 garbage-first heap   total 72704K, used 37984K [0x0000000081c00000, 0x0000000100000000)
  region size 1024K, 3 young (3072K), 3 survivors (3072K)
 Metaspace       used 54781K, committed 55040K, reserved 1114112K
  class space    used 6567K, committed 6656K, reserved 1048576K
}
Event: 4.181 GC heap before
{Heap before GC invocations=18 (full 0):
 garbage-first heap   total 72704K, used 55392K [0x0000000081c00000, 0x0000000100000000)
  region size 1024K, 20 young (20480K), 3 survivors (3072K)
 Metaspace       used 55115K, committed 55360K, reserved 1114112K
  class space    used 6601K, committed 6720K, reserved 1048576K
}
Event: 4.191 GC heap after
{Heap after GC invocations=19 (full 0):
 garbage-first heap   total 72704K, used 40956K [0x0000000081c00000, 0x0000000100000000)
  region size 1024K, 3 young (3072K), 3 survivors (3072K)
 Metaspace       used 55115K, committed 55360K, reserved 1114112K
  class space    used 6601K, committed 6720K, reserved 1048576K
}
Event: 4.199 GC heap before
{Heap before GC invocations=19 (full 0):
 garbage-first heap   total 72704K, used 41980K [0x0000000081c00000, 0x0000000100000000)
  region size 1024K, 4 young (4096K), 3 survivors (3072K)
 Metaspace       used 55116K, committed 55360K, reserved 1114112K
  class space    used 6601K, committed 6720K, reserved 1048576K
}
Event: 4.203 GC heap after
{Heap after GC invocations=20 (full 0):
 garbage-first heap   total 101376K, used 40670K [0x0000000081c00000, 0x0000000100000000)
  region size 1024K, 1 young (1024K), 1 survivors (1024K)
 Metaspace       used 55116K, committed 55360K, reserved 1114112K
  class space    used 6601K, committed 6720K, reserved 1048576K
}
Event: 5.031 GC heap before
{Heap before GC invocations=20 (full 0):
 garbage-first heap   total 101376K, used 73438K [0x0000000081c00000, 0x0000000100000000)
  region size 1024K, 33 young (33792K), 1 survivors (1024K)
 Metaspace       used 56691K, committed 56896K, reserved 1114112K
  class space    used 6682K, committed 6784K, reserved 1048576K
}
Event: 5.041 GC heap after
{Heap after GC invocations=21 (full 0):
 garbage-first heap   total 101376K, used 47050K [0x0000000081c00000, 0x0000000100000000)
  region size 1024K, 5 young (5120K), 5 survivors (5120K)
 Metaspace       used 56691K, committed 56896K, reserved 1114112K
  class space    used 6682K, committed 6784K, reserved 1048576K
}
Event: 5.406 GC heap before
{Heap before GC invocations=21 (full 0):
 garbage-first heap   total 101376K, used 74698K [0x0000000081c00000, 0x0000000100000000)
  region size 1024K, 32 young (32768K), 5 survivors (5120K)
 Metaspace       used 56990K, committed 57216K, reserved 1114112K
  class space    used 6690K, committed 6784K, reserved 1048576K
}
Event: 5.428 GC heap after
{Heap after GC invocations=22 (full 0):
 garbage-first heap   total 101376K, used 52546K [0x0000000081c00000, 0x0000000100000000)
  region size 1024K, 4 young (4096K), 4 survivors (4096K)
 Metaspace       used 56990K, committed 57216K, reserved 1114112K
  class space    used 6690K, committed 6784K, reserved 1048576K
}
Event: 5.704 GC heap before
{Heap before GC invocations=22 (full 0):
 garbage-first heap   total 101376K, used 77122K [0x0000000081c00000, 0x0000000100000000)
  region size 1024K, 28 young (28672K), 4 survivors (4096K)
 Metaspace       used 57360K, committed 57664K, reserved 1114112K
  class space    used 6724K, committed 6848K, reserved 1048576K
}
Event: 5.717 GC heap after
{Heap after GC invocations=23 (full 0):
 garbage-first heap   total 101376K, used 55968K [0x0000000081c00000, 0x0000000100000000)
  region size 1024K, 3 young (3072K), 3 survivors (3072K)
 Metaspace       used 57360K, committed 57664K, reserved 1114112K
  class space    used 6724K, committed 6848K, reserved 1048576K
}
Event: 5.777 GC heap before
{Heap before GC invocations=23 (full 0):
 garbage-first heap   total 101376K, used 79520K [0x0000000081c00000, 0x0000000100000000)
  region size 1024K, 26 young (26624K), 3 survivors (3072K)
 Metaspace       used 57364K, committed 57664K, reserved 1114112K
  class space    used 6724K, committed 6848K, reserved 1048576K
}

