# JRE version: OpenJDK Runtime Environment (17.0.11) (build 17.0.11+0--11852314)
# Java VM: OpenJDK 64-Bit Server VM (17.0.11+0--11852314, mixed mode, tiered, compressed oops, compressed class ptrs, g1 gc, windows-amd64)
GC Precious Log:
 CPUs: 4 total, 4 available
 Memory: 8073M
 Large Page Support: Disabled
 NUMA Support: Disabled
 Compressed Oops: Enabled (Zero based)
 Heap Region Size: 2M
 Heap Min Capacity: 8M
 Heap Initial Capacity: 128M
 Heap Max Capacity: 4G
 Pre-touch: Disabled
 Parallel Workers: 4
 Concurrent Workers: 1
 Concurrent Refinement Workers: 4
 Periodic GC: Disabled
Heap:
 garbage-first heap   total 827392K, used 483328K [0x0000000700000000, 0x0000000800000000)
  region size 2048K, 3 young (6144K), 3 survivors (6144K)
 Metaspace       used 132877K, committed 133952K, reserved 1179648K
  class space    used 18039K, committed 18560K, reserved 1048576K
GC Heap History (20 events):
Event: 40.464 GC heap after
{Heap after GC invocations=44 (full 0):
 garbage-first heap   total 399360K, used 191920K [0x0000000700000000, 0x0000000800000000)
  region size 2048K, 5 young (10240K), 5 survivors (10240K)
 Metaspace       used 105400K, committed 106240K, reserved 1179648K
  class space    used 14458K, committed 14848K, reserved 1048576K
}
Event: 44.010 GC heap before
{Heap before GC invocations=45 (full 0):
 garbage-first heap   total 399360K, used 322992K [0x0000000700000000, 0x0000000800000000)
  region size 2048K, 70 young (143360K), 5 survivors (10240K)
 Metaspace       used 117010K, committed 117952K, reserved 1179648K
  class space    used 15911K, committed 16384K, reserved 1048576K
}
Event: 44.042 GC heap after
{Heap after GC invocations=46 (full 0):
 garbage-first heap   total 399360K, used 201100K [0x0000000700000000, 0x0000000800000000)
  region size 2048K, 9 young (18432K), 9 survivors (18432K)
 Metaspace       used 117010K, committed 117952K, reserved 1179648K
  class space    used 15911K, committed 16384K, reserved 1048576K
}
Event: 44.085 GC heap before
{Heap before GC invocations=46 (full 0):
 garbage-first heap   total 399360K, used 203148K [0x0000000700000000, 0x0000000800000000)
  region size 2048K, 10 young (20480K), 9 survivors (18432K)
 Metaspace       used 117063K, committed 118016K, reserved 1179648K
  class space    used 15914K, committed 16384K, reserved 1048576K
}
Event: 44.125 GC heap after
{Heap after GC invocations=47 (full 0):
 garbage-first heap   total 399360K, used 202285K [0x0000000700000000, 0x0000000800000000)
  region size 2048K, 2 young (4096K), 2 survivors (4096K)
 Metaspace       used 117063K, committed 118016K, reserved 1179648K
  class space    used 15914K, committed 16384K, reserved 1048576K
}
Event: 45.207 GC heap before
{Heap before GC invocations=47 (full 0):
 garbage-first heap   total 399360K, used 325165K [0x0000000700000000, 0x0000000800000000)
  region size 2048K, 63 young (129024K), 2 survivors (4096K)
 Metaspace       used 117464K, committed 118400K, reserved 1179648K
  class space    used 15961K, committed 16384K, reserved 1048576K
}
Event: 45.227 GC heap after
{Heap after GC invocations=48 (full 0):
 garbage-first heap   total 399360K, used 206245K [0x0000000700000000, 0x0000000800000000)
  region size 2048K, 4 young (8192K), 4 survivors (8192K)
 Metaspace       used 117464K, committed 118400K, reserved 1179648K
  class space    used 15961K, committed 16384K, reserved 1048576K
}
Event: 47.837 GC heap before
{Heap before GC invocations=49 (full 0):
 garbage-first heap   total 399360K, used 329125K [0x0000000700000000, 0x0000000800000000)
  region size 2048K, 64 young (131072K), 4 survivors (8192K)
 Metaspace       used 121091K, committed 122048K, reserved 1179648K
  class space    used 16379K, committed 16832K, reserved 1048576K
}
Event: 47.886 GC heap after
{Heap after GC invocations=50 (full 0):
 garbage-first heap   total 399360K, used 217565K [0x0000000700000000, 0x0000000800000000)
  region size 2048K, 8 young (16384K), 8 survivors (16384K)
 Metaspace       used 121091K, committed 122048K, reserved 1179648K
  class space    used 16379K, committed 16832K, reserved 1048576K
}
Event: 47.921 GC heap before
{Heap before GC invocations=50 (full 0):
 garbage-first heap   total 399360K, used 219613K [0x0000000700000000, 0x0000000800000000)
  region size 2048K, 9 young (18432K), 8 survivors (16384K)
 Metaspace       used 121093K, committed 122048K, reserved 1179648K
  class space    used 16379K, committed 16832K, reserved 1048576K
}
Event: 47.966 GC heap after
{Heap after GC invocations=51 (full 0):
 garbage-first heap   total 815104K, used 218322K [0x0000000700000000, 0x0000000800000000)
  region size 2048K, 2 young (4096K), 2 survivors (4096K)
 Metaspace       used 121093K, committed 122048K, reserved 1179648K
  class space    used 16379K, committed 16832K, reserved 1048576K
}
Event: 67.720 GC heap before
{Heap before GC invocations=51 (full 0):
 garbage-first heap   total 815104K, used 623826K [0x0000000700000000, 0x0000000800000000)
  region size 2048K, 201 young (411648K), 2 survivors (4096K)
 Metaspace       used 126214K, committed 127232K, reserved 1179648K
  class space    used 17103K, committed 17600K, reserved 1048576K
}
Event: 67.816 GC heap after
{Heap after GC invocations=52 (full 0):
 garbage-first heap   total 815104K, used 242207K [0x0000000700000000, 0x0000000800000000)
  region size 2048K, 13 young (26624K), 13 survivors (26624K)
 Metaspace       used 126214K, committed 127232K, reserved 1179648K
  class space    used 17103K, committed 17600K, reserved 1048576K
}
Event: 74.726 GC heap before
{Heap before GC invocations=52 (full 0):
 garbage-first heap   total 815104K, used 737823K [0x0000000700000000, 0x0000000800000000)
  region size 2048K, 193 young (395264K), 13 survivors (26624K)
 Metaspace       used 131380K, committed 132544K, reserved 1179648K
  class space    used 17861K, committed 18432K, reserved 1048576K
}
Event: 75.023 GC heap after
{Heap after GC invocations=53 (full 0):
 garbage-first heap   total 827392K, used 382235K [0x0000000700000000, 0x0000000800000000)
  region size 2048K, 25 young (51200K), 25 survivors (51200K)
 Metaspace       used 131380K, committed 132544K, reserved 1179648K
  class space    used 17861K, committed 18432K, reserved 1048576K
}
Event: 77.439 GC heap before
{Heap before GC invocations=53 (full 0):
 garbage-first heap   total 827392K, used 597275K [0x0000000700000000, 0x0000000800000000)
  region size 2048K, 122 young (249856K), 25 survivors (51200K)
 Metaspace       used 132557K, committed 133696K, reserved 1179648K
  class space    used 18007K, committed 18560K, reserved 1048576K
}
Event: 77.649 GC heap after
{Heap after GC invocations=54 (full 0):
 garbage-first heap   total 827392K, used 457670K [0x0000000700000000, 0x0000000800000000)
  region size 2048K, 16 young (32768K), 16 survivors (32768K)
 Metaspace       used 132557K, committed 133696K, reserved 1179648K
  class space    used 18007K, committed 18560K, reserved 1048576K
}
Event: 77.957 GC heap before
{Heap before GC invocations=54 (full 0):
 garbage-first heap   total 827392K, used 490438K [0x0000000700000000, 0x0000000800000000)
  region size 2048K, 31 young (63488K), 16 survivors (32768K)
 Metaspace       used 132783K, committed 133888K, reserved 1179648K
  class space    used 18025K, committed 18560K, reserved 1048576K
}
Event: 78.063 GC heap after
{Heap after GC invocations=55 (full 0):
 garbage-first heap   total 827392K, used 473088K [0x0000000700000000, 0x0000000800000000)
  region size 2048K, 4 young (8192K), 4 survivors (8192K)
 Metaspace       used 132783K, committed 133888K, reserved 1179648K
  class space    used 18025K, committed 18560K, reserved 1048576K
}
Event: 78.389 GC heap before
{Heap before GC invocations=55 (full 0):
 garbage-first heap   total 827392K, used 503808K [0x0000000700000000, 0x0000000800000000)
  region size 2048K, 20 young (40960K), 4 survivors (8192K)
 Metaspace       used 132877K, committed 133952K, reserved 1179648K
  class space    used 18039K, committed 18560K, reserved 1048576K
}

