# JRE version: OpenJDK Runtime Environment (17.0.11) (build 17.0.11+0--11852314)
# Java VM: OpenJDK 64-Bit Server VM (17.0.11+0--11852314, mixed mode, tiered, compressed oops, compressed class ptrs, g1 gc, windows-amd64)
GC Precious Log:
 CPUs: 4 total, 4 available
 Memory: 8073M
 Large Page Support: Disabled
 NUMA Support: Disabled
 Compressed Oops: Enabled (Zero based)
 Heap Region Size: 2M
 Heap Min Capacity: 8M
 Heap Initial Capacity: 128M
 Heap Max Capacity: 4G
 Pre-touch: Disabled
 Parallel Workers: 4
 Concurrent Workers: 1
 Concurrent Refinement Workers: 4
 Periodic GC: Disabled
Heap:
 garbage-first heap   total 774144K, used 416768K [0x0000000700000000, 0x0000000800000000)
  region size 2048K, 3 young (6144K), 3 survivors (6144K)
 Metaspace       used 112769K, committed 113600K, reserved 1179648K
  class space    used 15807K, committed 16192K, reserved 1048576K
GC Heap History (20 events):
Event: 30.163 GC heap after
{Heap after GC invocations=43 (full 0):
 garbage-first heap   total 329728K, used 114513K [0x0000000700000000, 0x0000000800000000)
  region size 2048K, 2 young (4096K), 2 survivors (4096K)
 Metaspace       used 103338K, committed 104128K, reserved 1179648K
  class space    used 14393K, committed 14784K, reserved 1048576K
}
Event: 31.992 GC heap before
{Heap before GC invocations=43 (full 0):
 garbage-first heap   total 329728K, used 264017K [0x0000000700000000, 0x0000000800000000)
  region size 2048K, 76 young (155648K), 2 survivors (4096K)
 Metaspace       used 103664K, committed 104512K, reserved 1179648K
  class space    used 14434K, committed 14848K, reserved 1048576K
}
Event: 32.004 GC heap after
{Heap after GC invocations=44 (full 0):
 garbage-first heap   total 329728K, used 119920K [0x0000000700000000, 0x0000000800000000)
  region size 2048K, 5 young (10240K), 5 survivors (10240K)
 Metaspace       used 103664K, committed 104512K, reserved 1179648K
  class space    used 14434K, committed 14848K, reserved 1048576K
}
Event: 33.280 GC heap before
{Heap before GC invocations=44 (full 0):
 garbage-first heap   total 329728K, used 263280K [0x0000000700000000, 0x0000000800000000)
  region size 2048K, 76 young (155648K), 5 survivors (10240K)
 Metaspace       used 105919K, committed 106752K, reserved 1179648K
  class space    used 14656K, committed 15040K, reserved 1048576K
}
Event: 33.297 GC heap after
{Heap after GC invocations=45 (full 0):
 garbage-first heap   total 329728K, used 125974K [0x0000000700000000, 0x0000000800000000)
  region size 2048K, 8 young (16384K), 8 survivors (16384K)
 Metaspace       used 105919K, committed 106752K, reserved 1179648K
  class space    used 14656K, committed 15040K, reserved 1048576K
}
Event: 34.743 GC heap before
{Heap before GC invocations=45 (full 0):
 garbage-first heap   total 329728K, used 293910K [0x0000000700000000, 0x0000000800000000)
  region size 2048K, 74 young (151552K), 8 survivors (16384K)
 Metaspace       used 106494K, committed 107264K, reserved 1179648K
  class space    used 14736K, committed 15104K, reserved 1048576K
}
Event: 34.767 GC heap after
{Heap after GC invocations=46 (full 0):
 garbage-first heap   total 337920K, used 184878K [0x0000000700000000, 0x0000000800000000)
  region size 2048K, 10 young (20480K), 10 survivors (20480K)
 Metaspace       used 106494K, committed 107264K, reserved 1179648K
  class space    used 14736K, committed 15104K, reserved 1048576K
}
Event: 35.478 GC heap before
{Heap before GC invocations=47 (full 0):
 garbage-first heap   total 337920K, used 301614K [0x0000000700000000, 0x0000000800000000)
  region size 2048K, 44 young (90112K), 10 survivors (20480K)
 Metaspace       used 109741K, committed 110592K, reserved 1179648K
  class space    used 15221K, committed 15616K, reserved 1048576K
}
Event: 35.492 GC heap after
{Heap after GC invocations=48 (full 0):
 garbage-first heap   total 348160K, used 231915K [0x0000000700000000, 0x0000000800000000)
  region size 2048K, 7 young (14336K), 7 survivors (14336K)
 Metaspace       used 109741K, committed 110592K, reserved 1179648K
  class space    used 15221K, committed 15616K, reserved 1048576K
}
Event: 35.497 GC heap before
{Heap before GC invocations=48 (full 0):
 garbage-first heap   total 348160K, used 236011K [0x0000000700000000, 0x0000000800000000)
  region size 2048K, 8 young (16384K), 7 survivors (14336K)
 Metaspace       used 109741K, committed 110592K, reserved 1179648K
  class space    used 15221K, committed 15616K, reserved 1048576K
}
Event: 35.502 GC heap after
{Heap after GC invocations=49 (full 0):
 garbage-first heap   total 348160K, used 234377K [0x0000000700000000, 0x0000000800000000)
  region size 2048K, 1 young (2048K), 1 survivors (2048K)
 Metaspace       used 109741K, committed 110592K, reserved 1179648K
  class space    used 15221K, committed 15616K, reserved 1048576K
}
Event: 35.796 GC heap before
{Heap before GC invocations=49 (full 0):
 garbage-first heap   total 348160K, used 324489K [0x0000000700000000, 0x0000000800000000)
  region size 2048K, 22 young (45056K), 1 survivors (2048K)
 Metaspace       used 110028K, committed 110912K, reserved 1179648K
  class space    used 15263K, committed 15680K, reserved 1048576K
}
Event: 35.813 GC heap after
{Heap after GC invocations=50 (full 0):
 garbage-first heap   total 774144K, used 270691K [0x0000000700000000, 0x0000000800000000)
  region size 2048K, 3 young (6144K), 3 survivors (6144K)
 Metaspace       used 110028K, committed 110912K, reserved 1179648K
  class space    used 15263K, committed 15680K, reserved 1048576K
}
Event: 37.849 GC heap before
{Heap before GC invocations=50 (full 0):
 garbage-first heap   total 774144K, used 504163K [0x0000000700000000, 0x0000000800000000)
  region size 2048K, 110 young (225280K), 3 survivors (6144K)
 Metaspace       used 112591K, committed 113408K, reserved 1179648K
  class space    used 15797K, committed 16192K, reserved 1048576K
}
Event: 38.061 GC heap after
{Heap after GC invocations=51 (full 0):
 garbage-first heap   total 774144K, used 363089K [0x0000000700000000, 0x0000000800000000)
  region size 2048K, 14 young (28672K), 14 survivors (28672K)
 Metaspace       used 112591K, committed 113408K, reserved 1179648K
  class space    used 15797K, committed 16192K, reserved 1048576K
}
Event: 38.372 GC heap before
{Heap before GC invocations=51 (full 0):
 garbage-first heap   total 774144K, used 395857K [0x0000000700000000, 0x0000000800000000)
  region size 2048K, 30 young (61440K), 14 survivors (28672K)
 Metaspace       used 112752K, committed 113536K, reserved 1179648K
  class space    used 15807K, committed 16192K, reserved 1048576K
}
Event: 38.500 GC heap after
{Heap after GC invocations=52 (full 0):
 garbage-first heap   total 774144K, used 381952K [0x0000000700000000, 0x0000000800000000)
  region size 2048K, 4 young (8192K), 4 survivors (8192K)
 Metaspace       used 112752K, committed 113536K, reserved 1179648K
  class space    used 15807K, committed 16192K, reserved 1048576K
}
Event: 38.829 GC heap before
{Heap before GC invocations=52 (full 0):
 garbage-first heap   total 774144K, used 412672K [0x0000000700000000, 0x0000000800000000)
  region size 2048K, 20 young (40960K), 4 survivors (8192K)
 Metaspace       used 112766K, committed 113600K, reserved 1179648K
  class space    used 15807K, committed 16192K, reserved 1048576K
}
Event: 38.911 GC heap after
{Heap after GC invocations=53 (full 0):
 garbage-first heap   total 774144K, used 398336K [0x0000000700000000, 0x0000000800000000)
  region size 2048K, 3 young (6144K), 3 survivors (6144K)
 Metaspace       used 112766K, committed 113600K, reserved 1179648K
  class space    used 15807K, committed 16192K, reserved 1048576K
}
Event: 39.337 GC heap before
{Heap before GC invocations=53 (full 0):
 garbage-first heap   total 774144K, used 429056K [0x0000000700000000, 0x0000000800000000)
  region size 2048K, 18 young (36864K), 3 survivors (6144K)
 Metaspace       used 112769K, committed 113600K, reserved 1179648K
  class space    used 15807K, committed 16192K, reserved 1048576K
}

