# JRE version: OpenJDK Runtime Environment (17.0.11) (build 17.0.11+0--11852314)
# Java VM: OpenJDK 64-Bit Server VM (17.0.11+0--11852314, mixed mode, tiered, compressed oops, compressed class ptrs, g1 gc, windows-amd64)
GC Precious Log:
 CPUs: 4 total, 4 available
 Memory: 8073M
 Large Page Support: Disabled
 NUMA Support: Disabled
 Compressed Oops: Enabled (Zero based)
 Heap Region Size: 2M
 Heap Min Capacity: 8M
 Heap Initial Capacity: 128M
 Heap Max Capacity: 4G
 Pre-touch: Disabled
 Parallel Workers: 4
 Concurrent Workers: 1
 Concurrent Refinement Workers: 4
 Periodic GC: Disabled
Heap:
 garbage-first heap   total 417792K, used 321861K [0x0000000700000000, 0x0000000800000000)
  region size 2048K, 1 young (2048K), 1 survivors (2048K)
 Metaspace       used 122693K, committed 123456K, reserved 1179648K
  class space    used 16532K, committed 16896K, reserved 1048576K
GC Heap History (20 events):
Event: 24.895 GC heap after
{Heap after GC invocations=44 (full 0):
 garbage-first heap   total 311296K, used 119192K [0x0000000700000000, 0x0000000800000000)
  region size 2048K, 4 young (8192K), 4 survivors (8192K)
 Metaspace       used 103545K, committed 104320K, reserved 1179648K
  class space    used 14425K, committed 14784K, reserved 1048576K
}
Event: 26.434 GC heap before
{Heap before GC invocations=44 (full 0):
 garbage-first heap   total 311296K, used 246168K [0x0000000700000000, 0x0000000800000000)
  region size 2048K, 67 young (137216K), 4 survivors (8192K)
 Metaspace       used 103800K, committed 104576K, reserved 1179648K
  class space    used 14459K, committed 14848K, reserved 1048576K
}
Event: 26.449 GC heap after
{Heap after GC invocations=45 (full 0):
 garbage-first heap   total 311296K, used 123635K [0x0000000700000000, 0x0000000800000000)
  region size 2048K, 6 young (12288K), 6 survivors (12288K)
 Metaspace       used 103800K, committed 104576K, reserved 1179648K
  class space    used 14459K, committed 14848K, reserved 1048576K
}
Event: 28.595 GC heap before
{Heap before GC invocations=45 (full 0):
 garbage-first heap   total 311296K, used 250611K [0x0000000700000000, 0x0000000800000000)
  region size 2048K, 68 young (139264K), 6 survivors (12288K)
 Metaspace       used 112215K, committed 112960K, reserved 1179648K
  class space    used 15445K, committed 15808K, reserved 1048576K
}
Event: 28.615 GC heap after
{Heap after GC invocations=46 (full 0):
 garbage-first heap   total 311296K, used 132902K [0x0000000700000000, 0x0000000800000000)
  region size 2048K, 8 young (16384K), 8 survivors (16384K)
 Metaspace       used 112215K, committed 112960K, reserved 1179648K
  class space    used 15445K, committed 15808K, reserved 1048576K
}
Event: 30.686 GC heap before
{Heap before GC invocations=46 (full 0):
 garbage-first heap   total 311296K, used 247590K [0x0000000700000000, 0x0000000800000000)
  region size 2048K, 65 young (133120K), 8 survivors (16384K)
 Metaspace       used 117348K, committed 118144K, reserved 1179648K
  class space    used 15867K, committed 16256K, reserved 1048576K
}
Event: 30.743 GC heap after
{Heap after GC invocations=47 (full 0):
 garbage-first heap   total 319488K, used 186368K [0x0000000700000000, 0x0000000800000000)
  region size 2048K, 9 young (18432K), 9 survivors (18432K)
 Metaspace       used 117348K, committed 118144K, reserved 1179648K
  class space    used 15867K, committed 16256K, reserved 1048576K
}
Event: 31.482 GC heap before
{Heap before GC invocations=47 (full 0):
 garbage-first heap   total 319488K, used 233472K [0x0000000700000000, 0x0000000800000000)
  region size 2048K, 32 young (65536K), 9 survivors (18432K)
 Metaspace       used 121139K, committed 121984K, reserved 1179648K
  class space    used 16371K, committed 16768K, reserved 1048576K
}
Event: 31.509 GC heap after
{Heap after GC invocations=48 (full 0):
 garbage-first heap   total 319488K, used 202752K [0x0000000700000000, 0x0000000800000000)
  region size 2048K, 4 young (8192K), 4 survivors (8192K)
 Metaspace       used 121139K, committed 121984K, reserved 1179648K
  class space    used 16371K, committed 16768K, reserved 1048576K
}
Event: 31.901 GC heap before
{Heap before GC invocations=48 (full 0):
 garbage-first heap   total 319488K, used 239616K [0x0000000700000000, 0x0000000800000000)
  region size 2048K, 22 young (45056K), 4 survivors (8192K)
 Metaspace       used 121196K, committed 122048K, reserved 1179648K
  class space    used 16371K, committed 16768K, reserved 1048576K
}
Event: 31.930 GC heap after
{Heap after GC invocations=49 (full 0):
 garbage-first heap   total 385024K, used 236544K [0x0000000700000000, 0x0000000800000000)
  region size 2048K, 3 young (6144K), 3 survivors (6144K)
 Metaspace       used 121196K, committed 122048K, reserved 1179648K
  class space    used 16371K, committed 16768K, reserved 1048576K
}
Event: 32.276 GC heap before
{Heap before GC invocations=50 (full 0):
 garbage-first heap   total 417792K, used 277504K [0x0000000700000000, 0x0000000800000000)
  region size 2048K, 23 young (47104K), 3 survivors (6144K)
 Metaspace       used 121203K, committed 122048K, reserved 1179648K
  class space    used 16371K, committed 16768K, reserved 1048576K
}
Event: 32.319 GC heap after
{Heap after GC invocations=51 (full 0):
 garbage-first heap   total 417792K, used 265216K [0x0000000700000000, 0x0000000800000000)
  region size 2048K, 3 young (6144K), 3 survivors (6144K)
 Metaspace       used 121203K, committed 122048K, reserved 1179648K
  class space    used 16371K, committed 16768K, reserved 1048576K
}
Event: 32.658 GC heap before
{Heap before GC invocations=51 (full 0):
 garbage-first heap   total 417792K, used 279552K [0x0000000700000000, 0x0000000800000000)
  region size 2048K, 10 young (20480K), 3 survivors (6144K)
 Metaspace       used 121203K, committed 122048K, reserved 1179648K
  class space    used 16371K, committed 16768K, reserved 1048576K
}
Event: 32.693 GC heap after
{Heap after GC invocations=52 (full 0):
 garbage-first heap   total 417792K, used 279552K [0x0000000700000000, 0x0000000800000000)
  region size 2048K, 2 young (4096K), 2 survivors (4096K)
 Metaspace       used 121203K, committed 122048K, reserved 1179648K
  class space    used 16371K, committed 16768K, reserved 1048576K
}
Event: 32.973 GC heap before
{Heap before GC invocations=52 (full 0):
 garbage-first heap   total 417792K, used 312320K [0x0000000700000000, 0x0000000800000000)
  region size 2048K, 18 young (36864K), 2 survivors (4096K)
 Metaspace       used 121203K, committed 122048K, reserved 1179648K
  class space    used 16371K, committed 16768K, reserved 1048576K
}
Event: 33.000 GC heap after
{Heap after GC invocations=53 (full 0):
 garbage-first heap   total 417792K, used 312265K [0x0000000700000000, 0x0000000800000000)
  region size 2048K, 3 young (6144K), 3 survivors (6144K)
 Metaspace       used 121203K, committed 122048K, reserved 1179648K
  class space    used 16371K, committed 16768K, reserved 1048576K
}
Event: 33.242 GC heap before
{Heap before GC invocations=53 (full 0):
 garbage-first heap   total 417792K, used 330697K [0x0000000700000000, 0x0000000800000000)
  region size 2048K, 12 young (24576K), 3 survivors (6144K)
 Metaspace       used 121228K, committed 122048K, reserved 1179648K
  class space    used 16372K, committed 16768K, reserved 1048576K
}
Event: 33.260 GC heap after
{Heap after GC invocations=54 (full 0):
 garbage-first heap   total 417792K, used 319488K [0x0000000700000000, 0x0000000800000000)
  region size 2048K, 2 young (4096K), 2 survivors (4096K)
 Metaspace       used 121228K, committed 122048K, reserved 1179648K
  class space    used 16372K, committed 16768K, reserved 1048576K
}
Event: 34.031 GC heap before
{Heap before GC invocations=54 (full 0):
 garbage-first heap   total 417792K, used 337920K [0x0000000700000000, 0x0000000800000000)
  region size 2048K, 11 young (22528K), 2 survivors (4096K)
 Metaspace       used 122693K, committed 123456K, reserved 1179648K
  class space    used 16532K, committed 16896K, reserved 1048576K
}

