# JRE version: OpenJDK Runtime Environment (17.0.11) (build 17.0.11+0--11852314)
# Java VM: OpenJDK 64-Bit Server VM (17.0.11+0--11852314, mixed mode, tiered, compressed oops, compressed class ptrs, g1 gc, windows-amd64)
GC Precious Log:
 CPUs: 4 total, 4 available
 Memory: 8073M
 Large Page Support: Disabled
 NUMA Support: Disabled
 Compressed Oops: Enabled (Zero based)
 Heap Region Size: 2M
 Heap Min Capacity: 8M
 Heap Initial Capacity: 128M
 Heap Max Capacity: 4G
 Pre-touch: Disabled
 Parallel Workers: 4
 Concurrent Workers: 1
 Concurrent Refinement Workers: 4
 Periodic GC: Disabled
Heap:
 garbage-first heap   total 718848K, used 430079K [0x0000000700000000, 0x0000000800000000)
  region size 2048K, 3 young (6144K), 3 survivors (6144K)
 Metaspace       used 113626K, committed 114432K, reserved 1179648K
  class space    used 15912K, committed 16320K, reserved 1048576K
GC Heap History (20 events):
Event: 28.310 GC heap after
{Heap after GC invocations=39 (full 0):
 garbage-first heap   total 294912K, used 113927K [0x0000000700000000, 0x0000000800000000)
  region size 2048K, 7 young (14336K), 7 survivors (14336K)
 Metaspace       used 102977K, committed 103808K, reserved 1179648K
  class space    used 14325K, committed 14720K, reserved 1048576K
}
Event: 28.333 GC heap before
{Heap before GC invocations=39 (full 0):
 garbage-first heap   total 294912K, used 115975K [0x0000000700000000, 0x0000000800000000)
  region size 2048K, 8 young (16384K), 7 survivors (14336K)
 Metaspace       used 102979K, committed 103808K, reserved 1179648K
  class space    used 14325K, committed 14720K, reserved 1048576K
}
Event: 28.375 GC heap after
{Heap after GC invocations=40 (full 0):
 garbage-first heap   total 294912K, used 113675K [0x0000000700000000, 0x0000000800000000)
  region size 2048K, 1 young (2048K), 1 survivors (2048K)
 Metaspace       used 102979K, committed 103808K, reserved 1179648K
  class space    used 14325K, committed 14720K, reserved 1048576K
}
Event: 29.736 GC heap before
{Heap before GC invocations=40 (full 0):
 garbage-first heap   total 294912K, used 232459K [0x0000000700000000, 0x0000000800000000)
  region size 2048K, 60 young (122880K), 1 survivors (2048K)
 Metaspace       used 103508K, committed 104320K, reserved 1179648K
  class space    used 14426K, committed 14784K, reserved 1048576K
}
Event: 29.756 GC heap after
{Heap after GC invocations=41 (full 0):
 garbage-first heap   total 294912K, used 118848K [0x0000000700000000, 0x0000000800000000)
  region size 2048K, 4 young (8192K), 4 survivors (8192K)
 Metaspace       used 103508K, committed 104320K, reserved 1179648K
  class space    used 14426K, committed 14784K, reserved 1048576K
}
Event: 31.510 GC heap before
{Heap before GC invocations=41 (full 0):
 garbage-first heap   total 294912K, used 235584K [0x0000000700000000, 0x0000000800000000)
  region size 2048K, 62 young (126976K), 4 survivors (8192K)
 Metaspace       used 105417K, committed 106176K, reserved 1179648K
  class space    used 14598K, committed 14976K, reserved 1048576K
}
Event: 31.535 GC heap after
{Heap after GC invocations=42 (full 0):
 garbage-first heap   total 294912K, used 124211K [0x0000000700000000, 0x0000000800000000)
  region size 2048K, 7 young (14336K), 7 survivors (14336K)
 Metaspace       used 105417K, committed 106176K, reserved 1179648K
  class space    used 14598K, committed 14976K, reserved 1048576K
}
Event: 33.381 GC heap before
{Heap before GC invocations=42 (full 0):
 garbage-first heap   total 294912K, used 236851K [0x0000000700000000, 0x0000000800000000)
  region size 2048K, 63 young (129024K), 7 survivors (14336K)
 Metaspace       used 105996K, committed 106816K, reserved 1179648K
  class space    used 14664K, committed 15040K, reserved 1048576K
}
Event: 33.400 GC heap after
{Heap after GC invocations=43 (full 0):
 garbage-first heap   total 686080K, used 128166K [0x0000000700000000, 0x0000000800000000)
  region size 2048K, 6 young (12288K), 6 survivors (12288K)
 Metaspace       used 105996K, committed 106816K, reserved 1179648K
  class space    used 14664K, committed 15040K, reserved 1048576K
}
Event: 35.948 GC heap before
{Heap before GC invocations=43 (full 0):
 garbage-first heap   total 686080K, used 406694K [0x0000000700000000, 0x0000000800000000)
  region size 2048K, 87 young (178176K), 6 survivors (12288K)
 Metaspace       used 109786K, committed 110656K, reserved 1179648K
  class space    used 15225K, committed 15616K, reserved 1048576K
}
Event: 35.982 GC heap after
{Heap after GC invocations=44 (full 0):
 garbage-first heap   total 686080K, used 250662K [0x0000000700000000, 0x0000000800000000)
  region size 2048K, 26 young (53248K), 26 survivors (53248K)
 Metaspace       used 109786K, committed 110656K, reserved 1179648K
  class space    used 15225K, committed 15616K, reserved 1048576K
}
Event: 38.869 GC heap before
{Heap before GC invocations=44 (full 0):
 garbage-first heap   total 686080K, used 566054K [0x0000000700000000, 0x0000000800000000)
  region size 2048K, 162 young (331776K), 26 survivors (53248K)
 Metaspace       used 113545K, committed 114368K, reserved 1179648K
  class space    used 15912K, committed 16320K, reserved 1048576K
}
Event: 39.274 GC heap after
{Heap after GC invocations=45 (full 0):
 garbage-first heap   total 718848K, used 372428K [0x0000000700000000, 0x0000000800000000)
  region size 2048K, 21 young (43008K), 21 survivors (43008K)
 Metaspace       used 113545K, committed 114368K, reserved 1179648K
  class space    used 15912K, committed 16320K, reserved 1048576K
}
Event: 39.593 GC heap before
{Heap before GC invocations=45 (full 0):
 garbage-first heap   total 718848K, used 386764K [0x0000000700000000, 0x0000000800000000)
  region size 2048K, 28 young (57344K), 21 survivors (43008K)
 Metaspace       used 113599K, committed 114432K, reserved 1179648K
  class space    used 15912K, committed 16320K, reserved 1048576K
}
Event: 39.739 GC heap after
{Heap after GC invocations=46 (full 0):
 garbage-first heap   total 718848K, used 385023K [0x0000000700000000, 0x0000000800000000)
  region size 2048K, 4 young (8192K), 4 survivors (8192K)
 Metaspace       used 113599K, committed 114432K, reserved 1179648K
  class space    used 15912K, committed 16320K, reserved 1048576K
}
Event: 40.067 GC heap before
{Heap before GC invocations=46 (full 0):
 garbage-first heap   total 718848K, used 409599K [0x0000000700000000, 0x0000000800000000)
  region size 2048K, 17 young (34816K), 4 survivors (8192K)
 Metaspace       used 113607K, committed 114432K, reserved 1179648K
  class space    used 15912K, committed 16320K, reserved 1048576K
}
Event: 40.101 GC heap after
{Heap after GC invocations=47 (full 0):
 garbage-first heap   total 718848K, used 398335K [0x0000000700000000, 0x0000000800000000)
  region size 2048K, 3 young (6144K), 3 survivors (6144K)
 Metaspace       used 113607K, committed 114432K, reserved 1179648K
  class space    used 15912K, committed 16320K, reserved 1048576K
}
Event: 40.831 GC heap before
{Heap before GC invocations=47 (full 0):
 garbage-first heap   total 718848K, used 427007K [0x0000000700000000, 0x0000000800000000)
  region size 2048K, 17 young (34816K), 3 survivors (6144K)
 Metaspace       used 113617K, committed 114432K, reserved 1179648K
  class space    used 15912K, committed 16320K, reserved 1048576K
}
Event: 40.881 GC heap after
{Heap after GC invocations=48 (full 0):
 garbage-first heap   total 718848K, used 414719K [0x0000000700000000, 0x0000000800000000)
  region size 2048K, 3 young (6144K), 3 survivors (6144K)
 Metaspace       used 113617K, committed 114432K, reserved 1179648K
  class space    used 15912K, committed 16320K, reserved 1048576K
}
Event: 41.138 GC heap before
{Heap before GC invocations=48 (full 0):
 garbage-first heap   total 718848K, used 443391K [0x0000000700000000, 0x0000000800000000)
  region size 2048K, 17 young (34816K), 3 survivors (6144K)
 Metaspace       used 113626K, committed 114432K, reserved 1179648K
  class space    used 15912K, committed 16320K, reserved 1048576K
}

