# JRE version: OpenJDK Runtime Environment (17.0.11) (build 17.0.11+0--11852314)
# Java VM: OpenJDK 64-Bit Server VM (17.0.11+0--11852314, mixed mode, tiered, compressed oops, compressed class ptrs, g1 gc, windows-amd64)
GC Precious Log:
 CPUs: 4 total, 4 available
 Memory: 8073M
 Large Page Support: Disabled
 NUMA Support: Disabled
 Compressed Oops: Enabled (Zero based)
 Heap Region Size: 2M
 Heap Min Capacity: 8M
 Heap Initial Capacity: 128M
 Heap Max Capacity: 4G
 Pre-touch: Disabled
 Parallel Workers: 4
 Concurrent Workers: 1
 Concurrent Refinement Workers: 4
 Periodic GC: Disabled
Heap:
 garbage-first heap   total 894976K, used 333734K [0x0000000700000000, 0x0000000800000000)
  region size 2048K, 10 young (20480K), 10 survivors (20480K)
 Metaspace       used 277097K, committed 279296K, reserved 1310720K
  class space    used 35933K, committed 36992K, reserved 1048576K
GC Heap History (20 events):
Event: 5768.124 GC heap after
{Heap after GC invocations=110 (full 1):
 garbage-first heap   total 690176K, used 285178K [0x0000000700000000, 0x0000000800000000)
  region size 2048K, 2 young (4096K), 2 survivors (4096K)
 Metaspace       used 255774K, committed 257792K, reserved 1310720K
  class space    used 33228K, committed 34176K, reserved 1048576K
}
Event: 5772.644 GC heap before
{Heap before GC invocations=110 (full 1):
 garbage-first heap   total 690176K, used 565754K [0x0000000700000000, 0x0000000800000000)
  region size 2048K, 139 young (284672K), 2 survivors (4096K)
 Metaspace       used 255775K, committed 257792K, reserved 1310720K
  class space    used 33228K, committed 34176K, reserved 1048576K
}
Event: 5772.670 GC heap after
{Heap after GC invocations=111 (full 1):
 garbage-first heap   total 690176K, used 294717K [0x0000000700000000, 0x0000000800000000)
  region size 2048K, 7 young (14336K), 7 survivors (14336K)
 Metaspace       used 255775K, committed 257792K, reserved 1310720K
  class space    used 33228K, committed 34176K, reserved 1048576K
}
Event: 5777.400 GC heap before
{Heap before GC invocations=112 (full 1):
 garbage-first heap   total 690176K, used 569149K [0x0000000700000000, 0x0000000800000000)
  region size 2048K, 141 young (288768K), 7 survivors (14336K)
 Metaspace       used 255775K, committed 257792K, reserved 1310720K
  class space    used 33228K, committed 34176K, reserved 1048576K
}
Event: 5777.451 GC heap after
{Heap after GC invocations=113 (full 1):
 garbage-first heap   total 690176K, used 302061K [0x0000000700000000, 0x0000000800000000)
  region size 2048K, 11 young (22528K), 11 survivors (22528K)
 Metaspace       used 255775K, committed 257792K, reserved 1310720K
  class space    used 33228K, committed 34176K, reserved 1048576K
}
Event: 5777.604 GC heap before
{Heap before GC invocations=113 (full 1):
 garbage-first heap   total 690176K, used 312301K [0x0000000700000000, 0x0000000800000000)
  region size 2048K, 16 young (32768K), 11 survivors (22528K)
 Metaspace       used 255775K, committed 257792K, reserved 1310720K
  class space    used 33228K, committed 34176K, reserved 1048576K
}
Event: 5777.711 GC heap after
{Heap after GC invocations=114 (full 1):
 garbage-first heap   total 690176K, used 294145K [0x0000000700000000, 0x0000000800000000)
  region size 2048K, 2 young (4096K), 2 survivors (4096K)
 Metaspace       used 255775K, committed 257792K, reserved 1310720K
  class space    used 33228K, committed 34176K, reserved 1048576K
}
Event: 5778.595 GC heap before
{Heap before GC invocations=114 (full 1):
 garbage-first heap   total 690176K, used 320769K [0x0000000700000000, 0x0000000800000000)
  region size 2048K, 16 young (32768K), 2 survivors (4096K)
 Metaspace       used 255908K, committed 257920K, reserved 1310720K
  class space    used 33251K, committed 34176K, reserved 1048576K
}
Event: 5778.612 GC heap after
{Heap after GC invocations=115 (full 1):
 garbage-first heap   total 690176K, used 294449K [0x0000000700000000, 0x0000000800000000)
  region size 2048K, 3 young (6144K), 3 survivors (6144K)
 Metaspace       used 255908K, committed 257920K, reserved 1310720K
  class space    used 33251K, committed 34176K, reserved 1048576K
}
Event: 5783.725 GC heap before
{Heap before GC invocations=116 (full 1):
 garbage-first heap   total 690176K, used 556593K [0x0000000700000000, 0x0000000800000000)
  region size 2048K, 128 young (262144K), 3 survivors (6144K)
 Metaspace       used 268340K, committed 270336K, reserved 1310720K
  class space    used 34920K, committed 35840K, reserved 1048576K
}
Event: 5783.741 GC heap after
{Heap after GC invocations=117 (full 1):
 garbage-first heap   total 690176K, used 302981K [0x0000000700000000, 0x0000000800000000)
  region size 2048K, 6 young (12288K), 6 survivors (12288K)
 Metaspace       used 268340K, committed 270336K, reserved 1310720K
  class space    used 34920K, committed 35840K, reserved 1048576K
}
Event: 5783.877 GC heap before
{Heap before GC invocations=117 (full 1):
 garbage-first heap   total 690176K, used 323461K [0x0000000700000000, 0x0000000800000000)
  region size 2048K, 16 young (32768K), 6 survivors (12288K)
 Metaspace       used 268340K, committed 270336K, reserved 1310720K
  class space    used 34920K, committed 35840K, reserved 1048576K
}
Event: 5783.917 GC heap after
{Heap after GC invocations=118 (full 1):
 garbage-first heap   total 690176K, used 298990K [0x0000000700000000, 0x0000000800000000)
  region size 2048K, 1 young (2048K), 1 survivors (2048K)
 Metaspace       used 268340K, committed 270336K, reserved 1310720K
  class space    used 34920K, committed 35840K, reserved 1048576K
}
Event: 5790.729 GC heap before
{Heap before GC invocations=118 (full 1):
 garbage-first heap   total 690176K, used 559086K [0x0000000700000000, 0x0000000800000000)
  region size 2048K, 129 young (264192K), 1 survivors (2048K)
 Metaspace       used 271748K, committed 273856K, reserved 1310720K
  class space    used 35232K, committed 36224K, reserved 1048576K
}
Event: 5790.755 GC heap after
{Heap after GC invocations=119 (full 1):
 garbage-first heap   total 690176K, used 306806K [0x0000000700000000, 0x0000000800000000)
  region size 2048K, 6 young (12288K), 6 survivors (12288K)
 Metaspace       used 271748K, committed 273856K, reserved 1310720K
  class space    used 35232K, committed 36224K, reserved 1048576K
}
Event: 5799.796 GC heap before
{Heap before GC invocations=120 (full 1):
 garbage-first heap   total 690176K, used 562806K [0x0000000700000000, 0x0000000800000000)
  region size 2048K, 132 young (270336K), 6 survivors (12288K)
 Metaspace       used 274406K, committed 276480K, reserved 1310720K
  class space    used 35557K, committed 36544K, reserved 1048576K
}
Event: 5799.848 GC heap after
{Heap after GC invocations=121 (full 1):
 garbage-first heap   total 690176K, used 319813K [0x0000000700000000, 0x0000000800000000)
  region size 2048K, 12 young (24576K), 12 survivors (24576K)
 Metaspace       used 274406K, committed 276480K, reserved 1310720K
  class space    used 35557K, committed 36544K, reserved 1048576K
}
Event: 5800.031 GC heap before
{Heap before GC invocations=121 (full 1):
 garbage-first heap   total 690176K, used 328005K [0x0000000700000000, 0x0000000800000000)
  region size 2048K, 16 young (32768K), 12 survivors (24576K)
 Metaspace       used 274481K, committed 276544K, reserved 1310720K
  class space    used 35569K, committed 36544K, reserved 1048576K
}
Event: 5800.173 GC heap after
{Heap after GC invocations=122 (full 1):
 garbage-first heap   total 690176K, used 318167K [0x0000000700000000, 0x0000000800000000)
  region size 2048K, 2 young (4096K), 2 survivors (4096K)
 Metaspace       used 274481K, committed 276544K, reserved 1310720K
  class space    used 35569K, committed 36544K, reserved 1048576K
}
Event: 6427.855 GC heap before
{Heap before GC invocations=122 (full 1):
 garbage-first heap   total 690176K, used 563927K [0x0000000700000000, 0x0000000800000000)
  region size 2048K, 123 young (251904K), 2 survivors (4096K)
 Metaspace       used 277097K, committed 279296K, reserved 1310720K
  class space    used 35933K, committed 36992K, reserved 1048576K
}

