# JRE version: OpenJDK Runtime Environment (17.0.11) (build 17.0.11+0--11852314)
# Java VM: OpenJDK 64-Bit Server VM (17.0.11+0--11852314, mixed mode, tiered, compressed oops, compressed class ptrs, g1 gc, windows-amd64)
GC Precious Log:
 CPUs: 4 total, 4 available
 Memory: 8073M
 Large Page Support: Disabled
 NUMA Support: Disabled
 Compressed Oops: Enabled (Zero based)
 Heap Region Size: 2M
 Heap Min Capacity: 8M
 Heap Initial Capacity: 128M
 Heap Max Capacity: 4G
 Pre-touch: Disabled
 Parallel Workers: 4
 Concurrent Workers: 1
 Concurrent Refinement Workers: 4
 Periodic GC: Disabled
Heap:
 garbage-first heap   total 565248K, used 284877K [0x0000000700000000, 0x0000000800000000)
  region size 2048K, 15 young (30720K), 2 survivors (4096K)
 Metaspace       used 123565K, committed 124416K, reserved 1179648K
  class space    used 16627K, committed 17024K, reserved 1048576K
GC Heap History (20 events):
Event: 16.942 GC heap before
{Heap before GC invocations=27 (full 0):
 garbage-first heap   total 253952K, used 203454K [0x0000000700000000, 0x0000000800000000)
  region size 2048K, 56 young (114688K), 6 survivors (12288K)
 Metaspace       used 103270K, committed 104064K, reserved 1179648K
  class space    used 14347K, committed 14720K, reserved 1048576K
}
Event: 16.964 GC heap after
{Heap after GC invocations=28 (full 0):
 garbage-first heap   total 253952K, used 111283K [0x0000000700000000, 0x0000000800000000)
  region size 2048K, 7 young (14336K), 7 survivors (14336K)
 Metaspace       used 103270K, committed 104064K, reserved 1179648K
  class space    used 14347K, committed 14720K, reserved 1048576K
}
Event: 17.733 GC heap before
{Heap before GC invocations=28 (full 0):
 garbage-first heap   total 253952K, used 203443K [0x0000000700000000, 0x0000000800000000)
  region size 2048K, 53 young (108544K), 7 survivors (14336K)
 Metaspace       used 103801K, committed 104576K, reserved 1179648K
  class space    used 14444K, committed 14784K, reserved 1048576K
}
Event: 17.752 GC heap after
{Heap after GC invocations=29 (full 0):
 garbage-first heap   total 253952K, used 115596K [0x0000000700000000, 0x0000000800000000)
  region size 2048K, 3 young (6144K), 3 survivors (6144K)
 Metaspace       used 103801K, committed 104576K, reserved 1179648K
  class space    used 14444K, committed 14784K, reserved 1048576K
}
Event: 18.324 GC heap before
{Heap before GC invocations=29 (full 0):
 garbage-first heap   total 253952K, used 203660K [0x0000000700000000, 0x0000000800000000)
  region size 2048K, 47 young (96256K), 3 survivors (6144K)
 Metaspace       used 103937K, committed 104768K, reserved 1179648K
  class space    used 14455K, committed 14848K, reserved 1048576K
}
Event: 18.337 GC heap after
{Heap after GC invocations=30 (full 0):
 garbage-first heap   total 305152K, used 118822K [0x0000000700000000, 0x0000000800000000)
  region size 2048K, 5 young (10240K), 5 survivors (10240K)
 Metaspace       used 103937K, committed 104768K, reserved 1179648K
  class space    used 14455K, committed 14848K, reserved 1048576K
}
Event: 19.734 GC heap before
{Heap before GC invocations=30 (full 0):
 garbage-first heap   total 305152K, used 247846K [0x0000000700000000, 0x0000000800000000)
  region size 2048K, 68 young (139264K), 5 survivors (10240K)
 Metaspace       used 112413K, committed 113280K, reserved 1179648K
  class space    used 15463K, committed 15872K, reserved 1048576K
}
Event: 19.750 GC heap after
{Heap after GC invocations=31 (full 0):
 garbage-first heap   total 305152K, used 128773K [0x0000000700000000, 0x0000000800000000)
  region size 2048K, 9 young (18432K), 9 survivors (18432K)
 Metaspace       used 112413K, committed 113280K, reserved 1179648K
  class space    used 15463K, committed 15872K, reserved 1048576K
}
Event: 20.840 GC heap before
{Heap before GC invocations=31 (full 0):
 garbage-first heap   total 305152K, used 173829K [0x0000000700000000, 0x0000000800000000)
  region size 2048K, 33 young (67584K), 9 survivors (18432K)
 Metaspace       used 115409K, committed 116288K, reserved 1179648K
  class space    used 15658K, committed 16128K, reserved 1048576K
}
Event: 20.869 GC heap after
{Heap after GC invocations=32 (full 0):
 garbage-first heap   total 305152K, used 139470K [0x0000000700000000, 0x0000000800000000)
  region size 2048K, 6 young (12288K), 6 survivors (12288K)
 Metaspace       used 115409K, committed 116288K, reserved 1179648K
  class space    used 15658K, committed 16128K, reserved 1048576K
}
Event: 21.986 GC heap before
{Heap before GC invocations=33 (full 0):
 garbage-first heap   total 305152K, used 233678K [0x0000000700000000, 0x0000000800000000)
  region size 2048K, 52 young (106496K), 6 survivors (12288K)
 Metaspace       used 121204K, committed 121984K, reserved 1179648K
  class space    used 16386K, committed 16768K, reserved 1048576K
}
Event: 22.034 GC heap after
{Heap after GC invocations=34 (full 0):
 garbage-first heap   total 305152K, used 192543K [0x0000000700000000, 0x0000000800000000)
  region size 2048K, 7 young (14336K), 7 survivors (14336K)
 Metaspace       used 121204K, committed 121984K, reserved 1179648K
  class space    used 16386K, committed 16768K, reserved 1048576K
}
Event: 22.104 GC heap before
{Heap before GC invocations=34 (full 0):
 garbage-first heap   total 305152K, used 194591K [0x0000000700000000, 0x0000000800000000)
  region size 2048K, 8 young (16384K), 7 survivors (14336K)
 Metaspace       used 121229K, committed 122048K, reserved 1179648K
  class space    used 16389K, committed 16768K, reserved 1048576K
}
Event: 22.124 GC heap after
{Heap after GC invocations=35 (full 0):
 garbage-first heap   total 305152K, used 195047K [0x0000000700000000, 0x0000000800000000)
  region size 2048K, 1 young (2048K), 1 survivors (2048K)
 Metaspace       used 121229K, committed 122048K, reserved 1179648K
  class space    used 16389K, committed 16768K, reserved 1048576K
}
Event: 22.509 GC heap before
{Heap before GC invocations=35 (full 0):
 garbage-first heap   total 305152K, used 240103K [0x0000000700000000, 0x0000000800000000)
  region size 2048K, 23 young (47104K), 1 survivors (2048K)
 Metaspace       used 121260K, committed 122048K, reserved 1179648K
  class space    used 16389K, committed 16768K, reserved 1048576K
}
Event: 22.539 GC heap after
{Heap after GC invocations=36 (full 0):
 garbage-first heap   total 565248K, used 234983K [0x0000000700000000, 0x0000000800000000)
  region size 2048K, 3 young (6144K), 3 survivors (6144K)
 Metaspace       used 121260K, committed 122048K, reserved 1179648K
  class space    used 16389K, committed 16768K, reserved 1048576K
}
Event: 24.599 GC heap before
{Heap before GC invocations=37 (full 0):
 garbage-first heap   total 565248K, used 382439K [0x0000000700000000, 0x0000000800000000)
  region size 2048K, 75 young (153600K), 3 survivors (6144K)
 Metaspace       used 123446K, committed 124288K, reserved 1179648K
  class space    used 16611K, committed 17024K, reserved 1048576K
}
Event: 24.635 GC heap after
{Heap after GC invocations=38 (full 0):
 garbage-first heap   total 565248K, used 257511K [0x0000000700000000, 0x0000000800000000)
  region size 2048K, 10 young (20480K), 10 survivors (20480K)
 Metaspace       used 123446K, committed 124288K, reserved 1179648K
  class space    used 16611K, committed 17024K, reserved 1048576K
}
Event: 24.659 GC heap before
{Heap before GC invocations=38 (full 0):
 garbage-first heap   total 565248K, used 261607K [0x0000000700000000, 0x0000000800000000)
  region size 2048K, 13 young (26624K), 10 survivors (20480K)
 Metaspace       used 123446K, committed 124288K, reserved 1179648K
  class space    used 16611K, committed 17024K, reserved 1048576K
}
Event: 24.687 GC heap after
{Heap after GC invocations=39 (full 0):
 garbage-first heap   total 565248K, used 260301K [0x0000000700000000, 0x0000000800000000)
  region size 2048K, 2 young (4096K), 2 survivors (4096K)
 Metaspace       used 123446K, committed 124288K, reserved 1179648K
  class space    used 16611K, committed 17024K, reserved 1048576K
}

