# JRE version: OpenJDK Runtime Environment (17.0.11) (build 17.0.11+0--11852314)
# Java VM: OpenJDK 64-Bit Server VM (17.0.11+0--11852314, mixed mode, tiered, compressed oops, compressed class ptrs, g1 gc, windows-amd64)
GC Precious Log:
 CPUs: 4 total, 4 available
 Memory: 8073M
 Large Page Support: Disabled
 NUMA Support: Disabled
 Compressed Oops: Enabled (32-bit)
 Heap Region Size: 1M
 Heap Min Capacity: 8M
 Heap Initial Capacity: 128M
 Heap Max Capacity: 2020M
 Pre-touch: Disabled
 Parallel Workers: 4
 Concurrent Workers: 1
 Concurrent Refinement Workers: 4
 Periodic GC: Disabled
Heap:
 garbage-first heap   total 131072K, used 55671K [0x0000000081c00000, 0x0000000100000000)
  region size 1024K, 1 young (1024K), 1 survivors (1024K)
 Metaspace       used 57432K, committed 57728K, reserved 1114112K
  class space    used 6724K, committed 6848K, reserved 1048576K
GC Heap History (20 events):
Event: 5.724 GC heap after
{Heap after GC invocations=14 (full 0):
 garbage-first heap   total 64512K, used 27538K [0x0000000081c00000, 0x0000000100000000)
  region size 1024K, 2 young (2048K), 2 survivors (2048K)
 Metaspace       used 47728K, committed 47936K, reserved 1114112K
  class space    used 5782K, committed 5888K, reserved 1048576K
}
Event: 5.971 GC heap before
{Heap before GC invocations=14 (full 0):
 garbage-first heap   total 64512K, used 38802K [0x0000000081c00000, 0x0000000100000000)
  region size 1024K, 13 young (13312K), 2 survivors (2048K)
 Metaspace       used 50050K, committed 50304K, reserved 1114112K
  class space    used 6067K, committed 6144K, reserved 1048576K
}
Event: 5.979 GC heap after
{Heap after GC invocations=15 (full 0):
 garbage-first heap   total 64512K, used 31347K [0x0000000081c00000, 0x0000000100000000)
  region size 1024K, 3 young (3072K), 3 survivors (3072K)
 Metaspace       used 50050K, committed 50304K, reserved 1114112K
  class space    used 6067K, committed 6144K, reserved 1048576K
}
Event: 6.106 GC heap before
{Heap before GC invocations=15 (full 0):
 garbage-first heap   total 64512K, used 48755K [0x0000000081c00000, 0x0000000100000000)
  region size 1024K, 20 young (20480K), 3 survivors (3072K)
 Metaspace       used 50156K, committed 50368K, reserved 1114112K
  class space    used 6067K, committed 6144K, reserved 1048576K
}
Event: 6.114 GC heap after
{Heap after GC invocations=16 (full 0):
 garbage-first heap   total 64512K, used 32136K [0x0000000081c00000, 0x0000000100000000)
  region size 1024K, 1 young (1024K), 1 survivors (1024K)
 Metaspace       used 50156K, committed 50368K, reserved 1114112K
  class space    used 6067K, committed 6144K, reserved 1048576K
}
Event: 6.712 GC heap before
{Heap before GC invocations=16 (full 0):
 garbage-first heap   total 64512K, used 49544K [0x0000000081c00000, 0x0000000100000000)
  region size 1024K, 18 young (18432K), 1 survivors (1024K)
 Metaspace       used 51921K, committed 52096K, reserved 1114112K
  class space    used 6260K, committed 6336K, reserved 1048576K
}
Event: 6.720 GC heap after
{Heap after GC invocations=17 (full 0):
 garbage-first heap   total 64512K, used 34623K [0x0000000081c00000, 0x0000000100000000)
  region size 1024K, 3 young (3072K), 3 survivors (3072K)
 Metaspace       used 51921K, committed 52096K, reserved 1114112K
  class space    used 6260K, committed 6336K, reserved 1048576K
}
Event: 7.075 GC heap before
{Heap before GC invocations=18 (full 0):
 garbage-first heap   total 64512K, used 48959K [0x0000000081c00000, 0x0000000100000000)
  region size 1024K, 18 young (18432K), 3 survivors (3072K)
 Metaspace       used 54193K, committed 54400K, reserved 1114112K
  class space    used 6518K, committed 6592K, reserved 1048576K
}
Event: 7.087 GC heap after
{Heap after GC invocations=19 (full 0):
 garbage-first heap   total 64512K, used 37172K [0x0000000081c00000, 0x0000000100000000)
  region size 1024K, 3 young (3072K), 3 survivors (3072K)
 Metaspace       used 54193K, committed 54400K, reserved 1114112K
  class space    used 6518K, committed 6592K, reserved 1048576K
}
Event: 7.091 GC heap before
{Heap before GC invocations=19 (full 0):
 garbage-first heap   total 64512K, used 38196K [0x0000000081c00000, 0x0000000100000000)
  region size 1024K, 4 young (4096K), 3 survivors (3072K)
 Metaspace       used 54193K, committed 54400K, reserved 1114112K
  class space    used 6518K, committed 6592K, reserved 1048576K
}
Event: 7.098 GC heap after
{Heap after GC invocations=20 (full 0):
 garbage-first heap   total 94208K, used 36657K [0x0000000081c00000, 0x0000000100000000)
  region size 1024K, 1 young (1024K), 1 survivors (1024K)
 Metaspace       used 54193K, committed 54400K, reserved 1114112K
  class space    used 6518K, committed 6592K, reserved 1048576K
}
Event: 7.846 GC heap before
{Heap before GC invocations=20 (full 0):
 garbage-first heap   total 94208K, used 70449K [0x0000000081c00000, 0x0000000100000000)
  region size 1024K, 34 young (34816K), 1 survivors (1024K)
 Metaspace       used 55605K, committed 55808K, reserved 1114112K
  class space    used 6637K, committed 6720K, reserved 1048576K
}
Event: 7.860 GC heap after
{Heap after GC invocations=21 (full 0):
 garbage-first heap   total 94208K, used 41793K [0x0000000081c00000, 0x0000000100000000)
  region size 1024K, 5 young (5120K), 5 survivors (5120K)
 Metaspace       used 55605K, committed 55808K, reserved 1114112K
  class space    used 6637K, committed 6720K, reserved 1048576K
}
Event: 8.936 GC heap before
{Heap before GC invocations=21 (full 0):
 garbage-first heap   total 94208K, used 71489K [0x0000000081c00000, 0x0000000100000000)
  region size 1024K, 34 young (34816K), 5 survivors (5120K)
 Metaspace       used 56807K, committed 57024K, reserved 1114112K
  class space    used 6682K, committed 6784K, reserved 1048576K
}
Event: 8.959 GC heap after
{Heap after GC invocations=22 (full 0):
 garbage-first heap   total 94208K, used 47695K [0x0000000081c00000, 0x0000000100000000)
  region size 1024K, 5 young (5120K), 5 survivors (5120K)
 Metaspace       used 56807K, committed 57024K, reserved 1114112K
  class space    used 6682K, committed 6784K, reserved 1048576K
}
Event: 9.477 GC heap before
{Heap before GC invocations=22 (full 0):
 garbage-first heap   total 94208K, used 71247K [0x0000000081c00000, 0x0000000100000000)
  region size 1024K, 29 young (29696K), 5 survivors (5120K)
 Metaspace       used 57060K, committed 57280K, reserved 1114112K
  class space    used 6690K, committed 6784K, reserved 1048576K
}
Event: 9.502 GC heap after
{Heap after GC invocations=23 (full 0):
 garbage-first heap   total 94208K, used 52546K [0x0000000081c00000, 0x0000000100000000)
  region size 1024K, 4 young (4096K), 4 survivors (4096K)
 Metaspace       used 57060K, committed 57280K, reserved 1114112K
  class space    used 6690K, committed 6784K, reserved 1048576K
}
Event: 10.011 GC heap before
{Heap before GC invocations=24 (full 0):
 garbage-first heap   total 97280K, used 73026K [0x0000000081c00000, 0x0000000100000000)
  region size 1024K, 24 young (24576K), 4 survivors (4096K)
 Metaspace       used 57432K, committed 57728K, reserved 1114112K
  class space    used 6724K, committed 6848K, reserved 1048576K
}
Event: 10.030 GC heap after
{Heap after GC invocations=25 (full 0):
 garbage-first heap   total 97280K, used 55570K [0x0000000081c00000, 0x0000000100000000)
  region size 1024K, 3 young (3072K), 3 survivors (3072K)
 Metaspace       used 57432K, committed 57728K, reserved 1114112K
  class space    used 6724K, committed 6848K, reserved 1048576K
}
Event: 10.034 GC heap before
{Heap before GC invocations=25 (full 0):
 garbage-first heap   total 97280K, used 56594K [0x0000000081c00000, 0x0000000100000000)
  region size 1024K, 4 young (4096K), 3 survivors (3072K)
 Metaspace       used 57432K, committed 57728K, reserved 1114112K
  class space    used 6724K, committed 6848K, reserved 1048576K
}

