# JRE version: OpenJDK Runtime Environment (17.0.11) (build 17.0.11+0--11852314)
# Java VM: OpenJDK 64-Bit Server VM (17.0.11+0--11852314, mixed mode, tiered, compressed oops, compressed class ptrs, g1 gc, windows-amd64)
GC Precious Log:
 CPUs: 4 total, 4 available
 Memory: 8073M
 Large Page Support: Disabled
 NUMA Support: Disabled
 Compressed Oops: Enabled (32-bit)
 Heap Region Size: 1M
 Heap Min Capacity: 8M
 Heap Initial Capacity: 128M
 Heap Max Capacity: 2020M
 Pre-touch: Disabled
 Parallel Workers: 4
 Concurrent Workers: 1
 Concurrent Refinement Workers: 4
 Periodic GC: Disabled
Heap:
 garbage-first heap   total 171008K, used 95204K [0x0000000081c00000, 0x0000000100000000)
  region size 1024K, 5 young (5120K), 5 survivors (5120K)
 Metaspace       used 69225K, committed 69568K, reserved 1114112K
  class space    used 7818K, committed 8000K, reserved 1048576K
GC Heap History (20 events):
Event: 7.624 GC heap after
{Heap after GC invocations=23 (full 0):
 garbage-first heap   total 161792K, used 42825K [0x0000000081c00000, 0x0000000100000000)
  region size 1024K, 1 young (1024K), 1 survivors (1024K)
 Metaspace       used 55833K, committed 56064K, reserved 1114112K
  class space    used 6651K, committed 6720K, reserved 1048576K
}
Event: 9.193 GC heap before
{Heap before GC invocations=23 (full 0):
 garbage-first heap   total 161792K, used 114505K [0x0000000081c00000, 0x0000000100000000)
  region size 1024K, 71 young (72704K), 1 survivors (1024K)
 Metaspace       used 57483K, committed 57728K, reserved 1114112K
  class space    used 6713K, committed 6784K, reserved 1048576K
}
Event: 9.217 GC heap after
{Heap after GC invocations=24 (full 0):
 garbage-first heap   total 161792K, used 56441K [0x0000000081c00000, 0x0000000100000000)
  region size 1024K, 9 young (9216K), 9 survivors (9216K)
 Metaspace       used 57483K, committed 57728K, reserved 1114112K
  class space    used 6713K, committed 6784K, reserved 1048576K
}
Event: 9.475 GC heap before
{Heap before GC invocations=24 (full 0):
 garbage-first heap   total 161792K, used 110713K [0x0000000081c00000, 0x0000000100000000)
  region size 1024K, 62 young (63488K), 9 survivors (9216K)
 Metaspace       used 57686K, committed 57984K, reserved 1114112K
  class space    used 6734K, committed 6848K, reserved 1048576K
}
Event: 9.492 GC heap after
{Heap after GC invocations=25 (full 0):
 garbage-first heap   total 161792K, used 59042K [0x0000000081c00000, 0x0000000100000000)
  region size 1024K, 2 young (2048K), 2 survivors (2048K)
 Metaspace       used 57686K, committed 57984K, reserved 1114112K
  class space    used 6734K, committed 6848K, reserved 1048576K
}
Event: 10.672 GC heap before
{Heap before GC invocations=25 (full 0):
 garbage-first heap   total 161792K, used 117410K [0x0000000081c00000, 0x0000000100000000)
  region size 1024K, 59 young (60416K), 2 survivors (2048K)
 Metaspace       used 62752K, committed 63104K, reserved 1114112K
  class space    used 7441K, committed 7616K, reserved 1048576K
}
Event: 10.684 GC heap after
{Heap after GC invocations=26 (full 0):
 garbage-first heap   total 161792K, used 63980K [0x0000000081c00000, 0x0000000100000000)
  region size 1024K, 7 young (7168K), 7 survivors (7168K)
 Metaspace       used 62752K, committed 63104K, reserved 1114112K
  class space    used 7441K, committed 7616K, reserved 1048576K
}
Event: 12.982 GC heap before
{Heap before GC invocations=26 (full 0):
 garbage-first heap   total 161792K, used 122348K [0x0000000081c00000, 0x0000000100000000)
  region size 1024K, 64 young (65536K), 7 survivors (7168K)
 Metaspace       used 65419K, committed 65792K, reserved 1114112K
  class space    used 7567K, committed 7744K, reserved 1048576K
}
Event: 13.003 GC heap after
{Heap after GC invocations=27 (full 0):
 garbage-first heap   total 161792K, used 70534K [0x0000000081c00000, 0x0000000100000000)
  region size 1024K, 7 young (7168K), 7 survivors (7168K)
 Metaspace       used 65419K, committed 65792K, reserved 1114112K
  class space    used 7567K, committed 7744K, reserved 1048576K
}
Event: 15.229 GC heap before
{Heap before GC invocations=27 (full 0):
 garbage-first heap   total 161792K, used 124806K [0x0000000081c00000, 0x0000000100000000)
  region size 1024K, 60 young (61440K), 7 survivors (7168K)
 Metaspace       used 67862K, committed 68224K, reserved 1114112K
  class space    used 7757K, committed 7936K, reserved 1048576K
}
Event: 15.252 GC heap after
{Heap after GC invocations=28 (full 0):
 garbage-first heap   total 161792K, used 78165K [0x0000000081c00000, 0x0000000100000000)
  region size 1024K, 8 young (8192K), 8 survivors (8192K)
 Metaspace       used 67862K, committed 68224K, reserved 1114112K
  class space    used 7757K, committed 7936K, reserved 1048576K
}
Event: 17.679 GC heap before
{Heap before GC invocations=28 (full 0):
 garbage-first heap   total 161792K, used 129365K [0x0000000081c00000, 0x0000000100000000)
  region size 1024K, 56 young (57344K), 8 survivors (8192K)
 Metaspace       used 68351K, committed 68672K, reserved 1114112K
  class space    used 7778K, committed 7936K, reserved 1048576K
}
Event: 17.703 GC heap after
{Heap after GC invocations=29 (full 0):
 garbage-first heap   total 161792K, used 85798K [0x0000000081c00000, 0x0000000100000000)
  region size 1024K, 6 young (6144K), 6 survivors (6144K)
 Metaspace       used 68351K, committed 68672K, reserved 1114112K
  class space    used 7778K, committed 7936K, reserved 1048576K
}
Event: 18.247 GC heap before
{Heap before GC invocations=29 (full 0):
 garbage-first heap   total 161792K, used 99110K [0x0000000081c00000, 0x0000000100000000)
  region size 1024K, 20 young (20480K), 6 survivors (6144K)
 Metaspace       used 68520K, committed 68800K, reserved 1114112K
  class space    used 7794K, committed 7936K, reserved 1048576K
}
Event: 18.260 GC heap after
{Heap after GC invocations=30 (full 0):
 garbage-first heap   total 161792K, used 87566K [0x0000000081c00000, 0x0000000100000000)
  region size 1024K, 2 young (2048K), 2 survivors (2048K)
 Metaspace       used 68520K, committed 68800K, reserved 1114112K
  class space    used 7794K, committed 7936K, reserved 1048576K
}
Event: 19.539 GC heap before
{Heap before GC invocations=31 (full 0):
 garbage-first heap   total 171008K, used 131598K [0x0000000081c00000, 0x0000000100000000)
  region size 1024K, 44 young (45056K), 2 survivors (2048K)
 Metaspace       used 68783K, committed 69120K, reserved 1114112K
  class space    used 7802K, committed 8000K, reserved 1048576K
}
Event: 19.547 GC heap after
{Heap after GC invocations=32 (full 0):
 garbage-first heap   total 171008K, used 91901K [0x0000000081c00000, 0x0000000100000000)
  region size 1024K, 6 young (6144K), 6 survivors (6144K)
 Metaspace       used 68783K, committed 69120K, reserved 1114112K
  class space    used 7802K, committed 8000K, reserved 1048576K
}
Event: 19.626 GC heap before
{Heap before GC invocations=32 (full 0):
 garbage-first heap   total 171008K, used 93949K [0x0000000081c00000, 0x0000000100000000)
  region size 1024K, 8 young (8192K), 6 survivors (6144K)
 Metaspace       used 68816K, committed 69184K, reserved 1114112K
  class space    used 7802K, committed 8000K, reserved 1048576K
}
Event: 19.638 GC heap after
{Heap after GC invocations=33 (full 0):
 garbage-first heap   total 171008K, used 91554K [0x0000000081c00000, 0x0000000100000000)
  region size 1024K, 1 young (1024K), 1 survivors (1024K)
 Metaspace       used 68816K, committed 69184K, reserved 1114112K
  class space    used 7802K, committed 8000K, reserved 1048576K
}
Event: 21.964 GC heap before
{Heap before GC invocations=33 (full 0):
 garbage-first heap   total 171008K, used 138658K [0x0000000081c00000, 0x0000000100000000)
  region size 1024K, 47 young (48128K), 1 survivors (1024K)
 Metaspace       used 69225K, committed 69568K, reserved 1114112K
  class space    used 7818K, committed 8000K, reserved 1048576K
}

