# JRE version: OpenJDK Runtime Environment (17.0.11) (build 17.0.11+0--11852314)
# Java VM: OpenJDK 64-Bit Server VM (17.0.11+0--11852314, mixed mode, tiered, compressed oops, compressed class ptrs, g1 gc, windows-amd64)
GC Precious Log:
 CPUs: 4 total, 4 available
 Memory: 7971M
 Large Page Support: Disabled
 NUMA Support: Disabled
 Compressed Oops: Enabled (32-bit)
 Heap Region Size: 1M
 Heap Min Capacity: 8M
 Heap Initial Capacity: 126M
 Heap Max Capacity: 2G
 Pre-touch: Disabled
 Parallel Workers: 4
 Concurrent Workers: 1
 Concurrent Refinement Workers: 4
 Periodic GC: Disabled
Heap:
 garbage-first heap   total 176128K, used 109860K [0x0000000080000000, 0x0000000100000000)
  region size 1024K, 4 young (4096K), 4 survivors (4096K)
 Metaspace       used 104911K, committed 105600K, reserved 1179648K
  class space    used 14355K, committed 14720K, reserved 1048576K
GC Heap History (20 events):
Event: 18.692 GC heap after
{Heap after GC invocations=36 (full 0):
 garbage-first heap   total 145408K, used 86653K [0x0000000080000000, 0x0000000100000000)
  region size 1024K, 5 young (5120K), 5 survivors (5120K)
 Metaspace       used 82044K, committed 82624K, reserved 1179648K
  class space    used 11064K, committed 11328K, reserved 1048576K
}
Event: 19.241 GC heap before
{Heap before GC invocations=36 (full 0):
 garbage-first heap   total 145408K, used 119421K [0x0000000080000000, 0x0000000100000000)
  region size 1024K, 38 young (38912K), 5 survivors (5120K)
 Metaspace       used 84543K, committed 85120K, reserved 1179648K
  class space    used 11408K, committed 11712K, reserved 1048576K
}
Event: 19.250 GC heap after
{Heap after GC invocations=37 (full 0):
 garbage-first heap   total 175104K, used 88319K [0x0000000080000000, 0x0000000100000000)
  region size 1024K, 2 young (2048K), 2 survivors (2048K)
 Metaspace       used 84543K, committed 85120K, reserved 1179648K
  class space    used 11408K, committed 11712K, reserved 1048576K
}
Event: 22.962 GC heap before
{Heap before GC invocations=38 (full 0):
 garbage-first heap   total 175104K, used 142591K [0x0000000080000000, 0x0000000100000000)
  region size 1024K, 54 young (55296K), 2 survivors (2048K)
 Metaspace       used 88307K, committed 88960K, reserved 1179648K
  class space    used 12112K, committed 12416K, reserved 1048576K
}
Event: 22.969 GC heap after
{Heap after GC invocations=39 (full 0):
 garbage-first heap   total 175104K, used 89903K [0x0000000080000000, 0x0000000100000000)
  region size 1024K, 3 young (3072K), 3 survivors (3072K)
 Metaspace       used 88307K, committed 88960K, reserved 1179648K
  class space    used 12112K, committed 12416K, reserved 1048576K
}
Event: 23.124 GC heap before
{Heap before GC invocations=39 (full 0):
 garbage-first heap   total 175104K, used 95023K [0x0000000080000000, 0x0000000100000000)
  region size 1024K, 8 young (8192K), 3 survivors (3072K)
 Metaspace       used 88686K, committed 89344K, reserved 1179648K
  class space    used 12180K, committed 12480K, reserved 1048576K
}
Event: 23.133 GC heap after
{Heap after GC invocations=40 (full 0):
 garbage-first heap   total 175104K, used 89458K [0x0000000080000000, 0x0000000100000000)
  region size 1024K, 1 young (1024K), 1 survivors (1024K)
 Metaspace       used 88686K, committed 89344K, reserved 1179648K
  class space    used 12180K, committed 12480K, reserved 1048576K
}
Event: 24.156 GC heap before
{Heap before GC invocations=40 (full 0):
 garbage-first heap   total 175104K, used 143730K [0x0000000080000000, 0x0000000100000000)
  region size 1024K, 54 young (55296K), 1 survivors (1024K)
 Metaspace       used 92408K, committed 92992K, reserved 1179648K
  class space    used 12713K, committed 12992K, reserved 1048576K
}
Event: 24.163 GC heap after
{Heap after GC invocations=41 (full 0):
 garbage-first heap   total 175104K, used 91679K [0x0000000080000000, 0x0000000100000000)
  region size 1024K, 3 young (3072K), 3 survivors (3072K)
 Metaspace       used 92408K, committed 92992K, reserved 1179648K
  class space    used 12713K, committed 12992K, reserved 1048576K
}
Event: 25.004 GC heap before
{Heap before GC invocations=41 (full 0):
 garbage-first heap   total 175104K, used 144927K [0x0000000080000000, 0x0000000100000000)
  region size 1024K, 55 young (56320K), 3 survivors (3072K)
 Metaspace       used 96497K, committed 97280K, reserved 1179648K
  class space    used 13374K, committed 13760K, reserved 1048576K
}
Event: 25.012 GC heap after
{Heap after GC invocations=42 (full 0):
 garbage-first heap   total 175104K, used 94183K [0x0000000080000000, 0x0000000100000000)
  region size 1024K, 6 young (6144K), 6 survivors (6144K)
 Metaspace       used 96497K, committed 97280K, reserved 1179648K
  class space    used 13374K, committed 13760K, reserved 1048576K
}
Event: 25.890 GC heap before
{Heap before GC invocations=42 (full 0):
 garbage-first heap   total 175104K, used 145383K [0x0000000080000000, 0x0000000100000000)
  region size 1024K, 56 young (57344K), 6 survivors (6144K)
 Metaspace       used 100584K, committed 101376K, reserved 1179648K
  class space    used 13895K, committed 14272K, reserved 1048576K
}
Event: 25.905 GC heap after
{Heap after GC invocations=43 (full 0):
 garbage-first heap   total 175104K, used 98074K [0x0000000080000000, 0x0000000100000000)
  region size 1024K, 7 young (7168K), 7 survivors (7168K)
 Metaspace       used 100584K, committed 101376K, reserved 1179648K
  class space    used 13895K, committed 14272K, reserved 1048576K
}
Event: 26.871 GC heap before
{Heap before GC invocations=44 (full 0):
 garbage-first heap   total 176128K, used 150298K [0x0000000080000000, 0x0000000100000000)
  region size 1024K, 54 young (55296K), 7 survivors (7168K)
 Metaspace       used 104538K, committed 105280K, reserved 1179648K
  class space    used 14333K, committed 14720K, reserved 1048576K
}
Event: 26.888 GC heap after
{Heap after GC invocations=45 (full 0):
 garbage-first heap   total 176128K, used 104096K [0x0000000080000000, 0x0000000100000000)
  region size 1024K, 7 young (7168K), 7 survivors (7168K)
 Metaspace       used 104538K, committed 105280K, reserved 1179648K
  class space    used 14333K, committed 14720K, reserved 1048576K
}
Event: 26.910 GC heap before
{Heap before GC invocations=45 (full 0):
 garbage-first heap   total 176128K, used 105120K [0x0000000080000000, 0x0000000100000000)
  region size 1024K, 8 young (8192K), 7 survivors (7168K)
 Metaspace       used 104551K, committed 105280K, reserved 1179648K
  class space    used 14333K, committed 14720K, reserved 1048576K
}
Event: 26.925 GC heap after
{Heap after GC invocations=46 (full 0):
 garbage-first heap   total 176128K, used 104654K [0x0000000080000000, 0x0000000100000000)
  region size 1024K, 1 young (1024K), 1 survivors (1024K)
 Metaspace       used 104551K, committed 105280K, reserved 1179648K
  class space    used 14333K, committed 14720K, reserved 1048576K
}
Event: 27.471 GC heap before
{Heap before GC invocations=46 (full 0):
 garbage-first heap   total 176128K, used 144590K [0x0000000080000000, 0x0000000100000000)
  region size 1024K, 41 young (41984K), 1 survivors (1024K)
 Metaspace       used 104778K, committed 105536K, reserved 1179648K
  class space    used 14354K, committed 14720K, reserved 1048576K
}
Event: 27.480 GC heap after
{Heap after GC invocations=47 (full 0):
 garbage-first heap   total 176128K, used 108741K [0x0000000080000000, 0x0000000100000000)
  region size 1024K, 5 young (5120K), 5 survivors (5120K)
 Metaspace       used 104778K, committed 105536K, reserved 1179648K
  class space    used 14354K, committed 14720K, reserved 1048576K
}
Event: 27.830 GC heap before
{Heap before GC invocations=47 (full 0):
 garbage-first heap   total 176128K, used 144581K [0x0000000080000000, 0x0000000100000000)
  region size 1024K, 41 young (41984K), 5 survivors (5120K)
 Metaspace       used 104911K, committed 105600K, reserved 1179648K
  class space    used 14355K, committed 14720K, reserved 1048576K
}

