# JRE version: OpenJDK Runtime Environment (17.0.11) (build 17.0.11+0--11852314)
# Java VM: OpenJDK 64-Bit Server VM (17.0.11+0--11852314, mixed mode, tiered, compressed oops, compressed class ptrs, g1 gc, windows-amd64)
GC Precious Log:
 CPUs: 4 total, 4 available
 Memory: 8073M
 Large Page Support: Disabled
 NUMA Support: Disabled
 Compressed Oops: Enabled (Zero based)
 Heap Region Size: 2M
 Heap Min Capacity: 8M
 Heap Initial Capacity: 128M
 Heap Max Capacity: 4G
 Pre-touch: Disabled
 Parallel Workers: 4
 Concurrent Workers: 1
 Concurrent Refinement Workers: 4
 Periodic GC: Disabled
Heap:
 garbage-first heap   total 983040K, used 209135K [0x0000000700000000, 0x0000000800000000)
  region size 2048K, 1 young (2048K), 1 survivors (2048K)
 Metaspace       used 153273K, committed 154816K, reserved 1245184K
  class space    used 20473K, committed 21376K, reserved 1048576K
GC Heap History (20 events):
Event: 1198.128 GC heap after
{Heap after GC invocations=61 (full 0):
 garbage-first heap   total 983040K, used 243931K [0x0000000700000000, 0x0000000800000000)
  region size 2048K, 3 young (6144K), 3 survivors (6144K)
 Metaspace       used 151273K, committed 152256K, reserved 1245184K
  class space    used 20261K, committed 20736K, reserved 1048576K
}
Event: 1208.313 GC heap before
{Heap before GC invocations=61 (full 0):
 garbage-first heap   total 983040K, used 424155K [0x0000000700000000, 0x0000000800000000)
  region size 2048K, 93 young (190464K), 3 survivors (6144K)
 Metaspace       used 155663K, committed 156800K, reserved 1245184K
  class space    used 20841K, committed 21376K, reserved 1048576K
}
Event: 1208.396 GC heap after
{Heap after GC invocations=62 (full 0):
 garbage-first heap   total 983040K, used 255957K [0x0000000700000000, 0x0000000800000000)
  region size 2048K, 9 young (18432K), 9 survivors (18432K)
 Metaspace       used 155663K, committed 156800K, reserved 1245184K
  class space    used 20841K, committed 21376K, reserved 1048576K
}
Event: 2234.487 GC heap before
{Heap before GC invocations=63 (full 0):
 garbage-first heap   total 827392K, used 550869K [0x0000000700000000, 0x0000000800000000)
  region size 2048K, 115 young (235520K), 9 survivors (18432K)
 Metaspace       used 156304K, committed 157504K, reserved 1245184K
  class space    used 20898K, committed 21440K, reserved 1048576K
}
Event: 2234.552 GC heap after
{Heap after GC invocations=64 (full 0):
 garbage-first heap   total 827392K, used 238871K [0x0000000700000000, 0x0000000800000000)
  region size 2048K, 6 young (12288K), 6 survivors (12288K)
 Metaspace       used 156304K, committed 157504K, reserved 1245184K
  class space    used 20898K, committed 21440K, reserved 1048576K
}
Event: 3413.048 GC heap before
{Heap before GC invocations=64 (full 0):
 garbage-first heap   total 827392K, used 267543K [0x0000000700000000, 0x0000000800000000)
  region size 2048K, 20 young (40960K), 6 survivors (12288K)
 Metaspace       used 156349K, committed 157504K, reserved 1245184K
  class space    used 20898K, committed 21440K, reserved 1048576K
}
Event: 3413.164 GC heap after
{Heap after GC invocations=65 (full 0):
 garbage-first heap   total 827392K, used 186809K [0x0000000700000000, 0x0000000800000000)
  region size 2048K, 1 young (2048K), 1 survivors (2048K)
 Metaspace       used 156349K, committed 157504K, reserved 1245184K
  class space    used 20898K, committed 21440K, reserved 1048576K
}
Event: 3660.087 GC heap before
{Heap before GC invocations=65 (full 0):
 garbage-first heap   total 827392K, used 592313K [0x0000000700000000, 0x0000000800000000)
  region size 2048K, 200 young (409600K), 1 survivors (2048K)
 Metaspace       used 159398K, committed 160640K, reserved 1245184K
  class space    used 21205K, committed 21824K, reserved 1048576K
}
Event: 3660.206 GC heap after
{Heap after GC invocations=66 (full 0):
 garbage-first heap   total 827392K, used 216193K [0x0000000700000000, 0x0000000800000000)
  region size 2048K, 16 young (32768K), 16 survivors (32768K)
 Metaspace       used 159398K, committed 160640K, reserved 1245184K
  class space    used 21205K, committed 21824K, reserved 1048576K
}
Event: 3662.953 GC heap before
{Heap before GC invocations=67 (full 0):
 garbage-first heap   total 827392K, used 418945K [0x0000000700000000, 0x0000000800000000)
  region size 2048K, 115 young (235520K), 16 survivors (32768K)
 Metaspace       used 152417K, committed 154688K, reserved 1245184K
  class space    used 20440K, committed 21376K, reserved 1048576K
}
Event: 3663.079 GC heap after
{Heap after GC invocations=68 (full 0):
 garbage-first heap   total 827392K, used 219059K [0x0000000700000000, 0x0000000800000000)
  region size 2048K, 3 young (6144K), 3 survivors (6144K)
 Metaspace       used 152417K, committed 154688K, reserved 1245184K
  class space    used 20440K, committed 21376K, reserved 1048576K
}
Event: 3663.313 GC heap before
{Heap before GC invocations=68 (full 0):
 garbage-first heap   total 827392K, used 253875K [0x0000000700000000, 0x0000000800000000)
  region size 2048K, 20 young (40960K), 3 survivors (6144K)
 Metaspace       used 152417K, committed 154688K, reserved 1245184K
  class space    used 20440K, committed 21376K, reserved 1048576K
}
Event: 3663.337 GC heap after
{Heap after GC invocations=69 (full 0):
 garbage-first heap   total 827392K, used 210944K [0x0000000700000000, 0x0000000800000000)
  region size 2048K, 1 young (2048K), 1 survivors (2048K)
 Metaspace       used 152417K, committed 154688K, reserved 1245184K
  class space    used 20440K, committed 21376K, reserved 1048576K
}
Event: 3667.190 GC heap before
{Heap before GC invocations=69 (full 0):
 garbage-first heap   total 827392K, used 661504K [0x0000000700000000, 0x0000000800000000)
  region size 2048K, 222 young (454656K), 1 survivors (2048K)
 Metaspace       used 152570K, committed 154752K, reserved 1245184K
  class space    used 20441K, committed 21376K, reserved 1048576K
}
Event: 3667.249 GC heap after
{Heap after GC invocations=70 (full 0):
 garbage-first heap   total 827392K, used 217549K [0x0000000700000000, 0x0000000800000000)
  region size 2048K, 5 young (10240K), 5 survivors (10240K)
 Metaspace       used 152570K, committed 154752K, reserved 1245184K
  class space    used 20441K, committed 21376K, reserved 1048576K
}
Event: 4258.881 GC heap before
{Heap before GC invocations=71 (full 0):
 garbage-first heap   total 786432K, used 739789K [0x0000000700000000, 0x0000000800000000)
  region size 2048K, 215 young (440320K), 5 survivors (10240K)
 Metaspace       used 153239K, committed 154816K, reserved 1245184K
  class space    used 20471K, committed 21376K, reserved 1048576K
}
Event: 4259.018 GC heap after
{Heap after GC invocations=72 (full 0):
 garbage-first heap   total 786432K, used 227619K [0x0000000700000000, 0x0000000800000000)
  region size 2048K, 10 young (20480K), 10 survivors (20480K)
 Metaspace       used 153239K, committed 154816K, reserved 1245184K
  class space    used 20471K, committed 21376K, reserved 1048576K
}
Event: 4259.137 GC heap before
{Heap before GC invocations=72 (full 0):
 garbage-first heap   total 786432K, used 246051K [0x0000000700000000, 0x0000000800000000)
  region size 2048K, 19 young (38912K), 10 survivors (20480K)
 Metaspace       used 153255K, committed 154816K, reserved 1245184K
  class space    used 20473K, committed 21376K, reserved 1048576K
}
Event: 4259.286 GC heap after
{Heap after GC invocations=73 (full 0):
 garbage-first heap   total 786432K, used 212202K [0x0000000700000000, 0x0000000800000000)
  region size 2048K, 2 young (4096K), 2 survivors (4096K)
 Metaspace       used 153255K, committed 154816K, reserved 1245184K
  class space    used 20473K, committed 21376K, reserved 1048576K
}
Event: 4262.046 GC heap before
{Heap before GC invocations=73 (full 0):
 garbage-first heap   total 786432K, used 638186K [0x0000000700000000, 0x0000000800000000)
  region size 2048K, 211 young (432128K), 2 survivors (4096K)
 Metaspace       used 153273K, committed 154816K, reserved 1245184K
  class space    used 20473K, committed 21376K, reserved 1048576K
}

