# JRE version: OpenJDK Runtime Environment (17.0.11) (build 17.0.11+0--11852314)
# Java VM: OpenJDK 64-Bit Server VM (17.0.11+0--11852314, mixed mode, tiered, compressed oops, compressed class ptrs, g1 gc, windows-amd64)
GC Precious Log:
 CPUs: 4 total, 4 available
 Memory: 8073M
 Large Page Support: Disabled
 NUMA Support: Disabled
 Compressed Oops: Enabled (Zero based)
 Heap Region Size: 2M
 Heap Min Capacity: 8M
 Heap Initial Capacity: 128M
 Heap Max Capacity: 4G
 Pre-touch: Disabled
 Parallel Workers: 4
 Concurrent Workers: 1
 Concurrent Refinement Workers: 4
 Periodic GC: Disabled
Heap:
 garbage-first heap   total 847872K, used 333516K [0x0000000700000000, 0x0000000800000000)
  region size 2048K, 4 young (8192K), 4 survivors (8192K)
 Metaspace       used 162689K, committed 163712K, reserved 1245184K
  class space    used 21646K, committed 22144K, reserved 1048576K
GC Heap History (20 events):
Event: 5889.463 GC heap after
{Heap after GC invocations=53 (full 1):
 garbage-first heap   total 423936K, used 171073K [0x0000000700000000, 0x0000000800000000)
  region size 2048K, 2 young (4096K), 2 survivors (4096K)
 Metaspace       used 144927K, committed 145984K, reserved 1179648K
  class space    used 19700K, committed 20224K, reserved 1048576K
}
Event: 5892.451 GC heap before
{Heap before GC invocations=53 (full 1):
 garbage-first heap   total 423936K, used 332865K [0x0000000700000000, 0x0000000800000000)
  region size 2048K, 81 young (165888K), 2 survivors (4096K)
 Metaspace       used 156389K, committed 157440K, reserved 1245184K
  class space    used 20931K, committed 21440K, reserved 1048576K
}
Event: 5892.501 GC heap after
{Heap after GC invocations=54 (full 1):
 garbage-first heap   total 423936K, used 209071K [0x0000000700000000, 0x0000000800000000)
  region size 2048K, 11 young (22528K), 11 survivors (22528K)
 Metaspace       used 156389K, committed 157440K, reserved 1245184K
  class space    used 20931K, committed 21440K, reserved 1048576K
}
Event: 5893.797 GC heap before
{Heap before GC invocations=54 (full 1):
 garbage-first heap   total 423936K, used 315567K [0x0000000700000000, 0x0000000800000000)
  region size 2048K, 63 young (129024K), 11 survivors (22528K)
 Metaspace       used 160106K, committed 161152K, reserved 1245184K
  class space    used 21424K, committed 21952K, reserved 1048576K
}
Event: 5893.887 GC heap after
{Heap after GC invocations=55 (full 1):
 garbage-first heap   total 423936K, used 276181K [0x0000000700000000, 0x0000000800000000)
  region size 2048K, 8 young (16384K), 8 survivors (16384K)
 Metaspace       used 160106K, committed 161152K, reserved 1245184K
  class space    used 21424K, committed 21952K, reserved 1048576K
}
Event: 5894.051 GC heap before
{Heap before GC invocations=55 (full 1):
 garbage-first heap   total 423936K, used 321237K [0x0000000700000000, 0x0000000800000000)
  region size 2048K, 30 young (61440K), 8 survivors (16384K)
 Metaspace       used 160149K, committed 161216K, reserved 1245184K
  class space    used 21424K, committed 21952K, reserved 1048576K
}
Event: 5894.091 GC heap after
{Heap after GC invocations=56 (full 1):
 garbage-first heap   total 423936K, used 305468K [0x0000000700000000, 0x0000000800000000)
  region size 2048K, 4 young (8192K), 4 survivors (8192K)
 Metaspace       used 160149K, committed 161216K, reserved 1245184K
  class space    used 21424K, committed 21952K, reserved 1048576K
}
Event: 5894.199 GC heap before
{Heap before GC invocations=56 (full 1):
 garbage-first heap   total 423936K, used 330044K [0x0000000700000000, 0x0000000800000000)
  region size 2048K, 16 young (32768K), 4 survivors (8192K)
 Metaspace       used 160149K, committed 161216K, reserved 1245184K
  class space    used 21424K, committed 21952K, reserved 1048576K
}
Event: 5894.221 GC heap after
{Heap after GC invocations=57 (full 1):
 garbage-first heap   total 423936K, used 332092K [0x0000000700000000, 0x0000000800000000)
  region size 2048K, 2 young (4096K), 2 survivors (4096K)
 Metaspace       used 160149K, committed 161216K, reserved 1245184K
  class space    used 21424K, committed 21952K, reserved 1048576K
}
Event: 5894.305 GC heap before
{Heap before GC invocations=57 (full 1):
 garbage-first heap   total 423936K, used 348476K [0x0000000700000000, 0x0000000800000000)
  region size 2048K, 10 young (20480K), 2 survivors (4096K)
 Metaspace       used 160149K, committed 161216K, reserved 1245184K
  class space    used 21424K, committed 21952K, reserved 1048576K
}
Event: 5894.392 GC heap after
{Heap after GC invocations=58 (full 1):
 garbage-first heap   total 847872K, used 350524K [0x0000000700000000, 0x0000000800000000)
  region size 2048K, 2 young (4096K), 2 survivors (4096K)
 Metaspace       used 160149K, committed 161216K, reserved 1245184K
  class space    used 21424K, committed 21952K, reserved 1048576K
}
Event: 5898.153 GC heap before
{Heap before GC invocations=59 (full 1):
 garbage-first heap   total 847872K, used 436540K [0x0000000700000000, 0x0000000800000000)
  region size 2048K, 65 young (133120K), 2 survivors (4096K)
 Metaspace       used 162507K, committed 163520K, reserved 1245184K
  class space    used 21640K, committed 22144K, reserved 1048576K
}
Event: 5898.243 GC heap after
{Heap after GC invocations=60 (full 1):
 garbage-first heap   total 847872K, used 327962K [0x0000000700000000, 0x0000000800000000)
  region size 2048K, 9 young (18432K), 9 survivors (18432K)
 Metaspace       used 162507K, committed 163520K, reserved 1245184K
  class space    used 21640K, committed 22144K, reserved 1048576K
}
Event: 5898.316 GC heap before
{Heap before GC invocations=60 (full 1):
 garbage-first heap   total 847872K, used 350490K [0x0000000700000000, 0x0000000800000000)
  region size 2048K, 20 young (40960K), 9 survivors (18432K)
 Metaspace       used 162525K, committed 163584K, reserved 1245184K
  class space    used 21640K, committed 22144K, reserved 1048576K
}
Event: 5898.408 GC heap after
{Heap after GC invocations=61 (full 1):
 garbage-first heap   total 847872K, used 324445K [0x0000000700000000, 0x0000000800000000)
  region size 2048K, 3 young (6144K), 3 survivors (6144K)
 Metaspace       used 162525K, committed 163584K, reserved 1245184K
  class space    used 21640K, committed 22144K, reserved 1048576K
}
Event: 5898.985 GC heap before
{Heap before GC invocations=61 (full 1):
 garbage-first heap   total 847872K, used 406365K [0x0000000700000000, 0x0000000800000000)
  region size 2048K, 43 young (88064K), 3 survivors (6144K)
 Metaspace       used 162603K, committed 163648K, reserved 1245184K
  class space    used 21641K, committed 22144K, reserved 1048576K
}
Event: 5899.006 GC heap after
{Heap after GC invocations=62 (full 1):
 garbage-first heap   total 847872K, used 332959K [0x0000000700000000, 0x0000000800000000)
  region size 2048K, 6 young (12288K), 6 survivors (12288K)
 Metaspace       used 162603K, committed 163648K, reserved 1245184K
  class space    used 21641K, committed 22144K, reserved 1048576K
}
Event: 5899.342 GC heap before
{Heap before GC invocations=62 (full 1):
 garbage-first heap   total 847872K, used 441503K [0x0000000700000000, 0x0000000800000000)
  region size 2048K, 59 young (120832K), 6 survivors (12288K)
 Metaspace       used 162657K, committed 163712K, reserved 1245184K
  class space    used 21646K, committed 22144K, reserved 1048576K
}
Event: 5899.363 GC heap after
{Heap after GC invocations=63 (full 1):
 garbage-first heap   total 847872K, used 334369K [0x0000000700000000, 0x0000000800000000)
  region size 2048K, 4 young (8192K), 4 survivors (8192K)
 Metaspace       used 162657K, committed 163712K, reserved 1245184K
  class space    used 21646K, committed 22144K, reserved 1048576K
}
Event: 5899.944 GC heap before
{Heap before GC invocations=63 (full 1):
 garbage-first heap   total 847872K, used 483873K [0x0000000700000000, 0x0000000800000000)
  region size 2048K, 78 young (159744K), 4 survivors (8192K)
 Metaspace       used 162689K, committed 163712K, reserved 1245184K
  class space    used 21646K, committed 22144K, reserved 1048576K
}

