# JRE version: OpenJDK Runtime Environment (17.0.11) (build 17.0.11+0--11852314)
# Java VM: OpenJDK 64-Bit Server VM (17.0.11+0--11852314, mixed mode, tiered, compressed oops, compressed class ptrs, g1 gc, windows-amd64)
GC Precious Log:
 CPUs: 4 total, 4 available
 Memory: 8073M
 Large Page Support: Disabled
 NUMA Support: Disabled
 Compressed Oops: Enabled (Zero based)
 Heap Region Size: 2M
 Heap Min Capacity: 8M
 Heap Initial Capacity: 128M
 Heap Max Capacity: 4G
 Pre-touch: Disabled
 Parallel Workers: 4
 Concurrent Workers: 1
 Concurrent Refinement Workers: 4
 Periodic GC: Disabled
Heap:
 garbage-first heap   total 593920K, used 303724K [0x0000000700000000, 0x0000000800000000)
  region size 2048K, 9 young (18432K), 9 survivors (18432K)
 Metaspace       used 192317K, committed 193600K, reserved 1245184K
  class space    used 24871K, committed 25472K, reserved 1048576K
GC Heap History (20 events):
Event: 44.579 GC heap after
{Heap after GC invocations=35 (full 0):
 garbage-first heap   total 327680K, used 168922K [0x0000000700000000, 0x0000000800000000)
  region size 2048K, 5 young (10240K), 5 survivors (10240K)
 Metaspace       used 155484K, committed 156288K, reserved 1245184K
  class space    used 20276K, committed 20672K, reserved 1048576K
}
Event: 44.688 GC heap before
{Heap before GC invocations=35 (full 0):
 garbage-first heap   total 327680K, used 175066K [0x0000000700000000, 0x0000000800000000)
  region size 2048K, 8 young (16384K), 5 survivors (10240K)
 Metaspace       used 156018K, committed 156928K, reserved 1245184K
  class space    used 20366K, committed 20800K, reserved 1048576K
}
Event: 44.745 GC heap after
{Heap after GC invocations=36 (full 0):
 garbage-first heap   total 593920K, used 165986K [0x0000000700000000, 0x0000000800000000)
  region size 2048K, 1 young (2048K), 1 survivors (2048K)
 Metaspace       used 156018K, committed 156928K, reserved 1245184K
  class space    used 20366K, committed 20800K, reserved 1048576K
}
Event: 81.017 GC heap before
{Heap before GC invocations=36 (full 0):
 garbage-first heap   total 593920K, used 479330K [0x0000000700000000, 0x0000000800000000)
  region size 2048K, 148 young (303104K), 1 survivors (2048K)
 Metaspace       used 173108K, committed 174144K, reserved 1245184K
  class space    used 22666K, committed 23168K, reserved 1048576K
}
Event: 81.384 GC heap after
{Heap after GC invocations=37 (full 0):
 garbage-first heap   total 593920K, used 200611K [0x0000000700000000, 0x0000000800000000)
  region size 2048K, 11 young (22528K), 11 survivors (22528K)
 Metaspace       used 173108K, committed 174144K, reserved 1245184K
  class space    used 22666K, committed 23168K, reserved 1048576K
}
Event: 83.355 GC heap before
{Heap before GC invocations=37 (full 0):
 garbage-first heap   total 593920K, used 229283K [0x0000000700000000, 0x0000000800000000)
  region size 2048K, 24 young (49152K), 11 survivors (22528K)
 Metaspace       used 174737K, committed 175744K, reserved 1245184K
  class space    used 22787K, committed 23296K, reserved 1048576K
}
Event: 83.440 GC heap after
{Heap after GC invocations=38 (full 0):
 garbage-first heap   total 593920K, used 204004K [0x0000000700000000, 0x0000000800000000)
  region size 2048K, 3 young (6144K), 3 survivors (6144K)
 Metaspace       used 174737K, committed 175744K, reserved 1245184K
  class space    used 22787K, committed 23296K, reserved 1048576K
}
Event: 93.554 GC heap before
{Heap before GC invocations=38 (full 0):
 garbage-first heap   total 593920K, used 392420K [0x0000000700000000, 0x0000000800000000)
  region size 2048K, 79 young (161792K), 3 survivors (6144K)
 Metaspace       used 181628K, committed 182784K, reserved 1245184K
  class space    used 23684K, committed 24256K, reserved 1048576K
}
Event: 93.640 GC heap after
{Heap after GC invocations=39 (full 0):
 garbage-first heap   total 593920K, used 256604K [0x0000000700000000, 0x0000000800000000)
  region size 2048K, 10 young (20480K), 10 survivors (20480K)
 Metaspace       used 181628K, committed 182784K, reserved 1245184K
  class space    used 23684K, committed 24256K, reserved 1048576K
}
Event: 95.651 GC heap before
{Heap before GC invocations=39 (full 0):
 garbage-first heap   total 593920K, used 334428K [0x0000000700000000, 0x0000000800000000)
  region size 2048K, 48 young (98304K), 10 survivors (20480K)
 Metaspace       used 181632K, committed 182784K, reserved 1245184K
  class space    used 23684K, committed 24256K, reserved 1048576K
}
Event: 95.710 GC heap after
{Heap after GC invocations=40 (full 0):
 garbage-first heap   total 593920K, used 261160K [0x0000000700000000, 0x0000000800000000)
  region size 2048K, 3 young (6144K), 3 survivors (6144K)
 Metaspace       used 181632K, committed 182784K, reserved 1245184K
  class space    used 23684K, committed 24256K, reserved 1048576K
}
Event: 98.854 GC heap before
{Heap before GC invocations=40 (full 0):
 garbage-first heap   total 593920K, used 463912K [0x0000000700000000, 0x0000000800000000)
  region size 2048K, 102 young (208896K), 3 survivors (6144K)
 Metaspace       used 181633K, committed 182784K, reserved 1245184K
  class space    used 23684K, committed 24256K, reserved 1048576K
}
Event: 98.897 GC heap after
{Heap after GC invocations=41 (full 0):
 garbage-first heap   total 593920K, used 267008K [0x0000000700000000, 0x0000000800000000)
  region size 2048K, 6 young (12288K), 6 survivors (12288K)
 Metaspace       used 181633K, committed 182784K, reserved 1245184K
  class space    used 23684K, committed 24256K, reserved 1048576K
}
Event: 102.508 GC heap before
{Heap before GC invocations=41 (full 0):
 garbage-first heap   total 593920K, used 473856K [0x0000000700000000, 0x0000000800000000)
  region size 2048K, 107 young (219136K), 6 survivors (12288K)
 Metaspace       used 181634K, committed 182784K, reserved 1245184K
  class space    used 23684K, committed 24256K, reserved 1048576K
}
Event: 102.553 GC heap after
{Heap after GC invocations=42 (full 0):
 garbage-first heap   total 593920K, used 273633K [0x0000000700000000, 0x0000000800000000)
  region size 2048K, 9 young (18432K), 9 survivors (18432K)
 Metaspace       used 181634K, committed 182784K, reserved 1245184K
  class space    used 23684K, committed 24256K, reserved 1048576K
}
Event: 105.717 GC heap before
{Heap before GC invocations=42 (full 0):
 garbage-first heap   total 593920K, used 480481K [0x0000000700000000, 0x0000000800000000)
  region size 2048K, 110 young (225280K), 9 survivors (18432K)
 Metaspace       used 181638K, committed 182784K, reserved 1245184K
  class space    used 23684K, committed 24256K, reserved 1048576K
}
Event: 105.758 GC heap after
{Heap after GC invocations=43 (full 0):
 garbage-first heap   total 593920K, used 278507K [0x0000000700000000, 0x0000000800000000)
  region size 2048K, 8 young (16384K), 8 survivors (16384K)
 Metaspace       used 181638K, committed 182784K, reserved 1245184K
  class space    used 23684K, committed 24256K, reserved 1048576K
}
Event: 115.060 GC heap before
{Heap before GC invocations=43 (full 0):
 garbage-first heap   total 593920K, used 483307K [0x0000000700000000, 0x0000000800000000)
  region size 2048K, 109 young (223232K), 8 survivors (16384K)
 Metaspace       used 188422K, committed 189696K, reserved 1245184K
  class space    used 24424K, committed 25024K, reserved 1048576K
}
Event: 115.285 GC heap after
{Heap after GC invocations=44 (full 0):
 garbage-first heap   total 593920K, used 290046K [0x0000000700000000, 0x0000000800000000)
  region size 2048K, 13 young (26624K), 13 survivors (26624K)
 Metaspace       used 188422K, committed 189696K, reserved 1245184K
  class space    used 24424K, committed 25024K, reserved 1048576K
}
Event: 125.764 GC heap before
{Heap before GC invocations=44 (full 0):
 garbage-first heap   total 593920K, used 476414K [0x0000000700000000, 0x0000000800000000)
  region size 2048K, 104 young (212992K), 13 survivors (26624K)
 Metaspace       used 192317K, committed 193600K, reserved 1245184K
  class space    used 24871K, committed 25472K, reserved 1048576K
}

