# JRE version: OpenJDK Runtime Environment (17.0.11) (build 17.0.11+0--11852314)
# Java VM: OpenJDK 64-Bit Server VM (17.0.11+0--11852314, mixed mode, tiered, compressed oops, compressed class ptrs, g1 gc, windows-amd64)
GC Precious Log:
 CPUs: 4 total, 4 available
 Memory: 8073M
 Large Page Support: Disabled
 NUMA Support: Disabled
 Compressed Oops: Enabled (Zero based)
 Heap Region Size: 2M
 Heap Min Capacity: 8M
 Heap Initial Capacity: 128M
 Heap Max Capacity: 4G
 Pre-touch: Disabled
 Parallel Workers: 4
 Concurrent Workers: 1
 Concurrent Refinement Workers: 4
 Periodic GC: Disabled
Heap:
 garbage-first heap   total 1017856K, used 644096K [0x0000000700000000, 0x0000000800000000)
  region size 2048K, 3 young (6144K), 3 survivors (6144K)
 Metaspace       used 161116K, committed 162432K, reserved 1245184K
  class space    used 21813K, committed 22464K, reserved 1048576K
GC Heap History (20 events):
Event: 84.304 GC heap after
{Heap after GC invocations=61 (full 0):
 garbage-first heap   total 468992K, used 276365K [0x0000000700000000, 0x0000000800000000)
  region size 2048K, 5 young (10240K), 5 survivors (10240K)
 Metaspace       used 143915K, committed 145024K, reserved 1179648K
  class space    used 19569K, committed 20096K, reserved 1048576K
}
Event: 84.337 GC heap before
{Heap before GC invocations=61 (full 0):
 garbage-first heap   total 468992K, used 288653K [0x0000000700000000, 0x0000000800000000)
  region size 2048K, 11 young (22528K), 5 survivors (10240K)
 Metaspace       used 143946K, committed 145024K, reserved 1179648K
  class space    used 19572K, committed 20096K, reserved 1048576K
}
Event: 84.349 GC heap after
{Heap after GC invocations=62 (full 0):
 garbage-first heap   total 468992K, used 277199K [0x0000000700000000, 0x0000000800000000)
  region size 2048K, 2 young (4096K), 2 survivors (4096K)
 Metaspace       used 143946K, committed 145024K, reserved 1179648K
  class space    used 19572K, committed 20096K, reserved 1048576K
}
Event: 85.589 GC heap before
{Heap before GC invocations=62 (full 0):
 garbage-first heap   total 468992K, used 377551K [0x0000000700000000, 0x0000000800000000)
  region size 2048K, 52 young (106496K), 2 survivors (4096K)
 Metaspace       used 147821K, committed 148928K, reserved 1179648K
  class space    used 19922K, committed 20416K, reserved 1048576K
}
Event: 85.601 GC heap after
{Heap after GC invocations=63 (full 0):
 garbage-first heap   total 937984K, used 280227K [0x0000000700000000, 0x0000000800000000)
  region size 2048K, 4 young (8192K), 4 survivors (8192K)
 Metaspace       used 147821K, committed 148928K, reserved 1179648K
  class space    used 19922K, committed 20416K, reserved 1048576K
}
Event: 89.967 GC heap before
{Heap before GC invocations=63 (full 0):
 garbage-first heap   total 937984K, used 628387K [0x0000000700000000, 0x0000000800000000)
  region size 2048K, 175 young (358400K), 4 survivors (8192K)
 Metaspace       used 152309K, committed 153536K, reserved 1245184K
  class space    used 20431K, committed 21056K, reserved 1048576K
}
Event: 89.994 GC heap after
{Heap after GC invocations=64 (full 0):
 garbage-first heap   total 937984K, used 291535K [0x0000000700000000, 0x0000000800000000)
  region size 2048K, 9 young (18432K), 9 survivors (18432K)
 Metaspace       used 152309K, committed 153536K, reserved 1245184K
  class space    used 20431K, committed 21056K, reserved 1048576K
}
Event: 91.746 GC heap before
{Heap before GC invocations=64 (full 0):
 garbage-first heap   total 937984K, used 512719K [0x0000000700000000, 0x0000000800000000)
  region size 2048K, 74 young (151552K), 9 survivors (18432K)
 Metaspace       used 153193K, committed 154432K, reserved 1245184K
  class space    used 20539K, committed 21120K, reserved 1048576K
}
Event: 91.776 GC heap after
{Heap after GC invocations=65 (full 0):
 garbage-first heap   total 937984K, used 327099K [0x0000000700000000, 0x0000000800000000)
  region size 2048K, 12 young (24576K), 12 survivors (24576K)
 Metaspace       used 153193K, committed 154432K, reserved 1245184K
  class space    used 20539K, committed 21120K, reserved 1048576K
}
Event: 96.651 GC heap before
{Heap before GC invocations=66 (full 0):
 garbage-first heap   total 937984K, used 888251K [0x0000000700000000, 0x0000000800000000)
  region size 2048K, 227 young (464896K), 12 survivors (24576K)
 Metaspace       used 158294K, committed 159552K, reserved 1245184K
  class space    used 21280K, committed 21888K, reserved 1048576K
}
Event: 96.800 GC heap after
{Heap after GC invocations=67 (full 0):
 garbage-first heap   total 1017856K, used 463131K [0x0000000700000000, 0x0000000800000000)
  region size 2048K, 30 young (61440K), 30 survivors (61440K)
 Metaspace       used 158294K, committed 159552K, reserved 1245184K
  class space    used 21280K, committed 21888K, reserved 1048576K
}
Event: 96.848 GC heap before
{Heap before GC invocations=67 (full 0):
 garbage-first heap   total 1017856K, used 465179K [0x0000000700000000, 0x0000000800000000)
  region size 2048K, 31 young (63488K), 30 survivors (61440K)
 Metaspace       used 158345K, committed 159552K, reserved 1245184K
  class space    used 21287K, committed 21888K, reserved 1048576K
}
Event: 96.922 GC heap after
{Heap after GC invocations=68 (full 0):
 garbage-first heap   total 1017856K, used 457709K [0x0000000700000000, 0x0000000800000000)
  region size 2048K, 2 young (4096K), 2 survivors (4096K)
 Metaspace       used 158345K, committed 159552K, reserved 1245184K
  class space    used 21287K, committed 21888K, reserved 1048576K
}
Event: 99.209 GC heap before
{Heap before GC invocations=68 (full 0):
 garbage-first heap   total 1017856K, used 785389K [0x0000000700000000, 0x0000000800000000)
  region size 2048K, 163 young (333824K), 2 survivors (4096K)
 Metaspace       used 161108K, committed 162432K, reserved 1245184K
  class space    used 21813K, committed 22464K, reserved 1048576K
}
Event: 99.418 GC heap after
{Heap after GC invocations=69 (full 0):
 garbage-first heap   total 1017856K, used 585728K [0x0000000700000000, 0x0000000800000000)
  region size 2048K, 21 young (43008K), 21 survivors (43008K)
 Metaspace       used 161108K, committed 162432K, reserved 1245184K
  class space    used 21813K, committed 22464K, reserved 1048576K
}
Event: 99.729 GC heap before
{Heap before GC invocations=69 (full 0):
 garbage-first heap   total 1017856K, used 626688K [0x0000000700000000, 0x0000000800000000)
  region size 2048K, 41 young (83968K), 21 survivors (43008K)
 Metaspace       used 161114K, committed 162432K, reserved 1245184K
  class space    used 21813K, committed 22464K, reserved 1048576K
}
Event: 99.874 GC heap after
{Heap after GC invocations=70 (full 0):
 garbage-first heap   total 1017856K, used 604288K [0x0000000700000000, 0x0000000800000000)
  region size 2048K, 6 young (12288K), 6 survivors (12288K)
 Metaspace       used 161114K, committed 162432K, reserved 1245184K
  class space    used 21813K, committed 22464K, reserved 1048576K
}
Event: 100.076 GC heap before
{Heap before GC invocations=70 (full 0):
 garbage-first heap   total 1017856K, used 639104K [0x0000000700000000, 0x0000000800000000)
  region size 2048K, 24 young (49152K), 6 survivors (12288K)
 Metaspace       used 161116K, committed 162432K, reserved 1245184K
  class space    used 21813K, committed 22464K, reserved 1048576K
}
Event: 100.129 GC heap after
{Heap after GC invocations=71 (full 0):
 garbage-first heap   total 1017856K, used 622592K [0x0000000700000000, 0x0000000800000000)
  region size 2048K, 3 young (6144K), 3 survivors (6144K)
 Metaspace       used 161116K, committed 162432K, reserved 1245184K
  class space    used 21813K, committed 22464K, reserved 1048576K
}
Event: 100.324 GC heap before
{Heap before GC invocations=71 (full 0):
 garbage-first heap   total 1017856K, used 663552K [0x0000000700000000, 0x0000000800000000)
  region size 2048K, 24 young (49152K), 3 survivors (6144K)
 Metaspace       used 161116K, committed 162432K, reserved 1245184K
  class space    used 21813K, committed 22464K, reserved 1048576K
}

