# JRE version: OpenJDK Runtime Environment (17.0.11) (build 17.0.11+0--11852314)
# Java VM: OpenJDK 64-Bit Server VM (17.0.11+0--11852314, mixed mode, tiered, compressed oops, compressed class ptrs, g1 gc, windows-amd64)
GC Precious Log:
 CPUs: 4 total, 4 available
 Memory: 8073M
 Large Page Support: Disabled
 NUMA Support: Disabled
 Compressed Oops: Enabled (Zero based)
 Heap Region Size: 2M
 Heap Min Capacity: 8M
 Heap Initial Capacity: 128M
 Heap Max Capacity: 4G
 Pre-touch: Disabled
 Parallel Workers: 4
 Concurrent Workers: 1
 Concurrent Refinement Workers: 4
 Periodic GC: Disabled
Heap:
 garbage-first heap   total 573440K, used 386048K [0x0000000700000000, 0x0000000800000000)
  region size 2048K, 2 young (4096K), 2 survivors (4096K)
 Metaspace       used 127543K, committed 128576K, reserved 1179648K
  class space    used 17042K, committed 17536K, reserved 1048576K
GC Heap History (20 events):
Event: 231.029 GC heap after
{Heap after GC invocations=49 (full 0):
 garbage-first heap   total 411648K, used 168585K [0x0000000700000000, 0x0000000800000000)
  region size 2048K, 14 young (28672K), 14 survivors (28672K)
 Metaspace       used 111987K, committed 112960K, reserved 1179648K
  class space    used 15300K, committed 15744K, reserved 1048576K
}
Event: 234.588 GC heap before
{Heap before GC invocations=49 (full 0):
 garbage-first heap   total 411648K, used 354953K [0x0000000700000000, 0x0000000800000000)
  region size 2048K, 88 young (180224K), 14 survivors (28672K)
 Metaspace       used 115194K, committed 116160K, reserved 1179648K
  class space    used 15640K, committed 16128K, reserved 1048576K
}
Event: 234.686 GC heap after
{Heap after GC invocations=50 (full 0):
 garbage-first heap   total 411648K, used 193130K [0x0000000700000000, 0x0000000800000000)
  region size 2048K, 11 young (22528K), 11 survivors (22528K)
 Metaspace       used 115194K, committed 116160K, reserved 1179648K
  class space    used 15640K, committed 16128K, reserved 1048576K
}
Event: 235.700 GC heap before
{Heap before GC invocations=50 (full 0):
 garbage-first heap   total 411648K, used 322154K [0x0000000700000000, 0x0000000800000000)
  region size 2048K, 75 young (153600K), 11 survivors (22528K)
 Metaspace       used 118807K, committed 119808K, reserved 1179648K
  class space    used 15969K, committed 16448K, reserved 1048576K
}
Event: 235.743 GC heap after
{Heap after GC invocations=51 (full 0):
 garbage-first heap   total 411648K, used 216064K [0x0000000700000000, 0x0000000800000000)
  region size 2048K, 10 young (20480K), 10 survivors (20480K)
 Metaspace       used 118807K, committed 119808K, reserved 1179648K
  class space    used 15969K, committed 16448K, reserved 1048576K
}
Event: 236.426 GC heap before
{Heap before GC invocations=51 (full 0):
 garbage-first heap   total 411648K, used 324608K [0x0000000700000000, 0x0000000800000000)
  region size 2048K, 63 young (129024K), 10 survivors (20480K)
 Metaspace       used 119465K, committed 120448K, reserved 1179648K
  class space    used 16025K, committed 16512K, reserved 1048576K
}
Event: 236.446 GC heap after
{Heap after GC invocations=52 (full 0):
 garbage-first heap   total 540672K, used 222183K [0x0000000700000000, 0x0000000800000000)
  region size 2048K, 2 young (4096K), 2 survivors (4096K)
 Metaspace       used 119465K, committed 120448K, reserved 1179648K
  class space    used 16025K, committed 16512K, reserved 1048576K
}
Event: 240.922 GC heap before
{Heap before GC invocations=52 (full 0):
 garbage-first heap   total 540672K, used 402407K [0x0000000700000000, 0x0000000800000000)
  region size 2048K, 91 young (186368K), 2 survivors (4096K)
 Metaspace       used 122556K, committed 123584K, reserved 1179648K
  class space    used 16344K, committed 16832K, reserved 1048576K
}
Event: 240.951 GC heap after
{Heap after GC invocations=53 (full 0):
 garbage-first heap   total 540672K, used 224159K [0x0000000700000000, 0x0000000800000000)
  region size 2048K, 3 young (6144K), 3 survivors (6144K)
 Metaspace       used 122556K, committed 123584K, reserved 1179648K
  class space    used 16344K, committed 16832K, reserved 1048576K
}
Event: 242.084 GC heap before
{Heap before GC invocations=53 (full 0):
 garbage-first heap   total 540672K, used 328607K [0x0000000700000000, 0x0000000800000000)
  region size 2048K, 13 young (26624K), 3 survivors (6144K)
 Metaspace       used 122917K, committed 123904K, reserved 1179648K
  class space    used 16392K, committed 16896K, reserved 1048576K
}
Event: 242.123 GC heap after
{Heap after GC invocations=54 (full 0):
 garbage-first heap   total 540672K, used 249656K [0x0000000700000000, 0x0000000800000000)
  region size 2048K, 4 young (8192K), 4 survivors (8192K)
 Metaspace       used 122917K, committed 123904K, reserved 1179648K
  class space    used 16392K, committed 16896K, reserved 1048576K
}
Event: 246.469 GC heap before
{Heap before GC invocations=55 (full 0):
 garbage-first heap   total 540672K, used 508728K [0x0000000700000000, 0x0000000800000000)
  region size 2048K, 77 young (157696K), 4 survivors (8192K)
 Metaspace       used 127040K, committed 128128K, reserved 1179648K
  class space    used 16989K, committed 17536K, reserved 1048576K
}
Event: 246.530 GC heap after
{Heap after GC invocations=56 (full 0):
 garbage-first heap   total 573440K, used 325934K [0x0000000700000000, 0x0000000800000000)
  region size 2048K, 12 young (24576K), 12 survivors (24576K)
 Metaspace       used 127040K, committed 128128K, reserved 1179648K
  class space    used 16989K, committed 17536K, reserved 1048576K
}
Event: 246.538 GC heap before
{Heap before GC invocations=56 (full 0):
 garbage-first heap   total 573440K, used 330030K [0x0000000700000000, 0x0000000800000000)
  region size 2048K, 14 young (28672K), 12 survivors (24576K)
 Metaspace       used 127040K, committed 128128K, reserved 1179648K
  class space    used 16989K, committed 17536K, reserved 1048576K
}
Event: 246.676 GC heap after
{Heap after GC invocations=57 (full 0):
 garbage-first heap   total 573440K, used 287045K [0x0000000700000000, 0x0000000800000000)
  region size 2048K, 1 young (2048K), 1 survivors (2048K)
 Metaspace       used 127040K, committed 128128K, reserved 1179648K
  class space    used 16989K, committed 17536K, reserved 1048576K
}
Event: 248.002 GC heap before
{Heap before GC invocations=57 (full 0):
 garbage-first heap   total 573440K, used 450885K [0x0000000700000000, 0x0000000800000000)
  region size 2048K, 75 young (153600K), 1 survivors (2048K)
 Metaspace       used 127360K, committed 128384K, reserved 1179648K
  class space    used 17032K, committed 17536K, reserved 1048576K
}
Event: 248.190 GC heap after
{Heap after GC invocations=58 (full 0):
 garbage-first heap   total 573440K, used 353084K [0x0000000700000000, 0x0000000800000000)
  region size 2048K, 10 young (20480K), 10 survivors (20480K)
 Metaspace       used 127360K, committed 128384K, reserved 1179648K
  class space    used 17032K, committed 17536K, reserved 1048576K
}
Event: 248.497 GC heap before
{Heap before GC invocations=58 (full 0):
 garbage-first heap   total 573440K, used 402236K [0x0000000700000000, 0x0000000800000000)
  region size 2048K, 31 young (63488K), 10 survivors (20480K)
 Metaspace       used 127505K, committed 128512K, reserved 1179648K
  class space    used 17041K, committed 17536K, reserved 1048576K
}
Event: 248.574 GC heap after
{Heap after GC invocations=59 (full 0):
 garbage-first heap   total 573440K, used 377856K [0x0000000700000000, 0x0000000800000000)
  region size 2048K, 4 young (8192K), 4 survivors (8192K)
 Metaspace       used 127505K, committed 128512K, reserved 1179648K
  class space    used 17041K, committed 17536K, reserved 1048576K
}
Event: 248.696 GC heap before
{Heap before GC invocations=59 (full 0):
 garbage-first heap   total 573440K, used 400384K [0x0000000700000000, 0x0000000800000000)
  region size 2048K, 16 young (32768K), 4 survivors (8192K)
 Metaspace       used 127543K, committed 128576K, reserved 1179648K
  class space    used 17042K, committed 17536K, reserved 1048576K
}

