# JRE version: OpenJDK Runtime Environment (17.0.11) (build 17.0.11+0--11852314)
# Java VM: OpenJDK 64-Bit Server VM (17.0.11+0--11852314, mixed mode, tiered, compressed oops, compressed class ptrs, g1 gc, windows-amd64)
GC Precious Log:
 CPUs: 4 total, 4 available
 Memory: 8073M
 Large Page Support: Disabled
 NUMA Support: Disabled
 Compressed Oops: Enabled (32-bit)
 Heap Region Size: 1M
 Heap Min Capacity: 8M
 Heap Initial Capacity: 128M
 Heap Max Capacity: 2020M
 Pre-touch: Disabled
 Parallel Workers: 4
 Concurrent Workers: 1
 Concurrent Refinement Workers: 4
 Periodic GC: Disabled
Heap:
 garbage-first heap   total 347136K, used 190599K [0x0000000081c00000, 0x0000000100000000)
  region size 1024K, 130 young (133120K), 1 survivors (1024K)
 Metaspace       used 68028K, committed 68352K, reserved 1114112K
  class space    used 7764K, committed 7936K, reserved 1048576K
GC Heap History (20 events):
Event: 17.097 GC heap before
{Heap before GC invocations=17 (full 0):
 garbage-first heap   total 75776K, used 59695K [0x0000000081c00000, 0x0000000100000000)
  region size 1024K, 22 young (22528K), 4 survivors (4096K)
 Metaspace       used 56239K, committed 56512K, reserved 1114112K
  class space    used 6653K, committed 6784K, reserved 1048576K
}
Event: 17.109 GC heap after
{Heap after GC invocations=18 (full 0):
 garbage-first heap   total 75776K, used 44248K [0x0000000081c00000, 0x0000000100000000)
  region size 1024K, 3 young (3072K), 3 survivors (3072K)
 Metaspace       used 56239K, committed 56512K, reserved 1114112K
  class space    used 6653K, committed 6784K, reserved 1048576K
}
Event: 18.261 GC heap before
{Heap before GC invocations=19 (full 0):
 garbage-first heap   total 76800K, used 58584K [0x0000000081c00000, 0x0000000100000000)
  region size 1024K, 18 young (18432K), 3 survivors (3072K)
 Metaspace       used 56902K, committed 57152K, reserved 1114112K
  class space    used 6689K, committed 6784K, reserved 1048576K
}
Event: 18.276 GC heap after
{Heap after GC invocations=20 (full 0):
 garbage-first heap   total 76800K, used 47711K [0x0000000081c00000, 0x0000000100000000)
  region size 1024K, 3 young (3072K), 3 survivors (3072K)
 Metaspace       used 56902K, committed 57152K, reserved 1114112K
  class space    used 6689K, committed 6784K, reserved 1048576K
}
Event: 18.340 GC heap before
{Heap before GC invocations=20 (full 0):
 garbage-first heap   total 76800K, used 48735K [0x0000000081c00000, 0x0000000100000000)
  region size 1024K, 4 young (4096K), 3 survivors (3072K)
 Metaspace       used 56931K, committed 57216K, reserved 1114112K
  class space    used 6689K, committed 6784K, reserved 1048576K
}
Event: 18.350 GC heap after
{Heap after GC invocations=21 (full 0):
 garbage-first heap   total 76800K, used 47662K [0x0000000081c00000, 0x0000000100000000)
  region size 1024K, 1 young (1024K), 1 survivors (1024K)
 Metaspace       used 56931K, committed 57216K, reserved 1114112K
  class space    used 6689K, committed 6784K, reserved 1048576K
}
Event: 19.920 GC heap before
{Heap before GC invocations=21 (full 0):
 garbage-first heap   total 76800K, used 60974K [0x0000000081c00000, 0x0000000100000000)
  region size 1024K, 14 young (14336K), 1 survivors (1024K)
 Metaspace       used 57369K, committed 57600K, reserved 1114112K
  class space    used 6697K, committed 6784K, reserved 1048576K
}
Event: 19.930 GC heap after
{Heap after GC invocations=22 (full 0):
 garbage-first heap   total 115712K, used 50030K [0x0000000081c00000, 0x0000000100000000)
  region size 1024K, 2 young (2048K), 2 survivors (2048K)
 Metaspace       used 57369K, committed 57600K, reserved 1114112K
  class space    used 6697K, committed 6784K, reserved 1048576K
}
Event: 22.184 GC heap before
{Heap before GC invocations=23 (full 0):
 garbage-first heap   total 115712K, used 83822K [0x0000000081c00000, 0x0000000100000000)
  region size 1024K, 35 young (35840K), 2 survivors (2048K)
 Metaspace       used 57600K, committed 57856K, reserved 1114112K
  class space    used 6705K, committed 6784K, reserved 1048576K
}
Event: 22.209 GC heap after
{Heap after GC invocations=24 (full 0):
 garbage-first heap   total 115712K, used 56320K [0x0000000081c00000, 0x0000000100000000)
  region size 1024K, 5 young (5120K), 5 survivors (5120K)
 Metaspace       used 57600K, committed 57856K, reserved 1114112K
  class space    used 6705K, committed 6784K, reserved 1048576K
}
Event: 22.217 GC heap before
{Heap before GC invocations=24 (full 0):
 garbage-first heap   total 115712K, used 57344K [0x0000000081c00000, 0x0000000100000000)
  region size 1024K, 6 young (6144K), 5 survivors (5120K)
 Metaspace       used 57601K, committed 57856K, reserved 1114112K
  class space    used 6705K, committed 6784K, reserved 1048576K
}
Event: 22.237 GC heap after
{Heap after GC invocations=25 (full 0):
 garbage-first heap   total 115712K, used 56947K [0x0000000081c00000, 0x0000000100000000)
  region size 1024K, 1 young (1024K), 1 survivors (1024K)
 Metaspace       used 57601K, committed 57856K, reserved 1114112K
  class space    used 6705K, committed 6784K, reserved 1048576K
}
Event: 23.499 GC heap before
{Heap before GC invocations=25 (full 0):
 garbage-first heap   total 115712K, used 85619K [0x0000000081c00000, 0x0000000100000000)
  region size 1024K, 29 young (29696K), 1 survivors (1024K)
 Metaspace       used 57894K, committed 58176K, reserved 1114112K
  class space    used 6735K, committed 6848K, reserved 1048576K
}
Event: 23.509 GC heap after
{Heap after GC invocations=26 (full 0):
 garbage-first heap   total 115712K, used 59286K [0x0000000081c00000, 0x0000000100000000)
  region size 1024K, 4 young (4096K), 4 survivors (4096K)
 Metaspace       used 57894K, committed 58176K, reserved 1114112K
  class space    used 6735K, committed 6848K, reserved 1048576K
}
Event: 23.979 GC heap before
{Heap before GC invocations=27 (full 0):
 garbage-first heap   total 115712K, used 87958K [0x0000000081c00000, 0x0000000100000000)
  region size 1024K, 32 young (32768K), 4 survivors (4096K)
 Metaspace       used 57899K, committed 58176K, reserved 1114112K
  class space    used 6736K, committed 6848K, reserved 1048576K
}
Event: 23.987 GC heap after
{Heap after GC invocations=28 (full 0):
 garbage-first heap   total 115712K, used 59733K [0x0000000081c00000, 0x0000000100000000)
  region size 1024K, 1 young (1024K), 1 survivors (1024K)
 Metaspace       used 57899K, committed 58176K, reserved 1114112K
  class space    used 6736K, committed 6848K, reserved 1048576K
}
Event: 23.996 GC heap before
{Heap before GC invocations=28 (full 0):
 garbage-first heap   total 115712K, used 63829K [0x0000000081c00000, 0x0000000100000000)
  region size 1024K, 5 young (5120K), 1 survivors (1024K)
 Metaspace       used 57899K, committed 58176K, reserved 1114112K
  class space    used 6736K, committed 6848K, reserved 1048576K
}
Event: 24.002 GC heap after
{Heap after GC invocations=29 (full 0):
 garbage-first heap   total 115712K, used 59272K [0x0000000081c00000, 0x0000000100000000)
  region size 1024K, 1 young (1024K), 1 survivors (1024K)
 Metaspace       used 57899K, committed 58176K, reserved 1114112K
  class space    used 6736K, committed 6848K, reserved 1048576K
}
Event: 25.007 GC heap before
{Heap before GC invocations=29 (full 0):
 garbage-first heap   total 115712K, used 89992K [0x0000000081c00000, 0x0000000100000000)
  region size 1024K, 31 young (31744K), 1 survivors (1024K)
 Metaspace       used 60201K, committed 60480K, reserved 1114112K
  class space    used 7102K, committed 7232K, reserved 1048576K
}
Event: 25.013 GC heap after
{Heap after GC invocations=30 (full 0):
 garbage-first heap   total 347136K, used 59527K [0x0000000081c00000, 0x0000000100000000)
  region size 1024K, 1 young (1024K), 1 survivors (1024K)
 Metaspace       used 60201K, committed 60480K, reserved 1114112K
  class space    used 7102K, committed 7232K, reserved 1048576K
}

