# JRE version: OpenJDK Runtime Environment (17.0.11) (build 17.0.11+0--11852314)
# Java VM: OpenJDK 64-Bit Server VM (17.0.11+0--11852314, mixed mode, tiered, compressed oops, compressed class ptrs, g1 gc, windows-amd64)
GC Precious Log:
 CPUs: 4 total, 4 available
 Memory: 8073M
 Large Page Support: Disabled
 NUMA Support: Disabled
 Compressed Oops: Enabled (Zero based)
 Heap Region Size: 2M
 Heap Min Capacity: 8M
 Heap Initial Capacity: 128M
 Heap Max Capacity: 4G
 Pre-touch: Disabled
 Parallel Workers: 4
 Concurrent Workers: 1
 Concurrent Refinement Workers: 4
 Periodic GC: Disabled
Heap:
 garbage-first heap   total 483328K, used 358415K [0x0000000700000000, 0x0000000800000000)
  region size 2048K, 76 young (155648K), 5 survivors (10240K)
 Metaspace       used 146585K, committed 147712K, reserved 1179648K
  class space    used 19844K, committed 20416K, reserved 1048576K
GC Heap History (20 events):
Event: 39.348 GC heap before
{Heap before GC invocations=53 (full 0):
 garbage-first heap   total 483328K, used 395604K [0x0000000700000000, 0x0000000800000000)
  region size 2048K, 125 young (256000K), 7 survivors (14336K)
 Metaspace       used 123396K, committed 124288K, reserved 1179648K
  class space    used 17116K, committed 17536K, reserved 1048576K
}
Event: 39.370 GC heap after
{Heap after GC invocations=54 (full 0):
 garbage-first heap   total 483328K, used 155149K [0x0000000700000000, 0x0000000800000000)
  region size 2048K, 7 young (14336K), 7 survivors (14336K)
 Metaspace       used 123396K, committed 124288K, reserved 1179648K
  class space    used 17116K, committed 17536K, reserved 1048576K
}
Event: 41.470 GC heap before
{Heap before GC invocations=54 (full 0):
 garbage-first heap   total 483328K, used 400909K [0x0000000700000000, 0x0000000800000000)
  region size 2048K, 128 young (262144K), 7 survivors (14336K)
 Metaspace       used 124101K, committed 124992K, reserved 1179648K
  class space    used 17207K, committed 17664K, reserved 1048576K
}
Event: 41.501 GC heap after
{Heap after GC invocations=55 (full 0):
 garbage-first heap   total 483328K, used 162728K [0x0000000700000000, 0x0000000800000000)
  region size 2048K, 11 young (22528K), 11 survivors (22528K)
 Metaspace       used 124101K, committed 124992K, reserved 1179648K
  class space    used 17207K, committed 17664K, reserved 1048576K
}
Event: 45.159 GC heap before
{Heap before GC invocations=55 (full 0):
 garbage-first heap   total 483328K, used 402344K [0x0000000700000000, 0x0000000800000000)
  region size 2048K, 128 young (262144K), 11 survivors (22528K)
 Metaspace       used 125795K, committed 126656K, reserved 1179648K
  class space    used 17419K, committed 17856K, reserved 1048576K
}
Event: 45.210 GC heap after
{Heap after GC invocations=56 (full 0):
 garbage-first heap   total 483328K, used 162824K [0x0000000700000000, 0x0000000800000000)
  region size 2048K, 6 young (12288K), 6 survivors (12288K)
 Metaspace       used 125795K, committed 126656K, reserved 1179648K
  class space    used 17419K, committed 17856K, reserved 1048576K
}
Event: 47.067 GC heap before
{Heap before GC invocations=56 (full 0):
 garbage-first heap   total 483328K, used 259080K [0x0000000700000000, 0x0000000800000000)
  region size 2048K, 29 young (59392K), 6 survivors (12288K)
 Metaspace       used 128356K, committed 129280K, reserved 1179648K
  class space    used 17735K, committed 18176K, reserved 1048576K
}
Event: 47.084 GC heap after
{Heap after GC invocations=57 (full 0):
 garbage-first heap   total 483328K, used 168934K [0x0000000700000000, 0x0000000800000000)
  region size 2048K, 5 young (10240K), 5 survivors (10240K)
 Metaspace       used 128356K, committed 129280K, reserved 1179648K
  class space    used 17735K, committed 18176K, reserved 1048576K
}
Event: 762.739 GC heap before
{Heap before GC invocations=57 (full 0):
 garbage-first heap   total 483328K, used 449510K [0x0000000700000000, 0x0000000800000000)
  region size 2048K, 120 young (245760K), 5 survivors (10240K)
 Metaspace       used 130455K, committed 131392K, reserved 1179648K
  class space    used 17941K, committed 18368K, reserved 1048576K
}
Event: 763.158 GC heap after
{Heap after GC invocations=58 (full 0):
 garbage-first heap   total 483328K, used 160150K [0x0000000700000000, 0x0000000800000000)
  region size 2048K, 5 young (10240K), 5 survivors (10240K)
 Metaspace       used 130455K, committed 131392K, reserved 1179648K
  class space    used 17941K, committed 18368K, reserved 1048576K
}
Event: 1152.130 GC heap before
{Heap before GC invocations=58 (full 0):
 garbage-first heap   total 483328K, used 375190K [0x0000000700000000, 0x0000000800000000)
  region size 2048K, 109 young (223232K), 5 survivors (10240K)
 Metaspace       used 134971K, committed 136000K, reserved 1179648K
  class space    used 18446K, committed 18944K, reserved 1048576K
}
Event: 1152.408 GC heap after
{Heap after GC invocations=59 (full 0):
 garbage-first heap   total 483328K, used 205827K [0x0000000700000000, 0x0000000800000000)
  region size 2048K, 14 young (28672K), 14 survivors (28672K)
 Metaspace       used 134971K, committed 136000K, reserved 1179648K
  class space    used 18446K, committed 18944K, reserved 1048576K
}
Event: 1152.472 GC heap before
{Heap before GC invocations=59 (full 0):
 garbage-first heap   total 483328K, used 205827K [0x0000000700000000, 0x0000000800000000)
  region size 2048K, 15 young (30720K), 14 survivors (28672K)
 Metaspace       used 134988K, committed 136000K, reserved 1179648K
  class space    used 18447K, committed 18944K, reserved 1048576K
}
Event: 1152.587 GC heap after
{Heap after GC invocations=60 (full 0):
 garbage-first heap   total 483328K, used 211932K [0x0000000700000000, 0x0000000800000000)
  region size 2048K, 2 young (4096K), 2 survivors (4096K)
 Metaspace       used 134988K, committed 136000K, reserved 1179648K
  class space    used 18447K, committed 18944K, reserved 1048576K
}
Event: 1153.237 GC heap before
{Heap before GC invocations=60 (full 0):
 garbage-first heap   total 483328K, used 261084K [0x0000000700000000, 0x0000000800000000)
  region size 2048K, 12 young (24576K), 2 survivors (4096K)
 Metaspace       used 136114K, committed 137088K, reserved 1179648K
  class space    used 18554K, committed 19008K, reserved 1048576K
}
Event: 1153.244 GC heap after
{Heap after GC invocations=61 (full 0):
 garbage-first heap   total 483328K, used 210213K [0x0000000700000000, 0x0000000800000000)
  region size 2048K, 2 young (4096K), 2 survivors (4096K)
 Metaspace       used 136114K, committed 137088K, reserved 1179648K
  class space    used 18554K, committed 19008K, reserved 1048576K
}
Event: 1154.768 GC heap before
{Heap before GC invocations=61 (full 0):
 garbage-first heap   total 483328K, used 279845K [0x0000000700000000, 0x0000000800000000)
  region size 2048K, 37 young (75776K), 2 survivors (4096K)
 Metaspace       used 138615K, committed 139712K, reserved 1179648K
  class space    used 18851K, committed 19392K, reserved 1048576K
}
Event: 1154.782 GC heap after
{Heap after GC invocations=62 (full 0):
 garbage-first heap   total 483328K, used 214358K [0x0000000700000000, 0x0000000800000000)
  region size 2048K, 4 young (8192K), 4 survivors (8192K)
 Metaspace       used 138615K, committed 139712K, reserved 1179648K
  class space    used 18851K, committed 19392K, reserved 1048576K
}
Event: 1159.505 GC heap before
{Heap before GC invocations=62 (full 0):
 garbage-first heap   total 483328K, used 335190K [0x0000000700000000, 0x0000000800000000)
  region size 2048K, 64 young (131072K), 4 survivors (8192K)
 Metaspace       used 140458K, committed 141568K, reserved 1179648K
  class space    used 19026K, committed 19584K, reserved 1048576K
}
Event: 1159.517 GC heap after
{Heap after GC invocations=63 (full 0):
 garbage-first heap   total 483328K, used 217103K [0x0000000700000000, 0x0000000800000000)
  region size 2048K, 5 young (10240K), 5 survivors (10240K)
 Metaspace       used 140458K, committed 141568K, reserved 1179648K
  class space    used 19026K, committed 19584K, reserved 1048576K
}

