# JRE version: OpenJDK Runtime Environment (17.0.11) (build 17.0.11+0--11852314)
# Java VM: OpenJDK 64-Bit Server VM (17.0.11+0--11852314, mixed mode, tiered, compressed oops, compressed class ptrs, g1 gc, windows-amd64)
GC Precious Log:
 CPUs: 4 total, 4 available
 Memory: 8073M
 Large Page Support: Disabled
 NUMA Support: Disabled
 Compressed Oops: Enabled (Zero based)
 Heap Region Size: 2M
 Heap Min Capacity: 8M
 Heap Initial Capacity: 128M
 Heap Max Capacity: 4G
 Pre-touch: Disabled
 Parallel Workers: 4
 Concurrent Workers: 1
 Concurrent Refinement Workers: 4
 Periodic GC: Disabled
Heap:
 garbage-first heap   total 530432K, used 287503K [0x0000000700000000, 0x0000000800000000)
  region size 2048K, 2 young (4096K), 2 survivors (4096K)
 Metaspace       used 139272K, committed 140224K, reserved 1179648K
  class space    used 18510K, committed 18944K, reserved 1048576K
GC Heap History (20 events):
Event: 24.806 GC heap after
{Heap after GC invocations=34 (full 0):
 garbage-first heap   total 286720K, used 144011K [0x0000000700000000, 0x0000000800000000)
  region size 2048K, 1 young (2048K), 1 survivors (2048K)
 Metaspace       used 111999K, committed 112832K, reserved 1179648K
  class space    used 15335K, committed 15744K, reserved 1048576K
}
Event: 26.467 GC heap before
{Heap before GC invocations=34 (full 0):
 garbage-first heap   total 286720K, used 219787K [0x0000000700000000, 0x0000000800000000)
  region size 2048K, 38 young (77824K), 1 survivors (2048K)
 Metaspace       used 113462K, committed 114368K, reserved 1179648K
  class space    used 15499K, committed 15936K, reserved 1048576K
}
Event: 26.481 GC heap after
{Heap after GC invocations=35 (full 0):
 garbage-first heap   total 460800K, used 149354K [0x0000000700000000, 0x0000000800000000)
  region size 2048K, 4 young (8192K), 4 survivors (8192K)
 Metaspace       used 113462K, committed 114368K, reserved 1179648K
  class space    used 15499K, committed 15936K, reserved 1048576K
}
Event: 30.500 GC heap before
{Heap before GC invocations=36 (full 0):
 garbage-first heap   total 460800K, used 331626K [0x0000000700000000, 0x0000000800000000)
  region size 2048K, 101 young (206848K), 4 survivors (8192K)
 Metaspace       used 114776K, committed 115648K, reserved 1179648K
  class space    used 15637K, committed 16064K, reserved 1048576K
}
Event: 30.529 GC heap after
{Heap after GC invocations=37 (full 0):
 garbage-first heap   total 460800K, used 143209K [0x0000000700000000, 0x0000000800000000)
  region size 2048K, 8 young (16384K), 8 survivors (16384K)
 Metaspace       used 114776K, committed 115648K, reserved 1179648K
  class space    used 15637K, committed 16064K, reserved 1048576K
}
Event: 30.578 GC heap before
{Heap before GC invocations=37 (full 0):
 garbage-first heap   total 460800K, used 147305K [0x0000000700000000, 0x0000000800000000)
  region size 2048K, 11 young (22528K), 8 survivors (16384K)
 Metaspace       used 114776K, committed 115648K, reserved 1179648K
  class space    used 15637K, committed 16064K, reserved 1048576K
}
Event: 30.609 GC heap after
{Heap after GC invocations=38 (full 0):
 garbage-first heap   total 460800K, used 140316K [0x0000000700000000, 0x0000000800000000)
  region size 2048K, 2 young (4096K), 2 survivors (4096K)
 Metaspace       used 114776K, committed 115648K, reserved 1179648K
  class space    used 15637K, committed 16064K, reserved 1048576K
}
Event: 34.985 GC heap before
{Heap before GC invocations=38 (full 0):
 garbage-first heap   total 460800K, used 351260K [0x0000000700000000, 0x0000000800000000)
  region size 2048K, 106 young (217088K), 2 survivors (4096K)
 Metaspace       used 116655K, committed 117504K, reserved 1179648K
  class space    used 15826K, committed 16256K, reserved 1048576K
}
Event: 34.995 GC heap after
{Heap after GC invocations=39 (full 0):
 garbage-first heap   total 460800K, used 142932K [0x0000000700000000, 0x0000000800000000)
  region size 2048K, 3 young (6144K), 3 survivors (6144K)
 Metaspace       used 116655K, committed 117504K, reserved 1179648K
  class space    used 15826K, committed 16256K, reserved 1048576K
}
Event: 52.440 GC heap before
{Heap before GC invocations=39 (full 0):
 garbage-first heap   total 460800K, used 368212K [0x0000000700000000, 0x0000000800000000)
  region size 2048K, 113 young (231424K), 3 survivors (6144K)
 Metaspace       used 132605K, committed 133568K, reserved 1179648K
  class space    used 17698K, committed 18176K, reserved 1048576K
}
Event: 52.539 GC heap after
{Heap after GC invocations=40 (full 0):
 garbage-first heap   total 460800K, used 192047K [0x0000000700000000, 0x0000000800000000)
  region size 2048K, 15 young (30720K), 15 survivors (30720K)
 Metaspace       used 132605K, committed 133568K, reserved 1179648K
  class space    used 17698K, committed 18176K, reserved 1048576K
}
Event: 54.017 GC heap before
{Heap before GC invocations=40 (full 0):
 garbage-first heap   total 460800K, used 343599K [0x0000000700000000, 0x0000000800000000)
  region size 2048K, 89 young (182272K), 15 survivors (30720K)
 Metaspace       used 136359K, committed 137344K, reserved 1179648K
  class space    used 18191K, committed 18624K, reserved 1048576K
}
Event: 54.433 GC heap after
{Heap after GC invocations=41 (full 0):
 garbage-first heap   total 475136K, used 292864K [0x0000000700000000, 0x0000000800000000)
  region size 2048K, 12 young (24576K), 12 survivors (24576K)
 Metaspace       used 136359K, committed 137344K, reserved 1179648K
  class space    used 18191K, committed 18624K, reserved 1048576K
}
Event: 55.419 GC heap before
{Heap before GC invocations=41 (full 0):
 garbage-first heap   total 475136K, used 348160K [0x0000000700000000, 0x0000000800000000)
  region size 2048K, 39 young (79872K), 12 survivors (24576K)
 Metaspace       used 137550K, committed 138496K, reserved 1179648K
  class space    used 18350K, committed 18816K, reserved 1048576K
}
Event: 55.498 GC heap after
{Heap after GC invocations=42 (full 0):
 garbage-first heap   total 475136K, used 316416K [0x0000000700000000, 0x0000000800000000)
  region size 2048K, 5 young (10240K), 5 survivors (10240K)
 Metaspace       used 137550K, committed 138496K, reserved 1179648K
  class space    used 18350K, committed 18816K, reserved 1048576K
}
Event: 56.314 GC heap before
{Heap before GC invocations=42 (full 0):
 garbage-first heap   total 475136K, used 359424K [0x0000000700000000, 0x0000000800000000)
  region size 2048K, 27 young (55296K), 5 survivors (10240K)
 Metaspace       used 139087K, committed 140032K, reserved 1179648K
  class space    used 18484K, committed 18944K, reserved 1048576K
}
Event: 56.347 GC heap after
{Heap after GC invocations=43 (full 0):
 garbage-first heap   total 475136K, used 325982K [0x0000000700000000, 0x0000000800000000)
  region size 2048K, 4 young (8192K), 4 survivors (8192K)
 Metaspace       used 139087K, committed 140032K, reserved 1179648K
  class space    used 18484K, committed 18944K, reserved 1048576K
}
Event: 59.174 GC heap before
{Heap before GC invocations=44 (full 0):
 garbage-first heap   total 530432K, used 350558K [0x0000000700000000, 0x0000000800000000)
  region size 2048K, 26 young (53248K), 4 survivors (8192K)
 Metaspace       used 139270K, committed 140224K, reserved 1179648K
  class space    used 18510K, committed 18944K, reserved 1048576K
}
Event: 59.203 GC heap after
{Heap after GC invocations=45 (full 0):
 garbage-first heap   total 530432K, used 311841K [0x0000000700000000, 0x0000000800000000)
  region size 2048K, 4 young (8192K), 4 survivors (8192K)
 Metaspace       used 139270K, committed 140224K, reserved 1179648K
  class space    used 18510K, committed 18944K, reserved 1048576K
}
Event: 60.068 GC heap before
{Heap before GC invocations=45 (full 0):
 garbage-first heap   total 530432K, used 326177K [0x0000000700000000, 0x0000000800000000)
  region size 2048K, 12 young (24576K), 4 survivors (8192K)
 Metaspace       used 139272K, committed 140224K, reserved 1179648K
  class space    used 18510K, committed 18944K, reserved 1048576K
}

