# JRE version: OpenJDK Runtime Environment (17.0.11) (build 17.0.11+0--11852314)
# Java VM: OpenJDK 64-Bit Server VM (17.0.11+0--11852314, mixed mode, tiered, compressed oops, compressed class ptrs, g1 gc, windows-amd64)
GC Precious Log:
 CPUs: 4 total, 4 available
 Memory: 8073M
 Large Page Support: Disabled
 NUMA Support: Disabled
 Compressed Oops: Enabled (Zero based)
 Heap Region Size: 2M
 Heap Min Capacity: 8M
 Heap Initial Capacity: 128M
 Heap Max Capacity: 4G
 Pre-touch: Disabled
 Parallel Workers: 4
 Concurrent Workers: 1
 Concurrent Refinement Workers: 4
 Periodic GC: Disabled
Heap:
 garbage-first heap   total 471040K, used 278830K [0x0000000700000000, 0x0000000800000000)
  region size 2048K, 5 young (10240K), 5 survivors (10240K)
 Metaspace       used 124477K, committed 125312K, reserved 1179648K
  class space    used 16742K, committed 17152K, reserved 1048576K
GC Heap History (20 events):
Event: 27.715 GC heap after
{Heap after GC invocations=38 (full 0):
 garbage-first heap   total 256000K, used 115830K [0x0000000700000000, 0x0000000800000000)
  region size 2048K, 1 young (2048K), 1 survivors (2048K)
 Metaspace       used 103289K, committed 104064K, reserved 1179648K
  class space    used 14353K, committed 14720K, reserved 1048576K
}
Event: 28.750 GC heap before
{Heap before GC invocations=38 (full 0):
 garbage-first heap   total 256000K, used 201846K [0x0000000700000000, 0x0000000800000000)
  region size 2048K, 44 young (90112K), 1 survivors (2048K)
 Metaspace       used 103780K, committed 104640K, reserved 1179648K
  class space    used 14449K, committed 14848K, reserved 1048576K
}
Event: 28.761 GC heap after
{Heap after GC invocations=39 (full 0):
 garbage-first heap   total 256000K, used 119944K [0x0000000700000000, 0x0000000800000000)
  region size 2048K, 3 young (6144K), 3 survivors (6144K)
 Metaspace       used 103780K, committed 104640K, reserved 1179648K
  class space    used 14449K, committed 14848K, reserved 1048576K
}
Event: 29.604 GC heap before
{Heap before GC invocations=39 (full 0):
 garbage-first heap   total 256000K, used 203912K [0x0000000700000000, 0x0000000800000000)
  region size 2048K, 45 young (92160K), 3 survivors (6144K)
 Metaspace       used 103887K, committed 104704K, reserved 1179648K
  class space    used 14461K, committed 14848K, reserved 1048576K
}
Event: 29.615 GC heap after
{Heap after GC invocations=40 (full 0):
 garbage-first heap   total 256000K, used 123086K [0x0000000700000000, 0x0000000800000000)
  region size 2048K, 5 young (10240K), 5 survivors (10240K)
 Metaspace       used 103887K, committed 104704K, reserved 1179648K
  class space    used 14461K, committed 14848K, reserved 1048576K
}
Event: 30.295 GC heap before
{Heap before GC invocations=40 (full 0):
 garbage-first heap   total 256000K, used 205006K [0x0000000700000000, 0x0000000800000000)
  region size 2048K, 46 young (94208K), 5 survivors (10240K)
 Metaspace       used 104035K, committed 104832K, reserved 1179648K
  class space    used 14486K, committed 14848K, reserved 1048576K
}
Event: 30.309 GC heap after
{Heap after GC invocations=41 (full 0):
 garbage-first heap   total 256000K, used 126379K [0x0000000700000000, 0x0000000800000000)
  region size 2048K, 5 young (10240K), 5 survivors (10240K)
 Metaspace       used 104035K, committed 104832K, reserved 1179648K
  class space    used 14486K, committed 14848K, reserved 1048576K
}
Event: 31.794 GC heap before
{Heap before GC invocations=41 (full 0):
 garbage-first heap   total 256000K, used 208299K [0x0000000700000000, 0x0000000800000000)
  region size 2048K, 45 young (92160K), 5 survivors (10240K)
 Metaspace       used 112288K, committed 113024K, reserved 1179648K
  class space    used 15474K, committed 15808K, reserved 1048576K
}
Event: 31.811 GC heap after
{Heap after GC invocations=42 (full 0):
 garbage-first heap   total 419840K, used 134419K [0x0000000700000000, 0x0000000800000000)
  region size 2048K, 6 young (12288K), 6 survivors (12288K)
 Metaspace       used 112288K, committed 113024K, reserved 1179648K
  class space    used 15474K, committed 15808K, reserved 1048576K
}
Event: 34.986 GC heap before
{Heap before GC invocations=42 (full 0):
 garbage-first heap   total 419840K, used 312595K [0x0000000700000000, 0x0000000800000000)
  region size 2048K, 93 young (190464K), 6 survivors (12288K)
 Metaspace       used 121205K, committed 121984K, reserved 1179648K
  class space    used 16394K, committed 16768K, reserved 1048576K
}
Event: 35.063 GC heap after
{Heap after GC invocations=43 (full 0):
 garbage-first heap   total 419840K, used 224648K [0x0000000700000000, 0x0000000800000000)
  region size 2048K, 12 young (24576K), 12 survivors (24576K)
 Metaspace       used 121205K, committed 121984K, reserved 1179648K
  class space    used 16394K, committed 16768K, reserved 1048576K
}
Event: 35.612 GC heap before
{Heap before GC invocations=43 (full 0):
 garbage-first heap   total 419840K, used 306568K [0x0000000700000000, 0x0000000800000000)
  region size 2048K, 53 young (108544K), 12 survivors (24576K)
 Metaspace       used 121276K, committed 122048K, reserved 1179648K
  class space    used 16394K, committed 16768K, reserved 1048576K
}
Event: 35.709 GC heap after
{Heap after GC invocations=44 (full 0):
 garbage-first heap   total 419840K, used 295936K [0x0000000700000000, 0x0000000800000000)
  region size 2048K, 7 young (14336K), 7 survivors (14336K)
 Metaspace       used 121276K, committed 122048K, reserved 1179648K
  class space    used 16394K, committed 16768K, reserved 1048576K
}
Event: 36.118 GC heap before
{Heap before GC invocations=44 (full 0):
 garbage-first heap   total 471040K, used 281600K [0x0000000700000000, 0x0000000800000000)
  region size 2048K, 21 young (43008K), 7 survivors (14336K)
 Metaspace       used 121897K, committed 122688K, reserved 1179648K
  class space    used 16509K, committed 16896K, reserved 1048576K
}
Event: 36.142 GC heap after
{Heap after GC invocations=45 (full 0):
 garbage-first heap   total 471040K, used 263168K [0x0000000700000000, 0x0000000800000000)
  region size 2048K, 3 young (6144K), 3 survivors (6144K)
 Metaspace       used 121897K, committed 122688K, reserved 1179648K
  class space    used 16509K, committed 16896K, reserved 1048576K
}
Event: 37.678 GC heap before
{Heap before GC invocations=46 (full 0):
 garbage-first heap   total 471040K, used 330752K [0x0000000700000000, 0x0000000800000000)
  region size 2048K, 37 young (75776K), 3 survivors (6144K)
 Metaspace       used 124139K, committed 124928K, reserved 1179648K
  class space    used 16689K, committed 17024K, reserved 1048576K
}
Event: 37.712 GC heap after
{Heap after GC invocations=47 (full 0):
 garbage-first heap   total 471040K, used 275456K [0x0000000700000000, 0x0000000800000000)
  region size 2048K, 5 young (10240K), 5 survivors (10240K)
 Metaspace       used 124139K, committed 124928K, reserved 1179648K
  class space    used 16689K, committed 17024K, reserved 1048576K
}
Event: 37.910 GC heap before
{Heap before GC invocations=47 (full 0):
 garbage-first heap   total 471040K, used 285696K [0x0000000700000000, 0x0000000800000000)
  region size 2048K, 11 young (22528K), 5 survivors (10240K)
 Metaspace       used 124241K, committed 125056K, reserved 1179648K
  class space    used 16699K, committed 17088K, reserved 1048576K
}
Event: 37.937 GC heap after
{Heap after GC invocations=48 (full 0):
 garbage-first heap   total 471040K, used 274257K [0x0000000700000000, 0x0000000800000000)
  region size 2048K, 2 young (4096K), 2 survivors (4096K)
 Metaspace       used 124241K, committed 125056K, reserved 1179648K
  class space    used 16699K, committed 17088K, reserved 1048576K
}
Event: 38.755 GC heap before
{Heap before GC invocations=48 (full 0):
 garbage-first heap   total 471040K, used 343889K [0x0000000700000000, 0x0000000800000000)
  region size 2048K, 37 young (75776K), 2 survivors (4096K)
 Metaspace       used 124477K, committed 125312K, reserved 1179648K
  class space    used 16742K, committed 17152K, reserved 1048576K
}

