# JRE version: OpenJDK Runtime Environment (17.0.11) (build 17.0.11+0--11852314)
# Java VM: OpenJDK 64-Bit Server VM (17.0.11+0--11852314, mixed mode, tiered, compressed oops, compressed class ptrs, g1 gc, windows-amd64)
GC Precious Log:
 CPUs: 4 total, 4 available
 Memory: 8073M
 Large Page Support: Disabled
 NUMA Support: Disabled
 Compressed Oops: Enabled (Zero based)
 Heap Region Size: 2M
 Heap Min Capacity: 8M
 Heap Initial Capacity: 128M
 Heap Max Capacity: 4G
 Pre-touch: Disabled
 Parallel Workers: 4
 Concurrent Workers: 1
 Concurrent Refinement Workers: 4
 Periodic GC: Disabled
Heap:
 garbage-first heap   total 227328K, used 121183K [0x0000000700000000, 0x0000000800000000)
  region size 2048K, 3 young (6144K), 3 survivors (6144K)
 Metaspace       used 104053K, committed 104832K, reserved 1179648K
  class space    used 14491K, committed 14848K, reserved 1048576K
GC Heap History (20 events):
Event: 19.458 GC heap after
{Heap after GC invocations=37 (full 0):
 garbage-first heap   total 163840K, used 94654K [0x0000000700000000, 0x0000000800000000)
  region size 2048K, 3 young (6144K), 3 survivors (6144K)
 Metaspace       used 93233K, committed 93952K, reserved 1179648K
  class space    used 12917K, committed 13248K, reserved 1048576K
}
Event: 20.124 GC heap before
{Heap before GC invocations=38 (full 0):
 garbage-first heap   total 174080K, used 133566K [0x0000000700000000, 0x0000000800000000)
  region size 2048K, 22 young (45056K), 3 survivors (6144K)
 Metaspace       used 95924K, committed 96704K, reserved 1179648K
  class space    used 13313K, committed 13696K, reserved 1048576K
}
Event: 20.134 GC heap after
{Heap after GC invocations=39 (full 0):
 garbage-first heap   total 174080K, used 96641K [0x0000000700000000, 0x0000000800000000)
  region size 2048K, 3 young (6144K), 3 survivors (6144K)
 Metaspace       used 95924K, committed 96704K, reserved 1179648K
  class space    used 13313K, committed 13696K, reserved 1048576K
}
Event: 21.205 GC heap before
{Heap before GC invocations=39 (full 0):
 garbage-first heap   total 174080K, used 143745K [0x0000000700000000, 0x0000000800000000)
  region size 2048K, 26 young (53248K), 3 survivors (6144K)
 Metaspace       used 100017K, committed 100800K, reserved 1179648K
  class space    used 13887K, committed 14272K, reserved 1048576K
}
Event: 21.215 GC heap after
{Heap after GC invocations=40 (full 0):
 garbage-first heap   total 174080K, used 99379K [0x0000000700000000, 0x0000000800000000)
  region size 2048K, 3 young (6144K), 3 survivors (6144K)
 Metaspace       used 100017K, committed 100800K, reserved 1179648K
  class space    used 13887K, committed 14272K, reserved 1048576K
}
Event: 22.313 GC heap before
{Heap before GC invocations=41 (full 0):
 garbage-first heap   total 188416K, used 140339K [0x0000000700000000, 0x0000000800000000)
  region size 2048K, 23 young (47104K), 3 survivors (6144K)
 Metaspace       used 102799K, committed 103616K, reserved 1179648K
  class space    used 14332K, committed 14720K, reserved 1048576K
}
Event: 22.328 GC heap after
{Heap after GC invocations=42 (full 0):
 garbage-first heap   total 188416K, used 103293K [0x0000000700000000, 0x0000000800000000)
  region size 2048K, 3 young (6144K), 3 survivors (6144K)
 Metaspace       used 102799K, committed 103616K, reserved 1179648K
  class space    used 14332K, committed 14720K, reserved 1048576K
}
Event: 23.836 GC heap before
{Heap before GC invocations=42 (full 0):
 garbage-first heap   total 188416K, used 152445K [0x0000000700000000, 0x0000000800000000)
  region size 2048K, 28 young (57344K), 3 survivors (6144K)
 Metaspace       used 103190K, committed 103936K, reserved 1179648K
  class space    used 14349K, committed 14720K, reserved 1048576K
}
Event: 23.852 GC heap after
{Heap after GC invocations=43 (full 0):
 garbage-first heap   total 227328K, used 109025K [0x0000000700000000, 0x0000000800000000)
  region size 2048K, 4 young (8192K), 4 survivors (8192K)
 Metaspace       used 103190K, committed 103936K, reserved 1179648K
  class space    used 14349K, committed 14720K, reserved 1048576K
}
Event: 24.750 GC heap before
{Heap before GC invocations=44 (full 0):
 garbage-first heap   total 227328K, used 178657K [0x0000000700000000, 0x0000000800000000)
  region size 2048K, 39 young (79872K), 4 survivors (8192K)
 Metaspace       used 103535K, committed 104320K, reserved 1179648K
  class space    used 14422K, committed 14784K, reserved 1048576K
}
Event: 24.764 GC heap after
{Heap after GC invocations=45 (full 0):
 garbage-first heap   total 227328K, used 112979K [0x0000000700000000, 0x0000000800000000)
  region size 2048K, 5 young (10240K), 5 survivors (10240K)
 Metaspace       used 103535K, committed 104320K, reserved 1179648K
  class space    used 14422K, committed 14784K, reserved 1048576K
}
Event: 24.780 GC heap before
{Heap before GC invocations=45 (full 0):
 garbage-first heap   total 227328K, used 115027K [0x0000000700000000, 0x0000000800000000)
  region size 2048K, 6 young (12288K), 5 survivors (10240K)
 Metaspace       used 103545K, committed 104320K, reserved 1179648K
  class space    used 14422K, committed 14784K, reserved 1048576K
}
Event: 24.795 GC heap after
{Heap after GC invocations=46 (full 0):
 garbage-first heap   total 227328K, used 112610K [0x0000000700000000, 0x0000000800000000)
  region size 2048K, 1 young (2048K), 1 survivors (2048K)
 Metaspace       used 103545K, committed 104320K, reserved 1179648K
  class space    used 14422K, committed 14784K, reserved 1048576K
}
Event: 25.713 GC heap before
{Heap before GC invocations=46 (full 0):
 garbage-first heap   total 227328K, used 182242K [0x0000000700000000, 0x0000000800000000)
  region size 2048K, 35 young (71680K), 1 survivors (2048K)
 Metaspace       used 103716K, committed 104576K, reserved 1179648K
  class space    used 14449K, committed 14848K, reserved 1048576K
}
Event: 25.722 GC heap after
{Heap after GC invocations=47 (full 0):
 garbage-first heap   total 227328K, used 115528K [0x0000000700000000, 0x0000000800000000)
  region size 2048K, 3 young (6144K), 3 survivors (6144K)
 Metaspace       used 103716K, committed 104576K, reserved 1179648K
  class space    used 14449K, committed 14848K, reserved 1048576K
}
Event: 27.261 GC heap before
{Heap before GC invocations=48 (full 0):
 garbage-first heap   total 227328K, used 183112K [0x0000000700000000, 0x0000000800000000)
  region size 2048K, 36 young (73728K), 3 survivors (6144K)
 Metaspace       used 103827K, committed 104640K, reserved 1179648K
  class space    used 14459K, committed 14848K, reserved 1048576K
}
Event: 27.275 GC heap after
{Heap after GC invocations=49 (full 0):
 garbage-first heap   total 227328K, used 118293K [0x0000000700000000, 0x0000000800000000)
  region size 2048K, 4 young (8192K), 4 survivors (8192K)
 Metaspace       used 103827K, committed 104640K, reserved 1179648K
  class space    used 14459K, committed 14848K, reserved 1048576K
}
Event: 27.288 GC heap before
{Heap before GC invocations=49 (full 0):
 garbage-first heap   total 227328K, used 120341K [0x0000000700000000, 0x0000000800000000)
  region size 2048K, 5 young (10240K), 4 survivors (8192K)
 Metaspace       used 103827K, committed 104640K, reserved 1179648K
  class space    used 14459K, committed 14848K, reserved 1048576K
}
Event: 27.300 GC heap after
{Heap after GC invocations=50 (full 0):
 garbage-first heap   total 227328K, used 118077K [0x0000000700000000, 0x0000000800000000)
  region size 2048K, 1 young (2048K), 1 survivors (2048K)
 Metaspace       used 103827K, committed 104640K, reserved 1179648K
  class space    used 14459K, committed 14848K, reserved 1048576K
}
Event: 27.918 GC heap before
{Heap before GC invocations=50 (full 0):
 garbage-first heap   total 227328K, used 183613K [0x0000000700000000, 0x0000000800000000)
  region size 2048K, 34 young (69632K), 1 survivors (2048K)
 Metaspace       used 104053K, committed 104832K, reserved 1179648K
  class space    used 14491K, committed 14848K, reserved 1048576K
}

