# JRE version: OpenJDK Runtime Environment (17.0.11) (build 17.0.11+0--11852314)
# Java VM: OpenJDK 64-Bit Server VM (17.0.11+0--11852314, mixed mode, tiered, compressed oops, compressed class ptrs, g1 gc, windows-amd64)
GC Precious Log:
 CPUs: 4 total, 4 available
 Memory: 8073M
 Large Page Support: Disabled
 NUMA Support: Disabled
 Compressed Oops: Enabled (Zero based)
 Heap Region Size: 2M
 Heap Min Capacity: 8M
 Heap Initial Capacity: 128M
 Heap Max Capacity: 4G
 Pre-touch: Disabled
 Parallel Workers: 4
 Concurrent Workers: 1
 Concurrent Refinement Workers: 4
 Periodic GC: Disabled
Heap:
 garbage-first heap   total 819200K, used 517844K [0x0000000700000000, 0x0000000800000000)
  region size 2048K, 6 young (12288K), 6 survivors (12288K)
 Metaspace       used 203975K, committed 206592K, reserved 1245184K
  class space    used 27010K, committed 28288K, reserved 1048576K
GC Heap History (20 events):
Event: 5929.098 GC heap after
{Heap after GC invocations=67 (full 1):
 garbage-first heap   total 819200K, used 328082K [0x0000000700000000, 0x0000000800000000)
  region size 2048K, 24 young (49152K), 24 survivors (49152K)
 Metaspace       used 194508K, committed 196608K, reserved 1245184K
  class space    used 25900K, committed 26880K, reserved 1048576K
}
Event: 5974.278 GC heap before
{Heap before GC invocations=67 (full 1):
 garbage-first heap   total 819200K, used 625042K [0x0000000700000000, 0x0000000800000000)
  region size 2048K, 118 young (241664K), 24 survivors (49152K)
 Metaspace       used 194654K, committed 196736K, reserved 1245184K
  class space    used 25903K, committed 26880K, reserved 1048576K
}
Event: 5974.400 GC heap after
{Heap after GC invocations=68 (full 1):
 garbage-first heap   total 819200K, used 297111K [0x0000000700000000, 0x0000000800000000)
  region size 2048K, 5 young (10240K), 5 survivors (10240K)
 Metaspace       used 194654K, committed 196736K, reserved 1245184K
  class space    used 25903K, committed 26880K, reserved 1048576K
}
Event: 5982.568 GC heap before
{Heap before GC invocations=68 (full 1):
 garbage-first heap   total 819200K, used 678039K [0x0000000700000000, 0x0000000800000000)
  region size 2048K, 174 young (356352K), 5 survivors (10240K)
 Metaspace       used 198333K, committed 200512K, reserved 1245184K
  class space    used 26189K, committed 27200K, reserved 1048576K
}
Event: 5983.229 GC heap after
{Heap after GC invocations=69 (full 1):
 garbage-first heap   total 819200K, used 372835K [0x0000000700000000, 0x0000000800000000)
  region size 2048K, 22 young (45056K), 22 survivors (45056K)
 Metaspace       used 198333K, committed 200512K, reserved 1245184K
  class space    used 26189K, committed 27200K, reserved 1048576K
}
Event: 5983.891 GC heap before
{Heap before GC invocations=69 (full 1):
 garbage-first heap   total 819200K, used 381027K [0x0000000700000000, 0x0000000800000000)
  region size 2048K, 27 young (55296K), 22 survivors (45056K)
 Metaspace       used 198946K, committed 201088K, reserved 1245184K
  class space    used 26260K, committed 27264K, reserved 1048576K
}
Event: 5984.038 GC heap after
{Heap after GC invocations=70 (full 1):
 garbage-first heap   total 819200K, used 380651K [0x0000000700000000, 0x0000000800000000)
  region size 2048K, 4 young (8192K), 4 survivors (8192K)
 Metaspace       used 198946K, committed 201088K, reserved 1245184K
  class space    used 26260K, committed 27264K, reserved 1048576K
}
Event: 5985.466 GC heap before
{Heap before GC invocations=70 (full 1):
 garbage-first heap   total 819200K, used 413419K [0x0000000700000000, 0x0000000800000000)
  region size 2048K, 20 young (40960K), 4 survivors (8192K)
 Metaspace       used 201952K, committed 204096K, reserved 1245184K
  class space    used 26671K, committed 27648K, reserved 1048576K
}
Event: 5985.491 GC heap after
{Heap after GC invocations=71 (full 1):
 garbage-first heap   total 819200K, used 387095K [0x0000000700000000, 0x0000000800000000)
  region size 2048K, 3 young (6144K), 3 survivors (6144K)
 Metaspace       used 201952K, committed 204096K, reserved 1245184K
  class space    used 26671K, committed 27648K, reserved 1048576K
}
Event: 5985.782 GC heap before
{Heap before GC invocations=71 (full 1):
 garbage-first heap   total 819200K, used 438295K [0x0000000700000000, 0x0000000800000000)
  region size 2048K, 28 young (57344K), 3 survivors (6144K)
 Metaspace       used 201952K, committed 204096K, reserved 1245184K
  class space    used 26671K, committed 27648K, reserved 1048576K
}
Event: 5985.892 GC heap after
{Heap after GC invocations=72 (full 1):
 garbage-first heap   total 819200K, used 435630K [0x0000000700000000, 0x0000000800000000)
  region size 2048K, 4 young (8192K), 4 survivors (8192K)
 Metaspace       used 201952K, committed 204096K, reserved 1245184K
  class space    used 26671K, committed 27648K, reserved 1048576K
}
Event: 5986.225 GC heap before
{Heap before GC invocations=72 (full 1):
 garbage-first heap   total 819200K, used 472494K [0x0000000700000000, 0x0000000800000000)
  region size 2048K, 22 young (45056K), 4 survivors (8192K)
 Metaspace       used 201979K, committed 204096K, reserved 1245184K
  class space    used 26671K, committed 27648K, reserved 1048576K
}
Event: 5986.280 GC heap after
{Heap after GC invocations=73 (full 1):
 garbage-first heap   total 819200K, used 461547K [0x0000000700000000, 0x0000000800000000)
  region size 2048K, 3 young (6144K), 3 survivors (6144K)
 Metaspace       used 201979K, committed 204096K, reserved 1245184K
  class space    used 26671K, committed 27648K, reserved 1048576K
}
Event: 5986.739 GC heap before
{Heap before GC invocations=73 (full 1):
 garbage-first heap   total 819200K, used 516843K [0x0000000700000000, 0x0000000800000000)
  region size 2048K, 30 young (61440K), 3 survivors (6144K)
 Metaspace       used 202111K, committed 204224K, reserved 1245184K
  class space    used 26672K, committed 27648K, reserved 1048576K
}
Event: 5986.749 GC heap after
{Heap after GC invocations=74 (full 1):
 garbage-first heap   total 819200K, used 462198K [0x0000000700000000, 0x0000000800000000)
  region size 2048K, 2 young (4096K), 2 survivors (4096K)
 Metaspace       used 202111K, committed 204224K, reserved 1245184K
  class space    used 26672K, committed 27648K, reserved 1048576K
}
Event: 6021.656 GC heap before
{Heap before GC invocations=74 (full 1):
 garbage-first heap   total 819200K, used 632182K [0x0000000700000000, 0x0000000800000000)
  region size 2048K, 46 young (94208K), 2 survivors (4096K)
 Metaspace       used 203065K, committed 205504K, reserved 1245184K
  class space    used 26861K, committed 28032K, reserved 1048576K
}
Event: 6021.682 GC heap after
{Heap after GC invocations=75 (full 1):
 garbage-first heap   total 819200K, used 466100K [0x0000000700000000, 0x0000000800000000)
  region size 2048K, 4 young (8192K), 4 survivors (8192K)
 Metaspace       used 203065K, committed 205504K, reserved 1245184K
  class space    used 26861K, committed 28032K, reserved 1048576K
}
Event: 6022.940 GC heap before
{Heap before GC invocations=75 (full 1):
 garbage-first heap   total 819200K, used 586932K [0x0000000700000000, 0x0000000800000000)
  region size 2048K, 62 young (126976K), 4 survivors (8192K)
 Metaspace       used 203866K, committed 206464K, reserved 1245184K
  class space    used 26999K, committed 28224K, reserved 1048576K
}
Event: 6023.052 GC heap after
{Heap after GC invocations=76 (full 1):
 garbage-first heap   total 819200K, used 503137K [0x0000000700000000, 0x0000000800000000)
  region size 2048K, 8 young (16384K), 8 survivors (16384K)
 Metaspace       used 203866K, committed 206464K, reserved 1245184K
  class space    used 26999K, committed 28224K, reserved 1048576K
}
Event: 6028.213 GC heap before
{Heap before GC invocations=76 (full 1):
 garbage-first heap   total 819200K, used 632161K [0x0000000700000000, 0x0000000800000000)
  region size 2048K, 57 young (116736K), 8 survivors (16384K)
 Metaspace       used 203975K, committed 206592K, reserved 1245184K
  class space    used 27010K, committed 28288K, reserved 1048576K
}

