# JRE version: OpenJDK Runtime Environment (17.0.11) (build 17.0.11+0--11852314)
# Java VM: OpenJDK 64-Bit Server VM (17.0.11+0--11852314, mixed mode, tiered, compressed oops, compressed class ptrs, g1 gc, windows-amd64)
GC Precious Log:
 CPUs: 4 total, 4 available
 Memory: 8073M
 Large Page Support: Disabled
 NUMA Support: Disabled
 Compressed Oops: Enabled (Zero based)
 Heap Region Size: 2M
 Heap Min Capacity: 8M
 Heap Initial Capacity: 128M
 Heap Max Capacity: 4G
 Pre-touch: Disabled
 Parallel Workers: 4
 Concurrent Workers: 1
 Concurrent Refinement Workers: 4
 Periodic GC: Disabled
Heap:
 garbage-first heap   total 573440K, used 430363K [0x0000000700000000, 0x0000000800000000)
  region size 2048K, 2 young (4096K), 2 survivors (4096K)
 Metaspace       used 147591K, committed 148864K, reserved 1179648K
  class space    used 19623K, committed 20288K, reserved 1048576K
GC Heap History (20 events):
Event: 84.887 GC heap after
{Heap after GC invocations=61 (full 0):
 garbage-first heap   total 411648K, used 246393K [0x0000000700000000, 0x0000000800000000)
  region size 2048K, 4 young (8192K), 4 survivors (8192K)
 Metaspace       used 128425K, committed 129664K, reserved 1179648K
  class space    used 17431K, committed 18048K, reserved 1048576K
}
Event: 85.748 GC heap before
{Heap before GC invocations=61 (full 0):
 garbage-first heap   total 411648K, used 346745K [0x0000000700000000, 0x0000000800000000)
  region size 2048K, 53 young (108544K), 4 survivors (8192K)
 Metaspace       used 128574K, committed 129728K, reserved 1179648K
  class space    used 17453K, committed 18048K, reserved 1048576K
}
Event: 85.761 GC heap after
{Heap after GC invocations=62 (full 0):
 garbage-first heap   total 411648K, used 249184K [0x0000000700000000, 0x0000000800000000)
  region size 2048K, 4 young (8192K), 4 survivors (8192K)
 Metaspace       used 128574K, committed 129728K, reserved 1179648K
  class space    used 17453K, committed 18048K, reserved 1048576K
}
Event: 200.603 GC heap before
{Heap before GC invocations=62 (full 0):
 garbage-first heap   total 411648K, used 347488K [0x0000000700000000, 0x0000000800000000)
  region size 2048K, 53 young (108544K), 4 survivors (8192K)
 Metaspace       used 131643K, committed 132864K, reserved 1179648K
  class space    used 17895K, committed 18496K, reserved 1048576K
}
Event: 200.621 GC heap after
{Heap after GC invocations=63 (full 0):
 garbage-first heap   total 411648K, used 251479K [0x0000000700000000, 0x0000000800000000)
  region size 2048K, 5 young (10240K), 5 survivors (10240K)
 Metaspace       used 131643K, committed 132864K, reserved 1179648K
  class space    used 17895K, committed 18496K, reserved 1048576K
}
Event: 202.995 GC heap before
{Heap before GC invocations=63 (full 0):
 garbage-first heap   total 411648K, used 349783K [0x0000000700000000, 0x0000000800000000)
  region size 2048K, 53 young (108544K), 5 survivors (10240K)
 Metaspace       used 138054K, committed 139264K, reserved 1179648K
  class space    used 18621K, committed 19200K, reserved 1048576K
}
Event: 203.021 GC heap after
{Heap after GC invocations=64 (full 0):
 garbage-first heap   total 411648K, used 270086K [0x0000000700000000, 0x0000000800000000)
  region size 2048K, 7 young (14336K), 7 survivors (14336K)
 Metaspace       used 138054K, committed 139264K, reserved 1179648K
  class space    used 18621K, committed 19200K, reserved 1048576K
}
Event: 204.277 GC heap before
{Heap before GC invocations=64 (full 0):
 garbage-first heap   total 411648K, used 339718K [0x0000000700000000, 0x0000000800000000)
  region size 2048K, 42 young (86016K), 7 survivors (14336K)
 Metaspace       used 142173K, committed 143424K, reserved 1179648K
  class space    used 18962K, committed 19584K, reserved 1048576K
}
Event: 204.340 GC heap after
{Heap after GC invocations=65 (full 0):
 garbage-first heap   total 411648K, used 319905K [0x0000000700000000, 0x0000000800000000)
  region size 2048K, 6 young (12288K), 6 survivors (12288K)
 Metaspace       used 142173K, committed 143424K, reserved 1179648K
  class space    used 18962K, committed 19584K, reserved 1048576K
}
Event: 204.823 GC heap before
{Heap before GC invocations=65 (full 0):
 garbage-first heap   total 411648K, used 338337K [0x0000000700000000, 0x0000000800000000)
  region size 2048K, 15 young (30720K), 6 survivors (12288K)
 Metaspace       used 143275K, committed 144512K, reserved 1179648K
  class space    used 19100K, committed 19712K, reserved 1048576K
}
Event: 204.854 GC heap after
{Heap after GC invocations=66 (full 0):
 garbage-first heap   total 411648K, used 327680K [0x0000000700000000, 0x0000000800000000)
  region size 2048K, 2 young (4096K), 2 survivors (4096K)
 Metaspace       used 143275K, committed 144512K, reserved 1179648K
  class space    used 19100K, committed 19712K, reserved 1048576K
}
Event: 205.963 GC heap before
{Heap before GC invocations=66 (full 0):
 garbage-first heap   total 573440K, used 344064K [0x0000000700000000, 0x0000000800000000)
  region size 2048K, 10 young (20480K), 2 survivors (4096K)
 Metaspace       used 145758K, committed 147008K, reserved 1179648K
  class space    used 19452K, committed 20096K, reserved 1048576K
}
Event: 205.971 GC heap after
{Heap after GC invocations=67 (full 0):
 garbage-first heap   total 573440K, used 330056K [0x0000000700000000, 0x0000000800000000)
  region size 2048K, 1 young (2048K), 1 survivors (2048K)
 Metaspace       used 145758K, committed 147008K, reserved 1179648K
  class space    used 19452K, committed 20096K, reserved 1048576K
}
Event: 208.792 GC heap before
{Heap before GC invocations=68 (full 0):
 garbage-first heap   total 573440K, used 405832K [0x0000000700000000, 0x0000000800000000)
  region size 2048K, 38 young (77824K), 1 survivors (2048K)
 Metaspace       used 145918K, committed 147200K, reserved 1179648K
  class space    used 19463K, committed 20096K, reserved 1048576K
}
Event: 208.880 GC heap after
{Heap after GC invocations=69 (full 0):
 garbage-first heap   total 573440K, used 384105K [0x0000000700000000, 0x0000000800000000)
  region size 2048K, 5 young (10240K), 5 survivors (10240K)
 Metaspace       used 145918K, committed 147200K, reserved 1179648K
  class space    used 19463K, committed 20096K, reserved 1048576K
}
Event: 209.147 GC heap before
{Heap before GC invocations=69 (full 0):
 garbage-first heap   total 573440K, used 402537K [0x0000000700000000, 0x0000000800000000)
  region size 2048K, 14 young (28672K), 5 survivors (10240K)
 Metaspace       used 145958K, committed 147200K, reserved 1179648K
  class space    used 19463K, committed 20096K, reserved 1048576K
}
Event: 209.194 GC heap after
{Heap after GC invocations=70 (full 0):
 garbage-first heap   total 573440K, used 387072K [0x0000000700000000, 0x0000000800000000)
  region size 2048K, 2 young (4096K), 2 survivors (4096K)
 Metaspace       used 145958K, committed 147200K, reserved 1179648K
  class space    used 19463K, committed 20096K, reserved 1048576K
}
Event: 209.360 GC heap before
{Heap before GC invocations=70 (full 0):
 garbage-first heap   total 573440K, used 432128K [0x0000000700000000, 0x0000000800000000)
  region size 2048K, 24 young (49152K), 2 survivors (4096K)
 Metaspace       used 145962K, committed 147200K, reserved 1179648K
  class space    used 19463K, committed 20096K, reserved 1048576K
}
Event: 209.404 GC heap after
{Heap after GC invocations=71 (full 0):
 garbage-first heap   total 573440K, used 428032K [0x0000000700000000, 0x0000000800000000)
  region size 2048K, 3 young (6144K), 3 survivors (6144K)
 Metaspace       used 145962K, committed 147200K, reserved 1179648K
  class space    used 19463K, committed 20096K, reserved 1048576K
}
Event: 211.168 GC heap before
{Heap before GC invocations=71 (full 0):
 garbage-first heap   total 573440K, used 456704K [0x0000000700000000, 0x0000000800000000)
  region size 2048K, 17 young (34816K), 3 survivors (6144K)
 Metaspace       used 147591K, committed 148864K, reserved 1179648K
  class space    used 19623K, committed 20288K, reserved 1048576K
}

