# JRE version: OpenJDK Runtime Environment (17.0.11) (build 17.0.11+0--11852314)
# Java VM: OpenJDK 64-Bit Server VM (17.0.11+0--11852314, mixed mode, tiered, compressed oops, compressed class ptrs, g1 gc, windows-amd64)
GC Precious Log:
 CPUs: 4 total, 4 available
 Memory: 8073M
 Large Page Support: Disabled
 NUMA Support: Disabled
 Compressed Oops: Enabled (Zero based)
 Heap Region Size: 2M
 Heap Min Capacity: 8M
 Heap Initial Capacity: 128M
 Heap Max Capacity: 4G
 Pre-touch: Disabled
 Parallel Workers: 4
 Concurrent Workers: 1
 Concurrent Refinement Workers: 4
 Periodic GC: Disabled
Heap:
 garbage-first heap   total 745472K, used 325823K [0x0000000700000000, 0x0000000800000000)
  region size 2048K, 13 young (26624K), 13 survivors (26624K)
 Metaspace       used 206525K, committed 208256K, reserved 1245184K
  class space    used 26516K, committed 27328K, reserved 1048576K
GC Heap History (20 events):
Event: 1438.125 GC heap after
{Heap after GC invocations=69 (full 0):
 garbage-first heap   total 745472K, used 222481K [0x0000000700000000, 0x0000000800000000)
  region size 2048K, 7 young (14336K), 7 survivors (14336K)
 Metaspace       used 135410K, committed 136640K, reserved 1179648K
  class space    used 18689K, committed 19264K, reserved 1048576K
}
Event: 1445.630 GC heap before
{Heap before GC invocations=69 (full 0):
 garbage-first heap   total 745472K, used 558353K [0x0000000700000000, 0x0000000800000000)
  region size 2048K, 171 young (350208K), 7 survivors (14336K)
 Metaspace       used 168076K, committed 169216K, reserved 1245184K
  class space    used 22313K, committed 22848K, reserved 1048576K
}
Event: 1445.763 GC heap after
{Heap after GC invocations=70 (full 0):
 garbage-first heap   total 745472K, used 238724K [0x0000000700000000, 0x0000000800000000)
  region size 2048K, 15 young (30720K), 15 survivors (30720K)
 Metaspace       used 168076K, committed 169216K, reserved 1245184K
  class space    used 22313K, committed 22848K, reserved 1048576K
}
Event: 1456.243 GC heap before
{Heap before GC invocations=70 (full 0):
 garbage-first heap   total 745472K, used 590980K [0x0000000700000000, 0x0000000800000000)
  region size 2048K, 181 young (370688K), 15 survivors (30720K)
 Metaspace       used 185011K, committed 186240K, reserved 1245184K
  class space    used 23974K, committed 24512K, reserved 1048576K
}
Event: 1456.546 GC heap after
{Heap after GC invocations=71 (full 0):
 garbage-first heap   total 745472K, used 263079K [0x0000000700000000, 0x0000000800000000)
  region size 2048K, 17 young (34816K), 17 survivors (34816K)
 Metaspace       used 185011K, committed 186240K, reserved 1245184K
  class space    used 23974K, committed 24512K, reserved 1048576K
}
Event: 1459.940 GC heap before
{Heap before GC invocations=71 (full 0):
 garbage-first heap   total 745472K, used 388007K [0x0000000700000000, 0x0000000800000000)
  region size 2048K, 78 young (159744K), 17 survivors (34816K)
 Metaspace       used 188180K, committed 189376K, reserved 1245184K
  class space    used 24350K, committed 24896K, reserved 1048576K
}
Event: 1460.111 GC heap after
{Heap after GC invocations=72 (full 0):
 garbage-first heap   total 745472K, used 271709K [0x0000000700000000, 0x0000000800000000)
  region size 2048K, 6 young (12288K), 6 survivors (12288K)
 Metaspace       used 188180K, committed 189376K, reserved 1245184K
  class space    used 24350K, committed 24896K, reserved 1048576K
}
Event: 1464.803 GC heap before
{Heap before GC invocations=72 (full 0):
 garbage-first heap   total 745472K, used 597341K [0x0000000700000000, 0x0000000800000000)
  region size 2048K, 165 young (337920K), 6 survivors (12288K)
 Metaspace       used 189539K, committed 190784K, reserved 1245184K
  class space    used 24512K, committed 25088K, reserved 1048576K
}
Event: 1464.886 GC heap after
{Heap after GC invocations=73 (full 0):
 garbage-first heap   total 745472K, used 282709K [0x0000000700000000, 0x0000000800000000)
  region size 2048K, 12 young (24576K), 12 survivors (24576K)
 Metaspace       used 189539K, committed 190784K, reserved 1245184K
  class space    used 24512K, committed 25088K, reserved 1048576K
}
Event: 1469.098 GC heap before
{Heap before GC invocations=73 (full 0):
 garbage-first heap   total 745472K, used 604245K [0x0000000700000000, 0x0000000800000000)
  region size 2048K, 169 young (346112K), 12 survivors (24576K)
 Metaspace       used 189540K, committed 190784K, reserved 1245184K
  class space    used 24512K, committed 25088K, reserved 1048576K
}
Event: 1469.142 GC heap after
{Heap after GC invocations=74 (full 0):
 garbage-first heap   total 745472K, used 292121K [0x0000000700000000, 0x0000000800000000)
  region size 2048K, 16 young (32768K), 16 survivors (32768K)
 Metaspace       used 189540K, committed 190784K, reserved 1245184K
  class space    used 24512K, committed 25088K, reserved 1048576K
}
Event: 1674.554 GC heap before
{Heap before GC invocations=74 (full 0):
 garbage-first heap   total 745472K, used 609561K [0x0000000700000000, 0x0000000800000000)
  region size 2048K, 172 young (352256K), 16 survivors (32768K)
 Metaspace       used 190885K, committed 192256K, reserved 1245184K
  class space    used 24681K, committed 25344K, reserved 1048576K
}
Event: 1674.622 GC heap after
{Heap after GC invocations=75 (full 0):
 garbage-first heap   total 745472K, used 296257K [0x0000000700000000, 0x0000000800000000)
  region size 2048K, 9 young (18432K), 9 survivors (18432K)
 Metaspace       used 190885K, committed 192256K, reserved 1245184K
  class space    used 24681K, committed 25344K, reserved 1048576K
}
Event: 1675.119 GC heap before
{Heap before GC invocations=75 (full 0):
 garbage-first heap   total 745472K, used 314689K [0x0000000700000000, 0x0000000800000000)
  region size 2048K, 19 young (38912K), 9 survivors (18432K)
 Metaspace       used 191536K, committed 192960K, reserved 1245184K
  class space    used 24751K, committed 25472K, reserved 1048576K
}
Event: 1675.149 GC heap after
{Heap after GC invocations=76 (full 0):
 garbage-first heap   total 745472K, used 298221K [0x0000000700000000, 0x0000000800000000)
  region size 2048K, 10 young (20480K), 10 survivors (20480K)
 Metaspace       used 191536K, committed 192960K, reserved 1245184K
  class space    used 24751K, committed 25472K, reserved 1048576K
}
Event: 1709.613 GC heap before
{Heap before GC invocations=77 (full 0):
 garbage-first heap   total 745472K, used 621805K [0x0000000700000000, 0x0000000800000000)
  region size 2048K, 169 young (346112K), 10 survivors (20480K)
 Metaspace       used 194793K, committed 196352K, reserved 1245184K
  class space    used 25154K, committed 25920K, reserved 1048576K
}
Event: 1709.644 GC heap after
{Heap after GC invocations=78 (full 0):
 garbage-first heap   total 745472K, used 310390K [0x0000000700000000, 0x0000000800000000)
  region size 2048K, 16 young (32768K), 16 survivors (32768K)
 Metaspace       used 194793K, committed 196352K, reserved 1245184K
  class space    used 25154K, committed 25920K, reserved 1048576K
}
Event: 1709.663 GC heap before
{Heap before GC invocations=78 (full 0):
 garbage-first heap   total 745472K, used 314486K [0x0000000700000000, 0x0000000800000000)
  region size 2048K, 18 young (36864K), 16 survivors (32768K)
 Metaspace       used 194793K, committed 196352K, reserved 1245184K
  class space    used 25154K, committed 25920K, reserved 1048576K
}
Event: 1709.733 GC heap after
{Heap after GC invocations=79 (full 0):
 garbage-first heap   total 745472K, used 298148K [0x0000000700000000, 0x0000000800000000)
  region size 2048K, 2 young (4096K), 2 survivors (4096K)
 Metaspace       used 194793K, committed 196352K, reserved 1245184K
  class space    used 25154K, committed 25920K, reserved 1048576K
}
Event: 1722.794 GC heap before
{Heap before GC invocations=79 (full 0):
 garbage-first heap   total 745472K, used 634020K [0x0000000700000000, 0x0000000800000000)
  region size 2048K, 161 young (329728K), 2 survivors (4096K)
 Metaspace       used 206525K, committed 208256K, reserved 1245184K
  class space    used 26516K, committed 27328K, reserved 1048576K
}

