# JRE version: OpenJDK Runtime Environment (17.0.11) (build 17.0.11+0--11852314)
# Java VM: OpenJDK 64-Bit Server VM (17.0.11+0--11852314, mixed mode, tiered, compressed oops, compressed class ptrs, g1 gc, windows-amd64)
GC Precious Log:
 CPUs: 4 total, 4 available
 Memory: 8073M
 Large Page Support: Disabled
 NUMA Support: Disabled
 Compressed Oops: Enabled (Zero based)
 Heap Region Size: 2M
 Heap Min Capacity: 8M
 Heap Initial Capacity: 128M
 Heap Max Capacity: 4G
 Pre-touch: Disabled
 Parallel Workers: 4
 Concurrent Workers: 1
 Concurrent Refinement Workers: 4
 Periodic GC: Disabled
Heap:
 garbage-first heap   total 819200K, used 526078K [0x0000000700000000, 0x0000000800000000)
  region size 2048K, 3 young (6144K), 3 survivors (6144K)
 Metaspace       used 122279K, committed 123136K, reserved 1179648K
  class space    used 16865K, committed 17280K, reserved 1048576K
GC Heap History (20 events):
Event: 43.709 GC heap after
{Heap after GC invocations=42 (full 0):
 garbage-first heap   total 346112K, used 133680K [0x0000000700000000, 0x0000000800000000)
  region size 2048K, 8 young (16384K), 8 survivors (16384K)
 Metaspace       used 115018K, committed 115840K, reserved 1179648K
  class space    used 15680K, committed 16128K, reserved 1048576K
}
Event: 43.738 GC heap before
{Heap before GC invocations=42 (full 0):
 garbage-first heap   total 346112K, used 135728K [0x0000000700000000, 0x0000000800000000)
  region size 2048K, 9 young (18432K), 8 survivors (16384K)
 Metaspace       used 115018K, committed 115840K, reserved 1179648K
  class space    used 15680K, committed 16128K, reserved 1048576K
}
Event: 43.766 GC heap after
{Heap after GC invocations=43 (full 0):
 garbage-first heap   total 346112K, used 131873K [0x0000000700000000, 0x0000000800000000)
  region size 2048K, 1 young (2048K), 1 survivors (2048K)
 Metaspace       used 115018K, committed 115840K, reserved 1179648K
  class space    used 15680K, committed 16128K, reserved 1048576K
}
Event: 45.635 GC heap before
{Heap before GC invocations=43 (full 0):
 garbage-first heap   total 346112K, used 322337K [0x0000000700000000, 0x0000000800000000)
  region size 2048K, 74 young (151552K), 1 survivors (2048K)
 Metaspace       used 116746K, committed 117632K, reserved 1179648K
  class space    used 15887K, committed 16320K, reserved 1048576K
}
Event: 45.652 GC heap after
{Heap after GC invocations=44 (full 0):
 garbage-first heap   total 356352K, used 204800K [0x0000000700000000, 0x0000000800000000)
  region size 2048K, 10 young (20480K), 10 survivors (20480K)
 Metaspace       used 116746K, committed 117632K, reserved 1179648K
  class space    used 15887K, committed 16320K, reserved 1048576K
}
Event: 47.196 GC heap before
{Heap before GC invocations=44 (full 0):
 garbage-first heap   total 356352K, used 313344K [0x0000000700000000, 0x0000000800000000)
  region size 2048K, 44 young (90112K), 10 survivors (20480K)
 Metaspace       used 119302K, committed 120192K, reserved 1179648K
  class space    used 16280K, committed 16704K, reserved 1048576K
}
Event: 47.219 GC heap after
{Heap after GC invocations=45 (full 0):
 garbage-first heap   total 356352K, used 242741K [0x0000000700000000, 0x0000000800000000)
  region size 2048K, 6 young (12288K), 6 survivors (12288K)
 Metaspace       used 119302K, committed 120192K, reserved 1179648K
  class space    used 16280K, committed 16704K, reserved 1048576K
}
Event: 47.310 GC heap before
{Heap before GC invocations=45 (full 0):
 garbage-first heap   total 356352K, used 328757K [0x0000000700000000, 0x0000000800000000)
  region size 2048K, 23 young (47104K), 6 survivors (12288K)
 Metaspace       used 119406K, committed 120320K, reserved 1179648K
  class space    used 16297K, committed 16704K, reserved 1048576K
}
Event: 47.326 GC heap after
{Heap after GC invocations=46 (full 0):
 garbage-first heap   total 819200K, used 279981K [0x0000000700000000, 0x0000000800000000)
  region size 2048K, 4 young (8192K), 4 survivors (8192K)
 Metaspace       used 119406K, committed 120320K, reserved 1179648K
  class space    used 16297K, committed 16704K, reserved 1048576K
}
Event: 55.456 GC heap before
{Heap before GC invocations=47 (full 0):
 garbage-first heap   total 819200K, used 654765K [0x0000000700000000, 0x0000000800000000)
  region size 2048K, 181 young (370688K), 4 survivors (8192K)
 Metaspace       used 122271K, committed 123136K, reserved 1179648K
  class space    used 16865K, committed 17280K, reserved 1048576K
}
Event: 56.048 GC heap after
{Heap after GC invocations=48 (full 0):
 garbage-first heap   total 819200K, used 445583K [0x0000000700000000, 0x0000000800000000)
  region size 2048K, 23 young (47104K), 23 survivors (47104K)
 Metaspace       used 122271K, committed 123136K, reserved 1179648K
  class space    used 16865K, committed 17280K, reserved 1048576K
}
Event: 56.302 GC heap before
{Heap before GC invocations=48 (full 0):
 garbage-first heap   total 819200K, used 447631K [0x0000000700000000, 0x0000000800000000)
  region size 2048K, 24 young (49152K), 23 survivors (47104K)
 Metaspace       used 122271K, committed 123136K, reserved 1179648K
  class space    used 16865K, committed 17280K, reserved 1048576K
}
Event: 56.702 GC heap after
{Heap after GC invocations=49 (full 0):
 garbage-first heap   total 819200K, used 448512K [0x0000000700000000, 0x0000000800000000)
  region size 2048K, 2 young (4096K), 2 survivors (4096K)
 Metaspace       used 122271K, committed 123136K, reserved 1179648K
  class space    used 16865K, committed 17280K, reserved 1048576K
}
Event: 57.817 GC heap before
{Heap before GC invocations=49 (full 0):
 garbage-first heap   total 819200K, used 485376K [0x0000000700000000, 0x0000000800000000)
  region size 2048K, 20 young (40960K), 2 survivors (4096K)
 Metaspace       used 122273K, committed 123136K, reserved 1179648K
  class space    used 16865K, committed 17280K, reserved 1048576K
}
Event: 57.850 GC heap after
{Heap after GC invocations=50 (full 0):
 garbage-first heap   total 819200K, used 466944K [0x0000000700000000, 0x0000000800000000)
  region size 2048K, 3 young (6144K), 3 survivors (6144K)
 Metaspace       used 122273K, committed 123136K, reserved 1179648K
  class space    used 16865K, committed 17280K, reserved 1048576K
}
Event: 58.122 GC heap before
{Heap before GC invocations=50 (full 0):
 garbage-first heap   total 819200K, used 501760K [0x0000000700000000, 0x0000000800000000)
  region size 2048K, 20 young (40960K), 3 survivors (6144K)
 Metaspace       used 122273K, committed 123136K, reserved 1179648K
  class space    used 16865K, committed 17280K, reserved 1048576K
}
Event: 58.190 GC heap after
{Heap after GC invocations=51 (full 0):
 garbage-first heap   total 819200K, used 486400K [0x0000000700000000, 0x0000000800000000)
  region size 2048K, 3 young (6144K), 3 survivors (6144K)
 Metaspace       used 122273K, committed 123136K, reserved 1179648K
  class space    used 16865K, committed 17280K, reserved 1048576K
}
Event: 58.510 GC heap before
{Heap before GC invocations=51 (full 0):
 garbage-first heap   total 819200K, used 521216K [0x0000000700000000, 0x0000000800000000)
  region size 2048K, 20 young (40960K), 3 survivors (6144K)
 Metaspace       used 122274K, committed 123136K, reserved 1179648K
  class space    used 16865K, committed 17280K, reserved 1048576K
}
Event: 58.570 GC heap after
{Heap after GC invocations=52 (full 0):
 garbage-first heap   total 819200K, used 505741K [0x0000000700000000, 0x0000000800000000)
  region size 2048K, 3 young (6144K), 3 survivors (6144K)
 Metaspace       used 122274K, committed 123136K, reserved 1179648K
  class space    used 16865K, committed 17280K, reserved 1048576K
}
Event: 58.883 GC heap before
{Heap before GC invocations=52 (full 0):
 garbage-first heap   total 819200K, used 540557K [0x0000000700000000, 0x0000000800000000)
  region size 2048K, 20 young (40960K), 3 survivors (6144K)
 Metaspace       used 122279K, committed 123136K, reserved 1179648K
  class space    used 16865K, committed 17280K, reserved 1048576K
}

