# JRE version: OpenJDK Runtime Environment (17.0.11) (build 17.0.11+0--11852314)
# Java VM: OpenJDK 64-Bit Server VM (17.0.11+0--11852314, mixed mode, tiered, compressed oops, compressed class ptrs, g1 gc, windows-amd64)
GC Precious Log:
 CPUs: 4 total, 4 available
 Memory: 7971M
 Large Page Support: Disabled
 NUMA Support: Disabled
 Compressed Oops: Enabled (32-bit)
 Heap Region Size: 1M
 Heap Min Capacity: 8M
 Heap Initial Capacity: 126M
 Heap Max Capacity: 2G
 Pre-touch: Disabled
 Parallel Workers: 4
 Concurrent Workers: 1
 Concurrent Refinement Workers: 4
 Periodic GC: Disabled
Heap:
 garbage-first heap   total 199680K, used 152064K [0x0000000080000000, 0x0000000100000000)
  region size 1024K, 4 young (4096K), 4 survivors (4096K)
 Metaspace       used 107984K, committed 108800K, reserved 1179648K
  class space    used 14742K, committed 15104K, reserved 1048576K
GC Heap History (20 events):
Event: 18.896 GC heap after
{Heap after GC invocations=35 (full 0):
 garbage-first heap   total 163840K, used 93692K [0x0000000080000000, 0x0000000100000000)
  region size 1024K, 6 young (6144K), 6 survivors (6144K)
 Metaspace       used 92496K, committed 93184K, reserved 1179648K
  class space    used 12701K, committed 12992K, reserved 1048576K
}
Event: 19.472 GC heap before
{Heap before GC invocations=35 (full 0):
 garbage-first heap   total 163840K, used 136700K [0x0000000080000000, 0x0000000100000000)
  region size 1024K, 48 young (49152K), 6 survivors (6144K)
 Metaspace       used 95746K, committed 96448K, reserved 1179648K
  class space    used 13194K, committed 13504K, reserved 1048576K
}
Event: 19.482 GC heap after
{Heap after GC invocations=36 (full 0):
 garbage-first heap   total 163840K, used 95615K [0x0000000080000000, 0x0000000100000000)
  region size 1024K, 5 young (5120K), 5 survivors (5120K)
 Metaspace       used 95746K, committed 96448K, reserved 1179648K
  class space    used 13194K, committed 13504K, reserved 1048576K
}
Event: 19.845 GC heap before
{Heap before GC invocations=36 (full 0):
 garbage-first heap   total 163840K, used 120191K [0x0000000080000000, 0x0000000100000000)
  region size 1024K, 30 young (30720K), 5 survivors (5120K)
 Metaspace       used 98616K, committed 99328K, reserved 1179648K
  class space    used 13604K, committed 13952K, reserved 1048576K
}
Event: 19.854 GC heap after
{Heap after GC invocations=37 (full 0):
 garbage-first heap   total 196608K, used 96772K [0x0000000080000000, 0x0000000100000000)
  region size 1024K, 4 young (4096K), 4 survivors (4096K)
 Metaspace       used 98616K, committed 99328K, reserved 1179648K
  class space    used 13604K, committed 13952K, reserved 1048576K
}
Event: 20.984 GC heap before
{Heap before GC invocations=38 (full 0):
 garbage-first heap   total 196608K, used 164356K [0x0000000080000000, 0x0000000100000000)
  region size 1024K, 66 young (67584K), 4 survivors (4096K)
 Metaspace       used 102872K, committed 103552K, reserved 1179648K
  class space    used 14063K, committed 14400K, reserved 1048576K
}
Event: 20.997 GC heap after
{Heap after GC invocations=39 (full 0):
 garbage-first heap   total 196608K, used 102952K [0x0000000080000000, 0x0000000100000000)
  region size 1024K, 9 young (9216K), 9 survivors (9216K)
 Metaspace       used 102872K, committed 103552K, reserved 1179648K
  class space    used 14063K, committed 14400K, reserved 1048576K
}
Event: 21.013 GC heap before
{Heap before GC invocations=39 (full 0):
 garbage-first heap   total 196608K, used 103976K [0x0000000080000000, 0x0000000100000000)
  region size 1024K, 10 young (10240K), 9 survivors (9216K)
 Metaspace       used 102930K, committed 103616K, reserved 1179648K
  class space    used 14076K, committed 14400K, reserved 1048576K
}
Event: 21.024 GC heap after
{Heap after GC invocations=40 (full 0):
 garbage-first heap   total 196608K, used 102339K [0x0000000080000000, 0x0000000100000000)
  region size 1024K, 2 young (2048K), 2 survivors (2048K)
 Metaspace       used 102930K, committed 103616K, reserved 1179648K
  class space    used 14076K, committed 14400K, reserved 1048576K
}
Event: 21.886 GC heap before
{Heap before GC invocations=40 (full 0):
 garbage-first heap   total 196608K, used 158659K [0x0000000080000000, 0x0000000100000000)
  region size 1024K, 58 young (59392K), 2 survivors (2048K)
 Metaspace       used 104785K, committed 105664K, reserved 1179648K
  class space    used 14353K, committed 14784K, reserved 1048576K
}
Event: 21.897 GC heap after
{Heap after GC invocations=41 (full 0):
 garbage-first heap   total 196608K, used 107666K [0x0000000080000000, 0x0000000100000000)
  region size 1024K, 7 young (7168K), 7 survivors (7168K)
 Metaspace       used 104785K, committed 105664K, reserved 1179648K
  class space    used 14353K, committed 14784K, reserved 1048576K
}
Event: 22.605 GC heap before
{Heap before GC invocations=42 (full 0):
 garbage-first heap   total 199680K, used 157842K [0x0000000080000000, 0x0000000100000000)
  region size 1024K, 57 young (58368K), 7 survivors (7168K)
 Metaspace       used 104960K, committed 105792K, reserved 1179648K
  class space    used 14356K, committed 14784K, reserved 1048576K
}
Event: 22.617 GC heap after
{Heap after GC invocations=43 (full 0):
 garbage-first heap   total 199680K, used 109415K [0x0000000080000000, 0x0000000100000000)
  region size 1024K, 4 young (4096K), 4 survivors (4096K)
 Metaspace       used 104960K, committed 105792K, reserved 1179648K
  class space    used 14356K, committed 14784K, reserved 1048576K
}
Event: 22.674 GC heap before
{Heap before GC invocations=43 (full 0):
 garbage-first heap   total 199680K, used 113511K [0x0000000080000000, 0x0000000100000000)
  region size 1024K, 9 young (9216K), 4 survivors (4096K)
 Metaspace       used 104961K, committed 105792K, reserved 1179648K
  class space    used 14356K, committed 14784K, reserved 1048576K
}
Event: 22.680 GC heap after
{Heap after GC invocations=44 (full 0):
 garbage-first heap   total 199680K, used 107877K [0x0000000080000000, 0x0000000100000000)
  region size 1024K, 2 young (2048K), 2 survivors (2048K)
 Metaspace       used 104961K, committed 105792K, reserved 1179648K
  class space    used 14356K, committed 14784K, reserved 1048576K
}
Event: 23.659 GC heap before
{Heap before GC invocations=44 (full 0):
 garbage-first heap   total 199680K, used 164197K [0x0000000080000000, 0x0000000100000000)
  region size 1024K, 55 young (56320K), 2 survivors (2048K)
 Metaspace       used 107075K, committed 107904K, reserved 1179648K
  class space    used 14655K, committed 15040K, reserved 1048576K
}
Event: 23.671 GC heap after
{Heap after GC invocations=45 (full 0):
 garbage-first heap   total 199680K, used 118912K [0x0000000080000000, 0x0000000100000000)
  region size 1024K, 7 young (7168K), 7 survivors (7168K)
 Metaspace       used 107075K, committed 107904K, reserved 1179648K
  class space    used 14655K, committed 15040K, reserved 1048576K
}
Event: 24.136 GC heap before
{Heap before GC invocations=45 (full 0):
 garbage-first heap   total 199680K, used 157824K [0x0000000080000000, 0x0000000100000000)
  region size 1024K, 45 young (46080K), 7 survivors (7168K)
 Metaspace       used 107800K, committed 108608K, reserved 1179648K
  class space    used 14732K, committed 15104K, reserved 1048576K
}
Event: 24.153 GC heap after
{Heap after GC invocations=46 (full 0):
 garbage-first heap   total 199680K, used 132594K [0x0000000080000000, 0x0000000100000000)
  region size 1024K, 6 young (6144K), 6 survivors (6144K)
 Metaspace       used 107800K, committed 108608K, reserved 1179648K
  class space    used 14732K, committed 15104K, reserved 1048576K
}
Event: 24.514 GC heap before
{Heap before GC invocations=46 (full 0):
 garbage-first heap   total 199680K, used 165362K [0x0000000080000000, 0x0000000100000000)
  region size 1024K, 22 young (22528K), 6 survivors (6144K)
 Metaspace       used 107984K, committed 108800K, reserved 1179648K
  class space    used 14742K, committed 15104K, reserved 1048576K
}

