# JRE version: OpenJDK Runtime Environment (17.0.11) (build 17.0.11+0--11852314)
# Java VM: OpenJDK 64-Bit Server VM (17.0.11+0--11852314, mixed mode, tiered, compressed oops, compressed class ptrs, g1 gc, windows-amd64)
GC Precious Log:
 CPUs: 4 total, 4 available
 Memory: 8073M
 Large Page Support: Disabled
 NUMA Support: Disabled
 Compressed Oops: Enabled (32-bit)
 Heap Region Size: 1M
 Heap Min Capacity: 8M
 Heap Initial Capacity: 128M
 Heap Max Capacity: 2020M
 Pre-touch: Disabled
 Parallel Workers: 4
 Concurrent Workers: 1
 Concurrent Refinement Workers: 4
 Periodic GC: Disabled
Heap:
 garbage-first heap   total 206848K, used 142996K [0x0000000081c00000, 0x0000000100000000)
  region size 1024K, 3 young (3072K), 3 survivors (3072K)
 Metaspace       used 82232K, committed 82624K, reserved 1179648K
  class space    used 9100K, committed 9280K, reserved 1048576K
GC Heap History (20 events):
Event: 11.872 GC heap after
{Heap after GC invocations=24 (full 0):
 garbage-first heap   total 206848K, used 70127K [0x0000000081c00000, 0x0000000100000000)
  region size 1024K, 5 young (5120K), 5 survivors (5120K)
 Metaspace       used 65290K, committed 65600K, reserved 1114112K
  class space    used 7571K, committed 7744K, reserved 1048576K
}
Event: 15.468 GC heap before
{Heap before GC invocations=25 (full 0):
 garbage-first heap   total 206848K, used 160239K [0x0000000081c00000, 0x0000000100000000)
  region size 1024K, 91 young (93184K), 5 survivors (5120K)
 Metaspace       used 68129K, committed 68416K, reserved 1114112K
  class space    used 7776K, committed 7936K, reserved 1048576K
}
Event: 15.489 GC heap after
{Heap after GC invocations=26 (full 0):
 garbage-first heap   total 206848K, used 82272K [0x0000000081c00000, 0x0000000100000000)
  region size 1024K, 12 young (12288K), 12 survivors (12288K)
 Metaspace       used 68129K, committed 68416K, reserved 1114112K
  class space    used 7776K, committed 7936K, reserved 1048576K
}
Event: 15.540 GC heap before
{Heap before GC invocations=26 (full 0):
 garbage-first heap   total 206848K, used 83296K [0x0000000081c00000, 0x0000000100000000)
  region size 1024K, 13 young (13312K), 12 survivors (12288K)
 Metaspace       used 68143K, committed 68416K, reserved 1114112K
  class space    used 7777K, committed 7936K, reserved 1048576K
}
Event: 15.558 GC heap after
{Heap after GC invocations=27 (full 0):
 garbage-first heap   total 206848K, used 83924K [0x0000000081c00000, 0x0000000100000000)
  region size 1024K, 2 young (2048K), 2 survivors (2048K)
 Metaspace       used 68143K, committed 68416K, reserved 1114112K
  class space    used 7777K, committed 7936K, reserved 1048576K
}
Event: 17.566 GC heap before
{Heap before GC invocations=27 (full 0):
 garbage-first heap   total 206848K, used 156628K [0x0000000081c00000, 0x0000000100000000)
  region size 1024K, 72 young (73728K), 2 survivors (2048K)
 Metaspace       used 68696K, committed 68992K, reserved 1114112K
  class space    used 7804K, committed 7936K, reserved 1048576K
}
Event: 17.579 GC heap after
{Heap after GC invocations=28 (full 0):
 garbage-first heap   total 206848K, used 89189K [0x0000000081c00000, 0x0000000100000000)
  region size 1024K, 8 young (8192K), 8 survivors (8192K)
 Metaspace       used 68696K, committed 68992K, reserved 1114112K
  class space    used 7804K, committed 7936K, reserved 1048576K
}
Event: 20.383 GC heap before
{Heap before GC invocations=28 (full 0):
 garbage-first heap   total 206848K, used 158821K [0x0000000081c00000, 0x0000000100000000)
  region size 1024K, 76 young (77824K), 8 survivors (8192K)
 Metaspace       used 69334K, committed 69696K, reserved 1114112K
  class space    used 7821K, committed 8000K, reserved 1048576K
}
Event: 20.401 GC heap after
{Heap after GC invocations=29 (full 0):
 garbage-first heap   total 206848K, used 95478K [0x0000000081c00000, 0x0000000100000000)
  region size 1024K, 6 young (6144K), 6 survivors (6144K)
 Metaspace       used 69334K, committed 69696K, reserved 1114112K
  class space    used 7821K, committed 8000K, reserved 1048576K
}
Event: 22.596 GC heap before
{Heap before GC invocations=29 (full 0):
 garbage-first heap   total 206848K, used 163062K [0x0000000081c00000, 0x0000000100000000)
  region size 1024K, 72 young (73728K), 6 survivors (6144K)
 Metaspace       used 70397K, committed 70720K, reserved 1114112K
  class space    used 7890K, committed 8064K, reserved 1048576K
}
Event: 22.609 GC heap after
{Heap after GC invocations=30 (full 0):
 garbage-first heap   total 206848K, used 99328K [0x0000000081c00000, 0x0000000100000000)
  region size 1024K, 4 young (4096K), 4 survivors (4096K)
 Metaspace       used 70397K, committed 70720K, reserved 1114112K
  class space    used 7890K, committed 8064K, reserved 1048576K
}
Event: 24.429 GC heap before
{Heap before GC invocations=30 (full 0):
 garbage-first heap   total 206848K, used 166912K [0x0000000081c00000, 0x0000000100000000)
  region size 1024K, 70 young (71680K), 4 survivors (4096K)
 Metaspace       used 76426K, committed 76736K, reserved 1179648K
  class space    used 8478K, committed 8640K, reserved 1048576K
}
Event: 24.448 GC heap after
{Heap after GC invocations=31 (full 0):
 garbage-first heap   total 206848K, used 108544K [0x0000000081c00000, 0x0000000100000000)
  region size 1024K, 9 young (9216K), 9 survivors (9216K)
 Metaspace       used 76426K, committed 76736K, reserved 1179648K
  class space    used 8478K, committed 8640K, reserved 1048576K
}
Event: 25.494 GC heap before
{Heap before GC invocations=31 (full 0):
 garbage-first heap   total 206848K, used 166912K [0x0000000081c00000, 0x0000000100000000)
  region size 1024K, 66 young (67584K), 9 survivors (9216K)
 Metaspace       used 78310K, committed 78656K, reserved 1179648K
  class space    used 8689K, committed 8832K, reserved 1048576K
}
Event: 25.520 GC heap after
{Heap after GC invocations=32 (full 0):
 garbage-first heap   total 206848K, used 116916K [0x0000000081c00000, 0x0000000100000000)
  region size 1024K, 8 young (8192K), 8 survivors (8192K)
 Metaspace       used 78310K, committed 78656K, reserved 1179648K
  class space    used 8689K, committed 8832K, reserved 1048576K
}
Event: 26.497 GC heap before
{Heap before GC invocations=32 (full 0):
 garbage-first heap   total 206848K, used 168116K [0x0000000081c00000, 0x0000000100000000)
  region size 1024K, 58 young (59392K), 8 survivors (8192K)
 Metaspace       used 79396K, committed 79744K, reserved 1179648K
  class space    used 8793K, committed 8960K, reserved 1048576K
}
Event: 26.527 GC heap after
{Heap after GC invocations=33 (full 0):
 garbage-first heap   total 206848K, used 128000K [0x0000000081c00000, 0x0000000100000000)
  region size 1024K, 8 young (8192K), 8 survivors (8192K)
 Metaspace       used 79396K, committed 79744K, reserved 1179648K
  class space    used 8793K, committed 8960K, reserved 1048576K
}
Event: 27.168 GC heap before
{Heap before GC invocations=33 (full 0):
 garbage-first heap   total 206848K, used 166912K [0x0000000081c00000, 0x0000000100000000)
  region size 1024K, 46 young (47104K), 8 survivors (8192K)
 Metaspace       used 79869K, committed 80128K, reserved 1179648K
  class space    used 8820K, committed 8960K, reserved 1048576K
}
Event: 27.191 GC heap after
{Heap after GC invocations=34 (full 0):
 garbage-first heap   total 206848K, used 139196K [0x0000000081c00000, 0x0000000100000000)
  region size 1024K, 6 young (6144K), 6 survivors (6144K)
 Metaspace       used 79869K, committed 80128K, reserved 1179648K
  class space    used 8820K, committed 8960K, reserved 1048576K
}
Event: 27.951 GC heap before
{Heap before GC invocations=34 (full 0):
 garbage-first heap   total 206848K, used 168892K [0x0000000081c00000, 0x0000000100000000)
  region size 1024K, 35 young (35840K), 6 survivors (6144K)
 Metaspace       used 82232K, committed 82624K, reserved 1179648K
  class space    used 9100K, committed 9280K, reserved 1048576K
}

