# JRE version: OpenJDK Runtime Environment (17.0.11) (build 17.0.11+0--11852314)
# Java VM: OpenJDK 64-Bit Server VM (17.0.11+0--11852314, mixed mode, tiered, compressed oops, compressed class ptrs, g1 gc, windows-amd64)
GC Precious Log:
 CPUs: 4 total, 4 available
 Memory: 8073M
 Large Page Support: Disabled
 NUMA Support: Disabled
 Compressed Oops: Enabled (32-bit)
 Heap Region Size: 1M
 Heap Min Capacity: 8M
 Heap Initial Capacity: 128M
 Heap Max Capacity: 2G
 Pre-touch: Disabled
 Parallel Workers: 4
 Concurrent Workers: 1
 Concurrent Refinement Workers: 4
 Periodic GC: Disabled
Heap:
 garbage-first heap   total 358400K, used 280576K [0x0000000080000000, 0x0000000100000000)
  region size 1024K, 4 young (4096K), 4 survivors (4096K)
 Metaspace       used 156920K, committed 158016K, reserved 1245184K
  class space    used 21004K, committed 21568K, reserved 1048576K
GC Heap History (20 events):
Event: 331.726 GC heap after
{Heap after GC invocations=51 (full 0):
 garbage-first heap   total 350208K, used 144160K [0x0000000080000000, 0x0000000100000000)
  region size 1024K, 6 young (6144K), 6 survivors (6144K)
 Metaspace       used 128704K, committed 129600K, reserved 1179648K
  class space    used 17746K, committed 18176K, reserved 1048576K
}
Event: 332.229 GC heap before
{Heap before GC invocations=51 (full 0):
 garbage-first heap   total 350208K, used 155424K [0x0000000080000000, 0x0000000100000000)
  region size 1024K, 17 young (17408K), 6 survivors (6144K)
 Metaspace       used 128763K, committed 129664K, reserved 1179648K
  class space    used 17746K, committed 18176K, reserved 1048576K
}
Event: 332.238 GC heap after
{Heap after GC invocations=52 (full 0):
 garbage-first heap   total 350208K, used 135391K [0x0000000080000000, 0x0000000100000000)
  region size 1024K, 2 young (2048K), 2 survivors (2048K)
 Metaspace       used 128763K, committed 129664K, reserved 1179648K
  class space    used 17746K, committed 18176K, reserved 1048576K
}
Event: 333.369 GC heap before
{Heap before GC invocations=52 (full 0):
 garbage-first heap   total 350208K, used 194783K [0x0000000080000000, 0x0000000100000000)
  region size 1024K, 61 young (62464K), 2 survivors (2048K)
 Metaspace       used 129444K, committed 130368K, reserved 1179648K
  class space    used 17785K, committed 18240K, reserved 1048576K
}
Event: 333.386 GC heap after
{Heap after GC invocations=53 (full 0):
 garbage-first heap   total 350208K, used 143545K [0x0000000080000000, 0x0000000100000000)
  region size 1024K, 10 young (10240K), 10 survivors (10240K)
 Metaspace       used 129444K, committed 130368K, reserved 1179648K
  class space    used 17785K, committed 18240K, reserved 1048576K
}
Event: 336.050 GC heap before
{Heap before GC invocations=54 (full 0):
 garbage-first heap   total 350208K, used 306361K [0x0000000080000000, 0x0000000100000000)
  region size 1024K, 140 young (143360K), 10 survivors (10240K)
 Metaspace       used 135826K, committed 136832K, reserved 1179648K
  class space    used 18476K, committed 19008K, reserved 1048576K
}
Event: 336.066 GC heap after
{Heap after GC invocations=55 (full 0):
 garbage-first heap   total 350208K, used 145318K [0x0000000080000000, 0x0000000100000000)
  region size 1024K, 11 young (11264K), 11 survivors (11264K)
 Metaspace       used 135826K, committed 136832K, reserved 1179648K
  class space    used 18476K, committed 19008K, reserved 1048576K
}
Event: 336.156 GC heap before
{Heap before GC invocations=55 (full 0):
 garbage-first heap   total 350208K, used 151462K [0x0000000080000000, 0x0000000100000000)
  region size 1024K, 17 young (17408K), 11 survivors (11264K)
 Metaspace       used 135958K, committed 136960K, reserved 1179648K
  class space    used 18496K, committed 19008K, reserved 1048576K
}
Event: 336.180 GC heap after
{Heap after GC invocations=56 (full 0):
 garbage-first heap   total 350208K, used 135456K [0x0000000080000000, 0x0000000100000000)
  region size 1024K, 2 young (2048K), 2 survivors (2048K)
 Metaspace       used 135958K, committed 136960K, reserved 1179648K
  class space    used 18496K, committed 19008K, reserved 1048576K
}
Event: 344.813 GC heap before
{Heap before GC invocations=56 (full 0):
 garbage-first heap   total 350208K, used 279840K [0x0000000080000000, 0x0000000100000000)
  region size 1024K, 144 young (147456K), 2 survivors (2048K)
 Metaspace       used 143514K, committed 144512K, reserved 1179648K
  class space    used 19489K, committed 20032K, reserved 1048576K
}
Event: 344.828 GC heap after
{Heap after GC invocations=57 (full 0):
 garbage-first heap   total 350208K, used 142097K [0x0000000080000000, 0x0000000100000000)
  region size 1024K, 9 young (9216K), 9 survivors (9216K)
 Metaspace       used 143514K, committed 144512K, reserved 1179648K
  class space    used 19489K, committed 20032K, reserved 1048576K
}
Event: 346.804 GC heap before
{Heap before GC invocations=58 (full 0):
 garbage-first heap   total 350208K, used 285457K [0x0000000080000000, 0x0000000100000000)
  region size 1024K, 146 young (149504K), 9 survivors (9216K)
 Metaspace       used 153113K, committed 154176K, reserved 1245184K
  class space    used 20513K, committed 21056K, reserved 1048576K
}
Event: 346.866 GC heap after
{Heap after GC invocations=59 (full 0):
 garbage-first heap   total 358400K, used 206778K [0x0000000080000000, 0x0000000100000000)
  region size 1024K, 19 young (19456K), 19 survivors (19456K)
 Metaspace       used 153113K, committed 154176K, reserved 1245184K
  class space    used 20513K, committed 21056K, reserved 1048576K
}
Event: 346.895 GC heap before
{Heap before GC invocations=59 (full 0):
 garbage-first heap   total 358400K, used 207802K [0x0000000080000000, 0x0000000100000000)
  region size 1024K, 20 young (20480K), 19 survivors (19456K)
 Metaspace       used 153113K, committed 154176K, reserved 1245184K
  class space    used 20513K, committed 21056K, reserved 1048576K
}
Event: 346.924 GC heap after
{Heap after GC invocations=60 (full 0):
 garbage-first heap   total 358400K, used 206336K [0x0000000080000000, 0x0000000100000000)
  region size 1024K, 3 young (3072K), 3 survivors (3072K)
 Metaspace       used 153113K, committed 154176K, reserved 1245184K
  class space    used 20513K, committed 21056K, reserved 1048576K
}
Event: 347.602 GC heap before
{Heap before GC invocations=60 (full 0):
 garbage-first heap   total 358400K, used 258560K [0x0000000080000000, 0x0000000100000000)
  region size 1024K, 54 young (55296K), 3 survivors (3072K)
 Metaspace       used 156727K, committed 157824K, reserved 1245184K
  class space    used 21004K, committed 21568K, reserved 1048576K
}
Event: 347.618 GC heap after
{Heap after GC invocations=61 (full 0):
 garbage-first heap   total 358400K, used 227328K [0x0000000080000000, 0x0000000100000000)
  region size 1024K, 7 young (7168K), 7 survivors (7168K)
 Metaspace       used 156727K, committed 157824K, reserved 1245184K
  class space    used 21004K, committed 21568K, reserved 1048576K
}
Event: 347.742 GC heap before
{Heap before GC invocations=61 (full 0):
 garbage-first heap   total 358400K, used 268288K [0x0000000080000000, 0x0000000100000000)
  region size 1024K, 47 young (48128K), 7 survivors (7168K)
 Metaspace       used 156741K, committed 157824K, reserved 1245184K
  class space    used 21004K, committed 21568K, reserved 1048576K
}
Event: 347.783 GC heap after
{Heap after GC invocations=62 (full 0):
 garbage-first heap   total 358400K, used 265216K [0x0000000080000000, 0x0000000100000000)
  region size 1024K, 6 young (6144K), 6 survivors (6144K)
 Metaspace       used 156741K, committed 157824K, reserved 1245184K
  class space    used 21004K, committed 21568K, reserved 1048576K
}
Event: 348.092 GC heap before
{Heap before GC invocations=62 (full 0):
 garbage-first heap   total 358400K, used 284672K [0x0000000080000000, 0x0000000100000000)
  region size 1024K, 25 young (25600K), 6 survivors (6144K)
 Metaspace       used 156920K, committed 158016K, reserved 1245184K
  class space    used 21004K, committed 21568K, reserved 1048576K
}

