# JRE version: OpenJDK Runtime Environment (17.0.11) (build 17.0.11+0--11852314)
# Java VM: OpenJDK 64-Bit Server VM (17.0.11+0--11852314, mixed mode, tiered, compressed oops, compressed class ptrs, g1 gc, windows-amd64)
GC Precious Log:
 CPUs: 4 total, 4 available
 Memory: 8073M
 Large Page Support: Disabled
 NUMA Support: Disabled
 Compressed Oops: Enabled (Zero based)
 Heap Region Size: 2M
 Heap Min Capacity: 8M
 Heap Initial Capacity: 128M
 Heap Max Capacity: 4G
 Pre-touch: Disabled
 Parallel Workers: 4
 Concurrent Workers: 1
 Concurrent Refinement Workers: 4
 Periodic GC: Disabled
Heap:
 garbage-first heap   total 481280K, used 198340K [0x0000000700000000, 0x0000000800000000)
  region size 2048K, 9 young (18432K), 9 survivors (18432K)
 Metaspace       used 137683K, committed 138880K, reserved 1179648K
  class space    used 18755K, committed 19328K, reserved 1048576K
GC Heap History (20 events):
Event: 348.305 GC heap after
{Heap after GC invocations=63 (full 0):
 garbage-first heap   total 376832K, used 207266K [0x0000000700000000, 0x0000000800000000)
  region size 2048K, 6 young (12288K), 6 survivors (12288K)
 Metaspace       used 134072K, committed 135040K, reserved 1179648K
  class space    used 18355K, committed 18816K, reserved 1048576K
}
Event: 356.618 GC heap before
{Heap before GC invocations=63 (full 0):
 garbage-first heap   total 376832K, used 313762K [0x0000000700000000, 0x0000000800000000)
  region size 2048K, 59 young (120832K), 6 survivors (12288K)
 Metaspace       used 136045K, committed 137088K, reserved 1179648K
  class space    used 18645K, committed 19136K, reserved 1048576K
}
Event: 356.650 GC heap after
{Heap after GC invocations=64 (full 0):
 garbage-first heap   total 466944K, used 220548K [0x0000000700000000, 0x0000000800000000)
  region size 2048K, 7 young (14336K), 7 survivors (14336K)
 Metaspace       used 136045K, committed 137088K, reserved 1179648K
  class space    used 18645K, committed 19136K, reserved 1048576K
}
Event: 357.625 GC heap before
{Heap before GC invocations=64 (full 0):
 garbage-first heap   total 466944K, used 345476K [0x0000000700000000, 0x0000000800000000)
  region size 2048K, 44 young (90112K), 7 survivors (14336K)
 Metaspace       used 136183K, committed 137216K, reserved 1179648K
  class space    used 18651K, committed 19200K, reserved 1048576K
}
Event: 357.645 GC heap after
{Heap after GC invocations=65 (full 0):
 garbage-first heap   total 466944K, used 232034K [0x0000000700000000, 0x0000000800000000)
  region size 2048K, 2 young (4096K), 2 survivors (4096K)
 Metaspace       used 136183K, committed 137216K, reserved 1179648K
  class space    used 18651K, committed 19200K, reserved 1048576K
}
Event: 427.934 GC heap before
{Heap before GC invocations=65 (full 0):
 garbage-first heap   total 466944K, used 430690K [0x0000000700000000, 0x0000000800000000)
  region size 2048K, 78 young (159744K), 2 survivors (4096K)
 Metaspace       used 136696K, committed 137792K, reserved 1179648K
  class space    used 18688K, committed 19200K, reserved 1048576K
}
Event: 427.958 GC heap after
{Heap after GC invocations=66 (full 0):
 garbage-first heap   total 466944K, used 236065K [0x0000000700000000, 0x0000000800000000)
  region size 2048K, 8 young (16384K), 8 survivors (16384K)
 Metaspace       used 136696K, committed 137792K, reserved 1179648K
  class space    used 18688K, committed 19200K, reserved 1048576K
}
Event: 431.984 GC heap before
{Heap before GC invocations=66 (full 0):
 garbage-first heap   total 466944K, used 397857K [0x0000000700000000, 0x0000000800000000)
  region size 2048K, 66 young (135168K), 8 survivors (16384K)
 Metaspace       used 136960K, committed 138112K, reserved 1179648K
  class space    used 18707K, committed 19264K, reserved 1048576K
}
Event: 432.003 GC heap after
{Heap after GC invocations=67 (full 0):
 garbage-first heap   total 466944K, used 247966K [0x0000000700000000, 0x0000000800000000)
  region size 2048K, 2 young (4096K), 2 survivors (4096K)
 Metaspace       used 136960K, committed 138112K, reserved 1179648K
  class space    used 18707K, committed 19264K, reserved 1048576K
}
Event: 432.006 GC heap before
{Heap before GC invocations=67 (full 0):
 garbage-first heap   total 466944K, used 250014K [0x0000000700000000, 0x0000000800000000)
  region size 2048K, 2 young (4096K), 2 survivors (4096K)
 Metaspace       used 136960K, committed 138112K, reserved 1179648K
  class space    used 18707K, committed 19264K, reserved 1048576K
}
Event: 432.013 GC heap after
{Heap after GC invocations=68 (full 0):
 garbage-first heap   total 466944K, used 249370K [0x0000000700000000, 0x0000000800000000)
  region size 2048K, 2 young (4096K), 2 survivors (4096K)
 Metaspace       used 136960K, committed 138112K, reserved 1179648K
  class space    used 18707K, committed 19264K, reserved 1048576K
}
Event: 432.019 GC heap before
{Heap before GC invocations=68 (full 0):
 garbage-first heap   total 466944K, used 251418K [0x0000000700000000, 0x0000000800000000)
  region size 2048K, 3 young (6144K), 2 survivors (4096K)
 Metaspace       used 136960K, committed 138112K, reserved 1179648K
  class space    used 18707K, committed 19264K, reserved 1048576K
}
Event: 432.023 GC heap after
{Heap after GC invocations=69 (full 0):
 garbage-first heap   total 466944K, used 246875K [0x0000000700000000, 0x0000000800000000)
  region size 2048K, 2 young (4096K), 2 survivors (4096K)
 Metaspace       used 136960K, committed 138112K, reserved 1179648K
  class space    used 18707K, committed 19264K, reserved 1048576K
}
Event: 515.390 GC heap before
{Heap before GC invocations=70 (full 0):
 garbage-first heap   total 481280K, used 427099K [0x0000000700000000, 0x0000000800000000)
  region size 2048K, 73 young (149504K), 2 survivors (4096K)
 Metaspace       used 137259K, committed 138432K, reserved 1179648K
  class space    used 18724K, committed 19264K, reserved 1048576K
}
Event: 515.419 GC heap after
{Heap after GC invocations=71 (full 0):
 garbage-first heap   total 481280K, used 239344K [0x0000000700000000, 0x0000000800000000)
  region size 2048K, 8 young (16384K), 8 survivors (16384K)
 Metaspace       used 137259K, committed 138432K, reserved 1179648K
  class space    used 18724K, committed 19264K, reserved 1048576K
}
Event: 515.596 GC heap before
{Heap before GC invocations=71 (full 0):
 garbage-first heap   total 481280K, used 245488K [0x0000000700000000, 0x0000000800000000)
  region size 2048K, 11 young (22528K), 8 survivors (16384K)
 Metaspace       used 137274K, committed 138432K, reserved 1179648K
  class space    used 18727K, committed 19264K, reserved 1048576K
}
Event: 515.622 GC heap after
{Heap after GC invocations=72 (full 0):
 garbage-first heap   total 481280K, used 194488K [0x0000000700000000, 0x0000000800000000)
  region size 2048K, 1 young (2048K), 1 survivors (2048K)
 Metaspace       used 137274K, committed 138432K, reserved 1179648K
  class space    used 18727K, committed 19264K, reserved 1048576K
}
Event: 515.858 GC heap before
{Heap before GC invocations=72 (full 0):
 garbage-first heap   total 481280K, used 212920K [0x0000000700000000, 0x0000000800000000)
  region size 2048K, 11 young (22528K), 1 survivors (2048K)
 Metaspace       used 137322K, committed 138496K, reserved 1179648K
  class space    used 18733K, committed 19264K, reserved 1048576K
}
Event: 515.875 GC heap after
{Heap after GC invocations=73 (full 0):
 garbage-first heap   total 481280K, used 182029K [0x0000000700000000, 0x0000000800000000)
  region size 2048K, 1 young (2048K), 1 survivors (2048K)
 Metaspace       used 137322K, committed 138496K, reserved 1179648K
  class space    used 18733K, committed 19264K, reserved 1048576K
}
Event: 653.395 GC heap before
{Heap before GC invocations=73 (full 0):
 garbage-first heap   total 481280K, used 401165K [0x0000000700000000, 0x0000000800000000)
  region size 2048K, 108 young (221184K), 1 survivors (2048K)
 Metaspace       used 137683K, committed 138880K, reserved 1179648K
  class space    used 18755K, committed 19328K, reserved 1048576K
}

