# JRE version: OpenJDK Runtime Environment (17.0.11) (build 17.0.11+0--11852314)
# Java VM: OpenJDK 64-Bit Server VM (17.0.11+0--11852314, mixed mode, tiered, compressed oops, compressed class ptrs, g1 gc, windows-amd64)
GC Precious Log:
 CPUs: 4 total, 4 available
 Memory: 8073M
 Large Page Support: Disabled
 NUMA Support: Disabled
 Compressed Oops: Enabled (32-bit)
 Heap Region Size: 1M
 Heap Min Capacity: 8M
 Heap Initial Capacity: 128M
 Heap Max Capacity: 2020M
 Pre-touch: Disabled
 Parallel Workers: 4
 Concurrent Workers: 1
 Concurrent Refinement Workers: 4
 Periodic GC: Disabled
Heap:
 garbage-first heap   total 172032K, used 119466K [0x0000000081c00000, 0x0000000100000000)
  region size 1024K, 3 young (3072K), 3 survivors (3072K)
 Metaspace       used 81214K, committed 81664K, reserved 1179648K
  class space    used 9076K, committed 9280K, reserved 1048576K
GC Heap History (20 events):
Event: 8.262 GC heap after
{Heap after GC invocations=23 (full 0):
 garbage-first heap   total 119808K, used 61557K [0x0000000081c00000, 0x0000000100000000)
  region size 1024K, 1 young (1024K), 1 survivors (1024K)
 Metaspace       used 62813K, committed 63168K, reserved 1114112K
  class space    used 7440K, committed 7616K, reserved 1048576K
}
Event: 9.558 GC heap before
{Heap before GC invocations=23 (full 0):
 garbage-first heap   total 119808K, used 94325K [0x0000000081c00000, 0x0000000100000000)
  region size 1024K, 33 young (33792K), 1 survivors (1024K)
 Metaspace       used 64706K, committed 65088K, reserved 1114112K
  class space    used 7551K, committed 7744K, reserved 1048576K
}
Event: 9.572 GC heap after
{Heap after GC invocations=24 (full 0):
 garbage-first heap   total 172032K, used 64430K [0x0000000081c00000, 0x0000000100000000)
  region size 1024K, 4 young (4096K), 4 survivors (4096K)
 Metaspace       used 64706K, committed 65088K, reserved 1114112K
  class space    used 7551K, committed 7744K, reserved 1048576K
}
Event: 13.415 GC heap before
{Heap before GC invocations=25 (full 0):
 garbage-first heap   total 172032K, used 132014K [0x0000000081c00000, 0x0000000100000000)
  region size 1024K, 70 young (71680K), 4 survivors (4096K)
 Metaspace       used 67785K, committed 68096K, reserved 1114112K
  class space    used 7764K, committed 7936K, reserved 1048576K
}
Event: 13.433 GC heap after
{Heap after GC invocations=26 (full 0):
 garbage-first heap   total 172032K, used 73576K [0x0000000081c00000, 0x0000000100000000)
  region size 1024K, 9 young (9216K), 9 survivors (9216K)
 Metaspace       used 67785K, committed 68096K, reserved 1114112K
  class space    used 7764K, committed 7936K, reserved 1048576K
}
Event: 13.477 GC heap before
{Heap before GC invocations=26 (full 0):
 garbage-first heap   total 172032K, used 74600K [0x0000000081c00000, 0x0000000100000000)
  region size 1024K, 10 young (10240K), 9 survivors (9216K)
 Metaspace       used 67789K, committed 68096K, reserved 1114112K
  class space    used 7764K, committed 7936K, reserved 1048576K
}
Event: 13.490 GC heap after
{Heap after GC invocations=27 (full 0):
 garbage-first heap   total 172032K, used 74671K [0x0000000081c00000, 0x0000000100000000)
  region size 1024K, 2 young (2048K), 2 survivors (2048K)
 Metaspace       used 67789K, committed 68096K, reserved 1114112K
  class space    used 7764K, committed 7936K, reserved 1048576K
}
Event: 14.953 GC heap before
{Heap before GC invocations=27 (full 0):
 garbage-first heap   total 172032K, used 134063K [0x0000000081c00000, 0x0000000100000000)
  region size 1024K, 57 young (58368K), 2 survivors (2048K)
 Metaspace       used 68300K, committed 68608K, reserved 1114112K
  class space    used 7791K, committed 7936K, reserved 1048576K
}
Event: 14.962 GC heap after
{Heap after GC invocations=28 (full 0):
 garbage-first heap   total 172032K, used 81330K [0x0000000081c00000, 0x0000000100000000)
  region size 1024K, 6 young (6144K), 6 survivors (6144K)
 Metaspace       used 68300K, committed 68608K, reserved 1114112K
  class space    used 7791K, committed 7936K, reserved 1048576K
}
Event: 16.545 GC heap before
{Heap before GC invocations=28 (full 0):
 garbage-first heap   total 172032K, used 135602K [0x0000000081c00000, 0x0000000100000000)
  region size 1024K, 59 young (60416K), 6 survivors (6144K)
 Metaspace       used 69110K, committed 69376K, reserved 1114112K
  class space    used 7846K, committed 8000K, reserved 1048576K
}
Event: 16.563 GC heap after
{Heap after GC invocations=29 (full 0):
 garbage-first heap   total 172032K, used 87049K [0x0000000081c00000, 0x0000000100000000)
  region size 1024K, 6 young (6144K), 6 survivors (6144K)
 Metaspace       used 69110K, committed 69376K, reserved 1114112K
  class space    used 7846K, committed 8000K, reserved 1048576K
}
Event: 17.570 GC heap before
{Heap before GC invocations=29 (full 0):
 garbage-first heap   total 172032K, used 137225K [0x0000000081c00000, 0x0000000100000000)
  region size 1024K, 55 young (56320K), 6 survivors (6144K)
 Metaspace       used 74975K, committed 75328K, reserved 1179648K
  class space    used 8418K, committed 8576K, reserved 1048576K
}
Event: 17.582 GC heap after
{Heap after GC invocations=30 (full 0):
 garbage-first heap   total 172032K, used 91042K [0x0000000081c00000, 0x0000000100000000)
  region size 1024K, 4 young (4096K), 4 survivors (4096K)
 Metaspace       used 74975K, committed 75328K, reserved 1179648K
  class space    used 8418K, committed 8576K, reserved 1048576K
}
Event: 18.563 GC heap before
{Heap before GC invocations=30 (full 0):
 garbage-first heap   total 172032K, used 140194K [0x0000000081c00000, 0x0000000100000000)
  region size 1024K, 52 young (53248K), 4 survivors (4096K)
 Metaspace       used 77199K, committed 77568K, reserved 1179648K
  class space    used 8656K, committed 8832K, reserved 1048576K
}
Event: 18.580 GC heap after
{Heap after GC invocations=31 (full 0):
 garbage-first heap   total 172032K, used 98792K [0x0000000081c00000, 0x0000000100000000)
  region size 1024K, 7 young (7168K), 7 survivors (7168K)
 Metaspace       used 77199K, committed 77568K, reserved 1179648K
  class space    used 8656K, committed 8832K, reserved 1048576K
}
Event: 19.100 GC heap before
{Heap before GC invocations=31 (full 0):
 garbage-first heap   total 172032K, used 139752K [0x0000000081c00000, 0x0000000100000000)
  region size 1024K, 47 young (48128K), 7 survivors (7168K)
 Metaspace       used 78287K, committed 78592K, reserved 1179648K
  class space    used 8765K, committed 8896K, reserved 1048576K
}
Event: 19.117 GC heap after
{Heap after GC invocations=32 (full 0):
 garbage-first heap   total 172032K, used 105418K [0x0000000081c00000, 0x0000000100000000)
  region size 1024K, 6 young (6144K), 6 survivors (6144K)
 Metaspace       used 78287K, committed 78592K, reserved 1179648K
  class space    used 8765K, committed 8896K, reserved 1048576K
}
Event: 19.599 GC heap before
{Heap before GC invocations=32 (full 0):
 garbage-first heap   total 172032K, used 140234K [0x0000000081c00000, 0x0000000100000000)
  region size 1024K, 40 young (40960K), 6 survivors (6144K)
 Metaspace       used 78844K, committed 79232K, reserved 1179648K
  class space    used 8797K, committed 8960K, reserved 1048576K
}
Event: 19.621 GC heap after
{Heap after GC invocations=33 (full 0):
 garbage-first heap   total 172032K, used 115281K [0x0000000081c00000, 0x0000000100000000)
  region size 1024K, 5 young (5120K), 5 survivors (5120K)
 Metaspace       used 78844K, committed 79232K, reserved 1179648K
  class space    used 8797K, committed 8960K, reserved 1048576K
}
Event: 20.089 GC heap before
{Heap before GC invocations=33 (full 0):
 garbage-first heap   total 172032K, used 140881K [0x0000000081c00000, 0x0000000100000000)
  region size 1024K, 30 young (30720K), 5 survivors (5120K)
 Metaspace       used 81214K, committed 81664K, reserved 1179648K
  class space    used 9076K, committed 9280K, reserved 1048576K
}

