# JRE version: OpenJDK Runtime Environment (17.0.11) (build 17.0.11+0--11852314)
# Java VM: OpenJDK 64-Bit Server VM (17.0.11+0--11852314, mixed mode, tiered, compressed oops, compressed class ptrs, g1 gc, windows-amd64)
GC Precious Log:
 CPUs: 4 total, 4 available
 Memory: 7971M
 Large Page Support: Disabled
 NUMA Support: Disabled
 Compressed Oops: Enabled (32-bit)
 Heap Region Size: 1M
 Heap Min Capacity: 8M
 Heap Initial Capacity: 126M
 Heap Max Capacity: 2G
 Pre-touch: Disabled
 Parallel Workers: 4
 Concurrent Workers: 1
 Concurrent Refinement Workers: 4
 Periodic GC: Disabled
Heap:
 garbage-first heap   total 138240K, used 81762K [0x0000000080000000, 0x0000000100000000)
  region size 1024K, 1 young (1024K), 1 survivors (1024K)
 Metaspace       used 67468K, committed 68096K, reserved 1114112K
  class space    used 9618K, committed 9920K, reserved 1048576K
GC Heap History (20 events):
Event: 31.859 GC heap after
{Heap after GC invocations=23 (full 0):
 garbage-first heap   total 109568K, used 69705K [0x0000000080000000, 0x0000000100000000)
  region size 1024K, 1 young (1024K), 1 survivors (1024K)
 Metaspace       used 53154K, committed 53632K, reserved 1114112K
  class space    used 7068K, committed 7296K, reserved 1048576K
}
Event: 32.593 GC heap before
{Heap before GC invocations=23 (full 0):
 garbage-first heap   total 109568K, used 90185K [0x0000000080000000, 0x0000000100000000)
  region size 1024K, 21 young (21504K), 1 survivors (1024K)
 Metaspace       used 53986K, committed 54592K, reserved 1114112K
  class space    used 7204K, committed 7488K, reserved 1048576K
}
Event: 32.595 GC heap after
{Heap after GC invocations=24 (full 0):
 garbage-first heap   total 109568K, used 70489K [0x0000000080000000, 0x0000000100000000)
  region size 1024K, 2 young (2048K), 2 survivors (2048K)
 Metaspace       used 53986K, committed 54592K, reserved 1114112K
  class space    used 7204K, committed 7488K, reserved 1048576K
}
Event: 33.873 GC heap before
{Heap before GC invocations=25 (full 0):
 garbage-first heap   total 121856K, used 90969K [0x0000000080000000, 0x0000000100000000)
  region size 1024K, 22 young (22528K), 2 survivors (2048K)
 Metaspace       used 56388K, committed 56896K, reserved 1114112K
  class space    used 7603K, committed 7872K, reserved 1048576K
}
Event: 33.877 GC heap after
{Heap after GC invocations=26 (full 0):
 garbage-first heap   total 121856K, used 71572K [0x0000000080000000, 0x0000000100000000)
  region size 1024K, 3 young (3072K), 3 survivors (3072K)
 Metaspace       used 56388K, committed 56896K, reserved 1114112K
  class space    used 7603K, committed 7872K, reserved 1048576K
}
Event: 33.898 GC heap before
{Heap before GC invocations=26 (full 0):
 garbage-first heap   total 121856K, used 73620K [0x0000000080000000, 0x0000000100000000)
  region size 1024K, 5 young (5120K), 3 survivors (3072K)
 Metaspace       used 56749K, committed 57280K, reserved 1114112K
  class space    used 7674K, committed 7936K, reserved 1048576K
}
Event: 33.901 GC heap after
{Heap after GC invocations=27 (full 0):
 garbage-first heap   total 121856K, used 71628K [0x0000000080000000, 0x0000000100000000)
  region size 1024K, 1 young (1024K), 1 survivors (1024K)
 Metaspace       used 56749K, committed 57280K, reserved 1114112K
  class space    used 7674K, committed 7936K, reserved 1048576K
}
Event: 34.709 GC heap before
{Heap before GC invocations=27 (full 0):
 garbage-first heap   total 121856K, used 98252K [0x0000000080000000, 0x0000000100000000)
  region size 1024K, 27 young (27648K), 1 survivors (1024K)
 Metaspace       used 59339K, committed 59904K, reserved 1114112K
  class space    used 8106K, committed 8384K, reserved 1048576K
}
Event: 34.716 GC heap after
{Heap after GC invocations=28 (full 0):
 garbage-first heap   total 121856K, used 73238K [0x0000000080000000, 0x0000000100000000)
  region size 1024K, 2 young (2048K), 2 survivors (2048K)
 Metaspace       used 59339K, committed 59904K, reserved 1114112K
  class space    used 8106K, committed 8384K, reserved 1048576K
}
Event: 35.731 GC heap before
{Heap before GC invocations=29 (full 0):
 garbage-first heap   total 126976K, used 98838K [0x0000000080000000, 0x0000000100000000)
  region size 1024K, 27 young (27648K), 2 survivors (2048K)
 Metaspace       used 61679K, committed 62336K, reserved 1114112K
  class space    used 8455K, committed 8768K, reserved 1048576K
}
Event: 35.738 GC heap after
{Heap after GC invocations=30 (full 0):
 garbage-first heap   total 126976K, used 75655K [0x0000000080000000, 0x0000000100000000)
  region size 1024K, 4 young (4096K), 4 survivors (4096K)
 Metaspace       used 61679K, committed 62336K, reserved 1114112K
  class space    used 8455K, committed 8768K, reserved 1048576K
}
Event: 35.823 GC heap before
{Heap before GC invocations=30 (full 0):
 garbage-first heap   total 126976K, used 77703K [0x0000000080000000, 0x0000000100000000)
  region size 1024K, 6 young (6144K), 4 survivors (4096K)
 Metaspace       used 61737K, committed 62336K, reserved 1114112K
  class space    used 8456K, committed 8768K, reserved 1048576K
}
Event: 35.831 GC heap after
{Heap after GC invocations=31 (full 0):
 garbage-first heap   total 126976K, used 76168K [0x0000000080000000, 0x0000000100000000)
  region size 1024K, 1 young (1024K), 1 survivors (1024K)
 Metaspace       used 61737K, committed 62336K, reserved 1114112K
  class space    used 8456K, committed 8768K, reserved 1048576K
}
Event: 36.696 GC heap before
{Heap before GC invocations=31 (full 0):
 garbage-first heap   total 126976K, used 101768K [0x0000000080000000, 0x0000000100000000)
  region size 1024K, 27 young (27648K), 1 survivors (1024K)
 Metaspace       used 62300K, committed 62976K, reserved 1114112K
  class space    used 8492K, committed 8768K, reserved 1048576K
}
Event: 36.702 GC heap after
{Heap after GC invocations=32 (full 0):
 garbage-first heap   total 126976K, used 80329K [0x0000000080000000, 0x0000000100000000)
  region size 1024K, 4 young (4096K), 4 survivors (4096K)
 Metaspace       used 62300K, committed 62976K, reserved 1114112K
  class space    used 8492K, committed 8768K, reserved 1048576K
}
Event: 38.180 GC heap before
{Heap before GC invocations=33 (full 0):
 garbage-first heap   total 138240K, used 101833K [0x0000000080000000, 0x0000000100000000)
  region size 1024K, 26 young (26624K), 4 survivors (4096K)
 Metaspace       used 62524K, committed 63168K, reserved 1114112K
  class space    used 8507K, committed 8832K, reserved 1048576K
}
Event: 38.187 GC heap after
{Heap after GC invocations=34 (full 0):
 garbage-first heap   total 138240K, used 82096K [0x0000000080000000, 0x0000000100000000)
  region size 1024K, 4 young (4096K), 4 survivors (4096K)
 Metaspace       used 62524K, committed 63168K, reserved 1114112K
  class space    used 8507K, committed 8832K, reserved 1048576K
}
Event: 38.284 GC heap before
{Heap before GC invocations=34 (full 0):
 garbage-first heap   total 138240K, used 84144K [0x0000000080000000, 0x0000000100000000)
  region size 1024K, 6 young (6144K), 4 survivors (4096K)
 Metaspace       used 62536K, committed 63168K, reserved 1114112K
  class space    used 8507K, committed 8832K, reserved 1048576K
}
Event: 38.289 GC heap after
{Heap after GC invocations=35 (full 0):
 garbage-first heap   total 138240K, used 81403K [0x0000000080000000, 0x0000000100000000)
  region size 1024K, 1 young (1024K), 1 survivors (1024K)
 Metaspace       used 62536K, committed 63168K, reserved 1114112K
  class space    used 8507K, committed 8832K, reserved 1048576K
}
Event: 38.926 GC heap before
{Heap before GC invocations=35 (full 0):
 garbage-first heap   total 138240K, used 111099K [0x0000000080000000, 0x0000000100000000)
  region size 1024K, 30 young (30720K), 1 survivors (1024K)
 Metaspace       used 67468K, committed 68096K, reserved 1114112K
  class space    used 9618K, committed 9920K, reserved 1048576K
}

