# JRE version: OpenJDK Runtime Environment (17.0.11) (build 17.0.11+0--11852314)
# Java VM: OpenJDK 64-Bit Server VM (17.0.11+0--11852314, mixed mode, tiered, compressed oops, compressed class ptrs, g1 gc, windows-amd64)
GC Precious Log:
 CPUs: 4 total, 4 available
 Memory: 8073M
 Large Page Support: Disabled
 NUMA Support: Disabled
 Compressed Oops: Enabled (32-bit)
 Heap Region Size: 1M
 Heap Min Capacity: 8M
 Heap Initial Capacity: 128M
 Heap Max Capacity: 2020M
 Pre-touch: Disabled
 Parallel Workers: 4
 Concurrent Workers: 1
 Concurrent Refinement Workers: 4
 Periodic GC: Disabled
Heap:
 garbage-first heap   total 142336K, used 84500K [0x0000000081c00000, 0x0000000100000000)
  region size 1024K, 1 young (1024K), 1 survivors (1024K)
 Metaspace       used 68496K, committed 68864K, reserved 1114112K
  class space    used 7807K, committed 8000K, reserved 1048576K
GC Heap History (20 events):
Event: 9.574 GC heap after
{Heap after GC invocations=17 (full 0):
 garbage-first heap   total 116736K, used 52166K [0x0000000081c00000, 0x0000000100000000)
  region size 1024K, 7 young (7168K), 7 survivors (7168K)
 Metaspace       used 57285K, committed 57536K, reserved 1114112K
  class space    used 6702K, committed 6784K, reserved 1048576K
}
Event: 10.093 GC heap before
{Heap before GC invocations=17 (full 0):
 garbage-first heap   total 116736K, used 88006K [0x0000000081c00000, 0x0000000100000000)
  region size 1024K, 42 young (43008K), 7 survivors (7168K)
 Metaspace       used 57515K, committed 57792K, reserved 1114112K
  class space    used 6724K, committed 6848K, reserved 1048576K
}
Event: 10.127 GC heap after
{Heap after GC invocations=18 (full 0):
 garbage-first heap   total 140288K, used 54214K [0x0000000081c00000, 0x0000000100000000)
  region size 1024K, 2 young (2048K), 2 survivors (2048K)
 Metaspace       used 57515K, committed 57792K, reserved 1114112K
  class space    used 6724K, committed 6848K, reserved 1048576K
}
Event: 10.908 GC heap before
{Heap before GC invocations=18 (full 0):
 garbage-first heap   total 140288K, used 74694K [0x0000000081c00000, 0x0000000100000000)
  region size 1024K, 23 young (23552K), 2 survivors (2048K)
 Metaspace       used 60482K, committed 60800K, reserved 1114112K
  class space    used 7184K, committed 7360K, reserved 1048576K
}
Event: 10.919 GC heap after
{Heap after GC invocations=19 (full 0):
 garbage-first heap   total 140288K, used 54726K [0x0000000081c00000, 0x0000000100000000)
  region size 1024K, 2 young (2048K), 2 survivors (2048K)
 Metaspace       used 60482K, committed 60800K, reserved 1114112K
  class space    used 7184K, committed 7360K, reserved 1048576K
}
Event: 13.096 GC heap before
{Heap before GC invocations=20 (full 0):
 garbage-first heap   total 140288K, used 108998K [0x0000000081c00000, 0x0000000100000000)
  region size 1024K, 55 young (56320K), 2 survivors (2048K)
 Metaspace       used 63924K, committed 64256K, reserved 1114112K
  class space    used 7504K, committed 7680K, reserved 1048576K
}
Event: 13.111 GC heap after
{Heap after GC invocations=21 (full 0):
 garbage-first heap   total 140288K, used 61743K [0x0000000081c00000, 0x0000000100000000)
  region size 1024K, 7 young (7168K), 7 survivors (7168K)
 Metaspace       used 63924K, committed 64256K, reserved 1114112K
  class space    used 7504K, committed 7680K, reserved 1048576K
}
Event: 13.223 GC heap before
{Heap before GC invocations=21 (full 0):
 garbage-first heap   total 140288K, used 62767K [0x0000000081c00000, 0x0000000100000000)
  region size 1024K, 8 young (8192K), 7 survivors (7168K)
 Metaspace       used 64085K, committed 64384K, reserved 1114112K
  class space    used 7532K, committed 7680K, reserved 1048576K
}
Event: 13.236 GC heap after
{Heap after GC invocations=22 (full 0):
 garbage-first heap   total 140288K, used 62285K [0x0000000081c00000, 0x0000000100000000)
  region size 1024K, 1 young (1024K), 1 survivors (1024K)
 Metaspace       used 64085K, committed 64384K, reserved 1114112K
  class space    used 7532K, committed 7680K, reserved 1048576K
}
Event: 15.400 GC heap before
{Heap before GC invocations=22 (full 0):
 garbage-first heap   total 140288K, used 110413K [0x0000000081c00000, 0x0000000100000000)
  region size 1024K, 48 young (49152K), 1 survivors (1024K)
 Metaspace       used 66687K, committed 67008K, reserved 1114112K
  class space    used 7740K, committed 7936K, reserved 1048576K
}
Event: 15.415 GC heap after
{Heap after GC invocations=23 (full 0):
 garbage-first heap   total 140288K, used 68940K [0x0000000081c00000, 0x0000000100000000)
  region size 1024K, 6 young (6144K), 6 survivors (6144K)
 Metaspace       used 66687K, committed 67008K, reserved 1114112K
  class space    used 7740K, committed 7936K, reserved 1048576K
}
Event: 18.575 GC heap before
{Heap before GC invocations=24 (full 0):
 garbage-first heap   total 140288K, used 109900K [0x0000000081c00000, 0x0000000100000000)
  region size 1024K, 46 young (47104K), 6 survivors (6144K)
 Metaspace       used 67762K, committed 68096K, reserved 1114112K
  class space    used 7767K, committed 7936K, reserved 1048576K
}
Event: 18.594 GC heap after
{Heap after GC invocations=25 (full 0):
 garbage-first heap   total 140288K, used 74082K [0x0000000081c00000, 0x0000000100000000)
  region size 1024K, 5 young (5120K), 5 survivors (5120K)
 Metaspace       used 67762K, committed 68096K, reserved 1114112K
  class space    used 7767K, committed 7936K, reserved 1048576K
}
Event: 18.634 GC heap before
{Heap before GC invocations=25 (full 0):
 garbage-first heap   total 140288K, used 75106K [0x0000000081c00000, 0x0000000100000000)
  region size 1024K, 6 young (6144K), 5 survivors (5120K)
 Metaspace       used 67773K, committed 68096K, reserved 1114112K
  class space    used 7767K, committed 7936K, reserved 1048576K
}
Event: 18.645 GC heap after
{Heap after GC invocations=26 (full 0):
 garbage-first heap   total 140288K, used 74966K [0x0000000081c00000, 0x0000000100000000)
  region size 1024K, 1 young (1024K), 1 survivors (1024K)
 Metaspace       used 67773K, committed 68096K, reserved 1114112K
  class space    used 7767K, committed 7936K, reserved 1048576K
}
Event: 19.695 GC heap before
{Heap before GC invocations=26 (full 0):
 garbage-first heap   total 140288K, used 114902K [0x0000000081c00000, 0x0000000100000000)
  region size 1024K, 37 young (37888K), 1 survivors (1024K)
 Metaspace       used 68108K, committed 68416K, reserved 1114112K
  class space    used 7788K, committed 7936K, reserved 1048576K
}
Event: 19.704 GC heap after
{Heap after GC invocations=27 (full 0):
 garbage-first heap   total 140288K, used 80658K [0x0000000081c00000, 0x0000000100000000)
  region size 1024K, 5 young (5120K), 5 survivors (5120K)
 Metaspace       used 68108K, committed 68416K, reserved 1114112K
  class space    used 7788K, committed 7936K, reserved 1048576K
}
Event: 20.885 GC heap before
{Heap before GC invocations=28 (full 0):
 garbage-first heap   total 142336K, used 112402K [0x0000000081c00000, 0x0000000100000000)
  region size 1024K, 36 young (36864K), 5 survivors (5120K)
 Metaspace       used 68424K, committed 68736K, reserved 1114112K
  class space    used 7801K, committed 7936K, reserved 1048576K
}
Event: 20.901 GC heap after
{Heap after GC invocations=29 (full 0):
 garbage-first heap   total 142336K, used 84255K [0x0000000081c00000, 0x0000000100000000)
  region size 1024K, 4 young (4096K), 4 survivors (4096K)
 Metaspace       used 68424K, committed 68736K, reserved 1114112K
  class space    used 7801K, committed 7936K, reserved 1048576K
}
Event: 21.046 GC heap before
{Heap before GC invocations=29 (full 0):
 garbage-first heap   total 142336K, used 86303K [0x0000000081c00000, 0x0000000100000000)
  region size 1024K, 6 young (6144K), 4 survivors (4096K)
 Metaspace       used 68496K, committed 68864K, reserved 1114112K
  class space    used 7807K, committed 8000K, reserved 1048576K
}

