# JRE version: OpenJDK Runtime Environment (17.0.11) (build 17.0.11+0--11852314)
# Java VM: OpenJDK 64-Bit Server VM (17.0.11+0--11852314, mixed mode, tiered, compressed oops, compressed class ptrs, g1 gc, windows-amd64)
GC Precious Log:
 CPUs: 4 total, 4 available
 Memory: 8073M
 Large Page Support: Disabled
 NUMA Support: Disabled
 Compressed Oops: Enabled (Zero based)
 Heap Region Size: 2M
 Heap Min Capacity: 8M
 Heap Initial Capacity: 128M
 Heap Max Capacity: 4G
 Pre-touch: Disabled
 Parallel Workers: 4
 Concurrent Workers: 1
 Concurrent Refinement Workers: 4
 Periodic GC: Disabled
Heap:
 garbage-first heap   total 305152K, used 246784K [0x0000000700000000, 0x0000000800000000)
  region size 2048K, 2 young (4096K), 2 survivors (4096K)
 Metaspace       used 121059K, committed 121856K, reserved 1179648K
  class space    used 16366K, committed 16768K, reserved 1048576K
GC Heap History (20 events):
Event: 19.028 GC heap after
{Heap after GC invocations=26 (full 0):
 garbage-first heap   total 245760K, used 102247K [0x0000000700000000, 0x0000000800000000)
  region size 2048K, 5 young (10240K), 5 survivors (10240K)
 Metaspace       used 100654K, committed 101376K, reserved 1179648K
  class space    used 13975K, committed 14336K, reserved 1048576K
}
Event: 20.613 GC heap before
{Heap before GC invocations=27 (full 0):
 garbage-first heap   total 245760K, used 200551K [0x0000000700000000, 0x0000000800000000)
  region size 2048K, 53 young (108544K), 5 survivors (10240K)
 Metaspace       used 102967K, committed 103744K, reserved 1179648K
  class space    used 14319K, committed 14656K, reserved 1048576K
}
Event: 20.636 GC heap after
{Heap after GC invocations=28 (full 0):
 garbage-first heap   total 245760K, used 112122K [0x0000000700000000, 0x0000000800000000)
  region size 2048K, 7 young (14336K), 7 survivors (14336K)
 Metaspace       used 102967K, committed 103744K, reserved 1179648K
  class space    used 14319K, committed 14656K, reserved 1048576K
}
Event: 20.651 GC heap before
{Heap before GC invocations=28 (full 0):
 garbage-first heap   total 245760K, used 112122K [0x0000000700000000, 0x0000000800000000)
  region size 2048K, 8 young (16384K), 7 survivors (14336K)
 Metaspace       used 102967K, committed 103744K, reserved 1179648K
  class space    used 14319K, committed 14656K, reserved 1048576K
}
Event: 20.671 GC heap after
{Heap after GC invocations=29 (full 0):
 garbage-first heap   total 294912K, used 112527K [0x0000000700000000, 0x0000000800000000)
  region size 2048K, 1 young (2048K), 1 survivors (2048K)
 Metaspace       used 102967K, committed 103744K, reserved 1179648K
  class space    used 14319K, committed 14656K, reserved 1048576K
}
Event: 22.945 GC heap before
{Heap before GC invocations=29 (full 0):
 garbage-first heap   total 294912K, used 233359K [0x0000000700000000, 0x0000000800000000)
  region size 2048K, 61 young (124928K), 1 survivors (2048K)
 Metaspace       used 103494K, committed 104256K, reserved 1179648K
  class space    used 14418K, committed 14784K, reserved 1048576K
}
Event: 22.961 GC heap after
{Heap after GC invocations=30 (full 0):
 garbage-first heap   total 294912K, used 117548K [0x0000000700000000, 0x0000000800000000)
  region size 2048K, 4 young (8192K), 4 survivors (8192K)
 Metaspace       used 103494K, committed 104256K, reserved 1179648K
  class space    used 14418K, committed 14784K, reserved 1048576K
}
Event: 25.250 GC heap before
{Heap before GC invocations=31 (full 0):
 garbage-first heap   total 294912K, used 234284K [0x0000000700000000, 0x0000000800000000)
  region size 2048K, 62 young (126976K), 4 survivors (8192K)
 Metaspace       used 103609K, committed 104320K, reserved 1179648K
  class space    used 14429K, committed 14784K, reserved 1048576K
}
Event: 25.262 GC heap after
{Heap after GC invocations=32 (full 0):
 garbage-first heap   total 294912K, used 121344K [0x0000000700000000, 0x0000000800000000)
  region size 2048K, 6 young (12288K), 6 survivors (12288K)
 Metaspace       used 103609K, committed 104320K, reserved 1179648K
  class space    used 14429K, committed 14784K, reserved 1048576K
}
Event: 25.270 GC heap before
{Heap before GC invocations=32 (full 0):
 garbage-first heap   total 294912K, used 123392K [0x0000000700000000, 0x0000000800000000)
  region size 2048K, 7 young (14336K), 6 survivors (12288K)
 Metaspace       used 103609K, committed 104320K, reserved 1179648K
  class space    used 14429K, committed 14784K, reserved 1048576K
}
Event: 25.281 GC heap after
{Heap after GC invocations=33 (full 0):
 garbage-first heap   total 294912K, used 120306K [0x0000000700000000, 0x0000000800000000)
  region size 2048K, 1 young (2048K), 1 survivors (2048K)
 Metaspace       used 103609K, committed 104320K, reserved 1179648K
  class space    used 14429K, committed 14784K, reserved 1048576K
}
Event: 28.728 GC heap before
{Heap before GC invocations=33 (full 0):
 garbage-first heap   total 294912K, used 237042K [0x0000000700000000, 0x0000000800000000)
  region size 2048K, 59 young (120832K), 1 survivors (2048K)
 Metaspace       used 106659K, committed 107456K, reserved 1179648K
  class space    used 14792K, committed 15168K, reserved 1048576K
}
Event: 28.740 GC heap after
{Heap after GC invocations=34 (full 0):
 garbage-first heap   total 294912K, used 124979K [0x0000000700000000, 0x0000000800000000)
  region size 2048K, 4 young (8192K), 4 survivors (8192K)
 Metaspace       used 106659K, committed 107456K, reserved 1179648K
  class space    used 14792K, committed 15168K, reserved 1048576K
}
Event: 30.875 GC heap before
{Heap before GC invocations=34 (full 0):
 garbage-first heap   total 294912K, used 239667K [0x0000000700000000, 0x0000000800000000)
  region size 2048K, 60 young (122880K), 4 survivors (8192K)
 Metaspace       used 115094K, committed 115904K, reserved 1179648K
  class space    used 15630K, committed 16000K, reserved 1048576K
}
Event: 30.898 GC heap after
{Heap after GC invocations=35 (full 0):
 garbage-first heap   total 294912K, used 145040K [0x0000000700000000, 0x0000000800000000)
  region size 2048K, 8 young (16384K), 8 survivors (16384K)
 Metaspace       used 115094K, committed 115904K, reserved 1179648K
  class space    used 15630K, committed 16000K, reserved 1048576K
}
Event: 32.493 GC heap before
{Heap before GC invocations=35 (full 0):
 garbage-first heap   total 294912K, used 233104K [0x0000000700000000, 0x0000000800000000)
  region size 2048K, 51 young (104448K), 8 survivors (16384K)
 Metaspace       used 119797K, committed 120640K, reserved 1179648K
  class space    used 16242K, committed 16640K, reserved 1048576K
}
Event: 32.561 GC heap after
{Heap after GC invocations=36 (full 0):
 garbage-first heap   total 305152K, used 199219K [0x0000000700000000, 0x0000000800000000)
  region size 2048K, 7 young (14336K), 7 survivors (14336K)
 Metaspace       used 119797K, committed 120640K, reserved 1179648K
  class space    used 16242K, committed 16640K, reserved 1048576K
}
Event: 35.463 GC heap before
{Heap before GC invocations=36 (full 0):
 garbage-first heap   total 305152K, used 240179K [0x0000000700000000, 0x0000000800000000)
  region size 2048K, 27 young (55296K), 7 survivors (14336K)
 Metaspace       used 121059K, committed 121856K, reserved 1179648K
  class space    used 16366K, committed 16768K, reserved 1048576K
}
Event: 35.499 GC heap after
{Heap after GC invocations=37 (full 0):
 garbage-first heap   total 305152K, used 227328K [0x0000000700000000, 0x0000000800000000)
  region size 2048K, 4 young (8192K), 4 survivors (8192K)
 Metaspace       used 121059K, committed 121856K, reserved 1179648K
  class space    used 16366K, committed 16768K, reserved 1048576K
}
Event: 35.733 GC heap before
{Heap before GC invocations=37 (full 0):
 garbage-first heap   total 305152K, used 245760K [0x0000000700000000, 0x0000000800000000)
  region size 2048K, 13 young (26624K), 4 survivors (8192K)
 Metaspace       used 121059K, committed 121856K, reserved 1179648K
  class space    used 16366K, committed 16768K, reserved 1048576K
}

