# JRE version: OpenJDK Runtime Environment (17.0.11) (build 17.0.11+0--11852314)
# Java VM: OpenJDK 64-Bit Server VM (17.0.11+0--11852314, mixed mode, tiered, compressed oops, compressed class ptrs, g1 gc, windows-amd64)
GC Precious Log:
 CPUs: 4 total, 4 available
 Memory: 8073M
 Large Page Support: Disabled
 NUMA Support: Disabled
 Compressed Oops: Enabled (Zero based)
 Heap Region Size: 2M
 Heap Min Capacity: 8M
 Heap Initial Capacity: 128M
 Heap Max Capacity: 4G
 Pre-touch: Disabled
 Parallel Workers: 4
 Concurrent Workers: 1
 Concurrent Refinement Workers: 4
 Periodic GC: Disabled
Heap:
 garbage-first heap   total 444416K, used 177319K [0x0000000700000000, 0x0000000800000000)
  region size 2048K, 10 young (20480K), 10 survivors (20480K)
 Metaspace       used 163705K, committed 165952K, reserved 1245184K
  class space    used 21890K, committed 22976K, reserved 1048576K
GC Heap History (20 events):
Event: 5540.552 GC heap after
{Heap after GC invocations=93 (full 1):
 garbage-first heap   total 444416K, used 170073K [0x0000000700000000, 0x0000000800000000)
  region size 2048K, 1 young (2048K), 1 survivors (2048K)
 Metaspace       used 161405K, committed 163520K, reserved 1245184K
  class space    used 21512K, committed 22592K, reserved 1048576K
}
Event: 5544.371 GC heap before
{Heap before GC invocations=93 (full 1):
 garbage-first heap   total 444416K, used 278617K [0x0000000700000000, 0x0000000800000000)
  region size 2048K, 56 young (114688K), 1 survivors (2048K)
 Metaspace       used 161432K, committed 163520K, reserved 1245184K
  class space    used 21514K, committed 22592K, reserved 1048576K
}
Event: 5544.383 GC heap after
{Heap after GC invocations=94 (full 1):
 garbage-first heap   total 444416K, used 177556K [0x0000000700000000, 0x0000000800000000)
  region size 2048K, 5 young (10240K), 5 survivors (10240K)
 Metaspace       used 161432K, committed 163520K, reserved 1245184K
  class space    used 21514K, committed 22592K, reserved 1048576K
}
Event: 5614.774 GC heap before
{Heap before GC invocations=95 (full 1):
 garbage-first heap   total 444416K, used 411028K [0x0000000700000000, 0x0000000800000000)
  region size 2048K, 80 young (163840K), 5 survivors (10240K)
 Metaspace       used 161423K, committed 163520K, reserved 1245184K
  class space    used 21492K, committed 22592K, reserved 1048576K
}
Event: 5614.796 GC heap after
{Heap after GC invocations=96 (full 1):
 garbage-first heap   total 444416K, used 170095K [0x0000000700000000, 0x0000000800000000)
  region size 2048K, 8 young (16384K), 8 survivors (16384K)
 Metaspace       used 161423K, committed 163520K, reserved 1245184K
  class space    used 21492K, committed 22592K, reserved 1048576K
}
Event: 5614.822 GC heap before
{Heap before GC invocations=96 (full 1):
 garbage-first heap   total 444416K, used 174191K [0x0000000700000000, 0x0000000800000000)
  region size 2048K, 10 young (20480K), 8 survivors (16384K)
 Metaspace       used 161432K, committed 163520K, reserved 1245184K
  class space    used 21492K, committed 22592K, reserved 1048576K
}
Event: 5614.848 GC heap after
{Heap after GC invocations=97 (full 1):
 garbage-first heap   total 444416K, used 169544K [0x0000000700000000, 0x0000000800000000)
  region size 2048K, 1 young (2048K), 1 survivors (2048K)
 Metaspace       used 161432K, committed 163520K, reserved 1245184K
  class space    used 21492K, committed 22592K, reserved 1048576K
}
Event: 5618.307 GC heap before
{Heap before GC invocations=97 (full 1):
 garbage-first heap   total 444416K, used 286280K [0x0000000700000000, 0x0000000800000000)
  region size 2048K, 60 young (122880K), 1 survivors (2048K)
 Metaspace       used 161464K, committed 163520K, reserved 1245184K
  class space    used 21492K, committed 22592K, reserved 1048576K
}
Event: 5618.317 GC heap after
{Heap after GC invocations=98 (full 1):
 garbage-first heap   total 444416K, used 176868K [0x0000000700000000, 0x0000000800000000)
  region size 2048K, 5 young (10240K), 5 survivors (10240K)
 Metaspace       used 161464K, committed 163520K, reserved 1245184K
  class space    used 21492K, committed 22592K, reserved 1048576K
}
Event: 5680.901 GC heap before
{Heap before GC invocations=99 (full 1):
 garbage-first heap   total 444416K, used 412224K [0x0000000700000000, 0x0000000800000000)
  region size 2048K, 75 young (153600K), 5 survivors (10240K)
 Metaspace       used 161577K, committed 163584K, reserved 1245184K
  class space    used 21498K, committed 22592K, reserved 1048576K
}
Event: 5680.922 GC heap after
{Heap after GC invocations=100 (full 1):
 garbage-first heap   total 444416K, used 181668K [0x0000000700000000, 0x0000000800000000)
  region size 2048K, 8 young (16384K), 8 survivors (16384K)
 Metaspace       used 161577K, committed 163584K, reserved 1245184K
  class space    used 21498K, committed 22592K, reserved 1048576K
}
Event: 5680.945 GC heap before
{Heap before GC invocations=100 (full 1):
 garbage-first heap   total 444416K, used 185764K [0x0000000700000000, 0x0000000800000000)
  region size 2048K, 10 young (20480K), 8 survivors (16384K)
 Metaspace       used 161584K, committed 163584K, reserved 1245184K
  class space    used 21500K, committed 22592K, reserved 1048576K
}
Event: 5680.983 GC heap after
{Heap after GC invocations=101 (full 1):
 garbage-first heap   total 444416K, used 169281K [0x0000000700000000, 0x0000000800000000)
  region size 2048K, 2 young (4096K), 2 survivors (4096K)
 Metaspace       used 161584K, committed 163584K, reserved 1245184K
  class space    used 21500K, committed 22592K, reserved 1048576K
}
Event: 5683.558 GC heap before
{Heap before GC invocations=101 (full 1):
 garbage-first heap   total 444416K, used 283969K [0x0000000700000000, 0x0000000800000000)
  region size 2048K, 60 young (122880K), 2 survivors (4096K)
 Metaspace       used 161648K, committed 163648K, reserved 1245184K
  class space    used 21509K, committed 22592K, reserved 1048576K
}
Event: 5683.573 GC heap after
{Heap after GC invocations=102 (full 1):
 garbage-first heap   total 444416K, used 176541K [0x0000000700000000, 0x0000000800000000)
  region size 2048K, 5 young (10240K), 5 survivors (10240K)
 Metaspace       used 161648K, committed 163648K, reserved 1245184K
  class space    used 21509K, committed 22592K, reserved 1048576K
}
Event: 7667.268 GC heap before
{Heap before GC invocations=103 (full 1):
 garbage-first heap   total 444416K, used 412061K [0x0000000700000000, 0x0000000800000000)
  region size 2048K, 75 young (153600K), 5 survivors (10240K)
 Metaspace       used 163104K, committed 165248K, reserved 1245184K
  class space    used 21797K, committed 22848K, reserved 1048576K
}
Event: 7667.356 GC heap after
{Heap after GC invocations=104 (full 1):
 garbage-first heap   total 444416K, used 172703K [0x0000000700000000, 0x0000000800000000)
  region size 2048K, 4 young (8192K), 4 survivors (8192K)
 Metaspace       used 163104K, committed 165248K, reserved 1245184K
  class space    used 21797K, committed 22848K, reserved 1048576K
}
Event: 7667.602 GC heap before
{Heap before GC invocations=104 (full 1):
 garbage-first heap   total 444416K, used 184991K [0x0000000700000000, 0x0000000800000000)
  region size 2048K, 10 young (20480K), 4 survivors (8192K)
 Metaspace       used 163206K, committed 165376K, reserved 1245184K
  class space    used 21810K, committed 22848K, reserved 1048576K
}
Event: 7667.653 GC heap after
{Heap after GC invocations=105 (full 1):
 garbage-first heap   total 444416K, used 160792K [0x0000000700000000, 0x0000000800000000)
  region size 2048K, 2 young (4096K), 2 survivors (4096K)
 Metaspace       used 163206K, committed 165376K, reserved 1245184K
  class space    used 21810K, committed 22848K, reserved 1048576K
}
Event: 7674.588 GC heap before
{Heap before GC invocations=105 (full 1):
 garbage-first heap   total 444416K, used 338968K [0x0000000700000000, 0x0000000800000000)
  region size 2048K, 91 young (186368K), 2 survivors (4096K)
 Metaspace       used 163705K, committed 165952K, reserved 1245184K
  class space    used 21890K, committed 22976K, reserved 1048576K
}

