# JRE version: OpenJDK Runtime Environment (17.0.11) (build 17.0.11+0--11852314)
# Java VM: OpenJDK 64-Bit Server VM (17.0.11+0--11852314, mixed mode, tiered, compressed oops, compressed class ptrs, g1 gc, windows-amd64)
GC Precious Log:
 CPUs: 4 total, 4 available
 Memory: 7971M
 Large Page Support: Disabled
 NUMA Support: Disabled
 Compressed Oops: Enabled (32-bit)
 Heap Region Size: 1M
 Heap Min Capacity: 8M
 Heap Initial Capacity: 126M
 Heap Max Capacity: 2G
 Pre-touch: Disabled
 Parallel Workers: 4
 Concurrent Workers: 1
 Concurrent Refinement Workers: 4
 Periodic GC: Disabled
Heap:
 garbage-first heap   total 398336K, used 312219K [0x0000000080000000, 0x0000000100000000)
  region size 1024K, 5 young (5120K), 5 survivors (5120K)
 Metaspace       used 196690K, committed 197824K, reserved 1245184K
  class space    used 25024K, committed 25600K, reserved 1048576K
GC Heap History (20 events):
Event: 56.372 GC heap after
{Heap after GC invocations=64 (full 0):
 garbage-first heap   total 398336K, used 241330K [0x0000000080000000, 0x0000000100000000)
  region size 1024K, 10 young (10240K), 10 survivors (10240K)
 Metaspace       used 187095K, committed 188096K, reserved 1245184K
  class space    used 24050K, committed 24512K, reserved 1048576K
}
Event: 56.993 GC heap before
{Heap before GC invocations=64 (full 0):
 garbage-first heap   total 398336K, used 338610K [0x0000000080000000, 0x0000000100000000)
  region size 1024K, 105 young (107520K), 10 survivors (10240K)
 Metaspace       used 187095K, committed 188096K, reserved 1245184K
  class space    used 24050K, committed 24512K, reserved 1048576K
}
Event: 57.004 GC heap after
{Heap after GC invocations=65 (full 0):
 garbage-first heap   total 398336K, used 244094K [0x0000000080000000, 0x0000000100000000)
  region size 1024K, 9 young (9216K), 9 survivors (9216K)
 Metaspace       used 187095K, committed 188096K, reserved 1245184K
  class space    used 24050K, committed 24512K, reserved 1048576K
}
Event: 57.575 GC heap before
{Heap before GC invocations=65 (full 0):
 garbage-first heap   total 398336K, used 339326K [0x0000000080000000, 0x0000000100000000)
  region size 1024K, 102 young (104448K), 9 survivors (9216K)
 Metaspace       used 187096K, committed 188096K, reserved 1245184K
  class space    used 24050K, committed 24512K, reserved 1048576K
}
Event: 57.589 GC heap after
{Heap after GC invocations=66 (full 0):
 garbage-first heap   total 398336K, used 248230K [0x0000000080000000, 0x0000000100000000)
  region size 1024K, 10 young (10240K), 10 survivors (10240K)
 Metaspace       used 187096K, committed 188096K, reserved 1245184K
  class space    used 24050K, committed 24512K, reserved 1048576K
}
Event: 58.133 GC heap before
{Heap before GC invocations=66 (full 0):
 garbage-first heap   total 398336K, used 339366K [0x0000000080000000, 0x0000000100000000)
  region size 1024K, 99 young (101376K), 10 survivors (10240K)
 Metaspace       used 187096K, committed 188096K, reserved 1245184K
  class space    used 24050K, committed 24512K, reserved 1048576K
}
Event: 58.143 GC heap after
{Heap after GC invocations=67 (full 0):
 garbage-first heap   total 398336K, used 249806K [0x0000000080000000, 0x0000000100000000)
  region size 1024K, 8 young (8192K), 8 survivors (8192K)
 Metaspace       used 187096K, committed 188096K, reserved 1245184K
  class space    used 24050K, committed 24512K, reserved 1048576K
}
Event: 58.611 GC heap before
{Heap before GC invocations=67 (full 0):
 garbage-first heap   total 398336K, used 340942K [0x0000000080000000, 0x0000000100000000)
  region size 1024K, 97 young (99328K), 8 survivors (8192K)
 Metaspace       used 187096K, committed 188096K, reserved 1245184K
  class space    used 24050K, committed 24512K, reserved 1048576K
}
Event: 58.626 GC heap after
{Heap after GC invocations=68 (full 0):
 garbage-first heap   total 398336K, used 253382K [0x0000000080000000, 0x0000000100000000)
  region size 1024K, 8 young (8192K), 8 survivors (8192K)
 Metaspace       used 187096K, committed 188096K, reserved 1245184K
  class space    used 24050K, committed 24512K, reserved 1048576K
}
Event: 59.888 GC heap before
{Heap before GC invocations=68 (full 0):
 garbage-first heap   total 398336K, used 348614K [0x0000000080000000, 0x0000000100000000)
  region size 1024K, 94 young (96256K), 8 survivors (8192K)
 Metaspace       used 191576K, committed 192704K, reserved 1245184K
  class space    used 24577K, committed 25152K, reserved 1048576K
}
Event: 59.905 GC heap after
{Heap after GC invocations=69 (full 0):
 garbage-first heap   total 398336K, used 258467K [0x0000000080000000, 0x0000000100000000)
  region size 1024K, 10 young (10240K), 10 survivors (10240K)
 Metaspace       used 191576K, committed 192704K, reserved 1245184K
  class space    used 24577K, committed 25152K, reserved 1048576K
}
Event: 116.060 GC heap before
{Heap before GC invocations=69 (full 0):
 garbage-first heap   total 398336K, used 345507K [0x0000000080000000, 0x0000000100000000)
  region size 1024K, 89 young (91136K), 10 survivors (10240K)
 Metaspace       used 195926K, committed 197056K, reserved 1245184K
  class space    used 24988K, committed 25536K, reserved 1048576K
}
Event: 116.153 GC heap after
{Heap after GC invocations=70 (full 0):
 garbage-first heap   total 398336K, used 271196K [0x0000000080000000, 0x0000000100000000)
  region size 1024K, 6 young (6144K), 6 survivors (6144K)
 Metaspace       used 195926K, committed 197056K, reserved 1245184K
  class space    used 24988K, committed 25536K, reserved 1048576K
}
Event: 116.658 GC heap before
{Heap before GC invocations=70 (full 0):
 garbage-first heap   total 398336K, used 341852K [0x0000000080000000, 0x0000000100000000)
  region size 1024K, 75 young (76800K), 6 survivors (6144K)
 Metaspace       used 195931K, committed 197056K, reserved 1245184K
  class space    used 24988K, committed 25536K, reserved 1048576K
}
Event: 116.726 GC heap after
{Heap after GC invocations=71 (full 0):
 garbage-first heap   total 398336K, used 284672K [0x0000000080000000, 0x0000000100000000)
  region size 1024K, 10 young (10240K), 10 survivors (10240K)
 Metaspace       used 195931K, committed 197056K, reserved 1245184K
  class space    used 24988K, committed 25536K, reserved 1048576K
}
Event: 117.387 GC heap before
{Heap before GC invocations=71 (full 0):
 garbage-first heap   total 398336K, used 342016K [0x0000000080000000, 0x0000000100000000)
  region size 1024K, 58 young (59392K), 10 survivors (10240K)
 Metaspace       used 196062K, committed 197184K, reserved 1245184K
  class space    used 24988K, committed 25536K, reserved 1048576K
}
Event: 117.444 GC heap after
{Heap after GC invocations=72 (full 0):
 garbage-first heap   total 398336K, used 304640K [0x0000000080000000, 0x0000000100000000)
  region size 1024K, 8 young (8192K), 8 survivors (8192K)
 Metaspace       used 196062K, committed 197184K, reserved 1245184K
  class space    used 24988K, committed 25536K, reserved 1048576K
}
Event: 117.572 GC heap before
{Heap before GC invocations=72 (full 0):
 garbage-first heap   total 398336K, used 339456K [0x0000000080000000, 0x0000000100000000)
  region size 1024K, 42 young (43008K), 8 survivors (8192K)
 Metaspace       used 196062K, committed 197184K, reserved 1245184K
  class space    used 24988K, committed 25536K, reserved 1048576K
}
Event: 117.593 GC heap after
{Heap after GC invocations=73 (full 0):
 garbage-first heap   total 398336K, used 307614K [0x0000000080000000, 0x0000000100000000)
  region size 1024K, 3 young (3072K), 3 survivors (3072K)
 Metaspace       used 196062K, committed 197184K, reserved 1245184K
  class space    used 24988K, committed 25536K, reserved 1048576K
}
Event: 118.924 GC heap before
{Heap before GC invocations=73 (full 0):
 garbage-first heap   total 398336K, used 341406K [0x0000000080000000, 0x0000000100000000)
  region size 1024K, 37 young (37888K), 3 survivors (3072K)
 Metaspace       used 196690K, committed 197824K, reserved 1245184K
  class space    used 25024K, committed 25600K, reserved 1048576K
}

