# JRE version: OpenJDK Runtime Environment (17.0.11) (build 17.0.11+0--11852314)
# Java VM: OpenJDK 64-Bit Server VM (17.0.11+0--11852314, mixed mode, tiered, compressed oops, compressed class ptrs, g1 gc, windows-amd64)
GC Precious Log:
 CPUs: 4 total, 4 available
 Memory: 8073M
 Large Page Support: Disabled
 NUMA Support: Disabled
 Compressed Oops: Enabled (32-bit)
 Heap Region Size: 1M
 Heap Min Capacity: 8M
 Heap Initial Capacity: 128M
 Heap Max Capacity: 2G
 Pre-touch: Disabled
 Parallel Workers: 4
 Concurrent Workers: 1
 Concurrent Refinement Workers: 4
 Periodic GC: Disabled
Heap:
 garbage-first heap   total 280576K, used 226154K [0x0000000080000000, 0x0000000100000000)
  region size 1024K, 93 young (95232K), 1 survivors (1024K)
 Metaspace       used 106218K, committed 107072K, reserved 1179648K
  class space    used 14601K, committed 15040K, reserved 1048576K
GC Heap History (20 events):
Event: 18.854 GC heap before
{Heap before GC invocations=27 (full 0):
 garbage-first heap   total 233472K, used 185020K [0x0000000080000000, 0x0000000100000000)
  region size 1024K, 114 young (116736K), 6 survivors (6144K)
 Metaspace       used 78503K, committed 79104K, reserved 1179648K
  class space    used 10644K, committed 10944K, reserved 1048576K
}
Event: 18.868 GC heap after
{Heap after GC invocations=28 (full 0):
 garbage-first heap   total 233472K, used 81019K [0x0000000080000000, 0x0000000100000000)
  region size 1024K, 13 young (13312K), 13 survivors (13312K)
 Metaspace       used 78503K, committed 79104K, reserved 1179648K
  class space    used 10644K, committed 10944K, reserved 1048576K
}
Event: 20.320 GC heap before
{Heap before GC invocations=28 (full 0):
 garbage-first heap   total 233472K, used 181371K [0x0000000080000000, 0x0000000100000000)
  region size 1024K, 111 young (113664K), 13 survivors (13312K)
 Metaspace       used 83288K, committed 83968K, reserved 1179648K
  class space    used 11317K, committed 11648K, reserved 1048576K
}
Event: 20.340 GC heap after
{Heap after GC invocations=29 (full 0):
 garbage-first heap   total 233472K, used 87121K [0x0000000080000000, 0x0000000100000000)
  region size 1024K, 13 young (13312K), 13 survivors (13312K)
 Metaspace       used 83288K, committed 83968K, reserved 1179648K
  class space    used 11317K, committed 11648K, reserved 1048576K
}
Event: 21.659 GC heap before
{Heap before GC invocations=29 (full 0):
 garbage-first heap   total 233472K, used 185425K [0x0000000080000000, 0x0000000100000000)
  region size 1024K, 108 young (110592K), 13 survivors (13312K)
 Metaspace       used 89987K, committed 90624K, reserved 1179648K
  class space    used 12461K, committed 12800K, reserved 1048576K
}
Event: 21.676 GC heap after
{Heap after GC invocations=30 (full 0):
 garbage-first heap   total 233472K, used 91845K [0x0000000080000000, 0x0000000100000000)
  region size 1024K, 11 young (11264K), 11 survivors (11264K)
 Metaspace       used 89987K, committed 90624K, reserved 1179648K
  class space    used 12461K, committed 12800K, reserved 1048576K
}
Event: 23.240 GC heap before
{Heap before GC invocations=30 (full 0):
 garbage-first heap   total 233472K, used 187077K [0x0000000080000000, 0x0000000100000000)
  region size 1024K, 104 young (106496K), 11 survivors (11264K)
 Metaspace       used 98038K, committed 98752K, reserved 1179648K
  class space    used 13606K, committed 13952K, reserved 1048576K
}
Event: 23.259 GC heap after
{Heap after GC invocations=31 (full 0):
 garbage-first heap   total 233472K, used 96763K [0x0000000080000000, 0x0000000100000000)
  region size 1024K, 9 young (9216K), 9 survivors (9216K)
 Metaspace       used 98038K, committed 98752K, reserved 1179648K
  class space    used 13606K, committed 13952K, reserved 1048576K
}
Event: 23.650 GC heap before
{Heap before GC invocations=31 (full 0):
 garbage-first heap   total 233472K, used 116219K [0x0000000080000000, 0x0000000100000000)
  region size 1024K, 29 young (29696K), 9 survivors (9216K)
 Metaspace       used 98883K, committed 99648K, reserved 1179648K
  class space    used 13729K, committed 14144K, reserved 1048576K
}
Event: 23.665 GC heap after
{Heap after GC invocations=32 (full 0):
 garbage-first heap   total 233472K, used 98879K [0x0000000080000000, 0x0000000100000000)
  region size 1024K, 7 young (7168K), 7 survivors (7168K)
 Metaspace       used 98883K, committed 99648K, reserved 1179648K
  class space    used 13729K, committed 14144K, reserved 1048576K
}
Event: 25.914 GC heap before
{Heap before GC invocations=33 (full 0):
 garbage-first heap   total 233472K, used 188991K [0x0000000080000000, 0x0000000100000000)
  region size 1024K, 96 young (98304K), 7 survivors (7168K)
 Metaspace       used 101554K, committed 102336K, reserved 1179648K
  class space    used 14144K, committed 14528K, reserved 1048576K
}
Event: 25.938 GC heap after
{Heap after GC invocations=34 (full 0):
 garbage-first heap   total 233472K, used 107464K [0x0000000080000000, 0x0000000100000000)
  region size 1024K, 12 young (12288K), 12 survivors (12288K)
 Metaspace       used 101554K, committed 102336K, reserved 1179648K
  class space    used 14144K, committed 14528K, reserved 1048576K
}
Event: 25.952 GC heap before
{Heap before GC invocations=34 (full 0):
 garbage-first heap   total 233472K, used 108488K [0x0000000080000000, 0x0000000100000000)
  region size 1024K, 13 young (13312K), 12 survivors (12288K)
 Metaspace       used 101559K, committed 102336K, reserved 1179648K
  class space    used 14144K, committed 14528K, reserved 1048576K
}
Event: 25.976 GC heap after
{Heap after GC invocations=35 (full 0):
 garbage-first heap   total 233472K, used 107731K [0x0000000080000000, 0x0000000100000000)
  region size 1024K, 2 young (2048K), 2 survivors (2048K)
 Metaspace       used 101559K, committed 102336K, reserved 1179648K
  class space    used 14144K, committed 14528K, reserved 1048576K
}
Event: 26.761 GC heap before
{Heap before GC invocations=35 (full 0):
 garbage-first heap   total 233472K, used 187603K [0x0000000080000000, 0x0000000100000000)
  region size 1024K, 81 young (82944K), 2 survivors (2048K)
 Metaspace       used 101762K, committed 102528K, reserved 1179648K
  class space    used 14147K, committed 14528K, reserved 1048576K
}
Event: 26.771 GC heap after
{Heap after GC invocations=36 (full 0):
 garbage-first heap   total 233472K, used 110211K [0x0000000080000000, 0x0000000100000000)
  region size 1024K, 5 young (5120K), 5 survivors (5120K)
 Metaspace       used 101762K, committed 102528K, reserved 1179648K
  class space    used 14147K, committed 14528K, reserved 1048576K
}
Event: 28.910 GC heap before
{Heap before GC invocations=37 (full 0):
 garbage-first heap   total 233472K, used 194179K [0x0000000080000000, 0x0000000100000000)
  region size 1024K, 82 young (83968K), 5 survivors (5120K)
 Metaspace       used 105571K, committed 106432K, reserved 1179648K
  class space    used 14546K, committed 14976K, reserved 1048576K
}
Event: 28.936 GC heap after
{Heap after GC invocations=38 (full 0):
 garbage-first heap   total 233472K, used 118003K [0x0000000080000000, 0x0000000100000000)
  region size 1024K, 11 young (11264K), 11 survivors (11264K)
 Metaspace       used 105571K, committed 106432K, reserved 1179648K
  class space    used 14546K, committed 14976K, reserved 1048576K
}
Event: 28.978 GC heap before
{Heap before GC invocations=38 (full 0):
 garbage-first heap   total 233472K, used 119027K [0x0000000080000000, 0x0000000100000000)
  region size 1024K, 12 young (12288K), 11 survivors (11264K)
 Metaspace       used 105571K, committed 106432K, reserved 1179648K
  class space    used 14546K, committed 14976K, reserved 1048576K
}
Event: 29.000 GC heap after
{Heap after GC invocations=39 (full 0):
 garbage-first heap   total 280576K, used 116586K [0x0000000080000000, 0x0000000100000000)
  region size 1024K, 1 young (1024K), 1 survivors (1024K)
 Metaspace       used 105571K, committed 106432K, reserved 1179648K
  class space    used 14546K, committed 14976K, reserved 1048576K
}

