# JRE version: OpenJDK Runtime Environment (17.0.11) (build 17.0.11+0--11852314)
# Java VM: OpenJDK 64-Bit Server VM (17.0.11+0--11852314, mixed mode, tiered, compressed oops, compressed class ptrs, g1 gc, windows-amd64)
GC Precious Log:
 CPUs: 4 total, 4 available
 Memory: 8073M
 Large Page Support: Disabled
 NUMA Support: Disabled
 Compressed Oops: Enabled (Zero based)
 Heap Region Size: 2M
 Heap Min Capacity: 8M
 Heap Initial Capacity: 128M
 Heap Max Capacity: 4G
 Pre-touch: Disabled
 Parallel Workers: 4
 Concurrent Workers: 1
 Concurrent Refinement Workers: 4
 Periodic GC: Disabled
Heap:
 garbage-first heap   total 636928K, used 486598K [0x0000000700000000, 0x0000000800000000)
  region size 2048K, 3 young (6144K), 2 survivors (4096K)
 Metaspace       used 183717K, committed 185024K, reserved 1245184K
  class space    used 24231K, committed 24832K, reserved 1048576K
GC Heap History (20 events):
Event: 126.845 GC heap before
{Heap before GC invocations=58 (full 0):
 garbage-first heap   total 636928K, used 301056K [0x0000000700000000, 0x0000000800000000)
  region size 2048K, 15 young (30720K), 10 survivors (20480K)
 Metaspace       used 145845K, committed 147008K, reserved 1179648K
  class space    used 19305K, committed 19840K, reserved 1048576K
}
Event: 126.875 GC heap after
{Heap after GC invocations=59 (full 0):
 garbage-first heap   total 636928K, used 288712K [0x0000000700000000, 0x0000000800000000)
  region size 2048K, 2 young (4096K), 2 survivors (4096K)
 Metaspace       used 145845K, committed 147008K, reserved 1179648K
  class space    used 19305K, committed 19840K, reserved 1048576K
}
Event: 129.310 GC heap before
{Heap before GC invocations=59 (full 0):
 garbage-first heap   total 636928K, used 483272K [0x0000000700000000, 0x0000000800000000)
  region size 2048K, 96 young (196608K), 2 survivors (4096K)
 Metaspace       used 151118K, committed 152256K, reserved 1245184K
  class space    used 20079K, committed 20608K, reserved 1048576K
}
Event: 129.337 GC heap after
{Heap after GC invocations=60 (full 0):
 garbage-first heap   total 636928K, used 295729K [0x0000000700000000, 0x0000000800000000)
  region size 2048K, 6 young (12288K), 6 survivors (12288K)
 Metaspace       used 151118K, committed 152256K, reserved 1245184K
  class space    used 20079K, committed 20608K, reserved 1048576K
}
Event: 132.365 GC heap before
{Heap before GC invocations=60 (full 0):
 garbage-first heap   total 636928K, used 490289K [0x0000000700000000, 0x0000000800000000)
  region size 2048K, 102 young (208896K), 6 survivors (12288K)
 Metaspace       used 163557K, committed 164800K, reserved 1245184K
  class space    used 21892K, committed 22528K, reserved 1048576K
}
Event: 132.378 GC heap after
{Heap after GC invocations=61 (full 0):
 garbage-first heap   total 636928K, used 294197K [0x0000000700000000, 0x0000000800000000)
  region size 2048K, 5 young (10240K), 5 survivors (10240K)
 Metaspace       used 163557K, committed 164800K, reserved 1245184K
  class space    used 21892K, committed 22528K, reserved 1048576K
}
Event: 134.985 GC heap before
{Heap before GC invocations=61 (full 0):
 garbage-first heap   total 636928K, used 503093K [0x0000000700000000, 0x0000000800000000)
  region size 2048K, 83 young (169984K), 5 survivors (10240K)
 Metaspace       used 167658K, committed 168896K, reserved 1245184K
  class space    used 22495K, committed 23104K, reserved 1048576K
}
Event: 135.003 GC heap after
{Heap after GC invocations=62 (full 0):
 garbage-first heap   total 636928K, used 306442K [0x0000000700000000, 0x0000000800000000)
  region size 2048K, 7 young (14336K), 7 survivors (14336K)
 Metaspace       used 167658K, committed 168896K, reserved 1245184K
  class space    used 22495K, committed 23104K, reserved 1048576K
}
Event: 288.576 GC heap before
{Heap before GC invocations=62 (full 0):
 garbage-first heap   total 636928K, used 517386K [0x0000000700000000, 0x0000000800000000)
  region size 2048K, 88 young (180224K), 7 survivors (14336K)
 Metaspace       used 168762K, committed 169984K, reserved 1245184K
  class space    used 22608K, committed 23232K, reserved 1048576K
}
Event: 288.615 GC heap after
{Heap after GC invocations=63 (full 0):
 garbage-first heap   total 636928K, used 310956K [0x0000000700000000, 0x0000000800000000)
  region size 2048K, 13 young (26624K), 13 survivors (26624K)
 Metaspace       used 168762K, committed 169984K, reserved 1245184K
  class space    used 22608K, committed 23232K, reserved 1048576K
}
Event: 293.774 GC heap before
{Heap before GC invocations=63 (full 0):
 garbage-first heap   total 636928K, used 550572K [0x0000000700000000, 0x0000000800000000)
  region size 2048K, 114 young (233472K), 13 survivors (26624K)
 Metaspace       used 176196K, committed 177408K, reserved 1245184K
  class space    used 23465K, committed 24064K, reserved 1048576K
}
Event: 293.813 GC heap after
{Heap after GC invocations=64 (full 0):
 garbage-first heap   total 636928K, used 323069K [0x0000000700000000, 0x0000000800000000)
  region size 2048K, 13 young (26624K), 13 survivors (26624K)
 Metaspace       used 176196K, committed 177408K, reserved 1245184K
  class space    used 23465K, committed 24064K, reserved 1048576K
}
Event: 295.631 GC heap before
{Heap before GC invocations=64 (full 0):
 garbage-first heap   total 636928K, used 521725K [0x0000000700000000, 0x0000000800000000)
  region size 2048K, 110 young (225280K), 13 survivors (26624K)
 Metaspace       used 180935K, committed 182208K, reserved 1245184K
  class space    used 23893K, committed 24512K, reserved 1048576K
}
Event: 295.699 GC heap after
{Heap after GC invocations=65 (full 0):
 garbage-first heap   total 636928K, used 391168K [0x0000000700000000, 0x0000000800000000)
  region size 2048K, 14 young (28672K), 14 survivors (28672K)
 Metaspace       used 180935K, committed 182208K, reserved 1245184K
  class space    used 23893K, committed 24512K, reserved 1048576K
}
Event: 296.202 GC heap before
{Heap before GC invocations=65 (full 0):
 garbage-first heap   total 636928K, used 489472K [0x0000000700000000, 0x0000000800000000)
  region size 2048K, 62 young (126976K), 14 survivors (28672K)
 Metaspace       used 183507K, committed 184768K, reserved 1245184K
  class space    used 24234K, committed 24832K, reserved 1048576K
}
Event: 296.269 GC heap after
{Heap after GC invocations=66 (full 0):
 garbage-first heap   total 636928K, used 442368K [0x0000000700000000, 0x0000000800000000)
  region size 2048K, 8 young (16384K), 8 survivors (16384K)
 Metaspace       used 183507K, committed 184768K, reserved 1245184K
  class space    used 24234K, committed 24832K, reserved 1048576K
}
Event: 296.466 GC heap before
{Heap before GC invocations=66 (full 0):
 garbage-first heap   total 636928K, used 495616K [0x0000000700000000, 0x0000000800000000)
  region size 2048K, 34 young (69632K), 8 survivors (16384K)
 Metaspace       used 183508K, committed 184768K, reserved 1245184K
  class space    used 24234K, committed 24832K, reserved 1048576K
}
Event: 296.525 GC heap after
{Heap after GC invocations=67 (full 0):
 garbage-first heap   total 636928K, used 487424K [0x0000000700000000, 0x0000000800000000)
  region size 2048K, 5 young (10240K), 5 survivors (10240K)
 Metaspace       used 183508K, committed 184768K, reserved 1245184K
  class space    used 24234K, committed 24832K, reserved 1048576K
}
Event: 296.833 GC heap before
{Heap before GC invocations=67 (full 0):
 garbage-first heap   total 636928K, used 516096K [0x0000000700000000, 0x0000000800000000)
  region size 2048K, 19 young (38912K), 5 survivors (10240K)
 Metaspace       used 183734K, committed 185024K, reserved 1245184K
  class space    used 24236K, committed 24832K, reserved 1048576K
}
Event: 296.852 GC heap after
{Heap after GC invocations=68 (full 0):
 garbage-first heap   total 636928K, used 490694K [0x0000000700000000, 0x0000000800000000)
  region size 2048K, 2 young (4096K), 2 survivors (4096K)
 Metaspace       used 183734K, committed 185024K, reserved 1245184K
  class space    used 24236K, committed 24832K, reserved 1048576K
}

