# JRE version: OpenJDK Runtime Environment (17.0.11) (build 17.0.11+0--11852314)
# Java VM: OpenJDK 64-Bit Server VM (17.0.11+0--11852314, mixed mode, tiered, compressed oops, compressed class ptrs, g1 gc, windows-amd64)
GC Precious Log:
 CPUs: 4 total, 4 available
 Memory: 7971M
 Large Page Support: Disabled
 NUMA Support: Disabled
 Compressed Oops: Enabled (32-bit)
 Heap Region Size: 1M
 Heap Min Capacity: 8M
 Heap Initial Capacity: 126M
 Heap Max Capacity: 2G
 Pre-touch: Disabled
 Parallel Workers: 4
 Concurrent Workers: 1
 Concurrent Refinement Workers: 4
 Periodic GC: Disabled
Heap:
 garbage-first heap   total 539648K, used 320276K [0x0000000080000000, 0x0000000100000000)
  region size 1024K, 10 young (10240K), 10 survivors (10240K)
 Metaspace       used 143218K, committed 144128K, reserved 1179648K
  class space    used 19065K, committed 19520K, reserved 1048576K
GC Heap History (20 events):
Event: 70.642 GC heap after
{Heap after GC invocations=80 (full 0):
 garbage-first heap   total 539648K, used 266610K [0x0000000080000000, 0x0000000100000000)
  region size 1024K, 14 young (14336K), 14 survivors (14336K)
 Metaspace       used 140843K, committed 141760K, reserved 1179648K
  class space    used 18716K, committed 19136K, reserved 1048576K
}
Event: 72.022 GC heap before
{Heap before GC invocations=80 (full 0):
 garbage-first heap   total 539648K, used 469362K [0x0000000080000000, 0x0000000100000000)
  region size 1024K, 212 young (217088K), 14 survivors (14336K)
 Metaspace       used 141069K, committed 141952K, reserved 1179648K
  class space    used 18758K, committed 19200K, reserved 1048576K
}
Event: 72.043 GC heap after
{Heap after GC invocations=81 (full 0):
 garbage-first heap   total 539648K, used 268146K [0x0000000080000000, 0x0000000100000000)
  region size 1024K, 16 young (16384K), 16 survivors (16384K)
 Metaspace       used 141069K, committed 141952K, reserved 1179648K
  class space    used 18758K, committed 19200K, reserved 1048576K
}
Event: 73.433 GC heap before
{Heap before GC invocations=81 (full 0):
 garbage-first heap   total 539648K, used 470898K [0x0000000080000000, 0x0000000100000000)
  region size 1024K, 211 young (216064K), 16 survivors (16384K)
 Metaspace       used 143041K, committed 144000K, reserved 1179648K
  class space    used 19057K, committed 19520K, reserved 1048576K
}
Event: 73.476 GC heap after
{Heap after GC invocations=82 (full 0):
 garbage-first heap   total 539648K, used 270100K [0x0000000080000000, 0x0000000100000000)
  region size 1024K, 8 young (8192K), 8 survivors (8192K)
 Metaspace       used 143041K, committed 144000K, reserved 1179648K
  class space    used 19057K, committed 19520K, reserved 1048576K
}
Event: 74.435 GC heap before
{Heap before GC invocations=82 (full 0):
 garbage-first heap   total 539648K, used 471828K [0x0000000080000000, 0x0000000100000000)
  region size 1024K, 205 young (209920K), 8 survivors (8192K)
 Metaspace       used 143064K, committed 144000K, reserved 1179648K
  class space    used 19057K, committed 19520K, reserved 1048576K
}
Event: 74.447 GC heap after
{Heap after GC invocations=83 (full 0):
 garbage-first heap   total 539648K, used 266870K [0x0000000080000000, 0x0000000100000000)
  region size 1024K, 7 young (7168K), 7 survivors (7168K)
 Metaspace       used 143064K, committed 144000K, reserved 1179648K
  class space    used 19057K, committed 19520K, reserved 1048576K
}
Event: 75.216 GC heap before
{Heap before GC invocations=83 (full 0):
 garbage-first heap   total 539648K, used 472694K [0x0000000080000000, 0x0000000100000000)
  region size 1024K, 209 young (214016K), 7 survivors (7168K)
 Metaspace       used 143080K, committed 144000K, reserved 1179648K
  class space    used 19057K, committed 19520K, reserved 1048576K
}
Event: 75.233 GC heap after
{Heap after GC invocations=84 (full 0):
 garbage-first heap   total 539648K, used 280328K [0x0000000080000000, 0x0000000100000000)
  region size 1024K, 20 young (20480K), 20 survivors (20480K)
 Metaspace       used 143080K, committed 144000K, reserved 1179648K
  class space    used 19057K, committed 19520K, reserved 1048576K
}
Event: 75.751 GC heap before
{Heap before GC invocations=84 (full 0):
 garbage-first heap   total 539648K, used 463624K [0x0000000080000000, 0x0000000100000000)
  region size 1024K, 199 young (203776K), 20 survivors (20480K)
 Metaspace       used 143086K, committed 144064K, reserved 1179648K
  class space    used 19057K, committed 19520K, reserved 1048576K
}
Event: 75.816 GC heap after
{Heap after GC invocations=85 (full 0):
 garbage-first heap   total 539648K, used 288155K [0x0000000080000000, 0x0000000100000000)
  region size 1024K, 10 young (10240K), 10 survivors (10240K)
 Metaspace       used 143086K, committed 144064K, reserved 1179648K
  class space    used 19057K, committed 19520K, reserved 1048576K
}
Event: 76.717 GC heap before
{Heap before GC invocations=85 (full 0):
 garbage-first heap   total 539648K, used 460187K [0x0000000080000000, 0x0000000100000000)
  region size 1024K, 178 young (182272K), 10 survivors (10240K)
 Metaspace       used 143091K, committed 144064K, reserved 1179648K
  class space    used 19057K, committed 19520K, reserved 1048576K
}
Event: 76.734 GC heap after
{Heap after GC invocations=86 (full 0):
 garbage-first heap   total 539648K, used 294299K [0x0000000080000000, 0x0000000100000000)
  region size 1024K, 16 young (16384K), 16 survivors (16384K)
 Metaspace       used 143091K, committed 144064K, reserved 1179648K
  class space    used 19057K, committed 19520K, reserved 1048576K
}
Event: 77.404 GC heap before
{Heap before GC invocations=86 (full 0):
 garbage-first heap   total 539648K, used 461211K [0x0000000080000000, 0x0000000100000000)
  region size 1024K, 179 young (183296K), 16 survivors (16384K)
 Metaspace       used 143099K, committed 144064K, reserved 1179648K
  class space    used 19059K, committed 19520K, reserved 1048576K
}
Event: 77.441 GC heap after
{Heap after GC invocations=87 (full 0):
 garbage-first heap   total 539648K, used 303586K [0x0000000080000000, 0x0000000100000000)
  region size 1024K, 17 young (17408K), 17 survivors (17408K)
 Metaspace       used 143099K, committed 144064K, reserved 1179648K
  class space    used 19059K, committed 19520K, reserved 1048576K
}
Event: 77.968 GC heap before
{Heap before GC invocations=87 (full 0):
 garbage-first heap   total 539648K, used 458210K [0x0000000080000000, 0x0000000100000000)
  region size 1024K, 168 young (172032K), 17 survivors (17408K)
 Metaspace       used 143113K, committed 144064K, reserved 1179648K
  class space    used 19059K, committed 19520K, reserved 1048576K
}
Event: 77.997 GC heap after
{Heap after GC invocations=88 (full 0):
 garbage-first heap   total 539648K, used 311154K [0x0000000080000000, 0x0000000100000000)
  region size 1024K, 17 young (17408K), 17 survivors (17408K)
 Metaspace       used 143113K, committed 144064K, reserved 1179648K
  class space    used 19059K, committed 19520K, reserved 1048576K
}
Event: 78.507 GC heap before
{Heap before GC invocations=88 (full 0):
 garbage-first heap   total 539648K, used 460658K [0x0000000080000000, 0x0000000100000000)
  region size 1024K, 162 young (165888K), 17 survivors (17408K)
 Metaspace       used 143212K, committed 144128K, reserved 1179648K
  class space    used 19064K, committed 19520K, reserved 1048576K
}
Event: 78.542 GC heap after
{Heap after GC invocations=89 (full 0):
 garbage-first heap   total 539648K, used 318661K [0x0000000080000000, 0x0000000100000000)
  region size 1024K, 15 young (15360K), 15 survivors (15360K)
 Metaspace       used 143212K, committed 144128K, reserved 1179648K
  class space    used 19064K, committed 19520K, reserved 1048576K
}
Event: 78.937 GC heap before
{Heap before GC invocations=89 (full 0):
 garbage-first heap   total 539648K, used 459973K [0x0000000080000000, 0x0000000100000000)
  region size 1024K, 153 young (156672K), 15 survivors (15360K)
 Metaspace       used 143218K, committed 144128K, reserved 1179648K
  class space    used 19065K, committed 19520K, reserved 1048576K
}

