# JRE version: OpenJDK Runtime Environment (17.0.11) (build 17.0.11+0--11852314)
# Java VM: OpenJDK 64-Bit Server VM (17.0.11+0--11852314, mixed mode, tiered, compressed oops, compressed class ptrs, g1 gc, windows-amd64)
GC Precious Log:
 CPUs: 4 total, 4 available
 Memory: 8073M
 Large Page Support: Disabled
 NUMA Support: Disabled
 Compressed Oops: Enabled (Zero based)
 Heap Region Size: 2M
 Heap Min Capacity: 8M
 Heap Initial Capacity: 128M
 Heap Max Capacity: 4G
 Pre-touch: Disabled
 Parallel Workers: 4
 Concurrent Workers: 1
 Concurrent Refinement Workers: 4
 Periodic GC: Disabled
Heap:
 garbage-first heap   total 727040K, used 359039K [0x0000000700000000, 0x0000000800000000)
  region size 2048K, 1 young (2048K), 1 survivors (2048K)
 Metaspace       used 177997K, committed 179328K, reserved 1245184K
  class space    used 23161K, committed 23808K, reserved 1048576K
GC Heap History (20 events):
Event: 1866.256 GC heap after
{Heap after GC invocations=78 (full 0):
 garbage-first heap   total 710656K, used 357376K [0x0000000700000000, 0x0000000800000000)
  region size 2048K, 2 young (4096K), 2 survivors (4096K)
 Metaspace       used 169646K, committed 170944K, reserved 1245184K
  class space    used 22360K, committed 22976K, reserved 1048576K
}
Event: 1885.701 GC heap before
{Heap before GC invocations=78 (full 0):
 garbage-first heap   total 710656K, used 631808K [0x0000000700000000, 0x0000000800000000)
  region size 2048K, 90 young (184320K), 2 survivors (4096K)
 Metaspace       used 170141K, committed 171392K, reserved 1245184K
  class space    used 22371K, committed 22976K, reserved 1048576K
}
Event: 1885.731 GC heap after
{Heap after GC invocations=79 (full 0):
 garbage-first heap   total 710656K, used 371130K [0x0000000700000000, 0x0000000800000000)
  region size 2048K, 9 young (18432K), 9 survivors (18432K)
 Metaspace       used 170141K, committed 171392K, reserved 1245184K
  class space    used 22371K, committed 22976K, reserved 1048576K
}
Event: 1969.538 GC heap before
{Heap before GC invocations=79 (full 0):
 garbage-first heap   total 710656K, used 547258K [0x0000000700000000, 0x0000000800000000)
  region size 2048K, 96 young (196608K), 9 survivors (18432K)
 Metaspace       used 170553K, committed 171840K, reserved 1245184K
  class space    used 22391K, committed 23040K, reserved 1048576K
}
Event: 1969.597 GC heap after
{Heap after GC invocations=80 (full 0):
 garbage-first heap   total 710656K, used 387976K [0x0000000700000000, 0x0000000800000000)
  region size 2048K, 9 young (18432K), 9 survivors (18432K)
 Metaspace       used 170553K, committed 171840K, reserved 1245184K
  class space    used 22391K, committed 23040K, reserved 1048576K
}
Event: 1972.593 GC heap before
{Heap before GC invocations=80 (full 0):
 garbage-first heap   total 710656K, used 590728K [0x0000000700000000, 0x0000000800000000)
  region size 2048K, 92 young (188416K), 9 survivors (18432K)
 Metaspace       used 170764K, committed 172096K, reserved 1245184K
  class space    used 22394K, committed 23040K, reserved 1048576K
}
Event: 1972.635 GC heap after
{Heap after GC invocations=81 (full 0):
 garbage-first heap   total 710656K, used 400128K [0x0000000700000000, 0x0000000800000000)
  region size 2048K, 7 young (14336K), 7 survivors (14336K)
 Metaspace       used 170764K, committed 172096K, reserved 1245184K
  class space    used 22394K, committed 23040K, reserved 1048576K
}
Event: 1975.137 GC heap before
{Heap before GC invocations=81 (full 0):
 garbage-first heap   total 710656K, used 570112K [0x0000000700000000, 0x0000000800000000)
  region size 2048K, 90 young (184320K), 7 survivors (14336K)
 Metaspace       used 174225K, committed 175552K, reserved 1245184K
  class space    used 22673K, committed 23296K, reserved 1048576K
}
Event: 1975.181 GC heap after
{Heap after GC invocations=82 (full 0):
 garbage-first heap   total 710656K, used 443115K [0x0000000700000000, 0x0000000800000000)
  region size 2048K, 12 young (24576K), 12 survivors (24576K)
 Metaspace       used 174225K, committed 175552K, reserved 1245184K
  class space    used 22673K, committed 23296K, reserved 1048576K
}
Event: 1975.887 GC heap before
{Heap before GC invocations=82 (full 0):
 garbage-first heap   total 710656K, used 557803K [0x0000000700000000, 0x0000000800000000)
  region size 2048K, 68 young (139264K), 12 survivors (24576K)
 Metaspace       used 177835K, committed 179136K, reserved 1245184K
  class space    used 23159K, committed 23808K, reserved 1048576K
}
Event: 1975.984 GC heap after
{Heap after GC invocations=83 (full 0):
 garbage-first heap   total 710656K, used 521216K [0x0000000700000000, 0x0000000800000000)
  region size 2048K, 9 young (18432K), 9 survivors (18432K)
 Metaspace       used 177835K, committed 179136K, reserved 1245184K
  class space    used 23159K, committed 23808K, reserved 1048576K
}
Event: 1976.177 GC heap before
{Heap before GC invocations=83 (full 0):
 garbage-first heap   total 710656K, used 564224K [0x0000000700000000, 0x0000000800000000)
  region size 2048K, 30 young (61440K), 9 survivors (18432K)
 Metaspace       used 177867K, committed 179136K, reserved 1245184K
  class space    used 23159K, committed 23808K, reserved 1048576K
}
Event: 1976.246 GC heap after
{Heap after GC invocations=84 (full 0):
 garbage-first heap   total 710656K, used 550912K [0x0000000700000000, 0x0000000800000000)
  region size 2048K, 4 young (8192K), 4 survivors (8192K)
 Metaspace       used 177867K, committed 179136K, reserved 1245184K
  class space    used 23159K, committed 23808K, reserved 1048576K
}
Event: 1976.348 GC heap before
{Heap before GC invocations=84 (full 0):
 garbage-first heap   total 710656K, used 581632K [0x0000000700000000, 0x0000000800000000)
  region size 2048K, 19 young (38912K), 4 survivors (8192K)
 Metaspace       used 177867K, committed 179136K, reserved 1245184K
  class space    used 23159K, committed 23808K, reserved 1048576K
}
Event: 1976.387 GC heap after
{Heap after GC invocations=85 (full 0):
 garbage-first heap   total 710656K, used 583680K [0x0000000700000000, 0x0000000800000000)
  region size 2048K, 3 young (6144K), 3 survivors (6144K)
 Metaspace       used 177867K, committed 179136K, reserved 1245184K
  class space    used 23159K, committed 23808K, reserved 1048576K
}
Event: 1978.491 GC heap before
{Heap before GC invocations=85 (full 0):
 garbage-first heap   total 710656K, used 612352K [0x0000000700000000, 0x0000000800000000)
  region size 2048K, 17 young (34816K), 3 survivors (6144K)
 Metaspace       used 177940K, committed 179264K, reserved 1245184K
  class space    used 23161K, committed 23808K, reserved 1048576K
}
Event: 1978.536 GC heap after
{Heap after GC invocations=86 (full 0):
 garbage-first heap   total 710656K, used 588800K [0x0000000700000000, 0x0000000800000000)
  region size 2048K, 2 young (4096K), 2 survivors (4096K)
 Metaspace       used 177940K, committed 179264K, reserved 1245184K
  class space    used 23161K, committed 23808K, reserved 1048576K
}
Event: 1979.940 GC heap before
{Heap before GC invocations=87 (full 0):
 garbage-first heap   total 727040K, used 455680K [0x0000000700000000, 0x0000000800000000)
  region size 2048K, 17 young (34816K), 2 survivors (4096K)
 Metaspace       used 177983K, committed 179328K, reserved 1245184K
  class space    used 23160K, committed 23808K, reserved 1048576K
}
Event: 1979.955 GC heap after
{Heap after GC invocations=88 (full 0):
 garbage-first heap   total 727040K, used 432168K [0x0000000700000000, 0x0000000800000000)
  region size 2048K, 3 young (6144K), 3 survivors (6144K)
 Metaspace       used 177983K, committed 179328K, reserved 1245184K
  class space    used 23160K, committed 23808K, reserved 1048576K
}
Event: 1980.168 GC heap before
{Heap before GC invocations=88 (full 0):
 garbage-first heap   total 727040K, used 458792K [0x0000000700000000, 0x0000000800000000)
  region size 2048K, 17 young (34816K), 3 survivors (6144K)
 Metaspace       used 177997K, committed 179328K, reserved 1245184K
  class space    used 23161K, committed 23808K, reserved 1048576K
}

