# JRE version: OpenJDK Runtime Environment (17.0.11) (build 17.0.11+0--11852314)
# Java VM: OpenJDK 64-Bit Server VM (17.0.11+0--11852314, mixed mode, tiered, compressed oops, compressed class ptrs, g1 gc, windows-amd64)
GC Precious Log:
 CPUs: 4 total, 4 available
 Memory: 8073M
 Large Page Support: Disabled
 NUMA Support: Disabled
 Compressed Oops: Enabled (Zero based)
 Heap Region Size: 2M
 Heap Min Capacity: 8M
 Heap Initial Capacity: 128M
 Heap Max Capacity: 4G
 Pre-touch: Disabled
 Parallel Workers: 4
 Concurrent Workers: 1
 Concurrent Refinement Workers: 4
 Periodic GC: Disabled
Heap:
 garbage-first heap   total 802816K, used 429056K [0x0000000700000000, 0x0000000800000000)
  region size 2048K, 3 young (6144K), 3 survivors (6144K)
 Metaspace       used 112750K, committed 113536K, reserved 1179648K
  class space    used 15815K, committed 16192K, reserved 1048576K
GC Heap History (20 events):
Event: 27.461 GC heap after
{Heap after GC invocations=32 (full 0):
 garbage-first heap   total 348160K, used 113995K [0x0000000700000000, 0x0000000800000000)
  region size 2048K, 8 young (16384K), 8 survivors (16384K)
 Metaspace       used 102878K, committed 103680K, reserved 1179648K
  class space    used 14324K, committed 14720K, reserved 1048576K
}
Event: 27.479 GC heap before
{Heap before GC invocations=32 (full 0):
 garbage-first heap   total 348160K, used 116043K [0x0000000700000000, 0x0000000800000000)
  region size 2048K, 9 young (18432K), 8 survivors (16384K)
 Metaspace       used 102878K, committed 103680K, reserved 1179648K
  class space    used 14324K, committed 14720K, reserved 1048576K
}
Event: 27.510 GC heap after
{Heap after GC invocations=33 (full 0):
 garbage-first heap   total 348160K, used 114475K [0x0000000700000000, 0x0000000800000000)
  region size 2048K, 2 young (4096K), 2 survivors (4096K)
 Metaspace       used 102878K, committed 103680K, reserved 1179648K
  class space    used 14324K, committed 14720K, reserved 1048576K
}
Event: 30.471 GC heap before
{Heap before GC invocations=33 (full 0):
 garbage-first heap   total 348160K, used 261931K [0x0000000700000000, 0x0000000800000000)
  region size 2048K, 75 young (153600K), 2 survivors (4096K)
 Metaspace       used 103466K, committed 104320K, reserved 1179648K
  class space    used 14423K, committed 14848K, reserved 1048576K
}
Event: 30.482 GC heap after
{Heap after GC invocations=34 (full 0):
 garbage-first heap   total 348160K, used 119824K [0x0000000700000000, 0x0000000800000000)
  region size 2048K, 4 young (8192K), 4 survivors (8192K)
 Metaspace       used 103466K, committed 104320K, reserved 1179648K
  class space    used 14423K, committed 14848K, reserved 1048576K
}
Event: 32.421 GC heap before
{Heap before GC invocations=34 (full 0):
 garbage-first heap   total 348160K, used 271376K [0x0000000700000000, 0x0000000800000000)
  region size 2048K, 79 young (161792K), 4 survivors (8192K)
 Metaspace       used 105831K, committed 106624K, reserved 1179648K
  class space    used 14657K, committed 15040K, reserved 1048576K
}
Event: 32.448 GC heap after
{Heap after GC invocations=35 (full 0):
 garbage-first heap   total 348160K, used 126469K [0x0000000700000000, 0x0000000800000000)
  region size 2048K, 8 young (16384K), 8 survivors (16384K)
 Metaspace       used 105831K, committed 106624K, reserved 1179648K
  class space    used 14657K, committed 15040K, reserved 1048576K
}
Event: 34.894 GC heap before
{Heap before GC invocations=35 (full 0):
 garbage-first heap   total 348160K, used 310789K [0x0000000700000000, 0x0000000800000000)
  region size 2048K, 81 young (165888K), 8 survivors (16384K)
 Metaspace       used 106423K, committed 107200K, reserved 1179648K
  class space    used 14738K, committed 15104K, reserved 1048576K
}
Event: 34.927 GC heap after
{Heap after GC invocations=36 (full 0):
 garbage-first heap   total 356352K, used 188542K [0x0000000700000000, 0x0000000800000000)
  region size 2048K, 11 young (22528K), 11 survivors (22528K)
 Metaspace       used 106423K, committed 107200K, reserved 1179648K
  class space    used 14738K, committed 15104K, reserved 1048576K
}
Event: 36.039 GC heap before
{Heap before GC invocations=36 (full 0):
 garbage-first heap   total 356352K, used 299134K [0x0000000700000000, 0x0000000800000000)
  region size 2048K, 44 young (90112K), 11 survivors (22528K)
 Metaspace       used 109705K, committed 110528K, reserved 1179648K
  class space    used 15224K, committed 15616K, reserved 1048576K
}
Event: 36.058 GC heap after
{Heap after GC invocations=37 (full 0):
 garbage-first heap   total 802816K, used 233363K [0x0000000700000000, 0x0000000800000000)
  region size 2048K, 7 young (14336K), 7 survivors (14336K)
 Metaspace       used 109705K, committed 110528K, reserved 1179648K
  class space    used 15224K, committed 15616K, reserved 1048576K
}
Event: 38.578 GC heap before
{Heap before GC invocations=37 (full 0):
 garbage-first heap   total 802816K, used 526227K [0x0000000700000000, 0x0000000800000000)
  region size 2048K, 118 young (241664K), 7 survivors (14336K)
 Metaspace       used 110021K, committed 110848K, reserved 1179648K
  class space    used 15267K, committed 15680K, reserved 1048576K
}
Event: 38.749 GC heap after
{Heap after GC invocations=38 (full 0):
 garbage-first heap   total 802816K, used 350608K [0x0000000700000000, 0x0000000800000000)
  region size 2048K, 15 young (30720K), 15 survivors (30720K)
 Metaspace       used 110021K, committed 110848K, reserved 1179648K
  class space    used 15267K, committed 15680K, reserved 1048576K
}
Event: 39.111 GC heap before
{Heap before GC invocations=38 (full 0):
 garbage-first heap   total 802816K, used 377232K [0x0000000700000000, 0x0000000800000000)
  region size 2048K, 27 young (55296K), 15 survivors (30720K)
 Metaspace       used 111177K, committed 112000K, reserved 1179648K
  class space    used 15530K, committed 15936K, reserved 1048576K
}
Event: 39.230 GC heap after
{Heap after GC invocations=39 (full 0):
 garbage-first heap   total 802816K, used 361472K [0x0000000700000000, 0x0000000800000000)
  region size 2048K, 4 young (8192K), 4 survivors (8192K)
 Metaspace       used 111177K, committed 112000K, reserved 1179648K
  class space    used 15530K, committed 15936K, reserved 1048576K
}
Event: 40.517 GC heap before
{Heap before GC invocations=39 (full 0):
 garbage-first heap   total 802816K, used 429056K [0x0000000700000000, 0x0000000800000000)
  region size 2048K, 37 young (75776K), 4 survivors (8192K)
 Metaspace       used 112744K, committed 113536K, reserved 1179648K
  class space    used 15815K, committed 16192K, reserved 1048576K
}
Event: 40.670 GC heap after
{Heap after GC invocations=40 (full 0):
 garbage-first heap   total 802816K, used 392192K [0x0000000700000000, 0x0000000800000000)
  region size 2048K, 5 young (10240K), 5 survivors (10240K)
 Metaspace       used 112744K, committed 113536K, reserved 1179648K
  class space    used 15815K, committed 16192K, reserved 1048576K
}
Event: 40.886 GC heap before
{Heap before GC invocations=40 (full 0):
 garbage-first heap   total 802816K, used 420864K [0x0000000700000000, 0x0000000800000000)
  region size 2048K, 19 young (38912K), 5 survivors (10240K)
 Metaspace       used 112747K, committed 113536K, reserved 1179648K
  class space    used 15815K, committed 16192K, reserved 1048576K
}
Event: 40.954 GC heap after
{Heap after GC invocations=41 (full 0):
 garbage-first heap   total 802816K, used 409600K [0x0000000700000000, 0x0000000800000000)
  region size 2048K, 3 young (6144K), 3 survivors (6144K)
 Metaspace       used 112747K, committed 113536K, reserved 1179648K
  class space    used 15815K, committed 16192K, reserved 1048576K
}
Event: 41.221 GC heap before
{Heap before GC invocations=41 (full 0):
 garbage-first heap   total 802816K, used 442368K [0x0000000700000000, 0x0000000800000000)
  region size 2048K, 19 young (38912K), 3 survivors (6144K)
 Metaspace       used 112750K, committed 113536K, reserved 1179648K
  class space    used 15815K, committed 16192K, reserved 1048576K
}

