# JRE version: OpenJDK Runtime Environment (17.0.11) (build 17.0.11+0--11852314)
# Java VM: OpenJDK 64-Bit Server VM (17.0.11+0--11852314, mixed mode, tiered, compressed oops, compressed class ptrs, g1 gc, windows-amd64)
GC Precious Log:
 CPUs: 4 total, 4 available
 Memory: 8073M
 Large Page Support: Disabled
 NUMA Support: Disabled
 Compressed Oops: Enabled (32-bit)
 Heap Region Size: 1M
 Heap Min Capacity: 8M
 Heap Initial Capacity: 128M
 Heap Max Capacity: 2020M
 Pre-touch: Disabled
 Parallel Workers: 4
 Concurrent Workers: 1
 Concurrent Refinement Workers: 4
 Periodic GC: Disabled
Heap:
 garbage-first heap   total 240640K, used 130001K [0x0000000081c00000, 0x0000000100000000)
  region size 1024K, 37 young (37888K), 13 survivors (13312K)
 Metaspace       used 78490K, committed 78848K, reserved 1179648K
  class space    used 8780K, committed 8960K, reserved 1048576K
GC Heap History (20 events):
Event: 5.724 GC heap before
{Heap before GC invocations=19 (full 0):
 garbage-first heap   total 99328K, used 75731K [0x0000000081c00000, 0x0000000100000000)
  region size 1024K, 35 young (35840K), 3 survivors (3072K)
 Metaspace       used 56842K, committed 57088K, reserved 1114112K
  class space    used 6685K, committed 6784K, reserved 1048576K
}
Event: 5.742 GC heap after
{Heap after GC invocations=20 (full 0):
 garbage-first heap   total 99328K, used 49111K [0x0000000081c00000, 0x0000000100000000)
  region size 1024K, 5 young (5120K), 5 survivors (5120K)
 Metaspace       used 56842K, committed 57088K, reserved 1114112K
  class space    used 6685K, committed 6784K, reserved 1048576K
}
Event: 5.750 GC heap before
{Heap before GC invocations=20 (full 0):
 garbage-first heap   total 99328K, used 50135K [0x0000000081c00000, 0x0000000100000000)
  region size 1024K, 6 young (6144K), 5 survivors (5120K)
 Metaspace       used 56843K, committed 57088K, reserved 1114112K
  class space    used 6685K, committed 6784K, reserved 1048576K
}
Event: 5.762 GC heap after
{Heap after GC invocations=21 (full 0):
 garbage-first heap   total 99328K, used 49715K [0x0000000081c00000, 0x0000000100000000)
  region size 1024K, 1 young (1024K), 1 survivors (1024K)
 Metaspace       used 56843K, committed 57088K, reserved 1114112K
  class space    used 6685K, committed 6784K, reserved 1048576K
}
Event: 6.069 GC heap before
{Heap before GC invocations=21 (full 0):
 garbage-first heap   total 99328K, used 76339K [0x0000000081c00000, 0x0000000100000000)
  region size 1024K, 27 young (27648K), 1 survivors (1024K)
 Metaspace       used 57116K, committed 57344K, reserved 1114112K
  class space    used 6703K, committed 6784K, reserved 1048576K
}
Event: 6.084 GC heap after
{Heap after GC invocations=22 (full 0):
 garbage-first heap   total 99328K, used 54215K [0x0000000081c00000, 0x0000000100000000)
  region size 1024K, 4 young (4096K), 4 survivors (4096K)
 Metaspace       used 57116K, committed 57344K, reserved 1114112K
  class space    used 6703K, committed 6784K, reserved 1048576K
}
Event: 6.267 GC heap before
{Heap before GC invocations=22 (full 0):
 garbage-first heap   total 104448K, used 77767K [0x0000000081c00000, 0x0000000100000000)
  region size 1024K, 27 young (27648K), 4 survivors (4096K)
 Metaspace       used 57344K, committed 57600K, reserved 1114112K
  class space    used 6724K, committed 6848K, reserved 1048576K
}
Event: 6.277 GC heap after
{Heap after GC invocations=23 (full 0):
 garbage-first heap   total 104448K, used 55202K [0x0000000081c00000, 0x0000000100000000)
  region size 1024K, 1 young (1024K), 1 survivors (1024K)
 Metaspace       used 57344K, committed 57600K, reserved 1114112K
  class space    used 6724K, committed 6848K, reserved 1048576K
}
Event: 6.608 GC heap before
{Heap before GC invocations=24 (full 0):
 garbage-first heap   total 104448K, used 81826K [0x0000000081c00000, 0x0000000100000000)
  region size 1024K, 27 young (27648K), 1 survivors (1024K)
 Metaspace       used 59721K, committed 60032K, reserved 1114112K
  class space    used 7119K, committed 7232K, reserved 1048576K
}
Event: 6.615 GC heap after
{Heap after GC invocations=25 (full 0):
 garbage-first heap   total 240640K, used 55009K [0x0000000081c00000, 0x0000000100000000)
  region size 1024K, 1 young (1024K), 1 survivors (1024K)
 Metaspace       used 59721K, committed 60032K, reserved 1114112K
  class space    used 7119K, committed 7232K, reserved 1048576K
}
Event: 6.956 GC heap before
{Heap before GC invocations=25 (full 0):
 garbage-first heap   total 240640K, used 65249K [0x0000000081c00000, 0x0000000100000000)
  region size 1024K, 11 young (11264K), 1 survivors (1024K)
 Metaspace       used 61496K, committed 61760K, reserved 1114112K
  class space    used 7365K, committed 7488K, reserved 1048576K
}
Event: 6.960 GC heap after
{Heap after GC invocations=26 (full 0):
 garbage-first heap   total 240640K, used 56263K [0x0000000081c00000, 0x0000000100000000)
  region size 1024K, 2 young (2048K), 2 survivors (2048K)
 Metaspace       used 61496K, committed 61760K, reserved 1114112K
  class space    used 7365K, committed 7488K, reserved 1048576K
}
Event: 10.326 GC heap before
{Heap before GC invocations=26 (full 0):
 garbage-first heap   total 240640K, used 159687K [0x0000000081c00000, 0x0000000100000000)
  region size 1024K, 103 young (105472K), 2 survivors (2048K)
 Metaspace       used 67002K, committed 67392K, reserved 1114112K
  class space    used 7750K, committed 7936K, reserved 1048576K
}
Event: 10.350 GC heap after
{Heap after GC invocations=27 (full 0):
 garbage-first heap   total 240640K, used 70599K [0x0000000081c00000, 0x0000000100000000)
  region size 1024K, 13 young (13312K), 13 survivors (13312K)
 Metaspace       used 67002K, committed 67392K, reserved 1114112K
  class space    used 7750K, committed 7936K, reserved 1048576K
}
Event: 13.305 GC heap before
{Heap before GC invocations=27 (full 0):
 garbage-first heap   total 240640K, used 169927K [0x0000000081c00000, 0x0000000100000000)
  region size 1024K, 107 young (109568K), 13 survivors (13312K)
 Metaspace       used 68321K, committed 68608K, reserved 1114112K
  class space    used 7797K, committed 7936K, reserved 1048576K
}
Event: 13.335 GC heap after
{Heap after GC invocations=28 (full 0):
 garbage-first heap   total 240640K, used 84151K [0x0000000081c00000, 0x0000000100000000)
  region size 1024K, 11 young (11264K), 11 survivors (11264K)
 Metaspace       used 68321K, committed 68608K, reserved 1114112K
  class space    used 7797K, committed 7936K, reserved 1048576K
}
Event: 15.534 GC heap before
{Heap before GC invocations=28 (full 0):
 garbage-first heap   total 240640K, used 175287K [0x0000000081c00000, 0x0000000100000000)
  region size 1024K, 100 young (102400K), 11 survivors (11264K)
 Metaspace       used 75044K, committed 75392K, reserved 1179648K
  class space    used 8438K, committed 8576K, reserved 1048576K
}
Event: 15.557 GC heap after
{Heap after GC invocations=29 (full 0):
 garbage-first heap   total 240640K, used 92630K [0x0000000081c00000, 0x0000000100000000)
  region size 1024K, 9 young (9216K), 9 survivors (9216K)
 Metaspace       used 75044K, committed 75392K, reserved 1179648K
  class space    used 8438K, committed 8576K, reserved 1048576K
}
Event: 17.242 GC heap before
{Heap before GC invocations=29 (full 0):
 garbage-first heap   total 240640K, used 182742K [0x0000000081c00000, 0x0000000100000000)
  region size 1024K, 97 young (99328K), 9 survivors (9216K)
 Metaspace       used 78166K, committed 78528K, reserved 1179648K
  class space    used 8764K, committed 8896K, reserved 1048576K
}
Event: 17.271 GC heap after
{Heap after GC invocations=30 (full 0):
 garbage-first heap   total 240640K, used 106449K [0x0000000081c00000, 0x0000000100000000)
  region size 1024K, 13 young (13312K), 13 survivors (13312K)
 Metaspace       used 78166K, committed 78528K, reserved 1179648K
  class space    used 8764K, committed 8896K, reserved 1048576K
}

