# JRE version: OpenJDK Runtime Environment (17.0.11) (build 17.0.11+0--11852314)
# Java VM: OpenJDK 64-Bit Server VM (17.0.11+0--11852314, mixed mode, tiered, compressed oops, compressed class ptrs, g1 gc, windows-amd64)
GC Precious Log:
 CPUs: 4 total, 4 available
 Memory: 8073M
 Large Page Support: Disabled
 NUMA Support: Disabled
 Compressed Oops: Enabled (32-bit)
 Heap Region Size: 1M
 Heap Min Capacity: 8M
 Heap Initial Capacity: 128M
 Heap Max Capacity: 2020M
 Pre-touch: Disabled
 Parallel Workers: 4
 Concurrent Workers: 1
 Concurrent Refinement Workers: 4
 Periodic GC: Disabled
Heap:
 garbage-first heap   total 217088K, used 159890K [0x0000000081c00000, 0x0000000100000000)
  region size 1024K, 13 young (13312K), 5 survivors (5120K)
 Metaspace       used 97043K, committed 97408K, reserved 1179648K
  class space    used 10301K, committed 10496K, reserved 1048576K
GC Heap History (20 events):
Event: 28.589 GC heap before
{Heap before GC invocations=38 (full 0):
 garbage-first heap   total 217088K, used 174233K [0x0000000081c00000, 0x0000000100000000)
  region size 1024K, 44 young (45056K), 4 survivors (4096K)
 Metaspace       used 90010K, committed 90368K, reserved 1179648K
  class space    used 9863K, committed 10048K, reserved 1048576K
}
Event: 28.598 GC heap after
{Heap after GC invocations=39 (full 0):
 garbage-first heap   total 217088K, used 134646K [0x0000000081c00000, 0x0000000100000000)
  region size 1024K, 2 young (2048K), 2 survivors (2048K)
 Metaspace       used 90010K, committed 90368K, reserved 1179648K
  class space    used 9863K, committed 10048K, reserved 1048576K
}
Event: 29.353 GC heap before
{Heap before GC invocations=39 (full 0):
 garbage-first heap   total 217088K, used 177654K [0x0000000081c00000, 0x0000000100000000)
  region size 1024K, 44 young (45056K), 2 survivors (2048K)
 Metaspace       used 90685K, committed 91072K, reserved 1179648K
  class space    used 9887K, committed 10048K, reserved 1048576K
}
Event: 29.361 GC heap after
{Heap after GC invocations=40 (full 0):
 garbage-first heap   total 217088K, used 136005K [0x0000000081c00000, 0x0000000100000000)
  region size 1024K, 3 young (3072K), 3 survivors (3072K)
 Metaspace       used 90685K, committed 91072K, reserved 1179648K
  class space    used 9887K, committed 10048K, reserved 1048576K
}
Event: 31.600 GC heap before
{Heap before GC invocations=40 (full 0):
 garbage-first heap   total 217088K, used 180037K [0x0000000081c00000, 0x0000000100000000)
  region size 1024K, 46 young (47104K), 3 survivors (3072K)
 Metaspace       used 95267K, committed 95680K, reserved 1179648K
  class space    used 10234K, committed 10432K, reserved 1048576K
}
Event: 31.612 GC heap after
{Heap after GC invocations=41 (full 0):
 garbage-first heap   total 217088K, used 138946K [0x0000000081c00000, 0x0000000100000000)
  region size 1024K, 6 young (6144K), 6 survivors (6144K)
 Metaspace       used 95267K, committed 95680K, reserved 1179648K
  class space    used 10234K, committed 10432K, reserved 1048576K
}
Event: 34.629 GC heap before
{Heap before GC invocations=41 (full 0):
 garbage-first heap   total 217088K, used 181954K [0x0000000081c00000, 0x0000000100000000)
  region size 1024K, 48 young (49152K), 6 survivors (6144K)
 Metaspace       used 95824K, committed 96192K, reserved 1179648K
  class space    used 10253K, committed 10432K, reserved 1048576K
}
Event: 34.643 GC heap after
{Heap after GC invocations=42 (full 0):
 garbage-first heap   total 217088K, used 141209K [0x0000000081c00000, 0x0000000100000000)
  region size 1024K, 6 young (6144K), 6 survivors (6144K)
 Metaspace       used 95824K, committed 96192K, reserved 1179648K
  class space    used 10253K, committed 10432K, reserved 1048576K
}
Event: 36.373 GC heap before
{Heap before GC invocations=42 (full 0):
 garbage-first heap   total 217088K, used 182169K [0x0000000081c00000, 0x0000000100000000)
  region size 1024K, 46 young (47104K), 6 survivors (6144K)
 Metaspace       used 96021K, committed 96384K, reserved 1179648K
  class space    used 10254K, committed 10432K, reserved 1048576K
}
Event: 36.387 GC heap after
{Heap after GC invocations=43 (full 0):
 garbage-first heap   total 217088K, used 142951K [0x0000000081c00000, 0x0000000100000000)
  region size 1024K, 5 young (5120K), 5 survivors (5120K)
 Metaspace       used 96021K, committed 96384K, reserved 1179648K
  class space    used 10254K, committed 10432K, reserved 1048576K
}
Event: 38.373 GC heap before
{Heap before GC invocations=43 (full 0):
 garbage-first heap   total 217088K, used 183911K [0x0000000081c00000, 0x0000000100000000)
  region size 1024K, 45 young (46080K), 5 survivors (5120K)
 Metaspace       used 96236K, committed 96640K, reserved 1179648K
  class space    used 10260K, committed 10432K, reserved 1048576K
}
Event: 38.383 GC heap after
{Heap after GC invocations=44 (full 0):
 garbage-first heap   total 217088K, used 143975K [0x0000000081c00000, 0x0000000100000000)
  region size 1024K, 4 young (4096K), 4 survivors (4096K)
 Metaspace       used 96236K, committed 96640K, reserved 1179648K
  class space    used 10260K, committed 10432K, reserved 1048576K
}
Event: 40.540 GC heap before
{Heap before GC invocations=44 (full 0):
 garbage-first heap   total 217088K, used 183911K [0x0000000081c00000, 0x0000000100000000)
  region size 1024K, 43 young (44032K), 4 survivors (4096K)
 Metaspace       used 96538K, committed 96960K, reserved 1179648K
  class space    used 10285K, committed 10496K, reserved 1048576K
}
Event: 40.546 GC heap after
{Heap after GC invocations=45 (full 0):
 garbage-first heap   total 217088K, used 146808K [0x0000000081c00000, 0x0000000100000000)
  region size 1024K, 6 young (6144K), 6 survivors (6144K)
 Metaspace       used 96538K, committed 96960K, reserved 1179648K
  class space    used 10285K, committed 10496K, reserved 1048576K
}
Event: 41.632 GC heap before
{Heap before GC invocations=45 (full 0):
 garbage-first heap   total 217088K, used 183672K [0x0000000081c00000, 0x0000000100000000)
  region size 1024K, 42 young (43008K), 6 survivors (6144K)
 Metaspace       used 96664K, committed 97088K, reserved 1179648K
  class space    used 10287K, committed 10496K, reserved 1048576K
}
Event: 41.639 GC heap after
{Heap after GC invocations=46 (full 0):
 garbage-first heap   total 217088K, used 149224K [0x0000000081c00000, 0x0000000100000000)
  region size 1024K, 3 young (3072K), 3 survivors (3072K)
 Metaspace       used 96664K, committed 97088K, reserved 1179648K
  class space    used 10287K, committed 10496K, reserved 1048576K
}
Event: 42.823 GC heap before
{Heap before GC invocations=46 (full 0):
 garbage-first heap   total 217088K, used 184040K [0x0000000081c00000, 0x0000000100000000)
  region size 1024K, 37 young (37888K), 3 survivors (3072K)
 Metaspace       used 96893K, committed 97280K, reserved 1179648K
  class space    used 10296K, committed 10496K, reserved 1048576K
}
Event: 42.829 GC heap after
{Heap after GC invocations=47 (full 0):
 garbage-first heap   total 217088K, used 151079K [0x0000000081c00000, 0x0000000100000000)
  region size 1024K, 5 young (5120K), 5 survivors (5120K)
 Metaspace       used 96893K, committed 97280K, reserved 1179648K
  class space    used 10296K, committed 10496K, reserved 1048576K
}
Event: 43.213 GC heap before
{Heap before GC invocations=47 (full 0):
 garbage-first heap   total 217088K, used 184871K [0x0000000081c00000, 0x0000000100000000)
  region size 1024K, 38 young (38912K), 5 survivors (5120K)
 Metaspace       used 96966K, committed 97344K, reserved 1179648K
  class space    used 10297K, committed 10496K, reserved 1048576K
}
Event: 43.218 GC heap after
{Heap after GC invocations=48 (full 0):
 garbage-first heap   total 217088K, used 152722K [0x0000000081c00000, 0x0000000100000000)
  region size 1024K, 5 young (5120K), 5 survivors (5120K)
 Metaspace       used 96966K, committed 97344K, reserved 1179648K
  class space    used 10297K, committed 10496K, reserved 1048576K
}

