# JRE version: OpenJDK Runtime Environment (17.0.11) (build 17.0.11+0--11852314)
# Java VM: OpenJDK 64-Bit Server VM (17.0.11+0--11852314, mixed mode, tiered, compressed oops, compressed class ptrs, g1 gc, windows-amd64)
GC Precious Log:
 CPUs: 4 total, 4 available
 Memory: 8073M
 Large Page Support: Disabled
 NUMA Support: Disabled
 Compressed Oops: Enabled (Zero based)
 Heap Region Size: 2M
 Heap Min Capacity: 8M
 Heap Initial Capacity: 128M
 Heap Max Capacity: 4G
 Pre-touch: Disabled
 Parallel Workers: 4
 Concurrent Workers: 1
 Concurrent Refinement Workers: 4
 Periodic GC: Disabled
Heap:
 garbage-first heap   total 530432K, used 321183K [0x0000000700000000, 0x0000000800000000)
  region size 2048K, 6 young (12288K), 6 survivors (12288K)
 Metaspace       used 124208K, committed 125056K, reserved 1179648K
  class space    used 16693K, committed 17088K, reserved 1048576K
GC Heap History (20 events):
Event: 20.127 GC heap after
{Heap after GC invocations=40 (full 0):
 garbage-first heap   total 202752K, used 104756K [0x0000000700000000, 0x0000000800000000)
  region size 2048K, 5 young (10240K), 5 survivors (10240K)
 Metaspace       used 102574K, committed 103296K, reserved 1179648K
  class space    used 14307K, committed 14656K, reserved 1048576K
}
Event: 20.179 GC heap before
{Heap before GC invocations=40 (full 0):
 garbage-first heap   total 202752K, used 106804K [0x0000000700000000, 0x0000000800000000)
  region size 2048K, 6 young (12288K), 5 survivors (10240K)
 Metaspace       used 102598K, committed 103360K, reserved 1179648K
  class space    used 14307K, committed 14656K, reserved 1048576K
}
Event: 20.196 GC heap after
{Heap after GC invocations=41 (full 0):
 garbage-first heap   total 202752K, used 105371K [0x0000000700000000, 0x0000000800000000)
  region size 2048K, 1 young (2048K), 1 survivors (2048K)
 Metaspace       used 102598K, committed 103360K, reserved 1179648K
  class space    used 14307K, committed 14656K, reserved 1048576K
}
Event: 20.911 GC heap before
{Heap before GC invocations=41 (full 0):
 garbage-first heap   total 202752K, used 166811K [0x0000000700000000, 0x0000000800000000)
  region size 2048K, 31 young (63488K), 1 survivors (2048K)
 Metaspace       used 102886K, committed 103680K, reserved 1179648K
  class space    used 14323K, committed 14720K, reserved 1048576K
}
Event: 20.925 GC heap after
{Heap after GC invocations=42 (full 0):
 garbage-first heap   total 202752K, used 111701K [0x0000000700000000, 0x0000000800000000)
  region size 2048K, 4 young (8192K), 4 survivors (8192K)
 Metaspace       used 102886K, committed 103680K, reserved 1179648K
  class space    used 14323K, committed 14720K, reserved 1048576K
}
Event: 21.485 GC heap before
{Heap before GC invocations=42 (full 0):
 garbage-first heap   total 202752K, used 162901K [0x0000000700000000, 0x0000000800000000)
  region size 2048K, 30 young (61440K), 4 survivors (8192K)
 Metaspace       used 102903K, committed 103680K, reserved 1179648K
  class space    used 14324K, committed 14720K, reserved 1048576K
}
Event: 21.498 GC heap after
{Heap after GC invocations=43 (full 0):
 garbage-first heap   total 405504K, used 114034K [0x0000000700000000, 0x0000000800000000)
  region size 2048K, 3 young (6144K), 3 survivors (6144K)
 Metaspace       used 102903K, committed 103680K, reserved 1179648K
  class space    used 14324K, committed 14720K, reserved 1048576K
}
Event: 24.286 GC heap before
{Heap before GC invocations=43 (full 0):
 garbage-first heap   total 405504K, used 304498K [0x0000000700000000, 0x0000000800000000)
  region size 2048K, 96 young (196608K), 3 survivors (6144K)
 Metaspace       used 103565K, committed 104384K, reserved 1179648K
  class space    used 14435K, committed 14784K, reserved 1048576K
}
Event: 24.303 GC heap after
{Heap after GC invocations=44 (full 0):
 garbage-first heap   total 405504K, used 119989K [0x0000000700000000, 0x0000000800000000)
  region size 2048K, 6 young (12288K), 6 survivors (12288K)
 Metaspace       used 103565K, committed 104384K, reserved 1179648K
  class space    used 14435K, committed 14784K, reserved 1048576K
}
Event: 27.236 GC heap before
{Heap before GC invocations=44 (full 0):
 garbage-first heap   total 405504K, used 322741K [0x0000000700000000, 0x0000000800000000)
  region size 2048K, 105 young (215040K), 6 survivors (12288K)
 Metaspace       used 112224K, committed 112960K, reserved 1179648K
  class space    used 15460K, committed 15808K, reserved 1048576K
}
Event: 27.261 GC heap after
{Heap after GC invocations=45 (full 0):
 garbage-first heap   total 405504K, used 137753K [0x0000000700000000, 0x0000000800000000)
  region size 2048K, 13 young (26624K), 13 survivors (26624K)
 Metaspace       used 112224K, committed 112960K, reserved 1179648K
  class space    used 15460K, committed 15808K, reserved 1048576K
}
Event: 29.716 GC heap before
{Heap before GC invocations=45 (full 0):
 garbage-first heap   total 405504K, used 317977K [0x0000000700000000, 0x0000000800000000)
  region size 2048K, 102 young (208896K), 13 survivors (26624K)
 Metaspace       used 121137K, committed 121984K, reserved 1179648K
  class space    used 16382K, committed 16768K, reserved 1048576K
}
Event: 29.828 GC heap after
{Heap after GC invocations=46 (full 0):
 garbage-first heap   total 444416K, used 233640K [0x0000000700000000, 0x0000000800000000)
  region size 2048K, 13 young (26624K), 13 survivors (26624K)
 Metaspace       used 121137K, committed 121984K, reserved 1179648K
  class space    used 16382K, committed 16768K, reserved 1048576K
}
Event: 30.209 GC heap before
{Heap before GC invocations=46 (full 0):
 garbage-first heap   total 444416K, used 321704K [0x0000000700000000, 0x0000000800000000)
  region size 2048K, 56 young (114688K), 13 survivors (26624K)
 Metaspace       used 121169K, committed 121984K, reserved 1179648K
  class space    used 16382K, committed 16768K, reserved 1048576K
}
Event: 30.296 GC heap after
{Heap after GC invocations=47 (full 0):
 garbage-first heap   total 444416K, used 296960K [0x0000000700000000, 0x0000000800000000)
  region size 2048K, 7 young (14336K), 7 survivors (14336K)
 Metaspace       used 121169K, committed 121984K, reserved 1179648K
  class space    used 16382K, committed 16768K, reserved 1048576K
}
Event: 31.482 GC heap before
{Heap before GC invocations=48 (full 0):
 garbage-first heap   total 530432K, used 327680K [0x0000000700000000, 0x0000000800000000)
  region size 2048K, 23 young (47104K), 7 survivors (14336K)
 Metaspace       used 122670K, committed 123520K, reserved 1179648K
  class space    used 16543K, committed 16896K, reserved 1048576K
}
Event: 31.503 GC heap after
{Heap after GC invocations=49 (full 0):
 garbage-first heap   total 530432K, used 301730K [0x0000000700000000, 0x0000000800000000)
  region size 2048K, 2 young (4096K), 2 survivors (4096K)
 Metaspace       used 122670K, committed 123520K, reserved 1179648K
  class space    used 16543K, committed 16896K, reserved 1048576K
}
Event: 32.006 GC heap before
{Heap before GC invocations=49 (full 0):
 garbage-first heap   total 530432K, used 320162K [0x0000000700000000, 0x0000000800000000)
  region size 2048K, 12 young (24576K), 2 survivors (4096K)
 Metaspace       used 123611K, committed 124480K, reserved 1179648K
  class space    used 16631K, committed 17024K, reserved 1048576K
}
Event: 32.019 GC heap after
{Heap after GC invocations=50 (full 0):
 garbage-first heap   total 530432K, used 302080K [0x0000000700000000, 0x0000000800000000)
  region size 2048K, 2 young (4096K), 2 survivors (4096K)
 Metaspace       used 123611K, committed 124480K, reserved 1179648K
  class space    used 16631K, committed 17024K, reserved 1048576K
}
Event: 33.026 GC heap before
{Heap before GC invocations=50 (full 0):
 garbage-first heap   total 530432K, used 384000K [0x0000000700000000, 0x0000000800000000)
  region size 2048K, 43 young (88064K), 2 survivors (4096K)
 Metaspace       used 124208K, committed 125056K, reserved 1179648K
  class space    used 16693K, committed 17088K, reserved 1048576K
}

