# JRE version: OpenJDK Runtime Environment (17.0.11) (build 17.0.11+0--11852314)
# Java VM: OpenJDK 64-Bit Server VM (17.0.11+0--11852314, mixed mode, tiered, compressed oops, compressed class ptrs, g1 gc, windows-amd64)
GC Precious Log:
 CPUs: 4 total, 4 available
 Memory: 8073M
 Large Page Support: Disabled
 NUMA Support: Disabled
 Compressed Oops: Enabled (Zero based)
 Heap Region Size: 2M
 Heap Min Capacity: 8M
 Heap Initial Capacity: 128M
 Heap Max Capacity: 4G
 Pre-touch: Disabled
 Parallel Workers: 4
 Concurrent Workers: 1
 Concurrent Refinement Workers: 4
 Periodic GC: Disabled
Heap:
 garbage-first heap   total 516096K, used 291147K [0x0000000700000000, 0x0000000800000000)
  region size 2048K, 54 young (110592K), 12 survivors (24576K)
 Metaspace       used 121022K, committed 122048K, reserved 1179648K
  class space    used 16345K, committed 16832K, reserved 1048576K
GC Heap History (20 events):
Event: 37.231 GC heap before
{Heap before GC invocations=45 (full 0):
 garbage-first heap   total 253952K, used 209689K [0x0000000700000000, 0x0000000800000000)
  region size 2048K, 39 young (79872K), 3 survivors (6144K)
 Metaspace       used 93963K, committed 94784K, reserved 1179648K
  class space    used 12971K, committed 13376K, reserved 1048576K
}
Event: 37.241 GC heap after
{Heap after GC invocations=46 (full 0):
 garbage-first heap   total 253952K, used 138241K [0x0000000700000000, 0x0000000800000000)
  region size 2048K, 4 young (8192K), 4 survivors (8192K)
 Metaspace       used 93963K, committed 94784K, reserved 1179648K
  class space    used 12971K, committed 13376K, reserved 1048576K
}
Event: 37.293 GC heap before
{Heap before GC invocations=46 (full 0):
 garbage-first heap   total 253952K, used 140289K [0x0000000700000000, 0x0000000800000000)
  region size 2048K, 6 young (12288K), 4 survivors (8192K)
 Metaspace       used 94259K, committed 95040K, reserved 1179648K
  class space    used 13012K, committed 13376K, reserved 1048576K
}
Event: 37.302 GC heap after
{Heap after GC invocations=47 (full 0):
 garbage-first heap   total 253952K, used 137603K [0x0000000700000000, 0x0000000800000000)
  region size 2048K, 1 young (2048K), 1 survivors (2048K)
 Metaspace       used 94259K, committed 95040K, reserved 1179648K
  class space    used 13012K, committed 13376K, reserved 1048576K
}
Event: 38.248 GC heap before
{Heap before GC invocations=47 (full 0):
 garbage-first heap   total 253952K, used 225667K [0x0000000700000000, 0x0000000800000000)
  region size 2048K, 37 young (75776K), 1 survivors (2048K)
 Metaspace       used 100011K, committed 100800K, reserved 1179648K
  class space    used 13860K, committed 14208K, reserved 1048576K
}
Event: 38.256 GC heap after
{Heap after GC invocations=48 (full 0):
 garbage-first heap   total 253952K, used 157907K [0x0000000700000000, 0x0000000800000000)
  region size 2048K, 4 young (8192K), 4 survivors (8192K)
 Metaspace       used 100011K, committed 100800K, reserved 1179648K
  class space    used 13860K, committed 14208K, reserved 1048576K
}
Event: 38.930 GC heap before
{Heap before GC invocations=49 (full 0):
 garbage-first heap   total 301056K, used 211155K [0x0000000700000000, 0x0000000800000000)
  region size 2048K, 28 young (57344K), 4 survivors (8192K)
 Metaspace       used 103768K, committed 104640K, reserved 1179648K
  class space    used 14366K, committed 14784K, reserved 1048576K
}
Event: 38.943 GC heap after
{Heap after GC invocations=50 (full 0):
 garbage-first heap   total 301056K, used 167574K [0x0000000700000000, 0x0000000800000000)
  region size 2048K, 3 young (6144K), 3 survivors (6144K)
 Metaspace       used 103768K, committed 104640K, reserved 1179648K
  class space    used 14366K, committed 14784K, reserved 1048576K
}
Event: 39.058 GC heap before
{Heap before GC invocations=50 (full 0):
 garbage-first heap   total 301056K, used 175766K [0x0000000700000000, 0x0000000800000000)
  region size 2048K, 7 young (14336K), 3 survivors (6144K)
 Metaspace       used 103768K, committed 104640K, reserved 1179648K
  class space    used 14366K, committed 14784K, reserved 1048576K
}
Event: 39.066 GC heap after
{Heap after GC invocations=51 (full 0):
 garbage-first heap   total 301056K, used 167517K [0x0000000700000000, 0x0000000800000000)
  region size 2048K, 1 young (2048K), 1 survivors (2048K)
 Metaspace       used 103768K, committed 104640K, reserved 1179648K
  class space    used 14366K, committed 14784K, reserved 1048576K
}
Event: 39.720 GC heap before
{Heap before GC invocations=51 (full 0):
 garbage-first heap   total 301056K, used 245341K [0x0000000700000000, 0x0000000800000000)
  region size 2048K, 39 young (79872K), 1 survivors (2048K)
 Metaspace       used 103771K, committed 104704K, reserved 1179648K
  class space    used 14366K, committed 14784K, reserved 1048576K
}
Event: 39.727 GC heap after
{Heap after GC invocations=52 (full 0):
 garbage-first heap   total 516096K, used 170715K [0x0000000700000000, 0x0000000800000000)
  region size 2048K, 3 young (6144K), 3 survivors (6144K)
 Metaspace       used 103771K, committed 104704K, reserved 1179648K
  class space    used 14366K, committed 14784K, reserved 1048576K
}
Event: 42.349 GC heap before
{Heap before GC invocations=52 (full 0):
 garbage-first heap   total 516096K, used 402139K [0x0000000700000000, 0x0000000800000000)
  region size 2048K, 116 young (237568K), 3 survivors (6144K)
 Metaspace       used 103773K, committed 104704K, reserved 1179648K
  class space    used 14366K, committed 14784K, reserved 1048576K
}
Event: 42.364 GC heap after
{Heap after GC invocations=53 (full 0):
 garbage-first heap   total 516096K, used 177541K [0x0000000700000000, 0x0000000800000000)
  region size 2048K, 6 young (12288K), 6 survivors (12288K)
 Metaspace       used 103773K, committed 104704K, reserved 1179648K
  class space    used 14366K, committed 14784K, reserved 1048576K
}
Event: 44.132 GC heap before
{Heap before GC invocations=53 (full 0):
 garbage-first heap   total 516096K, used 417157K [0x0000000700000000, 0x0000000800000000)
  region size 2048K, 123 young (251904K), 6 survivors (12288K)
 Metaspace       used 103773K, committed 104704K, reserved 1179648K
  class space    used 14366K, committed 14784K, reserved 1048576K
}
Event: 44.156 GC heap after
{Heap after GC invocations=54 (full 0):
 garbage-first heap   total 516096K, used 185347K [0x0000000700000000, 0x0000000800000000)
  region size 2048K, 10 young (20480K), 10 survivors (20480K)
 Metaspace       used 103773K, committed 104704K, reserved 1179648K
  class space    used 14366K, committed 14784K, reserved 1048576K
}
Event: 46.109 GC heap before
{Heap before GC invocations=54 (full 0):
 garbage-first heap   total 516096K, used 420867K [0x0000000700000000, 0x0000000800000000)
  region size 2048K, 126 young (258048K), 10 survivors (20480K)
 Metaspace       used 111318K, committed 112192K, reserved 1179648K
  class space    used 15308K, committed 15680K, reserved 1048576K
}
Event: 46.167 GC heap after
{Heap after GC invocations=55 (full 0):
 garbage-first heap   total 516096K, used 192522K [0x0000000700000000, 0x0000000800000000)
  region size 2048K, 9 young (18432K), 9 survivors (18432K)
 Metaspace       used 111318K, committed 112192K, reserved 1179648K
  class space    used 15308K, committed 15680K, reserved 1048576K
}
Event: 48.613 GC heap before
{Heap before GC invocations=55 (full 0):
 garbage-first heap   total 516096K, used 423946K [0x0000000700000000, 0x0000000800000000)
  region size 2048K, 123 young (251904K), 9 survivors (18432K)
 Metaspace       used 117722K, committed 118592K, reserved 1179648K
  class space    used 15967K, committed 16384K, reserved 1048576K
}
Event: 48.702 GC heap after
{Heap after GC invocations=56 (full 0):
 garbage-first heap   total 516096K, used 207179K [0x0000000700000000, 0x0000000800000000)
  region size 2048K, 12 young (24576K), 12 survivors (24576K)
 Metaspace       used 117722K, committed 118592K, reserved 1179648K
  class space    used 15967K, committed 16384K, reserved 1048576K
}

