# JRE version: OpenJDK Runtime Environment (17.0.11) (build 17.0.11+0--11852314)
# Java VM: OpenJDK 64-Bit Server VM (17.0.11+0--11852314, mixed mode, tiered, compressed oops, compressed class ptrs, g1 gc, windows-amd64)
GC Precious Log:
 CPUs: 4 total, 4 available
 Memory: 8073M
 Large Page Support: Disabled
 NUMA Support: Disabled
 Compressed Oops: Enabled (32-bit)
 Heap Region Size: 1M
 Heap Min Capacity: 8M
 Heap Initial Capacity: 128M
 Heap Max Capacity: 2020M
 Pre-touch: Disabled
 Parallel Workers: 4
 Concurrent Workers: 1
 Concurrent Refinement Workers: 4
 Periodic GC: Disabled
Heap:
 garbage-first heap   total 94208K, used 65536K [0x0000000081c00000, 0x0000000100000000)
  region size 1024K, 33 young (33792K), 2 survivors (2048K)
 Metaspace       used 54666K, committed 54912K, reserved 1114112K
  class space    used 6563K, committed 6656K, reserved 1048576K
GC Heap History (20 events):
Event: 1.138 GC heap before
{Heap before GC invocations=2 (full 0):
 garbage-first heap   total 131072K, used 33544K [0x0000000081c00000, 0x0000000100000000)
  region size 1024K, 28 young (28672K), 2 survivors (2048K)
 Metaspace       used 21319K, committed 21504K, reserved 1114112K
  class space    used 2331K, committed 2432K, reserved 1048576K
}
Event: 1.144 GC heap after
{Heap after GC invocations=3 (full 0):
 garbage-first heap   total 131072K, used 10380K [0x0000000081c00000, 0x0000000100000000)
  region size 1024K, 5 young (5120K), 5 survivors (5120K)
 Metaspace       used 21319K, committed 21504K, reserved 1114112K
  class space    used 2331K, committed 2432K, reserved 1048576K
}
Event: 1.472 GC heap before
{Heap before GC invocations=4 (full 0):
 garbage-first heap   total 45056K, used 31884K [0x0000000081c00000, 0x0000000100000000)
  region size 1024K, 26 young (26624K), 5 survivors (5120K)
 Metaspace       used 28167K, committed 28352K, reserved 1114112K
  class space    used 3405K, committed 3456K, reserved 1048576K
}
Event: 1.484 GC heap after
{Heap after GC invocations=5 (full 0):
 garbage-first heap   total 45056K, used 11568K [0x0000000081c00000, 0x0000000100000000)
  region size 1024K, 2 young (2048K), 2 survivors (2048K)
 Metaspace       used 28167K, committed 28352K, reserved 1114112K
  class space    used 3405K, committed 3456K, reserved 1048576K
}
Event: 1.500 GC heap before
{Heap before GC invocations=5 (full 0):
 garbage-first heap   total 45056K, used 12592K [0x0000000081c00000, 0x0000000100000000)
  region size 1024K, 3 young (3072K), 2 survivors (2048K)
 Metaspace       used 28602K, committed 28800K, reserved 1114112K
  class space    used 3569K, committed 3648K, reserved 1048576K
}
Event: 1.503 GC heap after
{Heap after GC invocations=6 (full 0):
 garbage-first heap   total 45056K, used 11578K [0x0000000081c00000, 0x0000000100000000)
  region size 1024K, 1 young (1024K), 1 survivors (1024K)
 Metaspace       used 28602K, committed 28800K, reserved 1114112K
  class space    used 3569K, committed 3648K, reserved 1048576K
}
Event: 1.715 GC heap before
{Heap before GC invocations=6 (full 0):
 garbage-first heap   total 45056K, used 34106K [0x0000000081c00000, 0x0000000100000000)
  region size 1024K, 21 young (21504K), 1 survivors (1024K)
 Metaspace       used 29556K, committed 29824K, reserved 1114112K
  class space    used 3624K, committed 3712K, reserved 1048576K
}
Event: 1.724 GC heap after
{Heap after GC invocations=7 (full 0):
 garbage-first heap   total 45056K, used 18732K [0x0000000081c00000, 0x0000000100000000)
  region size 1024K, 3 young (3072K), 3 survivors (3072K)
 Metaspace       used 29556K, committed 29824K, reserved 1114112K
  class space    used 3624K, committed 3712K, reserved 1048576K
}
Event: 1.872 GC heap before
{Heap before GC invocations=7 (full 0):
 garbage-first heap   total 45056K, used 32044K [0x0000000081c00000, 0x0000000100000000)
  region size 1024K, 16 young (16384K), 3 survivors (3072K)
 Metaspace       used 32229K, committed 32448K, reserved 1114112K
  class space    used 4130K, committed 4224K, reserved 1048576K
}
Event: 1.881 GC heap after
{Heap after GC invocations=8 (full 0):
 garbage-first heap   total 68608K, used 21076K [0x0000000081c00000, 0x0000000100000000)
  region size 1024K, 2 young (2048K), 2 survivors (2048K)
 Metaspace       used 32229K, committed 32448K, reserved 1114112K
  class space    used 4130K, committed 4224K, reserved 1048576K
}
Event: 2.102 GC heap before
{Heap before GC invocations=8 (full 0):
 garbage-first heap   total 68608K, used 40532K [0x0000000081c00000, 0x0000000100000000)
  region size 1024K, 22 young (22528K), 2 survivors (2048K)
 Metaspace       used 36097K, committed 36288K, reserved 1114112K
  class space    used 4557K, committed 4672K, reserved 1048576K
}
Event: 2.110 GC heap after
{Heap after GC invocations=9 (full 0):
 garbage-first heap   total 68608K, used 21340K [0x0000000081c00000, 0x0000000100000000)
  region size 1024K, 4 young (4096K), 4 survivors (4096K)
 Metaspace       used 36097K, committed 36288K, reserved 1114112K
  class space    used 4557K, committed 4672K, reserved 1048576K
}
Event: 2.512 GC heap before
{Heap before GC invocations=10 (full 0):
 garbage-first heap   total 68608K, used 48988K [0x0000000081c00000, 0x0000000100000000)
  region size 1024K, 31 young (31744K), 4 survivors (4096K)
 Metaspace       used 41520K, committed 41728K, reserved 1114112K
  class space    used 5067K, committed 5184K, reserved 1048576K
}
Event: 2.522 GC heap after
{Heap after GC invocations=11 (full 0):
 garbage-first heap   total 68608K, used 23871K [0x0000000081c00000, 0x0000000100000000)
  region size 1024K, 4 young (4096K), 4 survivors (4096K)
 Metaspace       used 41520K, committed 41728K, reserved 1114112K
  class space    used 5067K, committed 5184K, reserved 1048576K
}
Event: 3.093 GC heap before
{Heap before GC invocations=11 (full 0):
 garbage-first heap   total 68608K, used 48447K [0x0000000081c00000, 0x0000000100000000)
  region size 1024K, 29 young (29696K), 4 survivors (4096K)
 Metaspace       used 47483K, committed 47680K, reserved 1114112K
  class space    used 5756K, committed 5824K, reserved 1048576K
}
Event: 3.104 GC heap after
{Heap after GC invocations=12 (full 0):
 garbage-first heap   total 68608K, used 27896K [0x0000000081c00000, 0x0000000100000000)
  region size 1024K, 4 young (4096K), 4 survivors (4096K)
 Metaspace       used 47483K, committed 47680K, reserved 1114112K
  class space    used 5756K, committed 5824K, reserved 1048576K
}
Event: 3.361 GC heap before
{Heap before GC invocations=12 (full 0):
 garbage-first heap   total 68608K, used 52472K [0x0000000081c00000, 0x0000000100000000)
  region size 1024K, 26 young (26624K), 4 survivors (4096K)
 Metaspace       used 50092K, committed 50240K, reserved 1114112K
  class space    used 6067K, committed 6144K, reserved 1048576K
}
Event: 3.374 GC heap after
{Heap after GC invocations=13 (full 0):
 garbage-first heap   total 68608K, used 34489K [0x0000000081c00000, 0x0000000100000000)
  region size 1024K, 4 young (4096K), 4 survivors (4096K)
 Metaspace       used 50092K, committed 50240K, reserved 1114112K
  class space    used 6067K, committed 6144K, reserved 1048576K
}
Event: 3.514 GC heap before
{Heap before GC invocations=13 (full 0):
 garbage-first heap   total 68608K, used 51897K [0x0000000081c00000, 0x0000000100000000)
  region size 1024K, 21 young (21504K), 4 survivors (4096K)
 Metaspace       used 50514K, committed 50752K, reserved 1114112K
  class space    used 6092K, committed 6208K, reserved 1048576K
}
Event: 3.524 GC heap after
{Heap after GC invocations=14 (full 0):
 garbage-first heap   total 94208K, used 34816K [0x0000000081c00000, 0x0000000100000000)
  region size 1024K, 2 young (2048K), 2 survivors (2048K)
 Metaspace       used 50514K, committed 50752K, reserved 1114112K
  class space    used 6092K, committed 6208K, reserved 1048576K
}

