# JRE version: OpenJDK Runtime Environment (17.0.11) (build 17.0.11+0--11852314)
# Java VM: OpenJDK 64-Bit Server VM (17.0.11+0--11852314, mixed mode, tiered, compressed oops, compressed class ptrs, g1 gc, windows-amd64)
GC Precious Log:
 CPUs: 4 total, 4 available
 Memory: 8073M
 Large Page Support: Disabled
 NUMA Support: Disabled
 Compressed Oops: Enabled (Zero based)
 Heap Region Size: 2M
 Heap Min Capacity: 8M
 Heap Initial Capacity: 128M
 Heap Max Capacity: 4G
 Pre-touch: Disabled
 Parallel Workers: 4
 Concurrent Workers: 1
 Concurrent Refinement Workers: 4
 Periodic GC: Disabled
Heap:
 garbage-first heap   total 573440K, used 449536K [0x0000000700000000, 0x0000000800000000)
  region size 2048K, 4 young (8192K), 4 survivors (8192K)
 Metaspace       used 114844K, committed 115712K, reserved 1179648K
  class space    used 16023K, committed 16448K, reserved 1048576K
GC Heap History (20 events):
Event: 26.097 GC heap after
{Heap after GC invocations=49 (full 0):
 garbage-first heap   total 296960K, used 124188K [0x0000000700000000, 0x0000000800000000)
  region size 2048K, 5 young (10240K), 5 survivors (10240K)
 Metaspace       used 107346K, committed 108160K, reserved 1179648K
  class space    used 14785K, committed 15232K, reserved 1048576K
}
Event: 26.128 GC heap before
{Heap before GC invocations=49 (full 0):
 garbage-first heap   total 296960K, used 126236K [0x0000000700000000, 0x0000000800000000)
  region size 2048K, 7 young (14336K), 5 survivors (10240K)
 Metaspace       used 107346K, committed 108160K, reserved 1179648K
  class space    used 14785K, committed 15232K, reserved 1048576K
}
Event: 26.140 GC heap after
{Heap after GC invocations=50 (full 0):
 garbage-first heap   total 296960K, used 123752K [0x0000000700000000, 0x0000000800000000)
  region size 2048K, 1 young (2048K), 1 survivors (2048K)
 Metaspace       used 107346K, committed 108160K, reserved 1179648K
  class space    used 14785K, committed 15232K, reserved 1048576K
}
Event: 27.252 GC heap before
{Heap before GC invocations=50 (full 0):
 garbage-first heap   total 296960K, used 265064K [0x0000000700000000, 0x0000000800000000)
  region size 2048K, 58 young (118784K), 1 survivors (2048K)
 Metaspace       used 107766K, committed 108672K, reserved 1179648K
  class space    used 14839K, committed 15296K, reserved 1048576K
}
Event: 27.267 GC heap after
{Heap after GC invocations=51 (full 0):
 garbage-first heap   total 296960K, used 167861K [0x0000000700000000, 0x0000000800000000)
  region size 2048K, 8 young (16384K), 8 survivors (16384K)
 Metaspace       used 107766K, committed 108672K, reserved 1179648K
  class space    used 14839K, committed 15296K, reserved 1048576K
}
Event: 28.141 GC heap before
{Heap before GC invocations=51 (full 0):
 garbage-first heap   total 296960K, used 253877K [0x0000000700000000, 0x0000000800000000)
  region size 2048K, 43 young (88064K), 8 survivors (16384K)
 Metaspace       used 109527K, committed 110400K, reserved 1179648K
  class space    used 15098K, committed 15552K, reserved 1048576K
}
Event: 28.152 GC heap after
{Heap after GC invocations=52 (full 0):
 garbage-first heap   total 296960K, used 197715K [0x0000000700000000, 0x0000000800000000)
  region size 2048K, 6 young (12288K), 6 survivors (12288K)
 Metaspace       used 109527K, committed 110400K, reserved 1179648K
  class space    used 15098K, committed 15552K, reserved 1048576K
}
Event: 28.451 GC heap before
{Heap before GC invocations=52 (full 0):
 garbage-first heap   total 296960K, used 265299K [0x0000000700000000, 0x0000000800000000)
  region size 2048K, 29 young (59392K), 6 survivors (12288K)
 Metaspace       used 111805K, committed 112640K, reserved 1179648K
  class space    used 15427K, committed 15872K, reserved 1048576K
}
Event: 28.461 GC heap after
{Heap after GC invocations=53 (full 0):
 garbage-first heap   total 296960K, used 219966K [0x0000000700000000, 0x0000000800000000)
  region size 2048K, 4 young (8192K), 4 survivors (8192K)
 Metaspace       used 111805K, committed 112640K, reserved 1179648K
  class space    used 15427K, committed 15872K, reserved 1048576K
}
Event: 28.501 GC heap before
{Heap before GC invocations=53 (full 0):
 garbage-first heap   total 296960K, used 273214K [0x0000000700000000, 0x0000000800000000)
  region size 2048K, 15 young (30720K), 4 survivors (8192K)
 Metaspace       used 111808K, committed 112640K, reserved 1179648K
  class space    used 15427K, committed 15872K, reserved 1048576K
}
Event: 28.511 GC heap after
{Heap after GC invocations=54 (full 0):
 garbage-first heap   total 573440K, used 241630K [0x0000000700000000, 0x0000000800000000)
  region size 2048K, 2 young (4096K), 2 survivors (4096K)
 Metaspace       used 111808K, committed 112640K, reserved 1179648K
  class space    used 15427K, committed 15872K, reserved 1048576K
}
Event: 30.024 GC heap before
{Heap before GC invocations=55 (full 0):
 garbage-first heap   total 573440K, used 468958K [0x0000000700000000, 0x0000000800000000)
  region size 2048K, 91 young (186368K), 2 survivors (4096K)
 Metaspace       used 112146K, committed 113024K, reserved 1179648K
  class space    used 15477K, committed 15936K, reserved 1048576K
}
Event: 30.139 GC heap after
{Heap after GC invocations=56 (full 0):
 garbage-first heap   total 573440K, used 336898K [0x0000000700000000, 0x0000000800000000)
  region size 2048K, 12 young (24576K), 12 survivors (24576K)
 Metaspace       used 112146K, committed 113024K, reserved 1179648K
  class space    used 15477K, committed 15936K, reserved 1048576K
}
Event: 30.180 GC heap before
{Heap before GC invocations=56 (full 0):
 garbage-first heap   total 573440K, used 338946K [0x0000000700000000, 0x0000000800000000)
  region size 2048K, 14 young (28672K), 12 survivors (24576K)
 Metaspace       used 112146K, committed 113024K, reserved 1179648K
  class space    used 15477K, committed 15936K, reserved 1048576K
}
Event: 30.246 GC heap after
{Heap after GC invocations=57 (full 0):
 garbage-first heap   total 573440K, used 340642K [0x0000000700000000, 0x0000000800000000)
  region size 2048K, 2 young (4096K), 2 survivors (4096K)
 Metaspace       used 112146K, committed 113024K, reserved 1179648K
  class space    used 15477K, committed 15936K, reserved 1048576K
}
Event: 31.339 GC heap before
{Heap before GC invocations=57 (full 0):
 garbage-first heap   total 573440K, used 445090K [0x0000000700000000, 0x0000000800000000)
  region size 2048K, 51 young (104448K), 2 survivors (4096K)
 Metaspace       used 114824K, committed 115648K, reserved 1179648K
  class space    used 16022K, committed 16448K, reserved 1048576K
}
Event: 31.444 GC heap after
{Heap after GC invocations=58 (full 0):
 garbage-first heap   total 573440K, used 387072K [0x0000000700000000, 0x0000000800000000)
  region size 2048K, 7 young (14336K), 7 survivors (14336K)
 Metaspace       used 114824K, committed 115648K, reserved 1179648K
  class space    used 16022K, committed 16448K, reserved 1048576K
}
Event: 32.090 GC heap before
{Heap before GC invocations=58 (full 0):
 garbage-first heap   total 573440K, used 454656K [0x0000000700000000, 0x0000000800000000)
  region size 2048K, 41 young (83968K), 7 survivors (14336K)
 Metaspace       used 114840K, committed 115712K, reserved 1179648K
  class space    used 16023K, committed 16448K, reserved 1048576K
}
Event: 32.185 GC heap after
{Heap after GC invocations=59 (full 0):
 garbage-first heap   total 573440K, used 424960K [0x0000000700000000, 0x0000000800000000)
  region size 2048K, 6 young (12288K), 6 survivors (12288K)
 Metaspace       used 114840K, committed 115712K, reserved 1179648K
  class space    used 16023K, committed 16448K, reserved 1048576K
}
Event: 32.462 GC heap before
{Heap before GC invocations=59 (full 0):
 garbage-first heap   total 573440K, used 467968K [0x0000000700000000, 0x0000000800000000)
  region size 2048K, 27 young (55296K), 6 survivors (12288K)
 Metaspace       used 114844K, committed 115712K, reserved 1179648K
  class space    used 16023K, committed 16448K, reserved 1048576K
}

