# JRE version: OpenJDK Runtime Environment (17.0.11) (build 17.0.11+0--11852314)
# Java VM: OpenJDK 64-Bit Server VM (17.0.11+0--11852314, mixed mode, tiered, compressed oops, compressed class ptrs, g1 gc, windows-amd64)
GC Precious Log:
 CPUs: 4 total, 4 available
 Memory: 8073M
 Large Page Support: Disabled
 NUMA Support: Disabled
 Compressed Oops: Enabled (Zero based)
 Heap Region Size: 2M
 Heap Min Capacity: 8M
 Heap Initial Capacity: 128M
 Heap Max Capacity: 4G
 Pre-touch: Disabled
 Parallel Workers: 4
 Concurrent Workers: 1
 Concurrent Refinement Workers: 4
 Periodic GC: Disabled
Heap:
 garbage-first heap   total 514048K, used 352981K [0x0000000700000000, 0x0000000800000000)
  region size 2048K, 5 young (10240K), 5 survivors (10240K)
 Metaspace       used 110119K, committed 110912K, reserved 1179648K
  class space    used 15267K, committed 15616K, reserved 1048576K
GC Heap History (20 events):
Event: 17.695 GC heap after
{Heap after GC invocations=34 (full 0):
 garbage-first heap   total 292864K, used 110254K [0x0000000700000000, 0x0000000800000000)
  region size 2048K, 7 young (14336K), 7 survivors (14336K)
 Metaspace       used 102956K, committed 103744K, reserved 1179648K
  class space    used 14323K, committed 14720K, reserved 1048576K
}
Event: 18.742 GC heap before
{Heap before GC invocations=34 (full 0):
 garbage-first heap   total 292864K, used 226990K [0x0000000700000000, 0x0000000800000000)
  region size 2048K, 65 young (133120K), 7 survivors (14336K)
 Metaspace       used 103503K, committed 104320K, reserved 1179648K
  class space    used 14422K, committed 14784K, reserved 1048576K
}
Event: 18.769 GC heap after
{Heap after GC invocations=35 (full 0):
 garbage-first heap   total 292864K, used 115301K [0x0000000700000000, 0x0000000800000000)
  region size 2048K, 4 young (8192K), 4 survivors (8192K)
 Metaspace       used 103503K, committed 104320K, reserved 1179648K
  class space    used 14422K, committed 14784K, reserved 1048576K
}
Event: 19.782 GC heap before
{Heap before GC invocations=35 (full 0):
 garbage-first heap   total 292864K, used 232037K [0x0000000700000000, 0x0000000800000000)
  region size 2048K, 62 young (126976K), 4 survivors (8192K)
 Metaspace       used 103637K, committed 104384K, reserved 1179648K
  class space    used 14436K, committed 14784K, reserved 1048576K
}
Event: 19.797 GC heap after
{Heap after GC invocations=36 (full 0):
 garbage-first heap   total 292864K, used 119065K [0x0000000700000000, 0x0000000800000000)
  region size 2048K, 6 young (12288K), 6 survivors (12288K)
 Metaspace       used 103637K, committed 104384K, reserved 1179648K
  class space    used 14436K, committed 14784K, reserved 1048576K
}
Event: 20.962 GC heap before
{Heap before GC invocations=36 (full 0):
 garbage-first heap   total 292864K, used 233753K [0x0000000700000000, 0x0000000800000000)
  region size 2048K, 63 young (129024K), 6 survivors (12288K)
 Metaspace       used 105962K, committed 106752K, reserved 1179648K
  class space    used 14657K, committed 15040K, reserved 1048576K
}
Event: 20.983 GC heap after
{Heap after GC invocations=37 (full 0):
 garbage-first heap   total 292864K, used 123749K [0x0000000700000000, 0x0000000800000000)
  region size 2048K, 6 young (12288K), 6 survivors (12288K)
 Metaspace       used 105962K, committed 106752K, reserved 1179648K
  class space    used 14657K, committed 15040K, reserved 1048576K
}
Event: 22.177 GC heap before
{Heap before GC invocations=37 (full 0):
 garbage-first heap   total 292864K, used 236389K [0x0000000700000000, 0x0000000800000000)
  region size 2048K, 62 young (126976K), 6 survivors (12288K)
 Metaspace       used 106411K, committed 107200K, reserved 1179648K
  class space    used 14719K, committed 15104K, reserved 1048576K
}
Event: 22.194 GC heap after
{Heap after GC invocations=38 (full 0):
 garbage-first heap   total 514048K, used 127227K [0x0000000700000000, 0x0000000800000000)
  region size 2048K, 6 young (12288K), 6 survivors (12288K)
 Metaspace       used 106411K, committed 107200K, reserved 1179648K
  class space    used 14719K, committed 15104K, reserved 1048576K
}
Event: 23.009 GC heap before
{Heap before GC invocations=38 (full 0):
 garbage-first heap   total 514048K, used 256251K [0x0000000700000000, 0x0000000800000000)
  region size 2048K, 43 young (88064K), 6 survivors (12288K)
 Metaspace       used 109812K, committed 110656K, reserved 1179648K
  class space    used 15224K, committed 15616K, reserved 1048576K
}
Event: 23.032 GC heap after
{Heap after GC invocations=39 (full 0):
 garbage-first heap   total 514048K, used 209691K [0x0000000700000000, 0x0000000800000000)
  region size 2048K, 19 young (38912K), 19 survivors (38912K)
 Metaspace       used 109812K, committed 110656K, reserved 1179648K
  class space    used 15224K, committed 15616K, reserved 1048576K
}
Event: 23.092 GC heap before
{Heap before GC invocations=39 (full 0):
 garbage-first heap   total 514048K, used 330523K [0x0000000700000000, 0x0000000800000000)
  region size 2048K, 45 young (92160K), 19 survivors (38912K)
 Metaspace       used 109824K, committed 110656K, reserved 1179648K
  class space    used 15224K, committed 15616K, reserved 1048576K
}
Event: 23.112 GC heap after
{Heap after GC invocations=40 (full 0):
 garbage-first heap   total 514048K, used 258740K [0x0000000700000000, 0x0000000800000000)
  region size 2048K, 11 young (22528K), 11 survivors (22528K)
 Metaspace       used 109824K, committed 110656K, reserved 1179648K
  class space    used 15224K, committed 15616K, reserved 1048576K
}
Event: 23.120 GC heap before
{Heap before GC invocations=40 (full 0):
 garbage-first heap   total 514048K, used 266932K [0x0000000700000000, 0x0000000800000000)
  region size 2048K, 16 young (32768K), 11 survivors (22528K)
 Metaspace       used 109824K, committed 110656K, reserved 1179648K
  class space    used 15224K, committed 15616K, reserved 1048576K
}
Event: 23.126 GC heap after
{Heap after GC invocations=41 (full 0):
 garbage-first heap   total 514048K, used 262454K [0x0000000700000000, 0x0000000800000000)
  region size 2048K, 3 young (6144K), 3 survivors (6144K)
 Metaspace       used 109824K, committed 110656K, reserved 1179648K
  class space    used 15224K, committed 15616K, reserved 1048576K
}
Event: 24.140 GC heap before
{Heap before GC invocations=42 (full 0):
 garbage-first heap   total 514048K, used 381238K [0x0000000700000000, 0x0000000800000000)
  region size 2048K, 55 young (112640K), 3 survivors (6144K)
 Metaspace       used 110119K, committed 110912K, reserved 1179648K
  class space    used 15267K, committed 15616K, reserved 1048576K
}
Event: 24.230 GC heap after
{Heap after GC invocations=43 (full 0):
 garbage-first heap   total 514048K, used 309597K [0x0000000700000000, 0x0000000800000000)
  region size 2048K, 7 young (14336K), 7 survivors (14336K)
 Metaspace       used 110119K, committed 110912K, reserved 1179648K
  class space    used 15267K, committed 15616K, reserved 1048576K
}
Event: 24.307 GC heap before
{Heap before GC invocations=43 (full 0):
 garbage-first heap   total 514048K, used 317789K [0x0000000700000000, 0x0000000800000000)
  region size 2048K, 12 young (24576K), 7 survivors (14336K)
 Metaspace       used 110119K, committed 110912K, reserved 1179648K
  class space    used 15267K, committed 15616K, reserved 1048576K
}
Event: 24.346 GC heap after
{Heap after GC invocations=44 (full 0):
 garbage-first heap   total 514048K, used 313106K [0x0000000700000000, 0x0000000800000000)
  region size 2048K, 2 young (4096K), 2 survivors (4096K)
 Metaspace       used 110119K, committed 110912K, reserved 1179648K
  class space    used 15267K, committed 15616K, reserved 1048576K
}
Event: 24.719 GC heap before
{Heap before GC invocations=44 (full 0):
 garbage-first heap   total 514048K, used 397074K [0x0000000700000000, 0x0000000800000000)
  region size 2048K, 39 young (79872K), 2 survivors (4096K)
 Metaspace       used 110119K, committed 110912K, reserved 1179648K
  class space    used 15267K, committed 15616K, reserved 1048576K
}

