# JRE version: OpenJDK Runtime Environment (17.0.11) (build 17.0.11+0--11852314)
# Java VM: OpenJDK 64-Bit Server VM (17.0.11+0--11852314, mixed mode, tiered, compressed oops, compressed class ptrs, g1 gc, windows-amd64)
GC Precious Log:
 CPUs: 4 total, 4 available
 Memory: 8073M
 Large Page Support: Disabled
 NUMA Support: Disabled
 Compressed Oops: Enabled (Zero based)
 Heap Region Size: 2M
 Heap Min Capacity: 8M
 Heap Initial Capacity: 128M
 Heap Max Capacity: 4G
 Pre-touch: Disabled
 Parallel Workers: 4
 Concurrent Workers: 1
 Concurrent Refinement Workers: 4
 Periodic GC: Disabled
Heap:
 garbage-first heap   total 290816K, used 154293K [0x0000000700000000, 0x0000000800000000)
  region size 2048K, 7 young (14336K), 7 survivors (14336K)
 Metaspace       used 114529K, committed 115392K, reserved 1179648K
  class space    used 15684K, committed 16064K, reserved 1048576K
GC Heap History (20 events):
Event: 14.277 GC heap after
{Heap after GC invocations=22 (full 0):
 garbage-first heap   total 241664K, used 90857K [0x0000000700000000, 0x0000000800000000)
  region size 2048K, 8 young (16384K), 8 survivors (16384K)
 Metaspace       used 82116K, committed 82752K, reserved 1179648K
  class space    used 11139K, committed 11456K, reserved 1048576K
}
Event: 15.515 GC heap before
{Heap before GC invocations=22 (full 0):
 garbage-first heap   total 241664K, used 187113K [0x0000000700000000, 0x0000000800000000)
  region size 2048K, 55 young (112640K), 8 survivors (16384K)
 Metaspace       used 87705K, committed 88448K, reserved 1179648K
  class space    used 12101K, committed 12480K, reserved 1048576K
}
Event: 15.533 GC heap after
{Heap after GC invocations=23 (full 0):
 garbage-first heap   total 241664K, used 94687K [0x0000000700000000, 0x0000000800000000)
  region size 2048K, 4 young (8192K), 4 survivors (8192K)
 Metaspace       used 87705K, committed 88448K, reserved 1179648K
  class space    used 12101K, committed 12480K, reserved 1048576K
}
Event: 17.205 GC heap before
{Heap before GC invocations=23 (full 0):
 garbage-first heap   total 241664K, used 188895K [0x0000000700000000, 0x0000000800000000)
  region size 2048K, 50 young (102400K), 4 survivors (8192K)
 Metaspace       used 94357K, committed 95104K, reserved 1179648K
  class space    used 13072K, committed 13440K, reserved 1048576K
}
Event: 17.222 GC heap after
{Heap after GC invocations=24 (full 0):
 garbage-first heap   total 241664K, used 98514K [0x0000000700000000, 0x0000000800000000)
  region size 2048K, 6 young (12288K), 6 survivors (12288K)
 Metaspace       used 94357K, committed 95104K, reserved 1179648K
  class space    used 13072K, committed 13440K, reserved 1048576K
}
Event: 18.873 GC heap before
{Heap before GC invocations=24 (full 0):
 garbage-first heap   total 241664K, used 178386K [0x0000000700000000, 0x0000000800000000)
  region size 2048K, 46 young (94208K), 6 survivors (12288K)
 Metaspace       used 100606K, committed 101376K, reserved 1179648K
  class space    used 13965K, committed 14336K, reserved 1048576K
}
Event: 18.904 GC heap after
{Heap after GC invocations=25 (full 0):
 garbage-first heap   total 290816K, used 103402K [0x0000000700000000, 0x0000000800000000)
  region size 2048K, 5 young (10240K), 5 survivors (10240K)
 Metaspace       used 100606K, committed 101376K, reserved 1179648K
  class space    used 13965K, committed 14336K, reserved 1048576K
}
Event: 32.931 GC heap before
{Heap before GC invocations=26 (full 0):
 garbage-first heap   total 290816K, used 232426K [0x0000000700000000, 0x0000000800000000)
  region size 2048K, 68 young (139264K), 5 survivors (10240K)
 Metaspace       used 104089K, committed 105024K, reserved 1179648K
  class space    used 14462K, committed 14912K, reserved 1048576K
}
Event: 32.955 GC heap after
{Heap after GC invocations=27 (full 0):
 garbage-first heap   total 290816K, used 115568K [0x0000000700000000, 0x0000000800000000)
  region size 2048K, 9 young (18432K), 9 survivors (18432K)
 Metaspace       used 104089K, committed 105024K, reserved 1179648K
  class space    used 14462K, committed 14912K, reserved 1048576K
}
Event: 33.005 GC heap before
{Heap before GC invocations=27 (full 0):
 garbage-first heap   total 290816K, used 117616K [0x0000000700000000, 0x0000000800000000)
  region size 2048K, 10 young (20480K), 9 survivors (18432K)
 Metaspace       used 104099K, committed 105024K, reserved 1179648K
  class space    used 14462K, committed 14912K, reserved 1048576K
}
Event: 33.026 GC heap after
{Heap after GC invocations=28 (full 0):
 garbage-first heap   total 290816K, used 117531K [0x0000000700000000, 0x0000000800000000)
  region size 2048K, 2 young (4096K), 2 survivors (4096K)
 Metaspace       used 104099K, committed 105024K, reserved 1179648K
  class space    used 14462K, committed 14912K, reserved 1048576K
}
Event: 34.735 GC heap before
{Heap before GC invocations=28 (full 0):
 garbage-first heap   total 290816K, used 228123K [0x0000000700000000, 0x0000000800000000)
  region size 2048K, 57 young (116736K), 2 survivors (4096K)
 Metaspace       used 104318K, committed 105216K, reserved 1179648K
  class space    used 14480K, committed 14912K, reserved 1048576K
}
Event: 34.752 GC heap after
{Heap after GC invocations=29 (full 0):
 garbage-first heap   total 290816K, used 124181K [0x0000000700000000, 0x0000000800000000)
  region size 2048K, 5 young (10240K), 5 survivors (10240K)
 Metaspace       used 104318K, committed 105216K, reserved 1179648K
  class space    used 14480K, committed 14912K, reserved 1048576K
}
Event: 36.161 GC heap before
{Heap before GC invocations=29 (full 0):
 garbage-first heap   total 290816K, used 230677K [0x0000000700000000, 0x0000000800000000)
  region size 2048K, 58 young (118784K), 5 survivors (10240K)
 Metaspace       used 104816K, committed 105664K, reserved 1179648K
  class space    used 14576K, committed 14976K, reserved 1048576K
}
Event: 36.179 GC heap after
{Heap after GC invocations=30 (full 0):
 garbage-first heap   total 290816K, used 128711K [0x0000000700000000, 0x0000000800000000)
  region size 2048K, 4 young (8192K), 4 survivors (8192K)
 Metaspace       used 104816K, committed 105664K, reserved 1179648K
  class space    used 14576K, committed 14976K, reserved 1048576K
}
Event: 37.188 GC heap before
{Heap before GC invocations=30 (full 0):
 garbage-first heap   total 290816K, used 231111K [0x0000000700000000, 0x0000000800000000)
  region size 2048K, 55 young (112640K), 4 survivors (8192K)
 Metaspace       used 104928K, committed 105792K, reserved 1179648K
  class space    used 14586K, committed 15040K, reserved 1048576K
}
Event: 37.200 GC heap after
{Heap after GC invocations=31 (full 0):
 garbage-first heap   total 290816K, used 131608K [0x0000000700000000, 0x0000000800000000)
  region size 2048K, 5 young (10240K), 5 survivors (10240K)
 Metaspace       used 104928K, committed 105792K, reserved 1179648K
  class space    used 14586K, committed 15040K, reserved 1048576K
}
Event: 38.446 GC heap before
{Heap before GC invocations=31 (full 0):
 garbage-first heap   total 290816K, used 234008K [0x0000000700000000, 0x0000000800000000)
  region size 2048K, 56 young (114688K), 5 survivors (10240K)
 Metaspace       used 108089K, committed 109056K, reserved 1179648K
  class space    used 14959K, committed 15424K, reserved 1048576K
}
Event: 38.467 GC heap after
{Heap after GC invocations=32 (full 0):
 garbage-first heap   total 290816K, used 135346K [0x0000000700000000, 0x0000000800000000)
  region size 2048K, 5 young (10240K), 5 survivors (10240K)
 Metaspace       used 108089K, committed 109056K, reserved 1179648K
  class space    used 14959K, committed 15424K, reserved 1048576K
}
Event: 39.963 GC heap before
{Heap before GC invocations=32 (full 0):
 garbage-first heap   total 290816K, used 235698K [0x0000000700000000, 0x0000000800000000)
  region size 2048K, 54 young (110592K), 5 survivors (10240K)
 Metaspace       used 114529K, committed 115392K, reserved 1179648K
  class space    used 15684K, committed 16064K, reserved 1048576K
}

