# JRE version: OpenJDK Runtime Environment (17.0.11) (build 17.0.11+0--11852314)
# Java VM: OpenJDK 64-Bit Server VM (17.0.11+0--11852314, mixed mode, tiered, compressed oops, compressed class ptrs, g1 gc, windows-amd64)
GC Precious Log:
 CPUs: 4 total, 4 available
 Memory: 8073M
 Large Page Support: Disabled
 NUMA Support: Disabled
 Compressed Oops: Enabled (32-bit)
 Heap Region Size: 1M
 Heap Min Capacity: 8M
 Heap Initial Capacity: 128M
 Heap Max Capacity: 2020M
 Pre-touch: Disabled
 Parallel Workers: 4
 Concurrent Workers: 1
 Concurrent Refinement Workers: 4
 Periodic GC: Disabled
Heap:
 garbage-first heap   total 154624K, used 108340K [0x0000000081c00000, 0x0000000100000000)
  region size 1024K, 29 young (29696K), 2 survivors (2048K)
 Metaspace       used 68052K, committed 68352K, reserved 1114112K
  class space    used 7780K, committed 7936K, reserved 1048576K
GC Heap History (20 events):
Event: 5.607 GC heap before
{Heap before GC invocations=19 (full 0):
 garbage-first heap   total 73728K, used 42197K [0x0000000081c00000, 0x0000000100000000)
  region size 1024K, 3 young (3072K), 2 survivors (2048K)
 Metaspace       used 55340K, committed 55552K, reserved 1114112K
  class space    used 6628K, committed 6720K, reserved 1048576K
}
Event: 5.611 GC heap after
{Heap after GC invocations=20 (full 0):
 garbage-first heap   total 99328K, used 40803K [0x0000000081c00000, 0x0000000100000000)
  region size 1024K, 1 young (1024K), 1 survivors (1024K)
 Metaspace       used 55340K, committed 55552K, reserved 1114112K
  class space    used 6628K, committed 6720K, reserved 1048576K
}
Event: 6.643 GC heap before
{Heap before GC invocations=20 (full 0):
 garbage-first heap   total 99328K, used 74595K [0x0000000081c00000, 0x0000000100000000)
  region size 1024K, 34 young (34816K), 1 survivors (1024K)
 Metaspace       used 56873K, committed 57088K, reserved 1114112K
  class space    used 6681K, committed 6784K, reserved 1048576K
}
Event: 6.659 GC heap after
{Heap after GC invocations=21 (full 0):
 garbage-first heap   total 99328K, used 47932K [0x0000000081c00000, 0x0000000100000000)
  region size 1024K, 5 young (5120K), 5 survivors (5120K)
 Metaspace       used 56873K, committed 57088K, reserved 1114112K
  class space    used 6681K, committed 6784K, reserved 1048576K
}
Event: 7.093 GC heap before
{Heap before GC invocations=21 (full 0):
 garbage-first heap   total 99328K, used 75580K [0x0000000081c00000, 0x0000000100000000)
  region size 1024K, 32 young (32768K), 5 survivors (5120K)
 Metaspace       used 57106K, committed 57344K, reserved 1114112K
  class space    used 6689K, committed 6784K, reserved 1048576K
}
Event: 7.117 GC heap after
{Heap after GC invocations=22 (full 0):
 garbage-first heap   total 99328K, used 53194K [0x0000000081c00000, 0x0000000100000000)
  region size 1024K, 4 young (4096K), 4 survivors (4096K)
 Metaspace       used 57106K, committed 57344K, reserved 1114112K
  class space    used 6689K, committed 6784K, reserved 1048576K
}
Event: 7.449 GC heap before
{Heap before GC invocations=22 (full 0):
 garbage-first heap   total 99328K, used 77770K [0x0000000081c00000, 0x0000000100000000)
  region size 1024K, 28 young (28672K), 4 survivors (4096K)
 Metaspace       used 57463K, committed 57792K, reserved 1114112K
  class space    used 6723K, committed 6848K, reserved 1048576K
}
Event: 7.466 GC heap after
{Heap after GC invocations=23 (full 0):
 garbage-first heap   total 99328K, used 56516K [0x0000000081c00000, 0x0000000100000000)
  region size 1024K, 3 young (3072K), 3 survivors (3072K)
 Metaspace       used 57463K, committed 57792K, reserved 1114112K
  class space    used 6723K, committed 6848K, reserved 1048576K
}
Event: 7.557 GC heap before
{Heap before GC invocations=23 (full 0):
 garbage-first heap   total 99328K, used 79044K [0x0000000081c00000, 0x0000000100000000)
  region size 1024K, 25 young (25600K), 3 survivors (3072K)
 Metaspace       used 57467K, committed 57792K, reserved 1114112K
  class space    used 6724K, committed 6848K, reserved 1048576K
}
Event: 7.564 GC heap after
{Heap after GC invocations=24 (full 0):
 garbage-first heap   total 154624K, used 56812K [0x0000000081c00000, 0x0000000100000000)
  region size 1024K, 1 young (1024K), 1 survivors (1024K)
 Metaspace       used 57467K, committed 57792K, reserved 1114112K
  class space    used 6724K, committed 6848K, reserved 1048576K
}
Event: 8.754 GC heap before
{Heap before GC invocations=25 (full 0):
 garbage-first heap   total 154624K, used 109036K [0x0000000081c00000, 0x0000000100000000)
  region size 1024K, 52 young (53248K), 1 survivors (1024K)
 Metaspace       used 62490K, committed 62784K, reserved 1114112K
  class space    used 7431K, committed 7552K, reserved 1048576K
}
Event: 8.762 GC heap after
{Heap after GC invocations=26 (full 0):
 garbage-first heap   total 154624K, used 61231K [0x0000000081c00000, 0x0000000100000000)
  region size 1024K, 5 young (5120K), 5 survivors (5120K)
 Metaspace       used 62490K, committed 62784K, reserved 1114112K
  class space    used 7431K, committed 7552K, reserved 1048576K
}
Event: 8.803 GC heap before
{Heap before GC invocations=26 (full 0):
 garbage-first heap   total 154624K, used 63279K [0x0000000081c00000, 0x0000000100000000)
  region size 1024K, 7 young (7168K), 5 survivors (5120K)
 Metaspace       used 62533K, committed 62784K, reserved 1114112K
  class space    used 7432K, committed 7552K, reserved 1048576K
}
Event: 8.811 GC heap after
{Heap after GC invocations=27 (full 0):
 garbage-first heap   total 154624K, used 61626K [0x0000000081c00000, 0x0000000100000000)
  region size 1024K, 1 young (1024K), 1 survivors (1024K)
 Metaspace       used 62533K, committed 62784K, reserved 1114112K
  class space    used 7432K, committed 7552K, reserved 1048576K
}
Event: 10.931 GC heap before
{Heap before GC invocations=27 (full 0):
 garbage-first heap   total 154624K, used 123066K [0x0000000081c00000, 0x0000000100000000)
  region size 1024K, 61 young (62464K), 1 survivors (1024K)
 Metaspace       used 66454K, committed 66816K, reserved 1114112K
  class space    used 7731K, committed 7936K, reserved 1048576K
}
Event: 10.947 GC heap after
{Heap after GC invocations=28 (full 0):
 garbage-first heap   total 154624K, used 69578K [0x0000000081c00000, 0x0000000100000000)
  region size 1024K, 8 young (8192K), 8 survivors (8192K)
 Metaspace       used 66454K, committed 66816K, reserved 1114112K
  class space    used 7731K, committed 7936K, reserved 1048576K
}
Event: 13.212 GC heap before
{Heap before GC invocations=28 (full 0):
 garbage-first heap   total 154624K, used 121802K [0x0000000081c00000, 0x0000000100000000)
  region size 1024K, 59 young (60416K), 8 survivors (8192K)
 Metaspace       used 67809K, committed 68096K, reserved 1114112K
  class space    used 7763K, committed 7936K, reserved 1048576K
}
Event: 13.236 GC heap after
{Heap after GC invocations=29 (full 0):
 garbage-first heap   total 154624K, used 77312K [0x0000000081c00000, 0x0000000100000000)
  region size 1024K, 8 young (8192K), 8 survivors (8192K)
 Metaspace       used 67809K, committed 68096K, reserved 1114112K
  class space    used 7763K, committed 7936K, reserved 1048576K
}
Event: 13.357 GC heap before
{Heap before GC invocations=29 (full 0):
 garbage-first heap   total 154624K, used 79360K [0x0000000081c00000, 0x0000000100000000)
  region size 1024K, 11 young (11264K), 8 survivors (8192K)
 Metaspace       used 67841K, committed 68160K, reserved 1114112K
  class space    used 7763K, committed 7936K, reserved 1048576K
}
Event: 13.370 GC heap after
{Heap after GC invocations=30 (full 0):
 garbage-first heap   total 154624K, used 78644K [0x0000000081c00000, 0x0000000100000000)
  region size 1024K, 2 young (2048K), 2 survivors (2048K)
 Metaspace       used 67841K, committed 68160K, reserved 1114112K
  class space    used 7763K, committed 7936K, reserved 1048576K
}

