# JRE version: OpenJDK Runtime Environment (17.0.11) (build 17.0.11+0--11852314)
# Java VM: OpenJDK 64-Bit Server VM (17.0.11+0--11852314, mixed mode, tiered, compressed oops, compressed class ptrs, g1 gc, windows-amd64)
GC Precious Log:
 CPUs: 4 total, 4 available
 Memory: 8073M
 Large Page Support: Disabled
 NUMA Support: Disabled
 Compressed Oops: Enabled (Zero based)
 Heap Region Size: 2M
 Heap Min Capacity: 8M
 Heap Initial Capacity: 128M
 Heap Max Capacity: 4G
 Pre-touch: Disabled
 Parallel Workers: 4
 Concurrent Workers: 1
 Concurrent Refinement Workers: 4
 Periodic GC: Disabled
Heap:
 garbage-first heap   total 417792K, used 186871K [0x0000000700000000, 0x0000000800000000)
  region size 2048K, 1 young (2048K), 1 survivors (2048K)
 Metaspace       used 146534K, committed 147712K, reserved 1179648K
  class space    used 19972K, committed 20544K, reserved 1048576K
GC Heap History (20 events):
Event: 642.863 GC heap after
{Heap after GC invocations=52 (full 0):
 garbage-first heap   total 368640K, used 188390K [0x0000000700000000, 0x0000000800000000)
  region size 2048K, 5 young (10240K), 5 survivors (10240K)
 Metaspace       used 138806K, committed 139968K, reserved 1179648K
  class space    used 19118K, committed 19712K, reserved 1048576K
}
Event: 642.961 GC heap before
{Heap before GC invocations=52 (full 0):
 garbage-first heap   total 368640K, used 223206K [0x0000000700000000, 0x0000000800000000)
  region size 2048K, 6 young (12288K), 5 survivors (10240K)
 Metaspace       used 138807K, committed 139968K, reserved 1179648K
  class space    used 19118K, committed 19712K, reserved 1048576K
}
Event: 642.971 GC heap after
{Heap after GC invocations=53 (full 0):
 garbage-first heap   total 368640K, used 186731K [0x0000000700000000, 0x0000000800000000)
  region size 2048K, 5 young (10240K), 5 survivors (10240K)
 Metaspace       used 138807K, committed 139968K, reserved 1179648K
  class space    used 19118K, committed 19712K, reserved 1048576K
}
Event: 700.405 GC heap before
{Heap before GC invocations=53 (full 0):
 garbage-first heap   total 368640K, used 315755K [0x0000000700000000, 0x0000000800000000)
  region size 2048K, 66 young (135168K), 5 survivors (10240K)
 Metaspace       used 139102K, committed 140288K, reserved 1179648K
  class space    used 19134K, committed 19712K, reserved 1048576K
}
Event: 700.426 GC heap after
{Heap after GC invocations=54 (full 0):
 garbage-first heap   total 368640K, used 185832K [0x0000000700000000, 0x0000000800000000)
  region size 2048K, 8 young (16384K), 8 survivors (16384K)
 Metaspace       used 139102K, committed 140288K, reserved 1179648K
  class space    used 19134K, committed 19712K, reserved 1048576K
}
Event: 704.992 GC heap before
{Heap before GC invocations=54 (full 0):
 garbage-first heap   total 368640K, used 325096K [0x0000000700000000, 0x0000000800000000)
  region size 2048K, 60 young (122880K), 8 survivors (16384K)
 Metaspace       used 139369K, committed 140608K, reserved 1179648K
  class space    used 19172K, committed 19776K, reserved 1048576K
}
Event: 705.026 GC heap after
{Heap after GC invocations=55 (full 0):
 garbage-first heap   total 368640K, used 196756K [0x0000000700000000, 0x0000000800000000)
  region size 2048K, 3 young (6144K), 3 survivors (6144K)
 Metaspace       used 139369K, committed 140608K, reserved 1179648K
  class space    used 19172K, committed 19776K, reserved 1048576K
}
Event: 705.061 GC heap before
{Heap before GC invocations=55 (full 0):
 garbage-first heap   total 368640K, used 231572K [0x0000000700000000, 0x0000000800000000)
  region size 2048K, 4 young (8192K), 3 survivors (6144K)
 Metaspace       used 139369K, committed 140608K, reserved 1179648K
  class space    used 19172K, committed 19776K, reserved 1048576K
}
Event: 705.067 GC heap after
{Heap after GC invocations=56 (full 0):
 garbage-first heap   total 368640K, used 198071K [0x0000000700000000, 0x0000000800000000)
  region size 2048K, 3 young (6144K), 3 survivors (6144K)
 Metaspace       used 139369K, committed 140608K, reserved 1179648K
  class space    used 19172K, committed 19776K, reserved 1048576K
}
Event: 1163.540 GC heap before
{Heap before GC invocations=56 (full 0):
 garbage-first heap   total 368640K, used 318903K [0x0000000700000000, 0x0000000800000000)
  region size 2048K, 58 young (118784K), 3 survivors (6144K)
 Metaspace       used 139617K, committed 140864K, reserved 1179648K
  class space    used 19174K, committed 19776K, reserved 1048576K
}
Event: 1163.558 GC heap after
{Heap after GC invocations=57 (full 0):
 garbage-first heap   total 368640K, used 198352K [0x0000000700000000, 0x0000000800000000)
  region size 2048K, 7 young (14336K), 7 survivors (14336K)
 Metaspace       used 139617K, committed 140864K, reserved 1179648K
  class space    used 19174K, committed 19776K, reserved 1048576K
}
Event: 1165.054 GC heap before
{Heap before GC invocations=57 (full 0):
 garbage-first heap   total 368640K, used 308944K [0x0000000700000000, 0x0000000800000000)
  region size 2048K, 60 young (122880K), 7 survivors (14336K)
 Metaspace       used 142986K, committed 144192K, reserved 1179648K
  class space    used 19585K, committed 20160K, reserved 1048576K
}
Event: 1165.126 GC heap after
{Heap after GC invocations=58 (full 0):
 garbage-first heap   total 368640K, used 234656K [0x0000000700000000, 0x0000000800000000)
  region size 2048K, 8 young (16384K), 8 survivors (16384K)
 Metaspace       used 142986K, committed 144192K, reserved 1179648K
  class space    used 19585K, committed 20160K, reserved 1048576K
}
Event: 1166.213 GC heap before
{Heap before GC invocations=58 (full 0):
 garbage-first heap   total 368640K, used 322720K [0x0000000700000000, 0x0000000800000000)
  region size 2048K, 37 young (75776K), 8 survivors (16384K)
 Metaspace       used 144983K, committed 146176K, reserved 1179648K
  class space    used 19771K, committed 20352K, reserved 1048576K
}
Event: 1166.247 GC heap after
{Heap after GC invocations=59 (full 0):
 garbage-first heap   total 368640K, used 239616K [0x0000000700000000, 0x0000000800000000)
  region size 2048K, 2 young (4096K), 2 survivors (4096K)
 Metaspace       used 144983K, committed 146176K, reserved 1179648K
  class space    used 19771K, committed 20352K, reserved 1048576K
}
Event: 1169.235 GC heap before
{Heap before GC invocations=60 (full 0):
 garbage-first heap   total 417792K, used 284672K [0x0000000700000000, 0x0000000800000000)
  region size 2048K, 32 young (65536K), 2 survivors (4096K)
 Metaspace       used 146041K, committed 147264K, reserved 1179648K
  class space    used 19902K, committed 20480K, reserved 1048576K
}
Event: 1169.246 GC heap after
{Heap after GC invocations=61 (full 0):
 garbage-first heap   total 417792K, used 227624K [0x0000000700000000, 0x0000000800000000)
  region size 2048K, 4 young (8192K), 4 survivors (8192K)
 Metaspace       used 146041K, committed 147264K, reserved 1179648K
  class space    used 19902K, committed 20480K, reserved 1048576K
}
Event: 1169.475 GC heap before
{Heap before GC invocations=61 (full 0):
 garbage-first heap   total 417792K, used 239912K [0x0000000700000000, 0x0000000800000000)
  region size 2048K, 10 young (20480K), 4 survivors (8192K)
 Metaspace       used 146043K, committed 147264K, reserved 1179648K
  class space    used 19902K, committed 20480K, reserved 1048576K
}
Event: 1169.500 GC heap after
{Heap after GC invocations=62 (full 0):
 garbage-first heap   total 417792K, used 191864K [0x0000000700000000, 0x0000000800000000)
  region size 2048K, 1 young (2048K), 1 survivors (2048K)
 Metaspace       used 146043K, committed 147264K, reserved 1179648K
  class space    used 19902K, committed 20480K, reserved 1048576K
}
Event: 1173.908 GC heap before
{Heap before GC invocations=62 (full 0):
 garbage-first heap   total 417792K, used 208248K [0x0000000700000000, 0x0000000800000000)
  region size 2048K, 10 young (20480K), 1 survivors (2048K)
 Metaspace       used 146534K, committed 147712K, reserved 1179648K
  class space    used 19972K, committed 20544K, reserved 1048576K
}

